[2025-05-23T19:10:51.124+0000] {local_task_job_runner.py:123} INFO - ::group::Pre task execution logs
[2025-05-23T19:10:51.143+0000] {taskinstance.py:2614} INFO - Dependencies all met for dep_context=non-requeueable deps ti=<TaskInstance: crypto_etl_pipeline.load_data manual__2025-05-23T19:10:39.752489+00:00 [queued]>
[2025-05-23T19:10:51.151+0000] {taskinstance.py:2614} INFO - Dependencies all met for dep_context=requeueable deps ti=<TaskInstance: crypto_etl_pipeline.load_data manual__2025-05-23T19:10:39.752489+00:00 [queued]>
[2025-05-23T19:10:51.152+0000] {taskinstance.py:2867} INFO - Starting attempt 1 of 1
[2025-05-23T19:10:51.163+0000] {taskinstance.py:2890} INFO - Executing <Task(PythonOperator): load_data> on 2025-05-23 19:10:39.752489+00:00
[2025-05-23T19:10:51.168+0000] {warnings.py:112} WARNING - /home/***/.local/lib/python3.12/site-packages/***/task/task_runner/standard_task_runner.py:70: DeprecationWarning: This process (pid=127) is multi-threaded, use of fork() may lead to deadlocks in the child.
  pid = os.fork()

[2025-05-23T19:10:51.170+0000] {standard_task_runner.py:72} INFO - Started process 129 to run task
[2025-05-23T19:10:51.170+0000] {standard_task_runner.py:104} INFO - Running: ['***', 'tasks', 'run', 'crypto_etl_pipeline', 'load_data', 'manual__2025-05-23T19:10:39.752489+00:00', '--job-id', '199', '--raw', '--subdir', 'DAGS_FOLDER/crypto_etl_dag.py', '--cfg-path', '/tmp/tmptmi50fdr']
[2025-05-23T19:10:51.172+0000] {standard_task_runner.py:105} INFO - Job 199: Subtask load_data
[2025-05-23T19:10:51.210+0000] {task_command.py:467} INFO - Running <TaskInstance: crypto_etl_pipeline.load_data manual__2025-05-23T19:10:39.752489+00:00 [running]> on host aa19ac71657a
[2025-05-23T19:10:51.283+0000] {taskinstance.py:3134} INFO - Exporting env vars: AIRFLOW_CTX_DAG_OWNER='***' AIRFLOW_CTX_DAG_ID='crypto_etl_pipeline' AIRFLOW_CTX_TASK_ID='load_data' AIRFLOW_CTX_EXECUTION_DATE='2025-05-23T19:10:39.752489+00:00' AIRFLOW_CTX_TRY_NUMBER='1' AIRFLOW_CTX_DAG_RUN_ID='manual__2025-05-23T19:10:39.752489+00:00'
[2025-05-23T19:10:51.284+0000] {logging_mixin.py:190} INFO - Task instance is in running state
[2025-05-23T19:10:51.285+0000] {logging_mixin.py:190} INFO -  Previous state of the Task instance: queued
[2025-05-23T19:10:51.285+0000] {logging_mixin.py:190} INFO - Current task name:load_data state:running start_date:2025-05-23 19:10:51.144298+00:00
[2025-05-23T19:10:51.286+0000] {logging_mixin.py:190} INFO - Dag name:crypto_etl_pipeline and current dag run status:running
[2025-05-23T19:10:51.286+0000] {taskinstance.py:732} INFO - ::endgroup::
[2025-05-23T19:10:51.319+0000] {logging_mixin.py:190} INFO - Dados carregados com sucesso no SQLite!
[2025-05-23T19:10:51.320+0000] {python.py:240} INFO - Done. Returned value was: None
[2025-05-23T19:10:51.486+0000] {taskinstance.py:341} INFO - ::group::Post task execution logs
[2025-05-23T19:10:51.487+0000] {taskinstance.py:353} INFO - Marking task as SUCCESS. dag_id=crypto_etl_pipeline, task_id=load_data, run_id=manual__2025-05-23T19:10:39.752489+00:00, execution_date=20250523T191039, start_date=20250523T191051, end_date=20250523T191051
[2025-05-23T19:10:51.507+0000] {logging_mixin.py:190} INFO - Task instance in success state
[2025-05-23T19:10:51.508+0000] {logging_mixin.py:190} INFO -  Previous state of the Task instance: running
[2025-05-23T19:10:51.508+0000] {logging_mixin.py:190} INFO - Dag name:crypto_etl_pipeline queued_at:2025-05-23 19:10:39.770744+00:00
[2025-05-23T19:10:51.508+0000] {logging_mixin.py:190} INFO - Task hostname:aa19ac71657a operator:PythonOperator
[2025-05-23T19:10:51.545+0000] {local_task_job_runner.py:266} INFO - Task exited with return code 0
[2025-05-23T19:10:51.559+0000] {taskinstance.py:3901} INFO - 0 downstream tasks scheduled from follow-on schedule check
[2025-05-23T19:10:51.561+0000] {local_task_job_runner.py:245} INFO - ::endgroup::
