[2025-05-23T18:51:24.213+0000] {local_task_job_runner.py:123} INFO - ::group::Pre task execution logs
[2025-05-23T18:51:24.239+0000] {taskinstance.py:2614} INFO - Dependencies all met for dep_context=non-requeueable deps ti=<TaskInstance: crypto_etl_pipeline.extract_data manual__2025-05-23T18:51:20.851308+00:00 [queued]>
[2025-05-23T18:51:24.252+0000] {taskinstance.py:2614} INFO - Dependencies all met for dep_context=requeueable deps ti=<TaskInstance: crypto_etl_pipeline.extract_data manual__2025-05-23T18:51:20.851308+00:00 [queued]>
[2025-05-23T18:51:24.253+0000] {taskinstance.py:2867} INFO - Starting attempt 1 of 1
[2025-05-23T18:51:24.278+0000] {taskinstance.py:2890} INFO - Executing <Task(PythonOperator): extract_data> on 2025-05-23 18:51:20.851308+00:00
[2025-05-23T18:51:24.287+0000] {warnings.py:112} WARNING - /home/***/.local/lib/python3.12/site-packages/***/task/task_runner/standard_task_runner.py:70: DeprecationWarning: This process (pid=305) is multi-threaded, use of fork() may lead to deadlocks in the child.
  pid = os.fork()

[2025-05-23T18:51:24.289+0000] {standard_task_runner.py:72} INFO - Started process 307 to run task
[2025-05-23T18:51:24.289+0000] {standard_task_runner.py:104} INFO - Running: ['***', 'tasks', 'run', 'crypto_etl_pipeline', 'extract_data', 'manual__2025-05-23T18:51:20.851308+00:00', '--job-id', '176', '--raw', '--subdir', 'DAGS_FOLDER/crypto_etl_dag.py', '--cfg-path', '/tmp/tmpcqdn4x3k']
[2025-05-23T18:51:24.290+0000] {standard_task_runner.py:105} INFO - Job 176: Subtask extract_data
[2025-05-23T18:51:24.349+0000] {task_command.py:467} INFO - Running <TaskInstance: crypto_etl_pipeline.extract_data manual__2025-05-23T18:51:20.851308+00:00 [running]> on host ede6358c2bd0
[2025-05-23T18:51:24.430+0000] {taskinstance.py:3134} INFO - Exporting env vars: AIRFLOW_CTX_DAG_OWNER='***' AIRFLOW_CTX_DAG_ID='crypto_etl_pipeline' AIRFLOW_CTX_TASK_ID='extract_data' AIRFLOW_CTX_EXECUTION_DATE='2025-05-23T18:51:20.851308+00:00' AIRFLOW_CTX_TRY_NUMBER='1' AIRFLOW_CTX_DAG_RUN_ID='manual__2025-05-23T18:51:20.851308+00:00'
[2025-05-23T18:51:24.432+0000] {logging_mixin.py:190} INFO - Task instance is in running state
[2025-05-23T18:51:24.432+0000] {logging_mixin.py:190} INFO -  Previous state of the Task instance: queued
[2025-05-23T18:51:24.433+0000] {logging_mixin.py:190} INFO - Current task name:extract_data state:running start_date:2025-05-23 18:51:24.239695+00:00
[2025-05-23T18:51:24.433+0000] {logging_mixin.py:190} INFO - Dag name:crypto_etl_pipeline and current dag run status:running
[2025-05-23T18:51:24.434+0000] {taskinstance.py:732} INFO - ::endgroup::
[2025-05-23T18:51:27.646+0000] {logging_mixin.py:190} INFO -                       datetime crypto currency          price
0   2025-05-23T18:51:24.484505    BTC      USD  108834.005000
1   2025-05-23T18:51:24.650590    BTC      BRL  616007.653766
2   2025-05-23T18:51:24.816928    ETH      USD    2562.465000
3   2025-05-23T18:51:24.982325    ETH      BRL   14503.268274
4   2025-05-23T18:51:25.149906   USDT      USD       1.000235
5   2025-05-23T18:51:25.341161   USDT      BRL       5.661396
6   2025-05-23T18:51:25.741543    BNB      USD     668.111573
7   2025-05-23T18:51:25.982938    BNB      BRL    3781.555611
8   2025-05-23T18:51:26.146662    XRP      USD       2.356700
9   2025-05-23T18:51:26.345350    XRP      BRL      13.338301
10  2025-05-23T18:51:26.499687   DOGE      USD       0.233960
11  2025-05-23T18:51:26.673632   DOGE      BRL       1.324690
12  2025-05-23T18:51:26.841929    SOL      USD     179.315000
13  2025-05-23T18:51:27.037206    SOL      BRL    1014.934739
14  2025-05-23T18:51:27.439875    DOT      USD       4.714000
15  2025-05-23T18:51:27.629605    DOT      BRL      26.678299
[2025-05-23T18:51:27.653+0000] {logging_mixin.py:190} INFO - Dados extraídos com sucesso!
[2025-05-23T18:51:27.654+0000] {python.py:240} INFO - Done. Returned value was: None
[2025-05-23T18:51:27.860+0000] {taskinstance.py:341} INFO - ::group::Post task execution logs
[2025-05-23T18:51:27.861+0000] {taskinstance.py:353} INFO - Marking task as SUCCESS. dag_id=crypto_etl_pipeline, task_id=extract_data, run_id=manual__2025-05-23T18:51:20.851308+00:00, execution_date=20250523T185120, start_date=20250523T185124, end_date=20250523T185127
[2025-05-23T18:51:27.882+0000] {logging_mixin.py:190} INFO - Task instance in success state
[2025-05-23T18:51:27.883+0000] {logging_mixin.py:190} INFO -  Previous state of the Task instance: running
[2025-05-23T18:51:27.884+0000] {logging_mixin.py:190} INFO - Dag name:crypto_etl_pipeline queued_at:2025-05-23 18:51:20.865141+00:00
[2025-05-23T18:51:27.884+0000] {logging_mixin.py:190} INFO - Task hostname:ede6358c2bd0 operator:PythonOperator
[2025-05-23T18:51:27.914+0000] {local_task_job_runner.py:266} INFO - Task exited with return code 0
[2025-05-23T18:51:27.941+0000] {taskinstance.py:3901} INFO - 1 downstream tasks scheduled from follow-on schedule check
[2025-05-23T18:51:27.943+0000] {local_task_job_runner.py:245} INFO - ::endgroup::
