[2025-04-10T16:02:21.628+0000] {processor.py:186} INFO - Started process (PID=72) to work on /home/airflow/.local/lib/python3.12/site-packages/airflow/example_dags/example_local_kubernetes_executor.py
[2025-04-10T16:02:21.630+0000] {processor.py:914} INFO - Processing file /home/airflow/.local/lib/python3.12/site-packages/airflow/example_dags/example_local_kubernetes_executor.py for tasks to queue
[2025-04-10T16:02:21.632+0000] {logging_mixin.py:190} INFO - [2025-04-10T16:02:21.632+0000] {dagbag.py:588} INFO - Filling up the DagBag from /home/airflow/.local/lib/python3.12/site-packages/airflow/example_dags/example_local_kubernetes_executor.py
[2025-04-10T16:02:21.644+0000] {processor.py:925} INFO - DAG(s) 'example_local_kubernetes_executor' retrieved from /home/airflow/.local/lib/python3.12/site-packages/airflow/example_dags/example_local_kubernetes_executor.py
[2025-04-10T16:02:21.772+0000] {logging_mixin.py:190} INFO - [2025-04-10T16:02:21.771+0000] {override.py:1912} INFO - Created Permission View: can read on DAG:example_local_kubernetes_executor
[2025-04-10T16:02:21.783+0000] {logging_mixin.py:190} INFO - [2025-04-10T16:02:21.782+0000] {override.py:1912} INFO - Created Permission View: can delete on DAG:example_local_kubernetes_executor
[2025-04-10T16:02:21.789+0000] {logging_mixin.py:190} INFO - [2025-04-10T16:02:21.789+0000] {override.py:1912} INFO - Created Permission View: can edit on DAG:example_local_kubernetes_executor
[2025-04-10T16:02:21.797+0000] {logging_mixin.py:190} INFO - [2025-04-10T16:02:21.797+0000] {override.py:1912} INFO - Created Permission View: menu access on DAG Run:example_local_kubernetes_executor
[2025-04-10T16:02:21.803+0000] {logging_mixin.py:190} INFO - [2025-04-10T16:02:21.803+0000] {override.py:1912} INFO - Created Permission View: can read on DAG Run:example_local_kubernetes_executor
[2025-04-10T16:02:21.809+0000] {logging_mixin.py:190} INFO - [2025-04-10T16:02:21.809+0000] {override.py:1912} INFO - Created Permission View: can create on DAG Run:example_local_kubernetes_executor
[2025-04-10T16:02:21.816+0000] {logging_mixin.py:190} INFO - [2025-04-10T16:02:21.816+0000] {override.py:1912} INFO - Created Permission View: can delete on DAG Run:example_local_kubernetes_executor
[2025-04-10T16:02:21.817+0000] {logging_mixin.py:190} INFO - [2025-04-10T16:02:21.817+0000] {dag.py:3239} INFO - Sync 1 DAGs
[2025-04-10T16:02:21.830+0000] {logging_mixin.py:190} INFO - [2025-04-10T16:02:21.830+0000] {dag.py:3262} INFO - Creating ORM DAG for example_local_kubernetes_executor
[2025-04-10T16:02:21.831+0000] {logging_mixin.py:190} INFO - [2025-04-10T16:02:21.831+0000] {dag.py:4180} INFO - Setting next_dagrun for example_local_kubernetes_executor to None, run_after=None
[2025-04-10T16:02:21.848+0000] {processor.py:208} INFO - Processing /home/airflow/.local/lib/python3.12/site-packages/airflow/example_dags/example_local_kubernetes_executor.py took 0.228 seconds
[2025-04-10T16:02:52.035+0000] {processor.py:186} INFO - Started process (PID=135) to work on /home/airflow/.local/lib/python3.12/site-packages/airflow/example_dags/example_local_kubernetes_executor.py
[2025-04-10T16:02:52.036+0000] {processor.py:914} INFO - Processing file /home/airflow/.local/lib/python3.12/site-packages/airflow/example_dags/example_local_kubernetes_executor.py for tasks to queue
[2025-04-10T16:02:52.038+0000] {logging_mixin.py:190} INFO - [2025-04-10T16:02:52.038+0000] {dagbag.py:588} INFO - Filling up the DagBag from /home/airflow/.local/lib/python3.12/site-packages/airflow/example_dags/example_local_kubernetes_executor.py
[2025-04-10T16:02:52.049+0000] {processor.py:925} INFO - DAG(s) 'example_local_kubernetes_executor' retrieved from /home/airflow/.local/lib/python3.12/site-packages/airflow/example_dags/example_local_kubernetes_executor.py
[2025-04-10T16:02:52.069+0000] {logging_mixin.py:190} INFO - [2025-04-10T16:02:52.069+0000] {dag.py:3239} INFO - Sync 1 DAGs
[2025-04-10T16:02:52.084+0000] {logging_mixin.py:190} INFO - [2025-04-10T16:02:52.084+0000] {dag.py:4180} INFO - Setting next_dagrun for example_local_kubernetes_executor to None, run_after=None
[2025-04-10T16:02:52.102+0000] {processor.py:208} INFO - Processing /home/airflow/.local/lib/python3.12/site-packages/airflow/example_dags/example_local_kubernetes_executor.py took 0.074 seconds
[2025-04-10T16:03:22.675+0000] {processor.py:186} INFO - Started process (PID=198) to work on /home/airflow/.local/lib/python3.12/site-packages/airflow/example_dags/example_local_kubernetes_executor.py
[2025-04-10T16:03:22.677+0000] {processor.py:914} INFO - Processing file /home/airflow/.local/lib/python3.12/site-packages/airflow/example_dags/example_local_kubernetes_executor.py for tasks to queue
[2025-04-10T16:03:22.679+0000] {logging_mixin.py:190} INFO - [2025-04-10T16:03:22.679+0000] {dagbag.py:588} INFO - Filling up the DagBag from /home/airflow/.local/lib/python3.12/site-packages/airflow/example_dags/example_local_kubernetes_executor.py
[2025-04-10T16:03:22.689+0000] {processor.py:925} INFO - DAG(s) 'example_local_kubernetes_executor' retrieved from /home/airflow/.local/lib/python3.12/site-packages/airflow/example_dags/example_local_kubernetes_executor.py
[2025-04-10T16:03:22.707+0000] {logging_mixin.py:190} INFO - [2025-04-10T16:03:22.707+0000] {dag.py:3239} INFO - Sync 1 DAGs
[2025-04-10T16:03:22.723+0000] {logging_mixin.py:190} INFO - [2025-04-10T16:03:22.723+0000] {dag.py:4180} INFO - Setting next_dagrun for example_local_kubernetes_executor to None, run_after=None
[2025-04-10T16:03:22.742+0000] {processor.py:208} INFO - Processing /home/airflow/.local/lib/python3.12/site-packages/airflow/example_dags/example_local_kubernetes_executor.py took 0.073 seconds
[2025-04-10T16:03:52.893+0000] {processor.py:186} INFO - Started process (PID=261) to work on /home/airflow/.local/lib/python3.12/site-packages/airflow/example_dags/example_local_kubernetes_executor.py
[2025-04-10T16:03:52.894+0000] {processor.py:914} INFO - Processing file /home/airflow/.local/lib/python3.12/site-packages/airflow/example_dags/example_local_kubernetes_executor.py for tasks to queue
[2025-04-10T16:03:52.897+0000] {logging_mixin.py:190} INFO - [2025-04-10T16:03:52.896+0000] {dagbag.py:588} INFO - Filling up the DagBag from /home/airflow/.local/lib/python3.12/site-packages/airflow/example_dags/example_local_kubernetes_executor.py
[2025-04-10T16:03:52.906+0000] {processor.py:925} INFO - DAG(s) 'example_local_kubernetes_executor' retrieved from /home/airflow/.local/lib/python3.12/site-packages/airflow/example_dags/example_local_kubernetes_executor.py
[2025-04-10T16:03:52.927+0000] {logging_mixin.py:190} INFO - [2025-04-10T16:03:52.926+0000] {dag.py:3239} INFO - Sync 1 DAGs
[2025-04-10T16:03:52.944+0000] {logging_mixin.py:190} INFO - [2025-04-10T16:03:52.944+0000] {dag.py:4180} INFO - Setting next_dagrun for example_local_kubernetes_executor to None, run_after=None
[2025-04-10T16:03:52.964+0000] {processor.py:208} INFO - Processing /home/airflow/.local/lib/python3.12/site-packages/airflow/example_dags/example_local_kubernetes_executor.py took 0.077 seconds
[2025-04-10T16:04:23.753+0000] {processor.py:186} INFO - Started process (PID=324) to work on /home/airflow/.local/lib/python3.12/site-packages/airflow/example_dags/example_local_kubernetes_executor.py
[2025-04-10T16:04:23.754+0000] {processor.py:914} INFO - Processing file /home/airflow/.local/lib/python3.12/site-packages/airflow/example_dags/example_local_kubernetes_executor.py for tasks to queue
[2025-04-10T16:04:23.758+0000] {logging_mixin.py:190} INFO - [2025-04-10T16:04:23.757+0000] {dagbag.py:588} INFO - Filling up the DagBag from /home/airflow/.local/lib/python3.12/site-packages/airflow/example_dags/example_local_kubernetes_executor.py
[2025-04-10T16:04:23.770+0000] {processor.py:925} INFO - DAG(s) 'example_local_kubernetes_executor' retrieved from /home/airflow/.local/lib/python3.12/site-packages/airflow/example_dags/example_local_kubernetes_executor.py
[2025-04-10T16:04:23.792+0000] {logging_mixin.py:190} INFO - [2025-04-10T16:04:23.792+0000] {dag.py:3239} INFO - Sync 1 DAGs
[2025-04-10T16:04:23.809+0000] {logging_mixin.py:190} INFO - [2025-04-10T16:04:23.808+0000] {dag.py:4180} INFO - Setting next_dagrun for example_local_kubernetes_executor to None, run_after=None
[2025-04-10T16:04:23.827+0000] {processor.py:208} INFO - Processing /home/airflow/.local/lib/python3.12/site-packages/airflow/example_dags/example_local_kubernetes_executor.py took 0.082 seconds
[2025-04-10T16:04:54.513+0000] {processor.py:186} INFO - Started process (PID=387) to work on /home/airflow/.local/lib/python3.12/site-packages/airflow/example_dags/example_local_kubernetes_executor.py
[2025-04-10T16:04:54.515+0000] {processor.py:914} INFO - Processing file /home/airflow/.local/lib/python3.12/site-packages/airflow/example_dags/example_local_kubernetes_executor.py for tasks to queue
[2025-04-10T16:04:54.517+0000] {logging_mixin.py:190} INFO - [2025-04-10T16:04:54.517+0000] {dagbag.py:588} INFO - Filling up the DagBag from /home/airflow/.local/lib/python3.12/site-packages/airflow/example_dags/example_local_kubernetes_executor.py
[2025-04-10T16:04:54.526+0000] {processor.py:925} INFO - DAG(s) 'example_local_kubernetes_executor' retrieved from /home/airflow/.local/lib/python3.12/site-packages/airflow/example_dags/example_local_kubernetes_executor.py
[2025-04-10T16:04:54.546+0000] {logging_mixin.py:190} INFO - [2025-04-10T16:04:54.546+0000] {dag.py:3239} INFO - Sync 1 DAGs
[2025-04-10T16:04:54.560+0000] {logging_mixin.py:190} INFO - [2025-04-10T16:04:54.560+0000] {dag.py:4180} INFO - Setting next_dagrun for example_local_kubernetes_executor to None, run_after=None
[2025-04-10T16:04:54.577+0000] {processor.py:208} INFO - Processing /home/airflow/.local/lib/python3.12/site-packages/airflow/example_dags/example_local_kubernetes_executor.py took 0.069 seconds
[2025-04-10T16:05:25.070+0000] {processor.py:186} INFO - Started process (PID=456) to work on /home/airflow/.local/lib/python3.12/site-packages/airflow/example_dags/example_local_kubernetes_executor.py
[2025-04-10T16:05:25.071+0000] {processor.py:914} INFO - Processing file /home/airflow/.local/lib/python3.12/site-packages/airflow/example_dags/example_local_kubernetes_executor.py for tasks to queue
[2025-04-10T16:05:25.073+0000] {logging_mixin.py:190} INFO - [2025-04-10T16:05:25.073+0000] {dagbag.py:588} INFO - Filling up the DagBag from /home/airflow/.local/lib/python3.12/site-packages/airflow/example_dags/example_local_kubernetes_executor.py
[2025-04-10T16:05:25.082+0000] {processor.py:925} INFO - DAG(s) 'example_local_kubernetes_executor' retrieved from /home/airflow/.local/lib/python3.12/site-packages/airflow/example_dags/example_local_kubernetes_executor.py
[2025-04-10T16:05:25.103+0000] {logging_mixin.py:190} INFO - [2025-04-10T16:05:25.102+0000] {dag.py:3239} INFO - Sync 1 DAGs
[2025-04-10T16:05:25.120+0000] {logging_mixin.py:190} INFO - [2025-04-10T16:05:25.120+0000] {dag.py:4180} INFO - Setting next_dagrun for example_local_kubernetes_executor to None, run_after=None
[2025-04-10T16:05:25.142+0000] {processor.py:208} INFO - Processing /home/airflow/.local/lib/python3.12/site-packages/airflow/example_dags/example_local_kubernetes_executor.py took 0.078 seconds
[2025-04-10T16:05:56.148+0000] {processor.py:186} INFO - Started process (PID=519) to work on /home/airflow/.local/lib/python3.12/site-packages/airflow/example_dags/example_local_kubernetes_executor.py
[2025-04-10T16:05:56.150+0000] {processor.py:914} INFO - Processing file /home/airflow/.local/lib/python3.12/site-packages/airflow/example_dags/example_local_kubernetes_executor.py for tasks to queue
[2025-04-10T16:05:56.153+0000] {logging_mixin.py:190} INFO - [2025-04-10T16:05:56.152+0000] {dagbag.py:588} INFO - Filling up the DagBag from /home/airflow/.local/lib/python3.12/site-packages/airflow/example_dags/example_local_kubernetes_executor.py
[2025-04-10T16:05:56.164+0000] {processor.py:925} INFO - DAG(s) 'example_local_kubernetes_executor' retrieved from /home/airflow/.local/lib/python3.12/site-packages/airflow/example_dags/example_local_kubernetes_executor.py
[2025-04-10T16:05:56.188+0000] {logging_mixin.py:190} INFO - [2025-04-10T16:05:56.188+0000] {dag.py:3239} INFO - Sync 1 DAGs
[2025-04-10T16:05:56.204+0000] {logging_mixin.py:190} INFO - [2025-04-10T16:05:56.204+0000] {dag.py:4180} INFO - Setting next_dagrun for example_local_kubernetes_executor to None, run_after=None
[2025-04-10T16:05:56.225+0000] {processor.py:208} INFO - Processing /home/airflow/.local/lib/python3.12/site-packages/airflow/example_dags/example_local_kubernetes_executor.py took 0.083 seconds
[2025-04-10T16:06:26.279+0000] {processor.py:186} INFO - Started process (PID=582) to work on /home/airflow/.local/lib/python3.12/site-packages/airflow/example_dags/example_local_kubernetes_executor.py
[2025-04-10T16:06:26.280+0000] {processor.py:914} INFO - Processing file /home/airflow/.local/lib/python3.12/site-packages/airflow/example_dags/example_local_kubernetes_executor.py for tasks to queue
[2025-04-10T16:06:26.282+0000] {logging_mixin.py:190} INFO - [2025-04-10T16:06:26.282+0000] {dagbag.py:588} INFO - Filling up the DagBag from /home/airflow/.local/lib/python3.12/site-packages/airflow/example_dags/example_local_kubernetes_executor.py
[2025-04-10T16:06:26.292+0000] {processor.py:925} INFO - DAG(s) 'example_local_kubernetes_executor' retrieved from /home/airflow/.local/lib/python3.12/site-packages/airflow/example_dags/example_local_kubernetes_executor.py
[2025-04-10T16:06:26.312+0000] {logging_mixin.py:190} INFO - [2025-04-10T16:06:26.312+0000] {dag.py:3239} INFO - Sync 1 DAGs
[2025-04-10T16:06:26.330+0000] {logging_mixin.py:190} INFO - [2025-04-10T16:06:26.330+0000] {dag.py:4180} INFO - Setting next_dagrun for example_local_kubernetes_executor to None, run_after=None
[2025-04-10T16:06:26.348+0000] {processor.py:208} INFO - Processing /home/airflow/.local/lib/python3.12/site-packages/airflow/example_dags/example_local_kubernetes_executor.py took 0.075 seconds
[2025-04-10T16:06:57.337+0000] {processor.py:186} INFO - Started process (PID=645) to work on /home/airflow/.local/lib/python3.12/site-packages/airflow/example_dags/example_local_kubernetes_executor.py
[2025-04-10T16:06:57.338+0000] {processor.py:914} INFO - Processing file /home/airflow/.local/lib/python3.12/site-packages/airflow/example_dags/example_local_kubernetes_executor.py for tasks to queue
[2025-04-10T16:06:57.340+0000] {logging_mixin.py:190} INFO - [2025-04-10T16:06:57.340+0000] {dagbag.py:588} INFO - Filling up the DagBag from /home/airflow/.local/lib/python3.12/site-packages/airflow/example_dags/example_local_kubernetes_executor.py
[2025-04-10T16:06:57.349+0000] {processor.py:925} INFO - DAG(s) 'example_local_kubernetes_executor' retrieved from /home/airflow/.local/lib/python3.12/site-packages/airflow/example_dags/example_local_kubernetes_executor.py
[2025-04-10T16:06:57.367+0000] {logging_mixin.py:190} INFO - [2025-04-10T16:06:57.367+0000] {dag.py:3239} INFO - Sync 1 DAGs
[2025-04-10T16:06:57.381+0000] {logging_mixin.py:190} INFO - [2025-04-10T16:06:57.381+0000] {dag.py:4180} INFO - Setting next_dagrun for example_local_kubernetes_executor to None, run_after=None
[2025-04-10T16:06:57.401+0000] {processor.py:208} INFO - Processing /home/airflow/.local/lib/python3.12/site-packages/airflow/example_dags/example_local_kubernetes_executor.py took 0.069 seconds
[2025-04-10T16:07:28.417+0000] {processor.py:186} INFO - Started process (PID=708) to work on /home/airflow/.local/lib/python3.12/site-packages/airflow/example_dags/example_local_kubernetes_executor.py
[2025-04-10T16:07:28.418+0000] {processor.py:914} INFO - Processing file /home/airflow/.local/lib/python3.12/site-packages/airflow/example_dags/example_local_kubernetes_executor.py for tasks to queue
[2025-04-10T16:07:28.421+0000] {logging_mixin.py:190} INFO - [2025-04-10T16:07:28.420+0000] {dagbag.py:588} INFO - Filling up the DagBag from /home/airflow/.local/lib/python3.12/site-packages/airflow/example_dags/example_local_kubernetes_executor.py
[2025-04-10T16:07:28.431+0000] {processor.py:925} INFO - DAG(s) 'example_local_kubernetes_executor' retrieved from /home/airflow/.local/lib/python3.12/site-packages/airflow/example_dags/example_local_kubernetes_executor.py
[2025-04-10T16:07:28.452+0000] {logging_mixin.py:190} INFO - [2025-04-10T16:07:28.452+0000] {dag.py:3239} INFO - Sync 1 DAGs
[2025-04-10T16:07:28.466+0000] {logging_mixin.py:190} INFO - [2025-04-10T16:07:28.466+0000] {dag.py:4180} INFO - Setting next_dagrun for example_local_kubernetes_executor to None, run_after=None
[2025-04-10T16:07:28.484+0000] {processor.py:208} INFO - Processing /home/airflow/.local/lib/python3.12/site-packages/airflow/example_dags/example_local_kubernetes_executor.py took 0.076 seconds
[2025-04-10T16:07:59.249+0000] {processor.py:186} INFO - Started process (PID=771) to work on /home/airflow/.local/lib/python3.12/site-packages/airflow/example_dags/example_local_kubernetes_executor.py
[2025-04-10T16:07:59.251+0000] {processor.py:914} INFO - Processing file /home/airflow/.local/lib/python3.12/site-packages/airflow/example_dags/example_local_kubernetes_executor.py for tasks to queue
[2025-04-10T16:07:59.254+0000] {logging_mixin.py:190} INFO - [2025-04-10T16:07:59.254+0000] {dagbag.py:588} INFO - Filling up the DagBag from /home/airflow/.local/lib/python3.12/site-packages/airflow/example_dags/example_local_kubernetes_executor.py
[2025-04-10T16:07:59.268+0000] {processor.py:925} INFO - DAG(s) 'example_local_kubernetes_executor' retrieved from /home/airflow/.local/lib/python3.12/site-packages/airflow/example_dags/example_local_kubernetes_executor.py
[2025-04-10T16:07:59.296+0000] {logging_mixin.py:190} INFO - [2025-04-10T16:07:59.296+0000] {dag.py:3239} INFO - Sync 1 DAGs
[2025-04-10T16:07:59.318+0000] {logging_mixin.py:190} INFO - [2025-04-10T16:07:59.318+0000] {dag.py:4180} INFO - Setting next_dagrun for example_local_kubernetes_executor to None, run_after=None
[2025-04-10T16:07:59.339+0000] {processor.py:208} INFO - Processing /home/airflow/.local/lib/python3.12/site-packages/airflow/example_dags/example_local_kubernetes_executor.py took 0.098 seconds
[2025-04-10T16:08:29.750+0000] {processor.py:186} INFO - Started process (PID=834) to work on /home/airflow/.local/lib/python3.12/site-packages/airflow/example_dags/example_local_kubernetes_executor.py
[2025-04-10T16:08:29.751+0000] {processor.py:914} INFO - Processing file /home/airflow/.local/lib/python3.12/site-packages/airflow/example_dags/example_local_kubernetes_executor.py for tasks to queue
[2025-04-10T16:08:29.753+0000] {logging_mixin.py:190} INFO - [2025-04-10T16:08:29.753+0000] {dagbag.py:588} INFO - Filling up the DagBag from /home/airflow/.local/lib/python3.12/site-packages/airflow/example_dags/example_local_kubernetes_executor.py
[2025-04-10T16:08:29.762+0000] {processor.py:925} INFO - DAG(s) 'example_local_kubernetes_executor' retrieved from /home/airflow/.local/lib/python3.12/site-packages/airflow/example_dags/example_local_kubernetes_executor.py
[2025-04-10T16:08:29.780+0000] {logging_mixin.py:190} INFO - [2025-04-10T16:08:29.780+0000] {dag.py:3239} INFO - Sync 1 DAGs
[2025-04-10T16:08:29.795+0000] {logging_mixin.py:190} INFO - [2025-04-10T16:08:29.795+0000] {dag.py:4180} INFO - Setting next_dagrun for example_local_kubernetes_executor to None, run_after=None
[2025-04-10T16:08:29.813+0000] {processor.py:208} INFO - Processing /home/airflow/.local/lib/python3.12/site-packages/airflow/example_dags/example_local_kubernetes_executor.py took 0.068 seconds
[2025-04-10T16:09:00.584+0000] {processor.py:186} INFO - Started process (PID=897) to work on /home/airflow/.local/lib/python3.12/site-packages/airflow/example_dags/example_local_kubernetes_executor.py
[2025-04-10T16:09:00.585+0000] {processor.py:914} INFO - Processing file /home/airflow/.local/lib/python3.12/site-packages/airflow/example_dags/example_local_kubernetes_executor.py for tasks to queue
[2025-04-10T16:09:00.588+0000] {logging_mixin.py:190} INFO - [2025-04-10T16:09:00.588+0000] {dagbag.py:588} INFO - Filling up the DagBag from /home/airflow/.local/lib/python3.12/site-packages/airflow/example_dags/example_local_kubernetes_executor.py
[2025-04-10T16:09:00.597+0000] {processor.py:925} INFO - DAG(s) 'example_local_kubernetes_executor' retrieved from /home/airflow/.local/lib/python3.12/site-packages/airflow/example_dags/example_local_kubernetes_executor.py
[2025-04-10T16:09:00.617+0000] {logging_mixin.py:190} INFO - [2025-04-10T16:09:00.617+0000] {dag.py:3239} INFO - Sync 1 DAGs
[2025-04-10T16:09:00.632+0000] {logging_mixin.py:190} INFO - [2025-04-10T16:09:00.632+0000] {dag.py:4180} INFO - Setting next_dagrun for example_local_kubernetes_executor to None, run_after=None
[2025-04-10T16:09:00.652+0000] {processor.py:208} INFO - Processing /home/airflow/.local/lib/python3.12/site-packages/airflow/example_dags/example_local_kubernetes_executor.py took 0.073 seconds
