[2025-04-10T16:02:30.013+0000] {processor.py:186} INFO - Started process (PID=116) to work on /home/airflow/.local/lib/python3.12/site-packages/airflow/example_dags/example_params_trigger_ui.py
[2025-04-10T16:02:30.014+0000] {processor.py:914} INFO - Processing file /home/airflow/.local/lib/python3.12/site-packages/airflow/example_dags/example_params_trigger_ui.py for tasks to queue
[2025-04-10T16:02:30.017+0000] {logging_mixin.py:190} INFO - [2025-04-10T16:02:30.016+0000] {dagbag.py:588} INFO - Filling up the DagBag from /home/airflow/.local/lib/python3.12/site-packages/airflow/example_dags/example_params_trigger_ui.py
[2025-04-10T16:02:30.033+0000] {processor.py:925} INFO - DAG(s) 'example_params_trigger_ui' retrieved from /home/airflow/.local/lib/python3.12/site-packages/airflow/example_dags/example_params_trigger_ui.py
[2025-04-10T16:02:30.193+0000] {logging_mixin.py:190} INFO - [2025-04-10T16:02:30.192+0000] {override.py:1912} INFO - Created Permission View: can read on DAG:example_params_trigger_ui
[2025-04-10T16:02:30.204+0000] {logging_mixin.py:190} INFO - [2025-04-10T16:02:30.203+0000] {override.py:1912} INFO - Created Permission View: can delete on DAG:example_params_trigger_ui
[2025-04-10T16:02:30.212+0000] {logging_mixin.py:190} INFO - [2025-04-10T16:02:30.211+0000] {override.py:1912} INFO - Created Permission View: can edit on DAG:example_params_trigger_ui
[2025-04-10T16:02:30.220+0000] {logging_mixin.py:190} INFO - [2025-04-10T16:02:30.220+0000] {override.py:1912} INFO - Created Permission View: menu access on DAG Run:example_params_trigger_ui
[2025-04-10T16:02:30.227+0000] {logging_mixin.py:190} INFO - [2025-04-10T16:02:30.227+0000] {override.py:1912} INFO - Created Permission View: can read on DAG Run:example_params_trigger_ui
[2025-04-10T16:02:30.236+0000] {logging_mixin.py:190} INFO - [2025-04-10T16:02:30.236+0000] {override.py:1912} INFO - Created Permission View: can create on DAG Run:example_params_trigger_ui
[2025-04-10T16:02:30.243+0000] {logging_mixin.py:190} INFO - [2025-04-10T16:02:30.242+0000] {override.py:1912} INFO - Created Permission View: can delete on DAG Run:example_params_trigger_ui
[2025-04-10T16:02:30.243+0000] {logging_mixin.py:190} INFO - [2025-04-10T16:02:30.243+0000] {dag.py:3239} INFO - Sync 1 DAGs
[2025-04-10T16:02:30.256+0000] {logging_mixin.py:190} INFO - [2025-04-10T16:02:30.256+0000] {dag.py:3262} INFO - Creating ORM DAG for example_params_trigger_ui
[2025-04-10T16:02:30.257+0000] {logging_mixin.py:190} INFO - [2025-04-10T16:02:30.257+0000] {dag.py:4180} INFO - Setting next_dagrun for example_params_trigger_ui to None, run_after=None
[2025-04-10T16:02:30.276+0000] {processor.py:208} INFO - Processing /home/airflow/.local/lib/python3.12/site-packages/airflow/example_dags/example_params_trigger_ui.py took 0.270 seconds
[2025-04-10T16:03:00.630+0000] {processor.py:186} INFO - Started process (PID=179) to work on /home/airflow/.local/lib/python3.12/site-packages/airflow/example_dags/example_params_trigger_ui.py
[2025-04-10T16:03:00.631+0000] {processor.py:914} INFO - Processing file /home/airflow/.local/lib/python3.12/site-packages/airflow/example_dags/example_params_trigger_ui.py for tasks to queue
[2025-04-10T16:03:00.633+0000] {logging_mixin.py:190} INFO - [2025-04-10T16:03:00.633+0000] {dagbag.py:588} INFO - Filling up the DagBag from /home/airflow/.local/lib/python3.12/site-packages/airflow/example_dags/example_params_trigger_ui.py
[2025-04-10T16:03:00.644+0000] {processor.py:925} INFO - DAG(s) 'example_params_trigger_ui' retrieved from /home/airflow/.local/lib/python3.12/site-packages/airflow/example_dags/example_params_trigger_ui.py
[2025-04-10T16:03:00.687+0000] {logging_mixin.py:190} INFO - [2025-04-10T16:03:00.687+0000] {dag.py:3239} INFO - Sync 1 DAGs
[2025-04-10T16:03:00.705+0000] {logging_mixin.py:190} INFO - [2025-04-10T16:03:00.704+0000] {dag.py:4180} INFO - Setting next_dagrun for example_params_trigger_ui to None, run_after=None
[2025-04-10T16:03:00.722+0000] {processor.py:208} INFO - Processing /home/airflow/.local/lib/python3.12/site-packages/airflow/example_dags/example_params_trigger_ui.py took 0.098 seconds
[2025-04-10T16:03:31.765+0000] {processor.py:186} INFO - Started process (PID=242) to work on /home/airflow/.local/lib/python3.12/site-packages/airflow/example_dags/example_params_trigger_ui.py
[2025-04-10T16:03:31.766+0000] {processor.py:914} INFO - Processing file /home/airflow/.local/lib/python3.12/site-packages/airflow/example_dags/example_params_trigger_ui.py for tasks to queue
[2025-04-10T16:03:31.769+0000] {logging_mixin.py:190} INFO - [2025-04-10T16:03:31.768+0000] {dagbag.py:588} INFO - Filling up the DagBag from /home/airflow/.local/lib/python3.12/site-packages/airflow/example_dags/example_params_trigger_ui.py
[2025-04-10T16:03:31.780+0000] {processor.py:925} INFO - DAG(s) 'example_params_trigger_ui' retrieved from /home/airflow/.local/lib/python3.12/site-packages/airflow/example_dags/example_params_trigger_ui.py
[2025-04-10T16:03:31.821+0000] {logging_mixin.py:190} INFO - [2025-04-10T16:03:31.821+0000] {dag.py:3239} INFO - Sync 1 DAGs
[2025-04-10T16:03:31.836+0000] {logging_mixin.py:190} INFO - [2025-04-10T16:03:31.836+0000] {dag.py:4180} INFO - Setting next_dagrun for example_params_trigger_ui to None, run_after=None
[2025-04-10T16:03:31.855+0000] {processor.py:208} INFO - Processing /home/airflow/.local/lib/python3.12/site-packages/airflow/example_dags/example_params_trigger_ui.py took 0.095 seconds
[2025-04-10T16:04:02.614+0000] {processor.py:186} INFO - Started process (PID=305) to work on /home/airflow/.local/lib/python3.12/site-packages/airflow/example_dags/example_params_trigger_ui.py
[2025-04-10T16:04:02.615+0000] {processor.py:914} INFO - Processing file /home/airflow/.local/lib/python3.12/site-packages/airflow/example_dags/example_params_trigger_ui.py for tasks to queue
[2025-04-10T16:04:02.618+0000] {logging_mixin.py:190} INFO - [2025-04-10T16:04:02.618+0000] {dagbag.py:588} INFO - Filling up the DagBag from /home/airflow/.local/lib/python3.12/site-packages/airflow/example_dags/example_params_trigger_ui.py
[2025-04-10T16:04:02.630+0000] {processor.py:925} INFO - DAG(s) 'example_params_trigger_ui' retrieved from /home/airflow/.local/lib/python3.12/site-packages/airflow/example_dags/example_params_trigger_ui.py
[2025-04-10T16:04:02.682+0000] {logging_mixin.py:190} INFO - [2025-04-10T16:04:02.681+0000] {dag.py:3239} INFO - Sync 1 DAGs
[2025-04-10T16:04:02.697+0000] {logging_mixin.py:190} INFO - [2025-04-10T16:04:02.697+0000] {dag.py:4180} INFO - Setting next_dagrun for example_params_trigger_ui to None, run_after=None
[2025-04-10T16:04:02.716+0000] {processor.py:208} INFO - Processing /home/airflow/.local/lib/python3.12/site-packages/airflow/example_dags/example_params_trigger_ui.py took 0.109 seconds
[2025-04-10T16:04:33.392+0000] {processor.py:186} INFO - Started process (PID=368) to work on /home/airflow/.local/lib/python3.12/site-packages/airflow/example_dags/example_params_trigger_ui.py
[2025-04-10T16:04:33.444+0000] {processor.py:914} INFO - Processing file /home/airflow/.local/lib/python3.12/site-packages/airflow/example_dags/example_params_trigger_ui.py for tasks to queue
[2025-04-10T16:04:33.446+0000] {logging_mixin.py:190} INFO - [2025-04-10T16:04:33.446+0000] {dagbag.py:588} INFO - Filling up the DagBag from /home/airflow/.local/lib/python3.12/site-packages/airflow/example_dags/example_params_trigger_ui.py
[2025-04-10T16:04:33.457+0000] {processor.py:925} INFO - DAG(s) 'example_params_trigger_ui' retrieved from /home/airflow/.local/lib/python3.12/site-packages/airflow/example_dags/example_params_trigger_ui.py
[2025-04-10T16:04:33.507+0000] {logging_mixin.py:190} INFO - [2025-04-10T16:04:33.507+0000] {dag.py:3239} INFO - Sync 1 DAGs
[2025-04-10T16:04:33.521+0000] {logging_mixin.py:190} INFO - [2025-04-10T16:04:33.521+0000] {dag.py:4180} INFO - Setting next_dagrun for example_params_trigger_ui to None, run_after=None
[2025-04-10T16:04:33.538+0000] {processor.py:208} INFO - Processing /home/airflow/.local/lib/python3.12/site-packages/airflow/example_dags/example_params_trigger_ui.py took 0.152 seconds
[2025-04-10T16:05:04.870+0000] {processor.py:186} INFO - Started process (PID=431) to work on /home/airflow/.local/lib/python3.12/site-packages/airflow/example_dags/example_params_trigger_ui.py
[2025-04-10T16:05:04.871+0000] {processor.py:914} INFO - Processing file /home/airflow/.local/lib/python3.12/site-packages/airflow/example_dags/example_params_trigger_ui.py for tasks to queue
[2025-04-10T16:05:04.874+0000] {logging_mixin.py:190} INFO - [2025-04-10T16:05:04.873+0000] {dagbag.py:588} INFO - Filling up the DagBag from /home/airflow/.local/lib/python3.12/site-packages/airflow/example_dags/example_params_trigger_ui.py
[2025-04-10T16:05:04.885+0000] {processor.py:925} INFO - DAG(s) 'example_params_trigger_ui' retrieved from /home/airflow/.local/lib/python3.12/site-packages/airflow/example_dags/example_params_trigger_ui.py
[2025-04-10T16:05:04.932+0000] {logging_mixin.py:190} INFO - [2025-04-10T16:05:04.932+0000] {dag.py:3239} INFO - Sync 1 DAGs
[2025-04-10T16:05:04.949+0000] {logging_mixin.py:190} INFO - [2025-04-10T16:05:04.949+0000] {dag.py:4180} INFO - Setting next_dagrun for example_params_trigger_ui to None, run_after=None
[2025-04-10T16:05:04.968+0000] {processor.py:208} INFO - Processing /home/airflow/.local/lib/python3.12/site-packages/airflow/example_dags/example_params_trigger_ui.py took 0.104 seconds
[2025-04-10T16:05:36.045+0000] {processor.py:186} INFO - Started process (PID=494) to work on /home/airflow/.local/lib/python3.12/site-packages/airflow/example_dags/example_params_trigger_ui.py
[2025-04-10T16:05:36.046+0000] {processor.py:914} INFO - Processing file /home/airflow/.local/lib/python3.12/site-packages/airflow/example_dags/example_params_trigger_ui.py for tasks to queue
[2025-04-10T16:05:36.049+0000] {logging_mixin.py:190} INFO - [2025-04-10T16:05:36.049+0000] {dagbag.py:588} INFO - Filling up the DagBag from /home/airflow/.local/lib/python3.12/site-packages/airflow/example_dags/example_params_trigger_ui.py
[2025-04-10T16:05:36.061+0000] {processor.py:925} INFO - DAG(s) 'example_params_trigger_ui' retrieved from /home/airflow/.local/lib/python3.12/site-packages/airflow/example_dags/example_params_trigger_ui.py
[2025-04-10T16:05:36.104+0000] {logging_mixin.py:190} INFO - [2025-04-10T16:05:36.104+0000] {dag.py:3239} INFO - Sync 1 DAGs
[2025-04-10T16:05:36.120+0000] {logging_mixin.py:190} INFO - [2025-04-10T16:05:36.119+0000] {dag.py:4180} INFO - Setting next_dagrun for example_params_trigger_ui to None, run_after=None
[2025-04-10T16:05:36.139+0000] {processor.py:208} INFO - Processing /home/airflow/.local/lib/python3.12/site-packages/airflow/example_dags/example_params_trigger_ui.py took 0.100 seconds
[2025-04-10T16:06:07.129+0000] {processor.py:186} INFO - Started process (PID=557) to work on /home/airflow/.local/lib/python3.12/site-packages/airflow/example_dags/example_params_trigger_ui.py
[2025-04-10T16:06:07.137+0000] {processor.py:914} INFO - Processing file /home/airflow/.local/lib/python3.12/site-packages/airflow/example_dags/example_params_trigger_ui.py for tasks to queue
[2025-04-10T16:06:07.144+0000] {logging_mixin.py:190} INFO - [2025-04-10T16:06:07.143+0000] {dagbag.py:588} INFO - Filling up the DagBag from /home/airflow/.local/lib/python3.12/site-packages/airflow/example_dags/example_params_trigger_ui.py
[2025-04-10T16:06:07.160+0000] {processor.py:925} INFO - DAG(s) 'example_params_trigger_ui' retrieved from /home/airflow/.local/lib/python3.12/site-packages/airflow/example_dags/example_params_trigger_ui.py
[2025-04-10T16:06:07.247+0000] {logging_mixin.py:190} INFO - [2025-04-10T16:06:07.247+0000] {dag.py:3239} INFO - Sync 1 DAGs
[2025-04-10T16:06:07.263+0000] {logging_mixin.py:190} INFO - [2025-04-10T16:06:07.263+0000] {dag.py:4180} INFO - Setting next_dagrun for example_params_trigger_ui to None, run_after=None
[2025-04-10T16:06:07.283+0000] {processor.py:208} INFO - Processing /home/airflow/.local/lib/python3.12/site-packages/airflow/example_dags/example_params_trigger_ui.py took 0.162 seconds
[2025-04-10T16:06:38.060+0000] {processor.py:186} INFO - Started process (PID=620) to work on /home/airflow/.local/lib/python3.12/site-packages/airflow/example_dags/example_params_trigger_ui.py
[2025-04-10T16:06:38.062+0000] {processor.py:914} INFO - Processing file /home/airflow/.local/lib/python3.12/site-packages/airflow/example_dags/example_params_trigger_ui.py for tasks to queue
[2025-04-10T16:06:38.065+0000] {logging_mixin.py:190} INFO - [2025-04-10T16:06:38.064+0000] {dagbag.py:588} INFO - Filling up the DagBag from /home/airflow/.local/lib/python3.12/site-packages/airflow/example_dags/example_params_trigger_ui.py
[2025-04-10T16:06:38.083+0000] {processor.py:925} INFO - DAG(s) 'example_params_trigger_ui' retrieved from /home/airflow/.local/lib/python3.12/site-packages/airflow/example_dags/example_params_trigger_ui.py
[2025-04-10T16:06:38.141+0000] {logging_mixin.py:190} INFO - [2025-04-10T16:06:38.141+0000] {dag.py:3239} INFO - Sync 1 DAGs
[2025-04-10T16:06:38.159+0000] {logging_mixin.py:190} INFO - [2025-04-10T16:06:38.159+0000] {dag.py:4180} INFO - Setting next_dagrun for example_params_trigger_ui to None, run_after=None
[2025-04-10T16:06:38.183+0000] {processor.py:208} INFO - Processing /home/airflow/.local/lib/python3.12/site-packages/airflow/example_dags/example_params_trigger_ui.py took 0.132 seconds
[2025-04-10T16:07:09.114+0000] {processor.py:186} INFO - Started process (PID=683) to work on /home/airflow/.local/lib/python3.12/site-packages/airflow/example_dags/example_params_trigger_ui.py
[2025-04-10T16:07:09.115+0000] {processor.py:914} INFO - Processing file /home/airflow/.local/lib/python3.12/site-packages/airflow/example_dags/example_params_trigger_ui.py for tasks to queue
[2025-04-10T16:07:09.118+0000] {logging_mixin.py:190} INFO - [2025-04-10T16:07:09.117+0000] {dagbag.py:588} INFO - Filling up the DagBag from /home/airflow/.local/lib/python3.12/site-packages/airflow/example_dags/example_params_trigger_ui.py
[2025-04-10T16:07:09.132+0000] {processor.py:925} INFO - DAG(s) 'example_params_trigger_ui' retrieved from /home/airflow/.local/lib/python3.12/site-packages/airflow/example_dags/example_params_trigger_ui.py
[2025-04-10T16:07:09.189+0000] {logging_mixin.py:190} INFO - [2025-04-10T16:07:09.188+0000] {dag.py:3239} INFO - Sync 1 DAGs
[2025-04-10T16:07:09.206+0000] {logging_mixin.py:190} INFO - [2025-04-10T16:07:09.206+0000] {dag.py:4180} INFO - Setting next_dagrun for example_params_trigger_ui to None, run_after=None
[2025-04-10T16:07:09.226+0000] {processor.py:208} INFO - Processing /home/airflow/.local/lib/python3.12/site-packages/airflow/example_dags/example_params_trigger_ui.py took 0.121 seconds
[2025-04-10T16:07:39.970+0000] {processor.py:186} INFO - Started process (PID=746) to work on /home/airflow/.local/lib/python3.12/site-packages/airflow/example_dags/example_params_trigger_ui.py
[2025-04-10T16:07:39.971+0000] {processor.py:914} INFO - Processing file /home/airflow/.local/lib/python3.12/site-packages/airflow/example_dags/example_params_trigger_ui.py for tasks to queue
[2025-04-10T16:07:39.973+0000] {logging_mixin.py:190} INFO - [2025-04-10T16:07:39.973+0000] {dagbag.py:588} INFO - Filling up the DagBag from /home/airflow/.local/lib/python3.12/site-packages/airflow/example_dags/example_params_trigger_ui.py
[2025-04-10T16:07:39.984+0000] {processor.py:925} INFO - DAG(s) 'example_params_trigger_ui' retrieved from /home/airflow/.local/lib/python3.12/site-packages/airflow/example_dags/example_params_trigger_ui.py
[2025-04-10T16:07:40.027+0000] {logging_mixin.py:190} INFO - [2025-04-10T16:07:40.027+0000] {dag.py:3239} INFO - Sync 1 DAGs
[2025-04-10T16:07:40.042+0000] {logging_mixin.py:190} INFO - [2025-04-10T16:07:40.041+0000] {dag.py:4180} INFO - Setting next_dagrun for example_params_trigger_ui to None, run_after=None
[2025-04-10T16:07:40.060+0000] {processor.py:208} INFO - Processing /home/airflow/.local/lib/python3.12/site-packages/airflow/example_dags/example_params_trigger_ui.py took 0.096 seconds
[2025-04-10T16:08:11.186+0000] {processor.py:186} INFO - Started process (PID=809) to work on /home/airflow/.local/lib/python3.12/site-packages/airflow/example_dags/example_params_trigger_ui.py
[2025-04-10T16:08:11.187+0000] {processor.py:914} INFO - Processing file /home/airflow/.local/lib/python3.12/site-packages/airflow/example_dags/example_params_trigger_ui.py for tasks to queue
[2025-04-10T16:08:11.189+0000] {logging_mixin.py:190} INFO - [2025-04-10T16:08:11.189+0000] {dagbag.py:588} INFO - Filling up the DagBag from /home/airflow/.local/lib/python3.12/site-packages/airflow/example_dags/example_params_trigger_ui.py
[2025-04-10T16:08:11.204+0000] {processor.py:925} INFO - DAG(s) 'example_params_trigger_ui' retrieved from /home/airflow/.local/lib/python3.12/site-packages/airflow/example_dags/example_params_trigger_ui.py
[2025-04-10T16:08:11.258+0000] {logging_mixin.py:190} INFO - [2025-04-10T16:08:11.257+0000] {dag.py:3239} INFO - Sync 1 DAGs
[2025-04-10T16:08:11.284+0000] {logging_mixin.py:190} INFO - [2025-04-10T16:08:11.284+0000] {dag.py:4180} INFO - Setting next_dagrun for example_params_trigger_ui to None, run_after=None
[2025-04-10T16:08:11.322+0000] {processor.py:208} INFO - Processing /home/airflow/.local/lib/python3.12/site-packages/airflow/example_dags/example_params_trigger_ui.py took 0.143 seconds
[2025-04-10T16:08:42.171+0000] {processor.py:186} INFO - Started process (PID=872) to work on /home/airflow/.local/lib/python3.12/site-packages/airflow/example_dags/example_params_trigger_ui.py
[2025-04-10T16:08:42.172+0000] {processor.py:914} INFO - Processing file /home/airflow/.local/lib/python3.12/site-packages/airflow/example_dags/example_params_trigger_ui.py for tasks to queue
[2025-04-10T16:08:42.175+0000] {logging_mixin.py:190} INFO - [2025-04-10T16:08:42.174+0000] {dagbag.py:588} INFO - Filling up the DagBag from /home/airflow/.local/lib/python3.12/site-packages/airflow/example_dags/example_params_trigger_ui.py
[2025-04-10T16:08:42.186+0000] {processor.py:925} INFO - DAG(s) 'example_params_trigger_ui' retrieved from /home/airflow/.local/lib/python3.12/site-packages/airflow/example_dags/example_params_trigger_ui.py
[2025-04-10T16:08:42.228+0000] {logging_mixin.py:190} INFO - [2025-04-10T16:08:42.227+0000] {dag.py:3239} INFO - Sync 1 DAGs
[2025-04-10T16:08:42.242+0000] {logging_mixin.py:190} INFO - [2025-04-10T16:08:42.242+0000] {dag.py:4180} INFO - Setting next_dagrun for example_params_trigger_ui to None, run_after=None
[2025-04-10T16:08:42.259+0000] {processor.py:208} INFO - Processing /home/airflow/.local/lib/python3.12/site-packages/airflow/example_dags/example_params_trigger_ui.py took 0.094 seconds
[2025-04-10T16:09:12.930+0000] {processor.py:186} INFO - Started process (PID=934) to work on /home/airflow/.local/lib/python3.12/site-packages/airflow/example_dags/example_params_trigger_ui.py
[2025-04-10T16:09:12.931+0000] {processor.py:914} INFO - Processing file /home/airflow/.local/lib/python3.12/site-packages/airflow/example_dags/example_params_trigger_ui.py for tasks to queue
[2025-04-10T16:09:12.935+0000] {logging_mixin.py:190} INFO - [2025-04-10T16:09:12.934+0000] {dagbag.py:588} INFO - Filling up the DagBag from /home/airflow/.local/lib/python3.12/site-packages/airflow/example_dags/example_params_trigger_ui.py
[2025-04-10T16:09:12.951+0000] {processor.py:925} INFO - DAG(s) 'example_params_trigger_ui' retrieved from /home/airflow/.local/lib/python3.12/site-packages/airflow/example_dags/example_params_trigger_ui.py
[2025-04-10T16:09:12.998+0000] {logging_mixin.py:190} INFO - [2025-04-10T16:09:12.997+0000] {dag.py:3239} INFO - Sync 1 DAGs
[2025-04-10T16:09:13.014+0000] {logging_mixin.py:190} INFO - [2025-04-10T16:09:13.013+0000] {dag.py:4180} INFO - Setting next_dagrun for example_params_trigger_ui to None, run_after=None
[2025-04-10T16:09:13.035+0000] {processor.py:208} INFO - Processing /home/airflow/.local/lib/python3.12/site-packages/airflow/example_dags/example_params_trigger_ui.py took 0.113 seconds
