[2025-04-10T16:02:31.401+0000] {processor.py:186} INFO - Started process (PID=125) to work on /home/airflow/.local/lib/python3.12/site-packages/airflow/example_dags/example_trigger_target_dag.py
[2025-04-10T16:02:31.402+0000] {processor.py:914} INFO - Processing file /home/airflow/.local/lib/python3.12/site-packages/airflow/example_dags/example_trigger_target_dag.py for tasks to queue
[2025-04-10T16:02:31.404+0000] {logging_mixin.py:190} INFO - [2025-04-10T16:02:31.404+0000] {dagbag.py:588} INFO - Filling up the DagBag from /home/airflow/.local/lib/python3.12/site-packages/airflow/example_dags/example_trigger_target_dag.py
[2025-04-10T16:02:31.414+0000] {processor.py:925} INFO - DAG(s) 'example_trigger_target_dag' retrieved from /home/airflow/.local/lib/python3.12/site-packages/airflow/example_dags/example_trigger_target_dag.py
[2025-04-10T16:02:31.527+0000] {logging_mixin.py:190} INFO - [2025-04-10T16:02:31.526+0000] {override.py:1912} INFO - Created Permission View: can read on DAG:example_trigger_target_dag
[2025-04-10T16:02:31.537+0000] {logging_mixin.py:190} INFO - [2025-04-10T16:02:31.536+0000] {override.py:1912} INFO - Created Permission View: can delete on DAG:example_trigger_target_dag
[2025-04-10T16:02:31.545+0000] {logging_mixin.py:190} INFO - [2025-04-10T16:02:31.545+0000] {override.py:1912} INFO - Created Permission View: can edit on DAG:example_trigger_target_dag
[2025-04-10T16:02:31.552+0000] {logging_mixin.py:190} INFO - [2025-04-10T16:02:31.552+0000] {override.py:1912} INFO - Created Permission View: menu access on DAG Run:example_trigger_target_dag
[2025-04-10T16:02:31.561+0000] {logging_mixin.py:190} INFO - [2025-04-10T16:02:31.560+0000] {override.py:1912} INFO - Created Permission View: can read on DAG Run:example_trigger_target_dag
[2025-04-10T16:02:31.568+0000] {logging_mixin.py:190} INFO - [2025-04-10T16:02:31.567+0000] {override.py:1912} INFO - Created Permission View: can create on DAG Run:example_trigger_target_dag
[2025-04-10T16:02:31.576+0000] {logging_mixin.py:190} INFO - [2025-04-10T16:02:31.576+0000] {override.py:1912} INFO - Created Permission View: can delete on DAG Run:example_trigger_target_dag
[2025-04-10T16:02:31.577+0000] {logging_mixin.py:190} INFO - [2025-04-10T16:02:31.577+0000] {dag.py:3239} INFO - Sync 1 DAGs
[2025-04-10T16:02:31.591+0000] {logging_mixin.py:190} INFO - [2025-04-10T16:02:31.591+0000] {dag.py:3262} INFO - Creating ORM DAG for example_trigger_target_dag
[2025-04-10T16:02:31.592+0000] {logging_mixin.py:190} INFO - [2025-04-10T16:02:31.592+0000] {dag.py:4180} INFO - Setting next_dagrun for example_trigger_target_dag to None, run_after=None
[2025-04-10T16:02:31.609+0000] {processor.py:208} INFO - Processing /home/airflow/.local/lib/python3.12/site-packages/airflow/example_dags/example_trigger_target_dag.py took 0.215 seconds
[2025-04-10T16:03:02.183+0000] {processor.py:186} INFO - Started process (PID=188) to work on /home/airflow/.local/lib/python3.12/site-packages/airflow/example_dags/example_trigger_target_dag.py
[2025-04-10T16:03:02.184+0000] {processor.py:914} INFO - Processing file /home/airflow/.local/lib/python3.12/site-packages/airflow/example_dags/example_trigger_target_dag.py for tasks to queue
[2025-04-10T16:03:02.186+0000] {logging_mixin.py:190} INFO - [2025-04-10T16:03:02.186+0000] {dagbag.py:588} INFO - Filling up the DagBag from /home/airflow/.local/lib/python3.12/site-packages/airflow/example_dags/example_trigger_target_dag.py
[2025-04-10T16:03:02.194+0000] {processor.py:925} INFO - DAG(s) 'example_trigger_target_dag' retrieved from /home/airflow/.local/lib/python3.12/site-packages/airflow/example_dags/example_trigger_target_dag.py
[2025-04-10T16:03:02.210+0000] {logging_mixin.py:190} INFO - [2025-04-10T16:03:02.210+0000] {dag.py:3239} INFO - Sync 1 DAGs
[2025-04-10T16:03:02.225+0000] {logging_mixin.py:190} INFO - [2025-04-10T16:03:02.225+0000] {dag.py:4180} INFO - Setting next_dagrun for example_trigger_target_dag to None, run_after=None
[2025-04-10T16:03:02.243+0000] {processor.py:208} INFO - Processing /home/airflow/.local/lib/python3.12/site-packages/airflow/example_dags/example_trigger_target_dag.py took 0.065 seconds
[2025-04-10T16:03:32.322+0000] {processor.py:186} INFO - Started process (PID=251) to work on /home/airflow/.local/lib/python3.12/site-packages/airflow/example_dags/example_trigger_target_dag.py
[2025-04-10T16:03:32.324+0000] {processor.py:914} INFO - Processing file /home/airflow/.local/lib/python3.12/site-packages/airflow/example_dags/example_trigger_target_dag.py for tasks to queue
[2025-04-10T16:03:32.326+0000] {logging_mixin.py:190} INFO - [2025-04-10T16:03:32.326+0000] {dagbag.py:588} INFO - Filling up the DagBag from /home/airflow/.local/lib/python3.12/site-packages/airflow/example_dags/example_trigger_target_dag.py
[2025-04-10T16:03:32.334+0000] {processor.py:925} INFO - DAG(s) 'example_trigger_target_dag' retrieved from /home/airflow/.local/lib/python3.12/site-packages/airflow/example_dags/example_trigger_target_dag.py
[2025-04-10T16:03:32.352+0000] {logging_mixin.py:190} INFO - [2025-04-10T16:03:32.352+0000] {dag.py:3239} INFO - Sync 1 DAGs
[2025-04-10T16:03:32.369+0000] {logging_mixin.py:190} INFO - [2025-04-10T16:03:32.369+0000] {dag.py:4180} INFO - Setting next_dagrun for example_trigger_target_dag to None, run_after=None
[2025-04-10T16:03:32.390+0000] {processor.py:208} INFO - Processing /home/airflow/.local/lib/python3.12/site-packages/airflow/example_dags/example_trigger_target_dag.py took 0.074 seconds
[2025-04-10T16:04:03.212+0000] {processor.py:186} INFO - Started process (PID=314) to work on /home/airflow/.local/lib/python3.12/site-packages/airflow/example_dags/example_trigger_target_dag.py
[2025-04-10T16:04:03.213+0000] {processor.py:914} INFO - Processing file /home/airflow/.local/lib/python3.12/site-packages/airflow/example_dags/example_trigger_target_dag.py for tasks to queue
[2025-04-10T16:04:03.216+0000] {logging_mixin.py:190} INFO - [2025-04-10T16:04:03.215+0000] {dagbag.py:588} INFO - Filling up the DagBag from /home/airflow/.local/lib/python3.12/site-packages/airflow/example_dags/example_trigger_target_dag.py
[2025-04-10T16:04:03.223+0000] {processor.py:925} INFO - DAG(s) 'example_trigger_target_dag' retrieved from /home/airflow/.local/lib/python3.12/site-packages/airflow/example_dags/example_trigger_target_dag.py
[2025-04-10T16:04:03.242+0000] {logging_mixin.py:190} INFO - [2025-04-10T16:04:03.241+0000] {dag.py:3239} INFO - Sync 1 DAGs
[2025-04-10T16:04:03.256+0000] {logging_mixin.py:190} INFO - [2025-04-10T16:04:03.256+0000] {dag.py:4180} INFO - Setting next_dagrun for example_trigger_target_dag to None, run_after=None
[2025-04-10T16:04:03.274+0000] {processor.py:208} INFO - Processing /home/airflow/.local/lib/python3.12/site-packages/airflow/example_dags/example_trigger_target_dag.py took 0.068 seconds
[2025-04-10T16:04:33.999+0000] {processor.py:186} INFO - Started process (PID=377) to work on /home/airflow/.local/lib/python3.12/site-packages/airflow/example_dags/example_trigger_target_dag.py
[2025-04-10T16:04:34.000+0000] {processor.py:914} INFO - Processing file /home/airflow/.local/lib/python3.12/site-packages/airflow/example_dags/example_trigger_target_dag.py for tasks to queue
[2025-04-10T16:04:34.002+0000] {logging_mixin.py:190} INFO - [2025-04-10T16:04:34.002+0000] {dagbag.py:588} INFO - Filling up the DagBag from /home/airflow/.local/lib/python3.12/site-packages/airflow/example_dags/example_trigger_target_dag.py
[2025-04-10T16:04:34.009+0000] {processor.py:925} INFO - DAG(s) 'example_trigger_target_dag' retrieved from /home/airflow/.local/lib/python3.12/site-packages/airflow/example_dags/example_trigger_target_dag.py
[2025-04-10T16:04:34.027+0000] {logging_mixin.py:190} INFO - [2025-04-10T16:04:34.026+0000] {dag.py:3239} INFO - Sync 1 DAGs
[2025-04-10T16:04:34.041+0000] {logging_mixin.py:190} INFO - [2025-04-10T16:04:34.041+0000] {dag.py:4180} INFO - Setting next_dagrun for example_trigger_target_dag to None, run_after=None
[2025-04-10T16:04:34.062+0000] {processor.py:208} INFO - Processing /home/airflow/.local/lib/python3.12/site-packages/airflow/example_dags/example_trigger_target_dag.py took 0.069 seconds
[2025-04-10T16:05:05.479+0000] {processor.py:186} INFO - Started process (PID=440) to work on /home/airflow/.local/lib/python3.12/site-packages/airflow/example_dags/example_trigger_target_dag.py
[2025-04-10T16:05:05.480+0000] {processor.py:914} INFO - Processing file /home/airflow/.local/lib/python3.12/site-packages/airflow/example_dags/example_trigger_target_dag.py for tasks to queue
[2025-04-10T16:05:05.482+0000] {logging_mixin.py:190} INFO - [2025-04-10T16:05:05.482+0000] {dagbag.py:588} INFO - Filling up the DagBag from /home/airflow/.local/lib/python3.12/site-packages/airflow/example_dags/example_trigger_target_dag.py
[2025-04-10T16:05:05.491+0000] {processor.py:925} INFO - DAG(s) 'example_trigger_target_dag' retrieved from /home/airflow/.local/lib/python3.12/site-packages/airflow/example_dags/example_trigger_target_dag.py
[2025-04-10T16:05:05.510+0000] {logging_mixin.py:190} INFO - [2025-04-10T16:05:05.510+0000] {dag.py:3239} INFO - Sync 1 DAGs
[2025-04-10T16:05:05.526+0000] {logging_mixin.py:190} INFO - [2025-04-10T16:05:05.526+0000] {dag.py:4180} INFO - Setting next_dagrun for example_trigger_target_dag to None, run_after=None
[2025-04-10T16:05:05.557+0000] {processor.py:208} INFO - Processing /home/airflow/.local/lib/python3.12/site-packages/airflow/example_dags/example_trigger_target_dag.py took 0.085 seconds
[2025-04-10T16:05:36.596+0000] {processor.py:186} INFO - Started process (PID=503) to work on /home/airflow/.local/lib/python3.12/site-packages/airflow/example_dags/example_trigger_target_dag.py
[2025-04-10T16:05:36.598+0000] {processor.py:914} INFO - Processing file /home/airflow/.local/lib/python3.12/site-packages/airflow/example_dags/example_trigger_target_dag.py for tasks to queue
[2025-04-10T16:05:36.600+0000] {logging_mixin.py:190} INFO - [2025-04-10T16:05:36.600+0000] {dagbag.py:588} INFO - Filling up the DagBag from /home/airflow/.local/lib/python3.12/site-packages/airflow/example_dags/example_trigger_target_dag.py
[2025-04-10T16:05:36.608+0000] {processor.py:925} INFO - DAG(s) 'example_trigger_target_dag' retrieved from /home/airflow/.local/lib/python3.12/site-packages/airflow/example_dags/example_trigger_target_dag.py
[2025-04-10T16:05:36.626+0000] {logging_mixin.py:190} INFO - [2025-04-10T16:05:36.626+0000] {dag.py:3239} INFO - Sync 1 DAGs
[2025-04-10T16:05:36.640+0000] {logging_mixin.py:190} INFO - [2025-04-10T16:05:36.640+0000] {dag.py:4180} INFO - Setting next_dagrun for example_trigger_target_dag to None, run_after=None
[2025-04-10T16:05:36.659+0000] {processor.py:208} INFO - Processing /home/airflow/.local/lib/python3.12/site-packages/airflow/example_dags/example_trigger_target_dag.py took 0.068 seconds
[2025-04-10T16:06:07.749+0000] {processor.py:186} INFO - Started process (PID=566) to work on /home/airflow/.local/lib/python3.12/site-packages/airflow/example_dags/example_trigger_target_dag.py
[2025-04-10T16:06:07.750+0000] {processor.py:914} INFO - Processing file /home/airflow/.local/lib/python3.12/site-packages/airflow/example_dags/example_trigger_target_dag.py for tasks to queue
[2025-04-10T16:06:07.753+0000] {logging_mixin.py:190} INFO - [2025-04-10T16:06:07.752+0000] {dagbag.py:588} INFO - Filling up the DagBag from /home/airflow/.local/lib/python3.12/site-packages/airflow/example_dags/example_trigger_target_dag.py
[2025-04-10T16:06:07.761+0000] {processor.py:925} INFO - DAG(s) 'example_trigger_target_dag' retrieved from /home/airflow/.local/lib/python3.12/site-packages/airflow/example_dags/example_trigger_target_dag.py
[2025-04-10T16:06:07.781+0000] {logging_mixin.py:190} INFO - [2025-04-10T16:06:07.781+0000] {dag.py:3239} INFO - Sync 1 DAGs
[2025-04-10T16:06:07.797+0000] {logging_mixin.py:190} INFO - [2025-04-10T16:06:07.796+0000] {dag.py:4180} INFO - Setting next_dagrun for example_trigger_target_dag to None, run_after=None
[2025-04-10T16:06:07.815+0000] {processor.py:208} INFO - Processing /home/airflow/.local/lib/python3.12/site-packages/airflow/example_dags/example_trigger_target_dag.py took 0.073 seconds
[2025-04-10T16:06:38.720+0000] {processor.py:186} INFO - Started process (PID=629) to work on /home/airflow/.local/lib/python3.12/site-packages/airflow/example_dags/example_trigger_target_dag.py
[2025-04-10T16:06:38.721+0000] {processor.py:914} INFO - Processing file /home/airflow/.local/lib/python3.12/site-packages/airflow/example_dags/example_trigger_target_dag.py for tasks to queue
[2025-04-10T16:06:38.723+0000] {logging_mixin.py:190} INFO - [2025-04-10T16:06:38.723+0000] {dagbag.py:588} INFO - Filling up the DagBag from /home/airflow/.local/lib/python3.12/site-packages/airflow/example_dags/example_trigger_target_dag.py
[2025-04-10T16:06:38.731+0000] {processor.py:925} INFO - DAG(s) 'example_trigger_target_dag' retrieved from /home/airflow/.local/lib/python3.12/site-packages/airflow/example_dags/example_trigger_target_dag.py
[2025-04-10T16:06:38.748+0000] {logging_mixin.py:190} INFO - [2025-04-10T16:06:38.748+0000] {dag.py:3239} INFO - Sync 1 DAGs
[2025-04-10T16:06:38.764+0000] {logging_mixin.py:190} INFO - [2025-04-10T16:06:38.763+0000] {dag.py:4180} INFO - Setting next_dagrun for example_trigger_target_dag to None, run_after=None
[2025-04-10T16:06:38.783+0000] {processor.py:208} INFO - Processing /home/airflow/.local/lib/python3.12/site-packages/airflow/example_dags/example_trigger_target_dag.py took 0.071 seconds
[2025-04-10T16:07:09.783+0000] {processor.py:186} INFO - Started process (PID=692) to work on /home/airflow/.local/lib/python3.12/site-packages/airflow/example_dags/example_trigger_target_dag.py
[2025-04-10T16:07:09.784+0000] {processor.py:914} INFO - Processing file /home/airflow/.local/lib/python3.12/site-packages/airflow/example_dags/example_trigger_target_dag.py for tasks to queue
[2025-04-10T16:07:09.787+0000] {logging_mixin.py:190} INFO - [2025-04-10T16:07:09.786+0000] {dagbag.py:588} INFO - Filling up the DagBag from /home/airflow/.local/lib/python3.12/site-packages/airflow/example_dags/example_trigger_target_dag.py
[2025-04-10T16:07:09.797+0000] {processor.py:925} INFO - DAG(s) 'example_trigger_target_dag' retrieved from /home/airflow/.local/lib/python3.12/site-packages/airflow/example_dags/example_trigger_target_dag.py
[2025-04-10T16:07:09.816+0000] {logging_mixin.py:190} INFO - [2025-04-10T16:07:09.815+0000] {dag.py:3239} INFO - Sync 1 DAGs
[2025-04-10T16:07:09.835+0000] {logging_mixin.py:190} INFO - [2025-04-10T16:07:09.834+0000] {dag.py:4180} INFO - Setting next_dagrun for example_trigger_target_dag to None, run_after=None
[2025-04-10T16:07:09.858+0000] {processor.py:208} INFO - Processing /home/airflow/.local/lib/python3.12/site-packages/airflow/example_dags/example_trigger_target_dag.py took 0.082 seconds
[2025-04-10T16:07:40.716+0000] {processor.py:186} INFO - Started process (PID=755) to work on /home/airflow/.local/lib/python3.12/site-packages/airflow/example_dags/example_trigger_target_dag.py
[2025-04-10T16:07:40.717+0000] {processor.py:914} INFO - Processing file /home/airflow/.local/lib/python3.12/site-packages/airflow/example_dags/example_trigger_target_dag.py for tasks to queue
[2025-04-10T16:07:40.719+0000] {logging_mixin.py:190} INFO - [2025-04-10T16:07:40.719+0000] {dagbag.py:588} INFO - Filling up the DagBag from /home/airflow/.local/lib/python3.12/site-packages/airflow/example_dags/example_trigger_target_dag.py
[2025-04-10T16:07:40.728+0000] {processor.py:925} INFO - DAG(s) 'example_trigger_target_dag' retrieved from /home/airflow/.local/lib/python3.12/site-packages/airflow/example_dags/example_trigger_target_dag.py
[2025-04-10T16:07:40.746+0000] {logging_mixin.py:190} INFO - [2025-04-10T16:07:40.746+0000] {dag.py:3239} INFO - Sync 1 DAGs
[2025-04-10T16:07:40.761+0000] {logging_mixin.py:190} INFO - [2025-04-10T16:07:40.761+0000] {dag.py:4180} INFO - Setting next_dagrun for example_trigger_target_dag to None, run_after=None
[2025-04-10T16:07:40.779+0000] {processor.py:208} INFO - Processing /home/airflow/.local/lib/python3.12/site-packages/airflow/example_dags/example_trigger_target_dag.py took 0.069 seconds
[2025-04-10T16:08:12.176+0000] {processor.py:186} INFO - Started process (PID=818) to work on /home/airflow/.local/lib/python3.12/site-packages/airflow/example_dags/example_trigger_target_dag.py
[2025-04-10T16:08:12.177+0000] {processor.py:914} INFO - Processing file /home/airflow/.local/lib/python3.12/site-packages/airflow/example_dags/example_trigger_target_dag.py for tasks to queue
[2025-04-10T16:08:12.180+0000] {logging_mixin.py:190} INFO - [2025-04-10T16:08:12.179+0000] {dagbag.py:588} INFO - Filling up the DagBag from /home/airflow/.local/lib/python3.12/site-packages/airflow/example_dags/example_trigger_target_dag.py
[2025-04-10T16:08:12.189+0000] {processor.py:925} INFO - DAG(s) 'example_trigger_target_dag' retrieved from /home/airflow/.local/lib/python3.12/site-packages/airflow/example_dags/example_trigger_target_dag.py
[2025-04-10T16:08:12.209+0000] {logging_mixin.py:190} INFO - [2025-04-10T16:08:12.209+0000] {dag.py:3239} INFO - Sync 1 DAGs
[2025-04-10T16:08:12.226+0000] {logging_mixin.py:190} INFO - [2025-04-10T16:08:12.226+0000] {dag.py:4180} INFO - Setting next_dagrun for example_trigger_target_dag to None, run_after=None
[2025-04-10T16:08:12.252+0000] {processor.py:208} INFO - Processing /home/airflow/.local/lib/python3.12/site-packages/airflow/example_dags/example_trigger_target_dag.py took 0.084 seconds
[2025-04-10T16:08:43.040+0000] {processor.py:186} INFO - Started process (PID=881) to work on /home/airflow/.local/lib/python3.12/site-packages/airflow/example_dags/example_trigger_target_dag.py
[2025-04-10T16:08:43.041+0000] {processor.py:914} INFO - Processing file /home/airflow/.local/lib/python3.12/site-packages/airflow/example_dags/example_trigger_target_dag.py for tasks to queue
[2025-04-10T16:08:43.043+0000] {logging_mixin.py:190} INFO - [2025-04-10T16:08:43.043+0000] {dagbag.py:588} INFO - Filling up the DagBag from /home/airflow/.local/lib/python3.12/site-packages/airflow/example_dags/example_trigger_target_dag.py
[2025-04-10T16:08:43.051+0000] {processor.py:925} INFO - DAG(s) 'example_trigger_target_dag' retrieved from /home/airflow/.local/lib/python3.12/site-packages/airflow/example_dags/example_trigger_target_dag.py
[2025-04-10T16:08:43.069+0000] {logging_mixin.py:190} INFO - [2025-04-10T16:08:43.069+0000] {dag.py:3239} INFO - Sync 1 DAGs
[2025-04-10T16:08:43.084+0000] {logging_mixin.py:190} INFO - [2025-04-10T16:08:43.084+0000] {dag.py:4180} INFO - Setting next_dagrun for example_trigger_target_dag to None, run_after=None
[2025-04-10T16:08:43.103+0000] {processor.py:208} INFO - Processing /home/airflow/.local/lib/python3.12/site-packages/airflow/example_dags/example_trigger_target_dag.py took 0.068 seconds
[2025-04-10T16:09:14.221+0000] {processor.py:186} INFO - Started process (PID=944) to work on /home/airflow/.local/lib/python3.12/site-packages/airflow/example_dags/example_trigger_target_dag.py
[2025-04-10T16:09:14.222+0000] {processor.py:914} INFO - Processing file /home/airflow/.local/lib/python3.12/site-packages/airflow/example_dags/example_trigger_target_dag.py for tasks to queue
[2025-04-10T16:09:14.224+0000] {logging_mixin.py:190} INFO - [2025-04-10T16:09:14.224+0000] {dagbag.py:588} INFO - Filling up the DagBag from /home/airflow/.local/lib/python3.12/site-packages/airflow/example_dags/example_trigger_target_dag.py
[2025-04-10T16:09:14.232+0000] {processor.py:925} INFO - DAG(s) 'example_trigger_target_dag' retrieved from /home/airflow/.local/lib/python3.12/site-packages/airflow/example_dags/example_trigger_target_dag.py
[2025-04-10T16:09:14.249+0000] {logging_mixin.py:190} INFO - [2025-04-10T16:09:14.249+0000] {dag.py:3239} INFO - Sync 1 DAGs
[2025-04-10T16:09:14.264+0000] {logging_mixin.py:190} INFO - [2025-04-10T16:09:14.264+0000] {dag.py:4180} INFO - Setting next_dagrun for example_trigger_target_dag to None, run_after=None
[2025-04-10T16:09:14.284+0000] {processor.py:208} INFO - Processing /home/airflow/.local/lib/python3.12/site-packages/airflow/example_dags/example_trigger_target_dag.py took 0.069 seconds
