[2025-04-10T16:02:24.520+0000] {processor.py:186} INFO - Started process (PID=96) to work on /home/airflow/.local/lib/python3.12/site-packages/airflow/example_dags/example_sensors.py
[2025-04-10T16:02:24.521+0000] {processor.py:914} INFO - Processing file /home/airflow/.local/lib/python3.12/site-packages/airflow/example_dags/example_sensors.py for tasks to queue
[2025-04-10T16:02:24.523+0000] {logging_mixin.py:190} INFO - [2025-04-10T16:02:24.523+0000] {dagbag.py:588} INFO - Filling up the DagBag from /home/airflow/.local/lib/python3.12/site-packages/airflow/example_dags/example_sensors.py
[2025-04-10T16:02:24.540+0000] {processor.py:925} INFO - DAG(s) 'example_sensors' retrieved from /home/airflow/.local/lib/python3.12/site-packages/airflow/example_dags/example_sensors.py
[2025-04-10T16:02:24.683+0000] {logging_mixin.py:190} INFO - [2025-04-10T16:02:24.682+0000] {override.py:1912} INFO - Created Permission View: can read on DAG:example_sensors
[2025-04-10T16:02:24.696+0000] {logging_mixin.py:190} INFO - [2025-04-10T16:02:24.695+0000] {override.py:1912} INFO - Created Permission View: can delete on DAG:example_sensors
[2025-04-10T16:02:24.702+0000] {logging_mixin.py:190} INFO - [2025-04-10T16:02:24.702+0000] {override.py:1912} INFO - Created Permission View: can edit on DAG:example_sensors
[2025-04-10T16:02:24.711+0000] {logging_mixin.py:190} INFO - [2025-04-10T16:02:24.710+0000] {override.py:1912} INFO - Created Permission View: menu access on DAG Run:example_sensors
[2025-04-10T16:02:24.719+0000] {logging_mixin.py:190} INFO - [2025-04-10T16:02:24.719+0000] {override.py:1912} INFO - Created Permission View: can read on DAG Run:example_sensors
[2025-04-10T16:02:24.726+0000] {logging_mixin.py:190} INFO - [2025-04-10T16:02:24.726+0000] {override.py:1912} INFO - Created Permission View: can create on DAG Run:example_sensors
[2025-04-10T16:02:24.733+0000] {logging_mixin.py:190} INFO - [2025-04-10T16:02:24.733+0000] {override.py:1912} INFO - Created Permission View: can delete on DAG Run:example_sensors
[2025-04-10T16:02:24.734+0000] {logging_mixin.py:190} INFO - [2025-04-10T16:02:24.734+0000] {dag.py:3239} INFO - Sync 1 DAGs
[2025-04-10T16:02:24.750+0000] {logging_mixin.py:190} INFO - [2025-04-10T16:02:24.750+0000] {dag.py:3262} INFO - Creating ORM DAG for example_sensors
[2025-04-10T16:02:24.751+0000] {logging_mixin.py:190} INFO - [2025-04-10T16:02:24.751+0000] {dag.py:4180} INFO - Setting next_dagrun for example_sensors to None, run_after=None
[2025-04-10T16:02:24.769+0000] {processor.py:208} INFO - Processing /home/airflow/.local/lib/python3.12/site-packages/airflow/example_dags/example_sensors.py took 0.257 seconds
[2025-04-10T16:02:55.330+0000] {processor.py:186} INFO - Started process (PID=159) to work on /home/airflow/.local/lib/python3.12/site-packages/airflow/example_dags/example_sensors.py
[2025-04-10T16:02:55.331+0000] {processor.py:914} INFO - Processing file /home/airflow/.local/lib/python3.12/site-packages/airflow/example_dags/example_sensors.py for tasks to queue
[2025-04-10T16:02:55.333+0000] {logging_mixin.py:190} INFO - [2025-04-10T16:02:55.333+0000] {dagbag.py:588} INFO - Filling up the DagBag from /home/airflow/.local/lib/python3.12/site-packages/airflow/example_dags/example_sensors.py
[2025-04-10T16:02:55.345+0000] {processor.py:925} INFO - DAG(s) 'example_sensors' retrieved from /home/airflow/.local/lib/python3.12/site-packages/airflow/example_dags/example_sensors.py
[2025-04-10T16:02:55.371+0000] {logging_mixin.py:190} INFO - [2025-04-10T16:02:55.371+0000] {dag.py:3239} INFO - Sync 1 DAGs
[2025-04-10T16:02:55.386+0000] {logging_mixin.py:190} INFO - [2025-04-10T16:02:55.386+0000] {dag.py:4180} INFO - Setting next_dagrun for example_sensors to None, run_after=None
[2025-04-10T16:02:55.405+0000] {processor.py:208} INFO - Processing /home/airflow/.local/lib/python3.12/site-packages/airflow/example_dags/example_sensors.py took 0.082 seconds
[2025-04-10T16:03:25.823+0000] {processor.py:186} INFO - Started process (PID=222) to work on /home/airflow/.local/lib/python3.12/site-packages/airflow/example_dags/example_sensors.py
[2025-04-10T16:03:25.824+0000] {processor.py:914} INFO - Processing file /home/airflow/.local/lib/python3.12/site-packages/airflow/example_dags/example_sensors.py for tasks to queue
[2025-04-10T16:03:25.826+0000] {logging_mixin.py:190} INFO - [2025-04-10T16:03:25.826+0000] {dagbag.py:588} INFO - Filling up the DagBag from /home/airflow/.local/lib/python3.12/site-packages/airflow/example_dags/example_sensors.py
[2025-04-10T16:03:25.843+0000] {processor.py:925} INFO - DAG(s) 'example_sensors' retrieved from /home/airflow/.local/lib/python3.12/site-packages/airflow/example_dags/example_sensors.py
[2025-04-10T16:03:25.871+0000] {logging_mixin.py:190} INFO - [2025-04-10T16:03:25.870+0000] {dag.py:3239} INFO - Sync 1 DAGs
[2025-04-10T16:03:25.888+0000] {logging_mixin.py:190} INFO - [2025-04-10T16:03:25.888+0000] {dag.py:4180} INFO - Setting next_dagrun for example_sensors to None, run_after=None
[2025-04-10T16:03:25.908+0000] {processor.py:208} INFO - Processing /home/airflow/.local/lib/python3.12/site-packages/airflow/example_dags/example_sensors.py took 0.091 seconds
[2025-04-10T16:03:56.174+0000] {processor.py:186} INFO - Started process (PID=285) to work on /home/airflow/.local/lib/python3.12/site-packages/airflow/example_dags/example_sensors.py
[2025-04-10T16:03:56.175+0000] {processor.py:914} INFO - Processing file /home/airflow/.local/lib/python3.12/site-packages/airflow/example_dags/example_sensors.py for tasks to queue
[2025-04-10T16:03:56.177+0000] {logging_mixin.py:190} INFO - [2025-04-10T16:03:56.177+0000] {dagbag.py:588} INFO - Filling up the DagBag from /home/airflow/.local/lib/python3.12/site-packages/airflow/example_dags/example_sensors.py
[2025-04-10T16:03:56.188+0000] {processor.py:925} INFO - DAG(s) 'example_sensors' retrieved from /home/airflow/.local/lib/python3.12/site-packages/airflow/example_dags/example_sensors.py
[2025-04-10T16:03:56.212+0000] {logging_mixin.py:190} INFO - [2025-04-10T16:03:56.212+0000] {dag.py:3239} INFO - Sync 1 DAGs
[2025-04-10T16:03:56.226+0000] {logging_mixin.py:190} INFO - [2025-04-10T16:03:56.226+0000] {dag.py:4180} INFO - Setting next_dagrun for example_sensors to None, run_after=None
[2025-04-10T16:03:56.245+0000] {processor.py:208} INFO - Processing /home/airflow/.local/lib/python3.12/site-packages/airflow/example_dags/example_sensors.py took 0.077 seconds
[2025-04-10T16:04:26.878+0000] {processor.py:186} INFO - Started process (PID=348) to work on /home/airflow/.local/lib/python3.12/site-packages/airflow/example_dags/example_sensors.py
[2025-04-10T16:04:26.879+0000] {processor.py:914} INFO - Processing file /home/airflow/.local/lib/python3.12/site-packages/airflow/example_dags/example_sensors.py for tasks to queue
[2025-04-10T16:04:26.882+0000] {logging_mixin.py:190} INFO - [2025-04-10T16:04:26.881+0000] {dagbag.py:588} INFO - Filling up the DagBag from /home/airflow/.local/lib/python3.12/site-packages/airflow/example_dags/example_sensors.py
[2025-04-10T16:04:26.892+0000] {processor.py:925} INFO - DAG(s) 'example_sensors' retrieved from /home/airflow/.local/lib/python3.12/site-packages/airflow/example_dags/example_sensors.py
[2025-04-10T16:04:26.917+0000] {logging_mixin.py:190} INFO - [2025-04-10T16:04:26.917+0000] {dag.py:3239} INFO - Sync 1 DAGs
[2025-04-10T16:04:26.931+0000] {logging_mixin.py:190} INFO - [2025-04-10T16:04:26.931+0000] {dag.py:4180} INFO - Setting next_dagrun for example_sensors to None, run_after=None
[2025-04-10T16:04:26.952+0000] {processor.py:208} INFO - Processing /home/airflow/.local/lib/python3.12/site-packages/airflow/example_dags/example_sensors.py took 0.080 seconds
[2025-04-10T16:04:57.579+0000] {processor.py:186} INFO - Started process (PID=411) to work on /home/airflow/.local/lib/python3.12/site-packages/airflow/example_dags/example_sensors.py
[2025-04-10T16:04:57.580+0000] {processor.py:914} INFO - Processing file /home/airflow/.local/lib/python3.12/site-packages/airflow/example_dags/example_sensors.py for tasks to queue
[2025-04-10T16:04:57.583+0000] {logging_mixin.py:190} INFO - [2025-04-10T16:04:57.582+0000] {dagbag.py:588} INFO - Filling up the DagBag from /home/airflow/.local/lib/python3.12/site-packages/airflow/example_dags/example_sensors.py
[2025-04-10T16:04:57.595+0000] {processor.py:925} INFO - DAG(s) 'example_sensors' retrieved from /home/airflow/.local/lib/python3.12/site-packages/airflow/example_dags/example_sensors.py
[2025-04-10T16:04:57.620+0000] {logging_mixin.py:190} INFO - [2025-04-10T16:04:57.620+0000] {dag.py:3239} INFO - Sync 1 DAGs
[2025-04-10T16:04:57.636+0000] {logging_mixin.py:190} INFO - [2025-04-10T16:04:57.636+0000] {dag.py:4180} INFO - Setting next_dagrun for example_sensors to None, run_after=None
[2025-04-10T16:04:57.654+0000] {processor.py:208} INFO - Processing /home/airflow/.local/lib/python3.12/site-packages/airflow/example_dags/example_sensors.py took 0.081 seconds
[2025-04-10T16:05:28.156+0000] {processor.py:186} INFO - Started process (PID=474) to work on /home/airflow/.local/lib/python3.12/site-packages/airflow/example_dags/example_sensors.py
[2025-04-10T16:05:28.157+0000] {processor.py:914} INFO - Processing file /home/airflow/.local/lib/python3.12/site-packages/airflow/example_dags/example_sensors.py for tasks to queue
[2025-04-10T16:05:28.159+0000] {logging_mixin.py:190} INFO - [2025-04-10T16:05:28.159+0000] {dagbag.py:588} INFO - Filling up the DagBag from /home/airflow/.local/lib/python3.12/site-packages/airflow/example_dags/example_sensors.py
[2025-04-10T16:05:28.169+0000] {processor.py:925} INFO - DAG(s) 'example_sensors' retrieved from /home/airflow/.local/lib/python3.12/site-packages/airflow/example_dags/example_sensors.py
[2025-04-10T16:05:28.192+0000] {logging_mixin.py:190} INFO - [2025-04-10T16:05:28.192+0000] {dag.py:3239} INFO - Sync 1 DAGs
[2025-04-10T16:05:28.206+0000] {logging_mixin.py:190} INFO - [2025-04-10T16:05:28.205+0000] {dag.py:4180} INFO - Setting next_dagrun for example_sensors to None, run_after=None
[2025-04-10T16:05:28.223+0000] {processor.py:208} INFO - Processing /home/airflow/.local/lib/python3.12/site-packages/airflow/example_dags/example_sensors.py took 0.073 seconds
[2025-04-10T16:05:58.463+0000] {processor.py:186} INFO - Started process (PID=537) to work on /home/airflow/.local/lib/python3.12/site-packages/airflow/example_dags/example_sensors.py
[2025-04-10T16:05:58.464+0000] {processor.py:914} INFO - Processing file /home/airflow/.local/lib/python3.12/site-packages/airflow/example_dags/example_sensors.py for tasks to queue
[2025-04-10T16:05:58.467+0000] {logging_mixin.py:190} INFO - [2025-04-10T16:05:58.466+0000] {dagbag.py:588} INFO - Filling up the DagBag from /home/airflow/.local/lib/python3.12/site-packages/airflow/example_dags/example_sensors.py
[2025-04-10T16:05:58.479+0000] {processor.py:925} INFO - DAG(s) 'example_sensors' retrieved from /home/airflow/.local/lib/python3.12/site-packages/airflow/example_dags/example_sensors.py
[2025-04-10T16:05:58.504+0000] {logging_mixin.py:190} INFO - [2025-04-10T16:05:58.504+0000] {dag.py:3239} INFO - Sync 1 DAGs
[2025-04-10T16:05:58.519+0000] {logging_mixin.py:190} INFO - [2025-04-10T16:05:58.518+0000] {dag.py:4180} INFO - Setting next_dagrun for example_sensors to None, run_after=None
[2025-04-10T16:05:58.538+0000] {processor.py:208} INFO - Processing /home/airflow/.local/lib/python3.12/site-packages/airflow/example_dags/example_sensors.py took 0.082 seconds
[2025-04-10T16:06:29.372+0000] {processor.py:186} INFO - Started process (PID=600) to work on /home/airflow/.local/lib/python3.12/site-packages/airflow/example_dags/example_sensors.py
[2025-04-10T16:06:29.373+0000] {processor.py:914} INFO - Processing file /home/airflow/.local/lib/python3.12/site-packages/airflow/example_dags/example_sensors.py for tasks to queue
[2025-04-10T16:06:29.376+0000] {logging_mixin.py:190} INFO - [2025-04-10T16:06:29.375+0000] {dagbag.py:588} INFO - Filling up the DagBag from /home/airflow/.local/lib/python3.12/site-packages/airflow/example_dags/example_sensors.py
[2025-04-10T16:06:29.387+0000] {processor.py:925} INFO - DAG(s) 'example_sensors' retrieved from /home/airflow/.local/lib/python3.12/site-packages/airflow/example_dags/example_sensors.py
[2025-04-10T16:06:29.412+0000] {logging_mixin.py:190} INFO - [2025-04-10T16:06:29.412+0000] {dag.py:3239} INFO - Sync 1 DAGs
[2025-04-10T16:06:29.426+0000] {logging_mixin.py:190} INFO - [2025-04-10T16:06:29.426+0000] {dag.py:4180} INFO - Setting next_dagrun for example_sensors to None, run_after=None
[2025-04-10T16:06:29.443+0000] {processor.py:208} INFO - Processing /home/airflow/.local/lib/python3.12/site-packages/airflow/example_dags/example_sensors.py took 0.077 seconds
[2025-04-10T16:06:59.574+0000] {processor.py:186} INFO - Started process (PID=663) to work on /home/airflow/.local/lib/python3.12/site-packages/airflow/example_dags/example_sensors.py
[2025-04-10T16:06:59.575+0000] {processor.py:914} INFO - Processing file /home/airflow/.local/lib/python3.12/site-packages/airflow/example_dags/example_sensors.py for tasks to queue
[2025-04-10T16:06:59.577+0000] {logging_mixin.py:190} INFO - [2025-04-10T16:06:59.577+0000] {dagbag.py:588} INFO - Filling up the DagBag from /home/airflow/.local/lib/python3.12/site-packages/airflow/example_dags/example_sensors.py
[2025-04-10T16:06:59.588+0000] {processor.py:925} INFO - DAG(s) 'example_sensors' retrieved from /home/airflow/.local/lib/python3.12/site-packages/airflow/example_dags/example_sensors.py
[2025-04-10T16:06:59.613+0000] {logging_mixin.py:190} INFO - [2025-04-10T16:06:59.613+0000] {dag.py:3239} INFO - Sync 1 DAGs
[2025-04-10T16:06:59.627+0000] {logging_mixin.py:190} INFO - [2025-04-10T16:06:59.627+0000] {dag.py:4180} INFO - Setting next_dagrun for example_sensors to None, run_after=None
[2025-04-10T16:06:59.645+0000] {processor.py:208} INFO - Processing /home/airflow/.local/lib/python3.12/site-packages/airflow/example_dags/example_sensors.py took 0.077 seconds
[2025-04-10T16:07:30.602+0000] {processor.py:186} INFO - Started process (PID=726) to work on /home/airflow/.local/lib/python3.12/site-packages/airflow/example_dags/example_sensors.py
[2025-04-10T16:07:30.603+0000] {processor.py:914} INFO - Processing file /home/airflow/.local/lib/python3.12/site-packages/airflow/example_dags/example_sensors.py for tasks to queue
[2025-04-10T16:07:30.606+0000] {logging_mixin.py:190} INFO - [2025-04-10T16:07:30.606+0000] {dagbag.py:588} INFO - Filling up the DagBag from /home/airflow/.local/lib/python3.12/site-packages/airflow/example_dags/example_sensors.py
[2025-04-10T16:07:30.621+0000] {processor.py:925} INFO - DAG(s) 'example_sensors' retrieved from /home/airflow/.local/lib/python3.12/site-packages/airflow/example_dags/example_sensors.py
[2025-04-10T16:07:30.649+0000] {logging_mixin.py:190} INFO - [2025-04-10T16:07:30.649+0000] {dag.py:3239} INFO - Sync 1 DAGs
[2025-04-10T16:07:30.665+0000] {logging_mixin.py:190} INFO - [2025-04-10T16:07:30.665+0000] {dag.py:4180} INFO - Setting next_dagrun for example_sensors to None, run_after=None
[2025-04-10T16:07:30.692+0000] {processor.py:208} INFO - Processing /home/airflow/.local/lib/python3.12/site-packages/airflow/example_dags/example_sensors.py took 0.096 seconds
[2025-04-10T16:08:01.461+0000] {processor.py:186} INFO - Started process (PID=789) to work on /home/airflow/.local/lib/python3.12/site-packages/airflow/example_dags/example_sensors.py
[2025-04-10T16:08:01.462+0000] {processor.py:914} INFO - Processing file /home/airflow/.local/lib/python3.12/site-packages/airflow/example_dags/example_sensors.py for tasks to queue
[2025-04-10T16:08:01.465+0000] {logging_mixin.py:190} INFO - [2025-04-10T16:08:01.465+0000] {dagbag.py:588} INFO - Filling up the DagBag from /home/airflow/.local/lib/python3.12/site-packages/airflow/example_dags/example_sensors.py
[2025-04-10T16:08:01.478+0000] {processor.py:925} INFO - DAG(s) 'example_sensors' retrieved from /home/airflow/.local/lib/python3.12/site-packages/airflow/example_dags/example_sensors.py
[2025-04-10T16:08:01.507+0000] {logging_mixin.py:190} INFO - [2025-04-10T16:08:01.506+0000] {dag.py:3239} INFO - Sync 1 DAGs
[2025-04-10T16:08:01.523+0000] {logging_mixin.py:190} INFO - [2025-04-10T16:08:01.522+0000] {dag.py:4180} INFO - Setting next_dagrun for example_sensors to None, run_after=None
[2025-04-10T16:08:01.544+0000] {processor.py:208} INFO - Processing /home/airflow/.local/lib/python3.12/site-packages/airflow/example_dags/example_sensors.py took 0.091 seconds
[2025-04-10T16:08:31.836+0000] {processor.py:186} INFO - Started process (PID=852) to work on /home/airflow/.local/lib/python3.12/site-packages/airflow/example_dags/example_sensors.py
[2025-04-10T16:08:31.837+0000] {processor.py:914} INFO - Processing file /home/airflow/.local/lib/python3.12/site-packages/airflow/example_dags/example_sensors.py for tasks to queue
[2025-04-10T16:08:31.839+0000] {logging_mixin.py:190} INFO - [2025-04-10T16:08:31.839+0000] {dagbag.py:588} INFO - Filling up the DagBag from /home/airflow/.local/lib/python3.12/site-packages/airflow/example_dags/example_sensors.py
[2025-04-10T16:08:31.851+0000] {processor.py:925} INFO - DAG(s) 'example_sensors' retrieved from /home/airflow/.local/lib/python3.12/site-packages/airflow/example_dags/example_sensors.py
[2025-04-10T16:08:31.875+0000] {logging_mixin.py:190} INFO - [2025-04-10T16:08:31.875+0000] {dag.py:3239} INFO - Sync 1 DAGs
[2025-04-10T16:08:31.891+0000] {logging_mixin.py:190} INFO - [2025-04-10T16:08:31.891+0000] {dag.py:4180} INFO - Setting next_dagrun for example_sensors to None, run_after=None
[2025-04-10T16:08:31.917+0000] {processor.py:208} INFO - Processing /home/airflow/.local/lib/python3.12/site-packages/airflow/example_dags/example_sensors.py took 0.088 seconds
[2025-04-10T16:09:02.824+0000] {processor.py:186} INFO - Started process (PID=915) to work on /home/airflow/.local/lib/python3.12/site-packages/airflow/example_dags/example_sensors.py
[2025-04-10T16:09:02.825+0000] {processor.py:914} INFO - Processing file /home/airflow/.local/lib/python3.12/site-packages/airflow/example_dags/example_sensors.py for tasks to queue
[2025-04-10T16:09:02.827+0000] {logging_mixin.py:190} INFO - [2025-04-10T16:09:02.827+0000] {dagbag.py:588} INFO - Filling up the DagBag from /home/airflow/.local/lib/python3.12/site-packages/airflow/example_dags/example_sensors.py
[2025-04-10T16:09:02.840+0000] {processor.py:925} INFO - DAG(s) 'example_sensors' retrieved from /home/airflow/.local/lib/python3.12/site-packages/airflow/example_dags/example_sensors.py
[2025-04-10T16:09:02.866+0000] {logging_mixin.py:190} INFO - [2025-04-10T16:09:02.866+0000] {dag.py:3239} INFO - Sync 1 DAGs
[2025-04-10T16:09:02.881+0000] {logging_mixin.py:190} INFO - [2025-04-10T16:09:02.881+0000] {dag.py:4180} INFO - Setting next_dagrun for example_sensors to None, run_after=None
[2025-04-10T16:09:02.901+0000] {processor.py:208} INFO - Processing /home/airflow/.local/lib/python3.12/site-packages/airflow/example_dags/example_sensors.py took 0.084 seconds
