[2025-04-10T16:02:22.297+0000] {processor.py:186} INFO - Started process (PID=76) to work on /home/airflow/.local/lib/python3.12/site-packages/airflow/example_dags/example_subdag_operator.py
[2025-04-10T16:02:22.298+0000] {processor.py:914} INFO - Processing file /home/airflow/.local/lib/python3.12/site-packages/airflow/example_dags/example_subdag_operator.py for tasks to queue
[2025-04-10T16:02:22.301+0000] {logging_mixin.py:190} INFO - [2025-04-10T16:02:22.300+0000] {dagbag.py:588} INFO - Filling up the DagBag from /home/airflow/.local/lib/python3.12/site-packages/airflow/example_dags/example_subdag_operator.py
[2025-04-10T16:02:22.330+0000] {processor.py:925} INFO - DAG(s) 'example_subdag_operator.section-1', 'example_subdag_operator.section-2', 'example_subdag_operator' retrieved from /home/airflow/.local/lib/python3.12/site-packages/airflow/example_dags/example_subdag_operator.py
[2025-04-10T16:02:22.459+0000] {logging_mixin.py:190} INFO - [2025-04-10T16:02:22.458+0000] {override.py:1912} INFO - Created Permission View: can read on DAG:example_subdag_operator
[2025-04-10T16:02:22.469+0000] {logging_mixin.py:190} INFO - [2025-04-10T16:02:22.469+0000] {override.py:1912} INFO - Created Permission View: can delete on DAG:example_subdag_operator
[2025-04-10T16:02:22.477+0000] {logging_mixin.py:190} INFO - [2025-04-10T16:02:22.477+0000] {override.py:1912} INFO - Created Permission View: can edit on DAG:example_subdag_operator
[2025-04-10T16:02:22.486+0000] {logging_mixin.py:190} INFO - [2025-04-10T16:02:22.486+0000] {override.py:1912} INFO - Created Permission View: menu access on DAG Run:example_subdag_operator
[2025-04-10T16:02:22.494+0000] {logging_mixin.py:190} INFO - [2025-04-10T16:02:22.494+0000] {override.py:1912} INFO - Created Permission View: can read on DAG Run:example_subdag_operator
[2025-04-10T16:02:22.501+0000] {logging_mixin.py:190} INFO - [2025-04-10T16:02:22.501+0000] {override.py:1912} INFO - Created Permission View: can create on DAG Run:example_subdag_operator
[2025-04-10T16:02:22.510+0000] {logging_mixin.py:190} INFO - [2025-04-10T16:02:22.510+0000] {override.py:1912} INFO - Created Permission View: can delete on DAG Run:example_subdag_operator
[2025-04-10T16:02:22.511+0000] {logging_mixin.py:190} INFO - [2025-04-10T16:02:22.511+0000] {dag.py:3239} INFO - Sync 3 DAGs
[2025-04-10T16:02:22.527+0000] {logging_mixin.py:190} INFO - [2025-04-10T16:02:22.527+0000] {dag.py:3262} INFO - Creating ORM DAG for example_subdag_operator.section-2
[2025-04-10T16:02:22.529+0000] {logging_mixin.py:190} INFO - [2025-04-10T16:02:22.529+0000] {dag.py:3262} INFO - Creating ORM DAG for example_subdag_operator.section-1
[2025-04-10T16:02:22.530+0000] {logging_mixin.py:190} INFO - [2025-04-10T16:02:22.530+0000] {dag.py:3262} INFO - Creating ORM DAG for example_subdag_operator
[2025-04-10T16:02:22.542+0000] {logging_mixin.py:190} INFO - [2025-04-10T16:02:22.542+0000] {dag.py:4180} INFO - Setting next_dagrun for example_subdag_operator to 2022-01-01 00:00:00+00:00, run_after=2022-01-01 00:00:00+00:00
[2025-04-10T16:02:22.544+0000] {logging_mixin.py:190} INFO - [2025-04-10T16:02:22.543+0000] {dag.py:4180} INFO - Setting next_dagrun for example_subdag_operator.section-1 to None, run_after=None
[2025-04-10T16:02:22.544+0000] {logging_mixin.py:190} INFO - [2025-04-10T16:02:22.544+0000] {dag.py:4180} INFO - Setting next_dagrun for example_subdag_operator.section-2 to None, run_after=None
[2025-04-10T16:02:22.556+0000] {logging_mixin.py:190} INFO - [2025-04-10T16:02:22.555+0000] {dag.py:3239} INFO - Sync 2 DAGs
[2025-04-10T16:02:22.562+0000] {logging_mixin.py:190} INFO - [2025-04-10T16:02:22.562+0000] {dag.py:4180} INFO - Setting next_dagrun for example_subdag_operator.section-1 to None, run_after=None
[2025-04-10T16:02:22.566+0000] {logging_mixin.py:190} INFO - [2025-04-10T16:02:22.565+0000] {dag.py:4180} INFO - Setting next_dagrun for example_subdag_operator.section-2 to None, run_after=None
[2025-04-10T16:02:22.583+0000] {processor.py:208} INFO - Processing /home/airflow/.local/lib/python3.12/site-packages/airflow/example_dags/example_subdag_operator.py took 0.294 seconds
[2025-04-10T16:02:53.281+0000] {processor.py:186} INFO - Started process (PID=139) to work on /home/airflow/.local/lib/python3.12/site-packages/airflow/example_dags/example_subdag_operator.py
[2025-04-10T16:02:53.282+0000] {processor.py:914} INFO - Processing file /home/airflow/.local/lib/python3.12/site-packages/airflow/example_dags/example_subdag_operator.py for tasks to queue
[2025-04-10T16:02:53.285+0000] {logging_mixin.py:190} INFO - [2025-04-10T16:02:53.285+0000] {dagbag.py:588} INFO - Filling up the DagBag from /home/airflow/.local/lib/python3.12/site-packages/airflow/example_dags/example_subdag_operator.py
[2025-04-10T16:02:53.311+0000] {processor.py:925} INFO - DAG(s) 'example_subdag_operator.section-1', 'example_subdag_operator.section-2', 'example_subdag_operator' retrieved from /home/airflow/.local/lib/python3.12/site-packages/airflow/example_dags/example_subdag_operator.py
[2025-04-10T16:02:53.327+0000] {logging_mixin.py:190} INFO - [2025-04-10T16:02:53.326+0000] {dag.py:3239} INFO - Sync 3 DAGs
[2025-04-10T16:02:53.353+0000] {logging_mixin.py:190} INFO - [2025-04-10T16:02:53.353+0000] {dag.py:4180} INFO - Setting next_dagrun for example_subdag_operator to 2022-01-01 00:00:00+00:00, run_after=2022-01-01 00:00:00+00:00
[2025-04-10T16:02:53.357+0000] {logging_mixin.py:190} INFO - [2025-04-10T16:02:53.357+0000] {dag.py:4180} INFO - Setting next_dagrun for example_subdag_operator.section-1 to None, run_after=None
[2025-04-10T16:02:53.359+0000] {logging_mixin.py:190} INFO - [2025-04-10T16:02:53.359+0000] {dag.py:4180} INFO - Setting next_dagrun for example_subdag_operator.section-2 to None, run_after=None
[2025-04-10T16:02:53.367+0000] {logging_mixin.py:190} INFO - [2025-04-10T16:02:53.367+0000] {dag.py:3239} INFO - Sync 2 DAGs
[2025-04-10T16:02:53.372+0000] {logging_mixin.py:190} INFO - [2025-04-10T16:02:53.372+0000] {dag.py:4180} INFO - Setting next_dagrun for example_subdag_operator.section-1 to None, run_after=None
[2025-04-10T16:02:53.373+0000] {logging_mixin.py:190} INFO - [2025-04-10T16:02:53.373+0000] {dag.py:4180} INFO - Setting next_dagrun for example_subdag_operator.section-2 to None, run_after=None
[2025-04-10T16:02:53.384+0000] {processor.py:208} INFO - Processing /home/airflow/.local/lib/python3.12/site-packages/airflow/example_dags/example_subdag_operator.py took 0.110 seconds
[2025-04-10T16:03:23.942+0000] {processor.py:186} INFO - Started process (PID=202) to work on /home/airflow/.local/lib/python3.12/site-packages/airflow/example_dags/example_subdag_operator.py
[2025-04-10T16:03:23.943+0000] {processor.py:914} INFO - Processing file /home/airflow/.local/lib/python3.12/site-packages/airflow/example_dags/example_subdag_operator.py for tasks to queue
[2025-04-10T16:03:23.946+0000] {logging_mixin.py:190} INFO - [2025-04-10T16:03:23.945+0000] {dagbag.py:588} INFO - Filling up the DagBag from /home/airflow/.local/lib/python3.12/site-packages/airflow/example_dags/example_subdag_operator.py
[2025-04-10T16:03:23.971+0000] {processor.py:925} INFO - DAG(s) 'example_subdag_operator.section-1', 'example_subdag_operator.section-2', 'example_subdag_operator' retrieved from /home/airflow/.local/lib/python3.12/site-packages/airflow/example_dags/example_subdag_operator.py
[2025-04-10T16:03:23.987+0000] {logging_mixin.py:190} INFO - [2025-04-10T16:03:23.987+0000] {dag.py:3239} INFO - Sync 3 DAGs
[2025-04-10T16:03:24.010+0000] {logging_mixin.py:190} INFO - [2025-04-10T16:03:24.010+0000] {dag.py:4180} INFO - Setting next_dagrun for example_subdag_operator to 2022-01-01 00:00:00+00:00, run_after=2022-01-01 00:00:00+00:00
[2025-04-10T16:03:24.014+0000] {logging_mixin.py:190} INFO - [2025-04-10T16:03:24.014+0000] {dag.py:4180} INFO - Setting next_dagrun for example_subdag_operator.section-1 to None, run_after=None
[2025-04-10T16:03:24.015+0000] {logging_mixin.py:190} INFO - [2025-04-10T16:03:24.015+0000] {dag.py:4180} INFO - Setting next_dagrun for example_subdag_operator.section-2 to None, run_after=None
[2025-04-10T16:03:24.022+0000] {logging_mixin.py:190} INFO - [2025-04-10T16:03:24.022+0000] {dag.py:3239} INFO - Sync 2 DAGs
[2025-04-10T16:03:24.027+0000] {logging_mixin.py:190} INFO - [2025-04-10T16:03:24.026+0000] {dag.py:4180} INFO - Setting next_dagrun for example_subdag_operator.section-1 to None, run_after=None
[2025-04-10T16:03:24.027+0000] {logging_mixin.py:190} INFO - [2025-04-10T16:03:24.027+0000] {dag.py:4180} INFO - Setting next_dagrun for example_subdag_operator.section-2 to None, run_after=None
[2025-04-10T16:03:24.037+0000] {processor.py:208} INFO - Processing /home/airflow/.local/lib/python3.12/site-packages/airflow/example_dags/example_subdag_operator.py took 0.101 seconds
[2025-04-10T16:03:54.161+0000] {processor.py:186} INFO - Started process (PID=265) to work on /home/airflow/.local/lib/python3.12/site-packages/airflow/example_dags/example_subdag_operator.py
[2025-04-10T16:03:54.162+0000] {processor.py:914} INFO - Processing file /home/airflow/.local/lib/python3.12/site-packages/airflow/example_dags/example_subdag_operator.py for tasks to queue
[2025-04-10T16:03:54.165+0000] {logging_mixin.py:190} INFO - [2025-04-10T16:03:54.165+0000] {dagbag.py:588} INFO - Filling up the DagBag from /home/airflow/.local/lib/python3.12/site-packages/airflow/example_dags/example_subdag_operator.py
[2025-04-10T16:03:54.193+0000] {processor.py:925} INFO - DAG(s) 'example_subdag_operator.section-1', 'example_subdag_operator.section-2', 'example_subdag_operator' retrieved from /home/airflow/.local/lib/python3.12/site-packages/airflow/example_dags/example_subdag_operator.py
[2025-04-10T16:03:54.211+0000] {logging_mixin.py:190} INFO - [2025-04-10T16:03:54.210+0000] {dag.py:3239} INFO - Sync 3 DAGs
[2025-04-10T16:03:54.241+0000] {logging_mixin.py:190} INFO - [2025-04-10T16:03:54.241+0000] {dag.py:4180} INFO - Setting next_dagrun for example_subdag_operator to 2022-01-01 00:00:00+00:00, run_after=2022-01-01 00:00:00+00:00
[2025-04-10T16:03:54.247+0000] {logging_mixin.py:190} INFO - [2025-04-10T16:03:54.247+0000] {dag.py:4180} INFO - Setting next_dagrun for example_subdag_operator.section-1 to None, run_after=None
[2025-04-10T16:03:54.249+0000] {logging_mixin.py:190} INFO - [2025-04-10T16:03:54.249+0000] {dag.py:4180} INFO - Setting next_dagrun for example_subdag_operator.section-2 to None, run_after=None
[2025-04-10T16:03:54.257+0000] {logging_mixin.py:190} INFO - [2025-04-10T16:03:54.257+0000] {dag.py:3239} INFO - Sync 2 DAGs
[2025-04-10T16:03:54.264+0000] {logging_mixin.py:190} INFO - [2025-04-10T16:03:54.264+0000] {dag.py:4180} INFO - Setting next_dagrun for example_subdag_operator.section-1 to None, run_after=None
[2025-04-10T16:03:54.265+0000] {logging_mixin.py:190} INFO - [2025-04-10T16:03:54.265+0000] {dag.py:4180} INFO - Setting next_dagrun for example_subdag_operator.section-2 to None, run_after=None
[2025-04-10T16:03:54.277+0000] {processor.py:208} INFO - Processing /home/airflow/.local/lib/python3.12/site-packages/airflow/example_dags/example_subdag_operator.py took 0.123 seconds
[2025-04-10T16:04:24.995+0000] {processor.py:186} INFO - Started process (PID=334) to work on /home/airflow/.local/lib/python3.12/site-packages/airflow/example_dags/example_subdag_operator.py
[2025-04-10T16:04:24.996+0000] {processor.py:914} INFO - Processing file /home/airflow/.local/lib/python3.12/site-packages/airflow/example_dags/example_subdag_operator.py for tasks to queue
[2025-04-10T16:04:24.999+0000] {logging_mixin.py:190} INFO - [2025-04-10T16:04:24.998+0000] {dagbag.py:588} INFO - Filling up the DagBag from /home/airflow/.local/lib/python3.12/site-packages/airflow/example_dags/example_subdag_operator.py
[2025-04-10T16:04:25.022+0000] {processor.py:925} INFO - DAG(s) 'example_subdag_operator.section-1', 'example_subdag_operator.section-2', 'example_subdag_operator' retrieved from /home/airflow/.local/lib/python3.12/site-packages/airflow/example_dags/example_subdag_operator.py
[2025-04-10T16:04:25.036+0000] {logging_mixin.py:190} INFO - [2025-04-10T16:04:25.036+0000] {dag.py:3239} INFO - Sync 3 DAGs
[2025-04-10T16:04:25.060+0000] {logging_mixin.py:190} INFO - [2025-04-10T16:04:25.060+0000] {dag.py:4180} INFO - Setting next_dagrun for example_subdag_operator to 2022-01-01 00:00:00+00:00, run_after=2022-01-01 00:00:00+00:00
[2025-04-10T16:04:25.064+0000] {logging_mixin.py:190} INFO - [2025-04-10T16:04:25.064+0000] {dag.py:4180} INFO - Setting next_dagrun for example_subdag_operator.section-1 to None, run_after=None
[2025-04-10T16:04:25.066+0000] {logging_mixin.py:190} INFO - [2025-04-10T16:04:25.065+0000] {dag.py:4180} INFO - Setting next_dagrun for example_subdag_operator.section-2 to None, run_after=None
[2025-04-10T16:04:25.072+0000] {logging_mixin.py:190} INFO - [2025-04-10T16:04:25.072+0000] {dag.py:3239} INFO - Sync 2 DAGs
[2025-04-10T16:04:25.077+0000] {logging_mixin.py:190} INFO - [2025-04-10T16:04:25.077+0000] {dag.py:4180} INFO - Setting next_dagrun for example_subdag_operator.section-1 to None, run_after=None
[2025-04-10T16:04:25.078+0000] {logging_mixin.py:190} INFO - [2025-04-10T16:04:25.078+0000] {dag.py:4180} INFO - Setting next_dagrun for example_subdag_operator.section-2 to None, run_after=None
[2025-04-10T16:04:25.088+0000] {processor.py:208} INFO - Processing /home/airflow/.local/lib/python3.12/site-packages/airflow/example_dags/example_subdag_operator.py took 0.099 seconds
[2025-04-10T16:04:55.736+0000] {processor.py:186} INFO - Started process (PID=397) to work on /home/airflow/.local/lib/python3.12/site-packages/airflow/example_dags/example_subdag_operator.py
[2025-04-10T16:04:55.738+0000] {processor.py:914} INFO - Processing file /home/airflow/.local/lib/python3.12/site-packages/airflow/example_dags/example_subdag_operator.py for tasks to queue
[2025-04-10T16:04:55.740+0000] {logging_mixin.py:190} INFO - [2025-04-10T16:04:55.740+0000] {dagbag.py:588} INFO - Filling up the DagBag from /home/airflow/.local/lib/python3.12/site-packages/airflow/example_dags/example_subdag_operator.py
[2025-04-10T16:04:55.763+0000] {processor.py:925} INFO - DAG(s) 'example_subdag_operator.section-1', 'example_subdag_operator.section-2', 'example_subdag_operator' retrieved from /home/airflow/.local/lib/python3.12/site-packages/airflow/example_dags/example_subdag_operator.py
[2025-04-10T16:04:55.777+0000] {logging_mixin.py:190} INFO - [2025-04-10T16:04:55.777+0000] {dag.py:3239} INFO - Sync 3 DAGs
[2025-04-10T16:04:55.799+0000] {logging_mixin.py:190} INFO - [2025-04-10T16:04:55.799+0000] {dag.py:4180} INFO - Setting next_dagrun for example_subdag_operator to 2022-01-01 00:00:00+00:00, run_after=2022-01-01 00:00:00+00:00
[2025-04-10T16:04:55.803+0000] {logging_mixin.py:190} INFO - [2025-04-10T16:04:55.802+0000] {dag.py:4180} INFO - Setting next_dagrun for example_subdag_operator.section-1 to None, run_after=None
[2025-04-10T16:04:55.804+0000] {logging_mixin.py:190} INFO - [2025-04-10T16:04:55.804+0000] {dag.py:4180} INFO - Setting next_dagrun for example_subdag_operator.section-2 to None, run_after=None
[2025-04-10T16:04:55.810+0000] {logging_mixin.py:190} INFO - [2025-04-10T16:04:55.810+0000] {dag.py:3239} INFO - Sync 2 DAGs
[2025-04-10T16:04:55.815+0000] {logging_mixin.py:190} INFO - [2025-04-10T16:04:55.815+0000] {dag.py:4180} INFO - Setting next_dagrun for example_subdag_operator.section-1 to None, run_after=None
[2025-04-10T16:04:55.816+0000] {logging_mixin.py:190} INFO - [2025-04-10T16:04:55.816+0000] {dag.py:4180} INFO - Setting next_dagrun for example_subdag_operator.section-2 to None, run_after=None
[2025-04-10T16:04:55.826+0000] {processor.py:208} INFO - Processing /home/airflow/.local/lib/python3.12/site-packages/airflow/example_dags/example_subdag_operator.py took 0.095 seconds
[2025-04-10T16:05:26.327+0000] {processor.py:186} INFO - Started process (PID=460) to work on /home/airflow/.local/lib/python3.12/site-packages/airflow/example_dags/example_subdag_operator.py
[2025-04-10T16:05:26.328+0000] {processor.py:914} INFO - Processing file /home/airflow/.local/lib/python3.12/site-packages/airflow/example_dags/example_subdag_operator.py for tasks to queue
[2025-04-10T16:05:26.330+0000] {logging_mixin.py:190} INFO - [2025-04-10T16:05:26.330+0000] {dagbag.py:588} INFO - Filling up the DagBag from /home/airflow/.local/lib/python3.12/site-packages/airflow/example_dags/example_subdag_operator.py
[2025-04-10T16:05:26.355+0000] {processor.py:925} INFO - DAG(s) 'example_subdag_operator.section-1', 'example_subdag_operator.section-2', 'example_subdag_operator' retrieved from /home/airflow/.local/lib/python3.12/site-packages/airflow/example_dags/example_subdag_operator.py
[2025-04-10T16:05:26.373+0000] {logging_mixin.py:190} INFO - [2025-04-10T16:05:26.373+0000] {dag.py:3239} INFO - Sync 3 DAGs
[2025-04-10T16:05:26.396+0000] {logging_mixin.py:190} INFO - [2025-04-10T16:05:26.396+0000] {dag.py:4180} INFO - Setting next_dagrun for example_subdag_operator to 2022-01-01 00:00:00+00:00, run_after=2022-01-01 00:00:00+00:00
[2025-04-10T16:05:26.400+0000] {logging_mixin.py:190} INFO - [2025-04-10T16:05:26.400+0000] {dag.py:4180} INFO - Setting next_dagrun for example_subdag_operator.section-1 to None, run_after=None
[2025-04-10T16:05:26.402+0000] {logging_mixin.py:190} INFO - [2025-04-10T16:05:26.401+0000] {dag.py:4180} INFO - Setting next_dagrun for example_subdag_operator.section-2 to None, run_after=None
[2025-04-10T16:05:26.408+0000] {logging_mixin.py:190} INFO - [2025-04-10T16:05:26.408+0000] {dag.py:3239} INFO - Sync 2 DAGs
[2025-04-10T16:05:26.413+0000] {logging_mixin.py:190} INFO - [2025-04-10T16:05:26.413+0000] {dag.py:4180} INFO - Setting next_dagrun for example_subdag_operator.section-1 to None, run_after=None
[2025-04-10T16:05:26.414+0000] {logging_mixin.py:190} INFO - [2025-04-10T16:05:26.414+0000] {dag.py:4180} INFO - Setting next_dagrun for example_subdag_operator.section-2 to None, run_after=None
[2025-04-10T16:05:26.425+0000] {processor.py:208} INFO - Processing /home/airflow/.local/lib/python3.12/site-packages/airflow/example_dags/example_subdag_operator.py took 0.105 seconds
[2025-04-10T16:05:56.533+0000] {processor.py:186} INFO - Started process (PID=523) to work on /home/airflow/.local/lib/python3.12/site-packages/airflow/example_dags/example_subdag_operator.py
[2025-04-10T16:05:56.534+0000] {processor.py:914} INFO - Processing file /home/airflow/.local/lib/python3.12/site-packages/airflow/example_dags/example_subdag_operator.py for tasks to queue
[2025-04-10T16:05:56.536+0000] {logging_mixin.py:190} INFO - [2025-04-10T16:05:56.536+0000] {dagbag.py:588} INFO - Filling up the DagBag from /home/airflow/.local/lib/python3.12/site-packages/airflow/example_dags/example_subdag_operator.py
[2025-04-10T16:05:56.568+0000] {processor.py:925} INFO - DAG(s) 'example_subdag_operator.section-1', 'example_subdag_operator.section-2', 'example_subdag_operator' retrieved from /home/airflow/.local/lib/python3.12/site-packages/airflow/example_dags/example_subdag_operator.py
[2025-04-10T16:05:56.588+0000] {logging_mixin.py:190} INFO - [2025-04-10T16:05:56.588+0000] {dag.py:3239} INFO - Sync 3 DAGs
[2025-04-10T16:05:56.615+0000] {logging_mixin.py:190} INFO - [2025-04-10T16:05:56.615+0000] {dag.py:4180} INFO - Setting next_dagrun for example_subdag_operator to 2022-01-01 00:00:00+00:00, run_after=2022-01-01 00:00:00+00:00
[2025-04-10T16:05:56.620+0000] {logging_mixin.py:190} INFO - [2025-04-10T16:05:56.619+0000] {dag.py:4180} INFO - Setting next_dagrun for example_subdag_operator.section-1 to None, run_after=None
[2025-04-10T16:05:56.621+0000] {logging_mixin.py:190} INFO - [2025-04-10T16:05:56.621+0000] {dag.py:4180} INFO - Setting next_dagrun for example_subdag_operator.section-2 to None, run_after=None
[2025-04-10T16:05:56.631+0000] {logging_mixin.py:190} INFO - [2025-04-10T16:05:56.631+0000] {dag.py:3239} INFO - Sync 2 DAGs
[2025-04-10T16:05:56.637+0000] {logging_mixin.py:190} INFO - [2025-04-10T16:05:56.637+0000] {dag.py:4180} INFO - Setting next_dagrun for example_subdag_operator.section-1 to None, run_after=None
[2025-04-10T16:05:56.638+0000] {logging_mixin.py:190} INFO - [2025-04-10T16:05:56.637+0000] {dag.py:4180} INFO - Setting next_dagrun for example_subdag_operator.section-2 to None, run_after=None
[2025-04-10T16:05:56.649+0000] {processor.py:208} INFO - Processing /home/airflow/.local/lib/python3.12/site-packages/airflow/example_dags/example_subdag_operator.py took 0.124 seconds
[2025-04-10T16:06:27.510+0000] {processor.py:186} INFO - Started process (PID=586) to work on /home/airflow/.local/lib/python3.12/site-packages/airflow/example_dags/example_subdag_operator.py
[2025-04-10T16:06:27.511+0000] {processor.py:914} INFO - Processing file /home/airflow/.local/lib/python3.12/site-packages/airflow/example_dags/example_subdag_operator.py for tasks to queue
[2025-04-10T16:06:27.513+0000] {logging_mixin.py:190} INFO - [2025-04-10T16:06:27.513+0000] {dagbag.py:588} INFO - Filling up the DagBag from /home/airflow/.local/lib/python3.12/site-packages/airflow/example_dags/example_subdag_operator.py
[2025-04-10T16:06:27.537+0000] {processor.py:925} INFO - DAG(s) 'example_subdag_operator.section-1', 'example_subdag_operator.section-2', 'example_subdag_operator' retrieved from /home/airflow/.local/lib/python3.12/site-packages/airflow/example_dags/example_subdag_operator.py
[2025-04-10T16:06:27.551+0000] {logging_mixin.py:190} INFO - [2025-04-10T16:06:27.551+0000] {dag.py:3239} INFO - Sync 3 DAGs
[2025-04-10T16:06:27.573+0000] {logging_mixin.py:190} INFO - [2025-04-10T16:06:27.573+0000] {dag.py:4180} INFO - Setting next_dagrun for example_subdag_operator to 2022-01-01 00:00:00+00:00, run_after=2022-01-01 00:00:00+00:00
[2025-04-10T16:06:27.576+0000] {logging_mixin.py:190} INFO - [2025-04-10T16:06:27.576+0000] {dag.py:4180} INFO - Setting next_dagrun for example_subdag_operator.section-1 to None, run_after=None
[2025-04-10T16:06:27.578+0000] {logging_mixin.py:190} INFO - [2025-04-10T16:06:27.577+0000] {dag.py:4180} INFO - Setting next_dagrun for example_subdag_operator.section-2 to None, run_after=None
[2025-04-10T16:06:27.584+0000] {logging_mixin.py:190} INFO - [2025-04-10T16:06:27.584+0000] {dag.py:3239} INFO - Sync 2 DAGs
[2025-04-10T16:06:27.589+0000] {logging_mixin.py:190} INFO - [2025-04-10T16:06:27.588+0000] {dag.py:4180} INFO - Setting next_dagrun for example_subdag_operator.section-1 to None, run_after=None
[2025-04-10T16:06:27.589+0000] {logging_mixin.py:190} INFO - [2025-04-10T16:06:27.589+0000] {dag.py:4180} INFO - Setting next_dagrun for example_subdag_operator.section-2 to None, run_after=None
[2025-04-10T16:06:27.600+0000] {processor.py:208} INFO - Processing /home/airflow/.local/lib/python3.12/site-packages/airflow/example_dags/example_subdag_operator.py took 0.096 seconds
[2025-04-10T16:06:57.657+0000] {processor.py:186} INFO - Started process (PID=648) to work on /home/airflow/.local/lib/python3.12/site-packages/airflow/example_dags/example_subdag_operator.py
[2025-04-10T16:06:57.657+0000] {processor.py:914} INFO - Processing file /home/airflow/.local/lib/python3.12/site-packages/airflow/example_dags/example_subdag_operator.py for tasks to queue
[2025-04-10T16:06:57.660+0000] {logging_mixin.py:190} INFO - [2025-04-10T16:06:57.660+0000] {dagbag.py:588} INFO - Filling up the DagBag from /home/airflow/.local/lib/python3.12/site-packages/airflow/example_dags/example_subdag_operator.py
[2025-04-10T16:06:57.686+0000] {processor.py:925} INFO - DAG(s) 'example_subdag_operator.section-1', 'example_subdag_operator.section-2', 'example_subdag_operator' retrieved from /home/airflow/.local/lib/python3.12/site-packages/airflow/example_dags/example_subdag_operator.py
[2025-04-10T16:06:57.702+0000] {logging_mixin.py:190} INFO - [2025-04-10T16:06:57.702+0000] {dag.py:3239} INFO - Sync 3 DAGs
[2025-04-10T16:06:57.725+0000] {logging_mixin.py:190} INFO - [2025-04-10T16:06:57.725+0000] {dag.py:4180} INFO - Setting next_dagrun for example_subdag_operator to 2022-01-01 00:00:00+00:00, run_after=2022-01-01 00:00:00+00:00
[2025-04-10T16:06:57.729+0000] {logging_mixin.py:190} INFO - [2025-04-10T16:06:57.729+0000] {dag.py:4180} INFO - Setting next_dagrun for example_subdag_operator.section-1 to None, run_after=None
[2025-04-10T16:06:57.731+0000] {logging_mixin.py:190} INFO - [2025-04-10T16:06:57.730+0000] {dag.py:4180} INFO - Setting next_dagrun for example_subdag_operator.section-2 to None, run_after=None
[2025-04-10T16:06:57.738+0000] {logging_mixin.py:190} INFO - [2025-04-10T16:06:57.737+0000] {dag.py:3239} INFO - Sync 2 DAGs
[2025-04-10T16:06:57.742+0000] {logging_mixin.py:190} INFO - [2025-04-10T16:06:57.742+0000] {dag.py:4180} INFO - Setting next_dagrun for example_subdag_operator.section-1 to None, run_after=None
[2025-04-10T16:06:57.743+0000] {logging_mixin.py:190} INFO - [2025-04-10T16:06:57.743+0000] {dag.py:4180} INFO - Setting next_dagrun for example_subdag_operator.section-2 to None, run_after=None
[2025-04-10T16:06:57.753+0000] {processor.py:208} INFO - Processing /home/airflow/.local/lib/python3.12/site-packages/airflow/example_dags/example_subdag_operator.py took 0.102 seconds
[2025-04-10T16:07:28.648+0000] {processor.py:186} INFO - Started process (PID=712) to work on /home/airflow/.local/lib/python3.12/site-packages/airflow/example_dags/example_subdag_operator.py
[2025-04-10T16:07:28.649+0000] {processor.py:914} INFO - Processing file /home/airflow/.local/lib/python3.12/site-packages/airflow/example_dags/example_subdag_operator.py for tasks to queue
[2025-04-10T16:07:28.651+0000] {logging_mixin.py:190} INFO - [2025-04-10T16:07:28.651+0000] {dagbag.py:588} INFO - Filling up the DagBag from /home/airflow/.local/lib/python3.12/site-packages/airflow/example_dags/example_subdag_operator.py
[2025-04-10T16:07:28.676+0000] {processor.py:925} INFO - DAG(s) 'example_subdag_operator.section-1', 'example_subdag_operator.section-2', 'example_subdag_operator' retrieved from /home/airflow/.local/lib/python3.12/site-packages/airflow/example_dags/example_subdag_operator.py
[2025-04-10T16:07:28.695+0000] {logging_mixin.py:190} INFO - [2025-04-10T16:07:28.695+0000] {dag.py:3239} INFO - Sync 3 DAGs
[2025-04-10T16:07:28.720+0000] {logging_mixin.py:190} INFO - [2025-04-10T16:07:28.720+0000] {dag.py:4180} INFO - Setting next_dagrun for example_subdag_operator to 2022-01-01 00:00:00+00:00, run_after=2022-01-01 00:00:00+00:00
[2025-04-10T16:07:28.725+0000] {logging_mixin.py:190} INFO - [2025-04-10T16:07:28.724+0000] {dag.py:4180} INFO - Setting next_dagrun for example_subdag_operator.section-1 to None, run_after=None
[2025-04-10T16:07:28.727+0000] {logging_mixin.py:190} INFO - [2025-04-10T16:07:28.726+0000] {dag.py:4180} INFO - Setting next_dagrun for example_subdag_operator.section-2 to None, run_after=None
[2025-04-10T16:07:28.736+0000] {logging_mixin.py:190} INFO - [2025-04-10T16:07:28.735+0000] {dag.py:3239} INFO - Sync 2 DAGs
[2025-04-10T16:07:28.742+0000] {logging_mixin.py:190} INFO - [2025-04-10T16:07:28.741+0000] {dag.py:4180} INFO - Setting next_dagrun for example_subdag_operator.section-1 to None, run_after=None
[2025-04-10T16:07:28.742+0000] {logging_mixin.py:190} INFO - [2025-04-10T16:07:28.742+0000] {dag.py:4180} INFO - Setting next_dagrun for example_subdag_operator.section-2 to None, run_after=None
[2025-04-10T16:07:28.753+0000] {processor.py:208} INFO - Processing /home/airflow/.local/lib/python3.12/site-packages/airflow/example_dags/example_subdag_operator.py took 0.111 seconds
[2025-04-10T16:07:59.501+0000] {processor.py:186} INFO - Started process (PID=775) to work on /home/airflow/.local/lib/python3.12/site-packages/airflow/example_dags/example_subdag_operator.py
[2025-04-10T16:07:59.502+0000] {processor.py:914} INFO - Processing file /home/airflow/.local/lib/python3.12/site-packages/airflow/example_dags/example_subdag_operator.py for tasks to queue
[2025-04-10T16:07:59.504+0000] {logging_mixin.py:190} INFO - [2025-04-10T16:07:59.504+0000] {dagbag.py:588} INFO - Filling up the DagBag from /home/airflow/.local/lib/python3.12/site-packages/airflow/example_dags/example_subdag_operator.py
[2025-04-10T16:07:59.529+0000] {processor.py:925} INFO - DAG(s) 'example_subdag_operator.section-1', 'example_subdag_operator.section-2', 'example_subdag_operator' retrieved from /home/airflow/.local/lib/python3.12/site-packages/airflow/example_dags/example_subdag_operator.py
[2025-04-10T16:07:59.544+0000] {logging_mixin.py:190} INFO - [2025-04-10T16:07:59.544+0000] {dag.py:3239} INFO - Sync 3 DAGs
[2025-04-10T16:07:59.570+0000] {logging_mixin.py:190} INFO - [2025-04-10T16:07:59.570+0000] {dag.py:4180} INFO - Setting next_dagrun for example_subdag_operator to 2022-01-01 00:00:00+00:00, run_after=2022-01-01 00:00:00+00:00
[2025-04-10T16:07:59.575+0000] {logging_mixin.py:190} INFO - [2025-04-10T16:07:59.574+0000] {dag.py:4180} INFO - Setting next_dagrun for example_subdag_operator.section-1 to None, run_after=None
[2025-04-10T16:07:59.576+0000] {logging_mixin.py:190} INFO - [2025-04-10T16:07:59.576+0000] {dag.py:4180} INFO - Setting next_dagrun for example_subdag_operator.section-2 to None, run_after=None
[2025-04-10T16:07:59.584+0000] {logging_mixin.py:190} INFO - [2025-04-10T16:07:59.583+0000] {dag.py:3239} INFO - Sync 2 DAGs
[2025-04-10T16:07:59.591+0000] {logging_mixin.py:190} INFO - [2025-04-10T16:07:59.591+0000] {dag.py:4180} INFO - Setting next_dagrun for example_subdag_operator.section-1 to None, run_after=None
[2025-04-10T16:07:59.592+0000] {logging_mixin.py:190} INFO - [2025-04-10T16:07:59.592+0000] {dag.py:4180} INFO - Setting next_dagrun for example_subdag_operator.section-2 to None, run_after=None
[2025-04-10T16:07:59.602+0000] {processor.py:208} INFO - Processing /home/airflow/.local/lib/python3.12/site-packages/airflow/example_dags/example_subdag_operator.py took 0.107 seconds
[2025-04-10T16:08:29.962+0000] {processor.py:186} INFO - Started process (PID=838) to work on /home/airflow/.local/lib/python3.12/site-packages/airflow/example_dags/example_subdag_operator.py
[2025-04-10T16:08:29.963+0000] {processor.py:914} INFO - Processing file /home/airflow/.local/lib/python3.12/site-packages/airflow/example_dags/example_subdag_operator.py for tasks to queue
[2025-04-10T16:08:29.965+0000] {logging_mixin.py:190} INFO - [2025-04-10T16:08:29.965+0000] {dagbag.py:588} INFO - Filling up the DagBag from /home/airflow/.local/lib/python3.12/site-packages/airflow/example_dags/example_subdag_operator.py
[2025-04-10T16:08:29.988+0000] {processor.py:925} INFO - DAG(s) 'example_subdag_operator.section-1', 'example_subdag_operator.section-2', 'example_subdag_operator' retrieved from /home/airflow/.local/lib/python3.12/site-packages/airflow/example_dags/example_subdag_operator.py
[2025-04-10T16:08:30.005+0000] {logging_mixin.py:190} INFO - [2025-04-10T16:08:30.005+0000] {dag.py:3239} INFO - Sync 3 DAGs
[2025-04-10T16:08:30.027+0000] {logging_mixin.py:190} INFO - [2025-04-10T16:08:30.027+0000] {dag.py:4180} INFO - Setting next_dagrun for example_subdag_operator to 2022-01-01 00:00:00+00:00, run_after=2022-01-01 00:00:00+00:00
[2025-04-10T16:08:30.031+0000] {logging_mixin.py:190} INFO - [2025-04-10T16:08:30.030+0000] {dag.py:4180} INFO - Setting next_dagrun for example_subdag_operator.section-1 to None, run_after=None
[2025-04-10T16:08:30.032+0000] {logging_mixin.py:190} INFO - [2025-04-10T16:08:30.032+0000] {dag.py:4180} INFO - Setting next_dagrun for example_subdag_operator.section-2 to None, run_after=None
[2025-04-10T16:08:30.038+0000] {logging_mixin.py:190} INFO - [2025-04-10T16:08:30.038+0000] {dag.py:3239} INFO - Sync 2 DAGs
[2025-04-10T16:08:30.044+0000] {logging_mixin.py:190} INFO - [2025-04-10T16:08:30.043+0000] {dag.py:4180} INFO - Setting next_dagrun for example_subdag_operator.section-1 to None, run_after=None
[2025-04-10T16:08:30.045+0000] {logging_mixin.py:190} INFO - [2025-04-10T16:08:30.045+0000] {dag.py:4180} INFO - Setting next_dagrun for example_subdag_operator.section-2 to None, run_after=None
[2025-04-10T16:08:30.055+0000] {processor.py:208} INFO - Processing /home/airflow/.local/lib/python3.12/site-packages/airflow/example_dags/example_subdag_operator.py took 0.099 seconds
[2025-04-10T16:09:00.816+0000] {processor.py:186} INFO - Started process (PID=901) to work on /home/airflow/.local/lib/python3.12/site-packages/airflow/example_dags/example_subdag_operator.py
[2025-04-10T16:09:00.817+0000] {processor.py:914} INFO - Processing file /home/airflow/.local/lib/python3.12/site-packages/airflow/example_dags/example_subdag_operator.py for tasks to queue
[2025-04-10T16:09:00.819+0000] {logging_mixin.py:190} INFO - [2025-04-10T16:09:00.819+0000] {dagbag.py:588} INFO - Filling up the DagBag from /home/airflow/.local/lib/python3.12/site-packages/airflow/example_dags/example_subdag_operator.py
[2025-04-10T16:09:00.844+0000] {processor.py:925} INFO - DAG(s) 'example_subdag_operator.section-1', 'example_subdag_operator.section-2', 'example_subdag_operator' retrieved from /home/airflow/.local/lib/python3.12/site-packages/airflow/example_dags/example_subdag_operator.py
[2025-04-10T16:09:00.858+0000] {logging_mixin.py:190} INFO - [2025-04-10T16:09:00.858+0000] {dag.py:3239} INFO - Sync 3 DAGs
[2025-04-10T16:09:00.885+0000] {logging_mixin.py:190} INFO - [2025-04-10T16:09:00.885+0000] {dag.py:4180} INFO - Setting next_dagrun for example_subdag_operator to 2022-01-01 00:00:00+00:00, run_after=2022-01-01 00:00:00+00:00
[2025-04-10T16:09:00.889+0000] {logging_mixin.py:190} INFO - [2025-04-10T16:09:00.888+0000] {dag.py:4180} INFO - Setting next_dagrun for example_subdag_operator.section-1 to None, run_after=None
[2025-04-10T16:09:00.890+0000] {logging_mixin.py:190} INFO - [2025-04-10T16:09:00.890+0000] {dag.py:4180} INFO - Setting next_dagrun for example_subdag_operator.section-2 to None, run_after=None
[2025-04-10T16:09:00.898+0000] {logging_mixin.py:190} INFO - [2025-04-10T16:09:00.898+0000] {dag.py:3239} INFO - Sync 2 DAGs
[2025-04-10T16:09:00.903+0000] {logging_mixin.py:190} INFO - [2025-04-10T16:09:00.903+0000] {dag.py:4180} INFO - Setting next_dagrun for example_subdag_operator.section-1 to None, run_after=None
[2025-04-10T16:09:00.904+0000] {logging_mixin.py:190} INFO - [2025-04-10T16:09:00.904+0000] {dag.py:4180} INFO - Setting next_dagrun for example_subdag_operator.section-2 to None, run_after=None
[2025-04-10T16:09:00.914+0000] {processor.py:208} INFO - Processing /home/airflow/.local/lib/python3.12/site-packages/airflow/example_dags/example_subdag_operator.py took 0.103 seconds
