[2025-04-10T16:02:28.625+0000] {processor.py:186} INFO - Started process (PID=111) to work on /home/airflow/.local/lib/python3.12/site-packages/airflow/example_dags/example_dataset_alias.py
[2025-04-10T16:02:28.626+0000] {processor.py:914} INFO - Processing file /home/airflow/.local/lib/python3.12/site-packages/airflow/example_dags/example_dataset_alias.py for tasks to queue
[2025-04-10T16:02:28.629+0000] {logging_mixin.py:190} INFO - [2025-04-10T16:02:28.628+0000] {dagbag.py:588} INFO - Filling up the DagBag from /home/airflow/.local/lib/python3.12/site-packages/airflow/example_dags/example_dataset_alias.py
[2025-04-10T16:02:29.241+0000] {processor.py:925} INFO - DAG(s) 'dataset_s3_bucket_consumer', 'dataset_s3_bucket_producer', 'dataset_alias_example_alias_consumer', 'dataset_alias_example_alias_producer' retrieved from /home/airflow/.local/lib/python3.12/site-packages/airflow/example_dags/example_dataset_alias.py
[2025-04-10T16:02:29.336+0000] {logging_mixin.py:190} INFO - [2025-04-10T16:02:29.336+0000] {override.py:1912} INFO - Created Permission View: can read on DAG:dataset_s3_bucket_consumer
[2025-04-10T16:02:29.346+0000] {logging_mixin.py:190} INFO - [2025-04-10T16:02:29.346+0000] {override.py:1912} INFO - Created Permission View: can delete on DAG:dataset_s3_bucket_consumer
[2025-04-10T16:02:29.353+0000] {logging_mixin.py:190} INFO - [2025-04-10T16:02:29.353+0000] {override.py:1912} INFO - Created Permission View: can edit on DAG:dataset_s3_bucket_consumer
[2025-04-10T16:02:29.360+0000] {logging_mixin.py:190} INFO - [2025-04-10T16:02:29.360+0000] {override.py:1912} INFO - Created Permission View: menu access on DAG Run:dataset_s3_bucket_consumer
[2025-04-10T16:02:29.367+0000] {logging_mixin.py:190} INFO - [2025-04-10T16:02:29.367+0000] {override.py:1912} INFO - Created Permission View: can read on DAG Run:dataset_s3_bucket_consumer
[2025-04-10T16:02:29.374+0000] {logging_mixin.py:190} INFO - [2025-04-10T16:02:29.374+0000] {override.py:1912} INFO - Created Permission View: can create on DAG Run:dataset_s3_bucket_consumer
[2025-04-10T16:02:29.381+0000] {logging_mixin.py:190} INFO - [2025-04-10T16:02:29.381+0000] {override.py:1912} INFO - Created Permission View: can delete on DAG Run:dataset_s3_bucket_consumer
[2025-04-10T16:02:29.395+0000] {logging_mixin.py:190} INFO - [2025-04-10T16:02:29.395+0000] {override.py:1912} INFO - Created Permission View: can read on DAG:dataset_s3_bucket_producer
[2025-04-10T16:02:29.402+0000] {logging_mixin.py:190} INFO - [2025-04-10T16:02:29.401+0000] {override.py:1912} INFO - Created Permission View: can delete on DAG:dataset_s3_bucket_producer
[2025-04-10T16:02:29.408+0000] {logging_mixin.py:190} INFO - [2025-04-10T16:02:29.408+0000] {override.py:1912} INFO - Created Permission View: can edit on DAG:dataset_s3_bucket_producer
[2025-04-10T16:02:29.416+0000] {logging_mixin.py:190} INFO - [2025-04-10T16:02:29.416+0000] {override.py:1912} INFO - Created Permission View: menu access on DAG Run:dataset_s3_bucket_producer
[2025-04-10T16:02:29.422+0000] {logging_mixin.py:190} INFO - [2025-04-10T16:02:29.422+0000] {override.py:1912} INFO - Created Permission View: can read on DAG Run:dataset_s3_bucket_producer
[2025-04-10T16:02:29.428+0000] {logging_mixin.py:190} INFO - [2025-04-10T16:02:29.427+0000] {override.py:1912} INFO - Created Permission View: can create on DAG Run:dataset_s3_bucket_producer
[2025-04-10T16:02:29.434+0000] {logging_mixin.py:190} INFO - [2025-04-10T16:02:29.433+0000] {override.py:1912} INFO - Created Permission View: can delete on DAG Run:dataset_s3_bucket_producer
[2025-04-10T16:02:29.446+0000] {logging_mixin.py:190} INFO - [2025-04-10T16:02:29.446+0000] {override.py:1912} INFO - Created Permission View: can read on DAG:dataset_alias_example_alias_consumer
[2025-04-10T16:02:29.452+0000] {logging_mixin.py:190} INFO - [2025-04-10T16:02:29.452+0000] {override.py:1912} INFO - Created Permission View: can delete on DAG:dataset_alias_example_alias_consumer
[2025-04-10T16:02:29.459+0000] {logging_mixin.py:190} INFO - [2025-04-10T16:02:29.458+0000] {override.py:1912} INFO - Created Permission View: can edit on DAG:dataset_alias_example_alias_consumer
[2025-04-10T16:02:29.466+0000] {logging_mixin.py:190} INFO - [2025-04-10T16:02:29.466+0000] {override.py:1912} INFO - Created Permission View: menu access on DAG Run:dataset_alias_example_alias_consumer
[2025-04-10T16:02:29.473+0000] {logging_mixin.py:190} INFO - [2025-04-10T16:02:29.472+0000] {override.py:1912} INFO - Created Permission View: can read on DAG Run:dataset_alias_example_alias_consumer
[2025-04-10T16:02:29.479+0000] {logging_mixin.py:190} INFO - [2025-04-10T16:02:29.479+0000] {override.py:1912} INFO - Created Permission View: can create on DAG Run:dataset_alias_example_alias_consumer
[2025-04-10T16:02:29.486+0000] {logging_mixin.py:190} INFO - [2025-04-10T16:02:29.486+0000] {override.py:1912} INFO - Created Permission View: can delete on DAG Run:dataset_alias_example_alias_consumer
[2025-04-10T16:02:29.500+0000] {logging_mixin.py:190} INFO - [2025-04-10T16:02:29.499+0000] {override.py:1912} INFO - Created Permission View: can read on DAG:dataset_alias_example_alias_producer
[2025-04-10T16:02:29.506+0000] {logging_mixin.py:190} INFO - [2025-04-10T16:02:29.506+0000] {override.py:1912} INFO - Created Permission View: can delete on DAG:dataset_alias_example_alias_producer
[2025-04-10T16:02:29.513+0000] {logging_mixin.py:190} INFO - [2025-04-10T16:02:29.512+0000] {override.py:1912} INFO - Created Permission View: can edit on DAG:dataset_alias_example_alias_producer
[2025-04-10T16:02:29.520+0000] {logging_mixin.py:190} INFO - [2025-04-10T16:02:29.519+0000] {override.py:1912} INFO - Created Permission View: menu access on DAG Run:dataset_alias_example_alias_producer
[2025-04-10T16:02:29.526+0000] {logging_mixin.py:190} INFO - [2025-04-10T16:02:29.525+0000] {override.py:1912} INFO - Created Permission View: can read on DAG Run:dataset_alias_example_alias_producer
[2025-04-10T16:02:29.532+0000] {logging_mixin.py:190} INFO - [2025-04-10T16:02:29.532+0000] {override.py:1912} INFO - Created Permission View: can create on DAG Run:dataset_alias_example_alias_producer
[2025-04-10T16:02:29.538+0000] {logging_mixin.py:190} INFO - [2025-04-10T16:02:29.538+0000] {override.py:1912} INFO - Created Permission View: can delete on DAG Run:dataset_alias_example_alias_producer
[2025-04-10T16:02:29.539+0000] {logging_mixin.py:190} INFO - [2025-04-10T16:02:29.539+0000] {dag.py:3239} INFO - Sync 4 DAGs
[2025-04-10T16:02:29.552+0000] {logging_mixin.py:190} INFO - [2025-04-10T16:02:29.551+0000] {dag.py:3262} INFO - Creating ORM DAG for dataset_s3_bucket_producer
[2025-04-10T16:02:29.553+0000] {logging_mixin.py:190} INFO - [2025-04-10T16:02:29.553+0000] {dag.py:3262} INFO - Creating ORM DAG for dataset_alias_example_alias_producer
[2025-04-10T16:02:29.553+0000] {logging_mixin.py:190} INFO - [2025-04-10T16:02:29.553+0000] {dag.py:3262} INFO - Creating ORM DAG for dataset_alias_example_alias_consumer
[2025-04-10T16:02:29.554+0000] {logging_mixin.py:190} INFO - [2025-04-10T16:02:29.554+0000] {dag.py:3262} INFO - Creating ORM DAG for dataset_s3_bucket_consumer
[2025-04-10T16:02:29.563+0000] {logging_mixin.py:190} INFO - [2025-04-10T16:02:29.563+0000] {dag.py:4180} INFO - Setting next_dagrun for dataset_alias_example_alias_consumer to None, run_after=None
[2025-04-10T16:02:29.564+0000] {logging_mixin.py:190} INFO - [2025-04-10T16:02:29.564+0000] {dag.py:4180} INFO - Setting next_dagrun for dataset_alias_example_alias_producer to None, run_after=None
[2025-04-10T16:02:29.565+0000] {logging_mixin.py:190} INFO - [2025-04-10T16:02:29.565+0000] {dag.py:4180} INFO - Setting next_dagrun for dataset_s3_bucket_consumer to None, run_after=None
[2025-04-10T16:02:29.565+0000] {logging_mixin.py:190} INFO - [2025-04-10T16:02:29.565+0000] {dag.py:4180} INFO - Setting next_dagrun for dataset_s3_bucket_producer to None, run_after=None
[2025-04-10T16:02:29.592+0000] {processor.py:208} INFO - Processing /home/airflow/.local/lib/python3.12/site-packages/airflow/example_dags/example_dataset_alias.py took 0.973 seconds
[2025-04-10T16:02:59.752+0000] {processor.py:186} INFO - Started process (PID=174) to work on /home/airflow/.local/lib/python3.12/site-packages/airflow/example_dags/example_dataset_alias.py
[2025-04-10T16:02:59.753+0000] {processor.py:914} INFO - Processing file /home/airflow/.local/lib/python3.12/site-packages/airflow/example_dags/example_dataset_alias.py for tasks to queue
[2025-04-10T16:02:59.755+0000] {logging_mixin.py:190} INFO - [2025-04-10T16:02:59.754+0000] {dagbag.py:588} INFO - Filling up the DagBag from /home/airflow/.local/lib/python3.12/site-packages/airflow/example_dags/example_dataset_alias.py
[2025-04-10T16:03:00.330+0000] {processor.py:925} INFO - DAG(s) 'dataset_alias_example_alias_producer', 'dataset_s3_bucket_consumer', 'dataset_alias_example_alias_consumer', 'dataset_s3_bucket_producer' retrieved from /home/airflow/.local/lib/python3.12/site-packages/airflow/example_dags/example_dataset_alias.py
[2025-04-10T16:03:00.350+0000] {logging_mixin.py:190} INFO - [2025-04-10T16:03:00.349+0000] {dag.py:3239} INFO - Sync 4 DAGs
[2025-04-10T16:03:00.373+0000] {logging_mixin.py:190} INFO - [2025-04-10T16:03:00.373+0000] {dag.py:4180} INFO - Setting next_dagrun for dataset_alias_example_alias_consumer to None, run_after=None
[2025-04-10T16:03:00.376+0000] {logging_mixin.py:190} INFO - [2025-04-10T16:03:00.375+0000] {dag.py:4180} INFO - Setting next_dagrun for dataset_alias_example_alias_producer to None, run_after=None
[2025-04-10T16:03:00.377+0000] {logging_mixin.py:190} INFO - [2025-04-10T16:03:00.377+0000] {dag.py:4180} INFO - Setting next_dagrun for dataset_s3_bucket_consumer to None, run_after=None
[2025-04-10T16:03:00.378+0000] {logging_mixin.py:190} INFO - [2025-04-10T16:03:00.378+0000] {dag.py:4180} INFO - Setting next_dagrun for dataset_s3_bucket_producer to None, run_after=None
[2025-04-10T16:03:00.398+0000] {processor.py:208} INFO - Processing /home/airflow/.local/lib/python3.12/site-packages/airflow/example_dags/example_dataset_alias.py took 0.653 seconds
[2025-04-10T16:03:30.886+0000] {processor.py:186} INFO - Started process (PID=237) to work on /home/airflow/.local/lib/python3.12/site-packages/airflow/example_dags/example_dataset_alias.py
[2025-04-10T16:03:30.887+0000] {processor.py:914} INFO - Processing file /home/airflow/.local/lib/python3.12/site-packages/airflow/example_dags/example_dataset_alias.py for tasks to queue
[2025-04-10T16:03:30.889+0000] {logging_mixin.py:190} INFO - [2025-04-10T16:03:30.889+0000] {dagbag.py:588} INFO - Filling up the DagBag from /home/airflow/.local/lib/python3.12/site-packages/airflow/example_dags/example_dataset_alias.py
[2025-04-10T16:03:31.440+0000] {processor.py:925} INFO - DAG(s) 'dataset_alias_example_alias_producer', 'dataset_alias_example_alias_consumer', 'dataset_s3_bucket_consumer', 'dataset_s3_bucket_producer' retrieved from /home/airflow/.local/lib/python3.12/site-packages/airflow/example_dags/example_dataset_alias.py
[2025-04-10T16:03:31.461+0000] {logging_mixin.py:190} INFO - [2025-04-10T16:03:31.460+0000] {dag.py:3239} INFO - Sync 4 DAGs
[2025-04-10T16:03:31.482+0000] {logging_mixin.py:190} INFO - [2025-04-10T16:03:31.482+0000] {dag.py:4180} INFO - Setting next_dagrun for dataset_alias_example_alias_consumer to None, run_after=None
[2025-04-10T16:03:31.485+0000] {logging_mixin.py:190} INFO - [2025-04-10T16:03:31.485+0000] {dag.py:4180} INFO - Setting next_dagrun for dataset_alias_example_alias_producer to None, run_after=None
[2025-04-10T16:03:31.487+0000] {logging_mixin.py:190} INFO - [2025-04-10T16:03:31.487+0000] {dag.py:4180} INFO - Setting next_dagrun for dataset_s3_bucket_consumer to None, run_after=None
[2025-04-10T16:03:31.489+0000] {logging_mixin.py:190} INFO - [2025-04-10T16:03:31.489+0000] {dag.py:4180} INFO - Setting next_dagrun for dataset_s3_bucket_producer to None, run_after=None
[2025-04-10T16:03:31.521+0000] {processor.py:208} INFO - Processing /home/airflow/.local/lib/python3.12/site-packages/airflow/example_dags/example_dataset_alias.py took 0.641 seconds
[2025-04-10T16:04:01.573+0000] {processor.py:186} INFO - Started process (PID=300) to work on /home/airflow/.local/lib/python3.12/site-packages/airflow/example_dags/example_dataset_alias.py
[2025-04-10T16:04:01.574+0000] {processor.py:914} INFO - Processing file /home/airflow/.local/lib/python3.12/site-packages/airflow/example_dags/example_dataset_alias.py for tasks to queue
[2025-04-10T16:04:01.577+0000] {logging_mixin.py:190} INFO - [2025-04-10T16:04:01.577+0000] {dagbag.py:588} INFO - Filling up the DagBag from /home/airflow/.local/lib/python3.12/site-packages/airflow/example_dags/example_dataset_alias.py
[2025-04-10T16:04:02.159+0000] {processor.py:925} INFO - DAG(s) 'dataset_s3_bucket_consumer', 'dataset_alias_example_alias_producer', 'dataset_s3_bucket_producer', 'dataset_alias_example_alias_consumer' retrieved from /home/airflow/.local/lib/python3.12/site-packages/airflow/example_dags/example_dataset_alias.py
[2025-04-10T16:04:02.184+0000] {logging_mixin.py:190} INFO - [2025-04-10T16:04:02.184+0000] {dag.py:3239} INFO - Sync 4 DAGs
[2025-04-10T16:04:02.209+0000] {logging_mixin.py:190} INFO - [2025-04-10T16:04:02.208+0000] {dag.py:4180} INFO - Setting next_dagrun for dataset_alias_example_alias_consumer to None, run_after=None
[2025-04-10T16:04:02.212+0000] {logging_mixin.py:190} INFO - [2025-04-10T16:04:02.212+0000] {dag.py:4180} INFO - Setting next_dagrun for dataset_alias_example_alias_producer to None, run_after=None
[2025-04-10T16:04:02.214+0000] {logging_mixin.py:190} INFO - [2025-04-10T16:04:02.213+0000] {dag.py:4180} INFO - Setting next_dagrun for dataset_s3_bucket_consumer to None, run_after=None
[2025-04-10T16:04:02.215+0000] {logging_mixin.py:190} INFO - [2025-04-10T16:04:02.215+0000] {dag.py:4180} INFO - Setting next_dagrun for dataset_s3_bucket_producer to None, run_after=None
[2025-04-10T16:04:02.238+0000] {processor.py:208} INFO - Processing /home/airflow/.local/lib/python3.12/site-packages/airflow/example_dags/example_dataset_alias.py took 0.670 seconds
[2025-04-10T16:04:32.392+0000] {processor.py:186} INFO - Started process (PID=363) to work on /home/airflow/.local/lib/python3.12/site-packages/airflow/example_dags/example_dataset_alias.py
[2025-04-10T16:04:32.393+0000] {processor.py:914} INFO - Processing file /home/airflow/.local/lib/python3.12/site-packages/airflow/example_dags/example_dataset_alias.py for tasks to queue
[2025-04-10T16:04:32.396+0000] {logging_mixin.py:190} INFO - [2025-04-10T16:04:32.395+0000] {dagbag.py:588} INFO - Filling up the DagBag from /home/airflow/.local/lib/python3.12/site-packages/airflow/example_dags/example_dataset_alias.py
[2025-04-10T16:04:32.970+0000] {processor.py:925} INFO - DAG(s) 'dataset_s3_bucket_consumer', 'dataset_s3_bucket_producer', 'dataset_alias_example_alias_producer', 'dataset_alias_example_alias_consumer' retrieved from /home/airflow/.local/lib/python3.12/site-packages/airflow/example_dags/example_dataset_alias.py
[2025-04-10T16:04:32.991+0000] {logging_mixin.py:190} INFO - [2025-04-10T16:04:32.990+0000] {dag.py:3239} INFO - Sync 4 DAGs
[2025-04-10T16:04:33.013+0000] {logging_mixin.py:190} INFO - [2025-04-10T16:04:33.013+0000] {dag.py:4180} INFO - Setting next_dagrun for dataset_alias_example_alias_consumer to None, run_after=None
[2025-04-10T16:04:33.017+0000] {logging_mixin.py:190} INFO - [2025-04-10T16:04:33.016+0000] {dag.py:4180} INFO - Setting next_dagrun for dataset_alias_example_alias_producer to None, run_after=None
[2025-04-10T16:04:33.019+0000] {logging_mixin.py:190} INFO - [2025-04-10T16:04:33.018+0000] {dag.py:4180} INFO - Setting next_dagrun for dataset_s3_bucket_consumer to None, run_after=None
[2025-04-10T16:04:33.020+0000] {logging_mixin.py:190} INFO - [2025-04-10T16:04:33.020+0000] {dag.py:4180} INFO - Setting next_dagrun for dataset_s3_bucket_producer to None, run_after=None
[2025-04-10T16:04:33.042+0000] {processor.py:208} INFO - Processing /home/airflow/.local/lib/python3.12/site-packages/airflow/example_dags/example_dataset_alias.py took 0.657 seconds
[2025-04-10T16:05:03.867+0000] {processor.py:186} INFO - Started process (PID=426) to work on /home/airflow/.local/lib/python3.12/site-packages/airflow/example_dags/example_dataset_alias.py
[2025-04-10T16:05:03.868+0000] {processor.py:914} INFO - Processing file /home/airflow/.local/lib/python3.12/site-packages/airflow/example_dags/example_dataset_alias.py for tasks to queue
[2025-04-10T16:05:03.871+0000] {logging_mixin.py:190} INFO - [2025-04-10T16:05:03.871+0000] {dagbag.py:588} INFO - Filling up the DagBag from /home/airflow/.local/lib/python3.12/site-packages/airflow/example_dags/example_dataset_alias.py
[2025-04-10T16:05:04.425+0000] {processor.py:925} INFO - DAG(s) 'dataset_alias_example_alias_producer', 'dataset_s3_bucket_consumer', 'dataset_alias_example_alias_consumer', 'dataset_s3_bucket_producer' retrieved from /home/airflow/.local/lib/python3.12/site-packages/airflow/example_dags/example_dataset_alias.py
[2025-04-10T16:05:04.445+0000] {logging_mixin.py:190} INFO - [2025-04-10T16:05:04.445+0000] {dag.py:3239} INFO - Sync 4 DAGs
[2025-04-10T16:05:04.466+0000] {logging_mixin.py:190} INFO - [2025-04-10T16:05:04.466+0000] {dag.py:4180} INFO - Setting next_dagrun for dataset_alias_example_alias_consumer to None, run_after=None
[2025-04-10T16:05:04.469+0000] {logging_mixin.py:190} INFO - [2025-04-10T16:05:04.469+0000] {dag.py:4180} INFO - Setting next_dagrun for dataset_alias_example_alias_producer to None, run_after=None
[2025-04-10T16:05:04.472+0000] {logging_mixin.py:190} INFO - [2025-04-10T16:05:04.472+0000] {dag.py:4180} INFO - Setting next_dagrun for dataset_s3_bucket_consumer to None, run_after=None
[2025-04-10T16:05:04.474+0000] {logging_mixin.py:190} INFO - [2025-04-10T16:05:04.474+0000] {dag.py:4180} INFO - Setting next_dagrun for dataset_s3_bucket_producer to None, run_after=None
[2025-04-10T16:05:04.496+0000] {processor.py:208} INFO - Processing /home/airflow/.local/lib/python3.12/site-packages/airflow/example_dags/example_dataset_alias.py took 0.635 seconds
[2025-04-10T16:05:35.123+0000] {processor.py:186} INFO - Started process (PID=489) to work on /home/airflow/.local/lib/python3.12/site-packages/airflow/example_dags/example_dataset_alias.py
[2025-04-10T16:05:35.124+0000] {processor.py:914} INFO - Processing file /home/airflow/.local/lib/python3.12/site-packages/airflow/example_dags/example_dataset_alias.py for tasks to queue
[2025-04-10T16:05:35.126+0000] {logging_mixin.py:190} INFO - [2025-04-10T16:05:35.126+0000] {dagbag.py:588} INFO - Filling up the DagBag from /home/airflow/.local/lib/python3.12/site-packages/airflow/example_dags/example_dataset_alias.py
[2025-04-10T16:05:35.704+0000] {processor.py:925} INFO - DAG(s) 'dataset_alias_example_alias_producer', 'dataset_alias_example_alias_consumer', 'dataset_s3_bucket_consumer', 'dataset_s3_bucket_producer' retrieved from /home/airflow/.local/lib/python3.12/site-packages/airflow/example_dags/example_dataset_alias.py
[2025-04-10T16:05:35.724+0000] {logging_mixin.py:190} INFO - [2025-04-10T16:05:35.723+0000] {dag.py:3239} INFO - Sync 4 DAGs
[2025-04-10T16:05:35.750+0000] {logging_mixin.py:190} INFO - [2025-04-10T16:05:35.750+0000] {dag.py:4180} INFO - Setting next_dagrun for dataset_alias_example_alias_consumer to None, run_after=None
[2025-04-10T16:05:35.753+0000] {logging_mixin.py:190} INFO - [2025-04-10T16:05:35.753+0000] {dag.py:4180} INFO - Setting next_dagrun for dataset_alias_example_alias_producer to None, run_after=None
[2025-04-10T16:05:35.755+0000] {logging_mixin.py:190} INFO - [2025-04-10T16:05:35.755+0000] {dag.py:4180} INFO - Setting next_dagrun for dataset_s3_bucket_consumer to None, run_after=None
[2025-04-10T16:05:35.757+0000] {logging_mixin.py:190} INFO - [2025-04-10T16:05:35.757+0000] {dag.py:4180} INFO - Setting next_dagrun for dataset_s3_bucket_producer to None, run_after=None
[2025-04-10T16:05:35.778+0000] {processor.py:208} INFO - Processing /home/airflow/.local/lib/python3.12/site-packages/airflow/example_dags/example_dataset_alias.py took 0.661 seconds
[2025-04-10T16:06:06.292+0000] {processor.py:186} INFO - Started process (PID=553) to work on /home/airflow/.local/lib/python3.12/site-packages/airflow/example_dags/example_dataset_alias.py
[2025-04-10T16:06:06.293+0000] {processor.py:914} INFO - Processing file /home/airflow/.local/lib/python3.12/site-packages/airflow/example_dags/example_dataset_alias.py for tasks to queue
[2025-04-10T16:06:06.296+0000] {logging_mixin.py:190} INFO - [2025-04-10T16:06:06.295+0000] {dagbag.py:588} INFO - Filling up the DagBag from /home/airflow/.local/lib/python3.12/site-packages/airflow/example_dags/example_dataset_alias.py
[2025-04-10T16:06:06.880+0000] {processor.py:925} INFO - DAG(s) 'dataset_s3_bucket_producer', 'dataset_alias_example_alias_producer', 'dataset_s3_bucket_consumer', 'dataset_alias_example_alias_consumer' retrieved from /home/airflow/.local/lib/python3.12/site-packages/airflow/example_dags/example_dataset_alias.py
[2025-04-10T16:06:06.903+0000] {logging_mixin.py:190} INFO - [2025-04-10T16:06:06.903+0000] {dag.py:3239} INFO - Sync 4 DAGs
[2025-04-10T16:06:06.926+0000] {logging_mixin.py:190} INFO - [2025-04-10T16:06:06.925+0000] {dag.py:4180} INFO - Setting next_dagrun for dataset_alias_example_alias_consumer to None, run_after=None
[2025-04-10T16:06:06.929+0000] {logging_mixin.py:190} INFO - [2025-04-10T16:06:06.929+0000] {dag.py:4180} INFO - Setting next_dagrun for dataset_alias_example_alias_producer to None, run_after=None
[2025-04-10T16:06:06.930+0000] {logging_mixin.py:190} INFO - [2025-04-10T16:06:06.930+0000] {dag.py:4180} INFO - Setting next_dagrun for dataset_s3_bucket_consumer to None, run_after=None
[2025-04-10T16:06:06.932+0000] {logging_mixin.py:190} INFO - [2025-04-10T16:06:06.932+0000] {dag.py:4180} INFO - Setting next_dagrun for dataset_s3_bucket_producer to None, run_after=None
[2025-04-10T16:06:06.957+0000] {processor.py:208} INFO - Processing /home/airflow/.local/lib/python3.12/site-packages/airflow/example_dags/example_dataset_alias.py took 0.671 seconds
[2025-04-10T16:06:37.133+0000] {processor.py:186} INFO - Started process (PID=616) to work on /home/airflow/.local/lib/python3.12/site-packages/airflow/example_dags/example_dataset_alias.py
[2025-04-10T16:06:37.134+0000] {processor.py:914} INFO - Processing file /home/airflow/.local/lib/python3.12/site-packages/airflow/example_dags/example_dataset_alias.py for tasks to queue
[2025-04-10T16:06:37.137+0000] {logging_mixin.py:190} INFO - [2025-04-10T16:06:37.137+0000] {dagbag.py:588} INFO - Filling up the DagBag from /home/airflow/.local/lib/python3.12/site-packages/airflow/example_dags/example_dataset_alias.py
[2025-04-10T16:06:37.779+0000] {processor.py:925} INFO - DAG(s) 'dataset_alias_example_alias_producer', 'dataset_s3_bucket_producer', 'dataset_s3_bucket_consumer', 'dataset_alias_example_alias_consumer' retrieved from /home/airflow/.local/lib/python3.12/site-packages/airflow/example_dags/example_dataset_alias.py
[2025-04-10T16:06:37.803+0000] {logging_mixin.py:190} INFO - [2025-04-10T16:06:37.803+0000] {dag.py:3239} INFO - Sync 4 DAGs
[2025-04-10T16:06:37.825+0000] {logging_mixin.py:190} INFO - [2025-04-10T16:06:37.824+0000] {dag.py:4180} INFO - Setting next_dagrun for dataset_alias_example_alias_consumer to None, run_after=None
[2025-04-10T16:06:37.827+0000] {logging_mixin.py:190} INFO - [2025-04-10T16:06:37.827+0000] {dag.py:4180} INFO - Setting next_dagrun for dataset_alias_example_alias_producer to None, run_after=None
[2025-04-10T16:06:37.829+0000] {logging_mixin.py:190} INFO - [2025-04-10T16:06:37.829+0000] {dag.py:4180} INFO - Setting next_dagrun for dataset_s3_bucket_consumer to None, run_after=None
[2025-04-10T16:06:37.831+0000] {logging_mixin.py:190} INFO - [2025-04-10T16:06:37.831+0000] {dag.py:4180} INFO - Setting next_dagrun for dataset_s3_bucket_producer to None, run_after=None
[2025-04-10T16:06:37.854+0000] {processor.py:208} INFO - Processing /home/airflow/.local/lib/python3.12/site-packages/airflow/example_dags/example_dataset_alias.py took 0.727 seconds
[2025-04-10T16:07:08.128+0000] {processor.py:186} INFO - Started process (PID=679) to work on /home/airflow/.local/lib/python3.12/site-packages/airflow/example_dags/example_dataset_alias.py
[2025-04-10T16:07:08.129+0000] {processor.py:914} INFO - Processing file /home/airflow/.local/lib/python3.12/site-packages/airflow/example_dags/example_dataset_alias.py for tasks to queue
[2025-04-10T16:07:08.132+0000] {logging_mixin.py:190} INFO - [2025-04-10T16:07:08.131+0000] {dagbag.py:588} INFO - Filling up the DagBag from /home/airflow/.local/lib/python3.12/site-packages/airflow/example_dags/example_dataset_alias.py
[2025-04-10T16:07:08.713+0000] {processor.py:925} INFO - DAG(s) 'dataset_alias_example_alias_producer', 'dataset_alias_example_alias_consumer', 'dataset_s3_bucket_producer', 'dataset_s3_bucket_consumer' retrieved from /home/airflow/.local/lib/python3.12/site-packages/airflow/example_dags/example_dataset_alias.py
[2025-04-10T16:07:08.735+0000] {logging_mixin.py:190} INFO - [2025-04-10T16:07:08.734+0000] {dag.py:3239} INFO - Sync 4 DAGs
[2025-04-10T16:07:08.761+0000] {logging_mixin.py:190} INFO - [2025-04-10T16:07:08.760+0000] {dag.py:4180} INFO - Setting next_dagrun for dataset_alias_example_alias_consumer to None, run_after=None
[2025-04-10T16:07:08.765+0000] {logging_mixin.py:190} INFO - [2025-04-10T16:07:08.764+0000] {dag.py:4180} INFO - Setting next_dagrun for dataset_alias_example_alias_producer to None, run_after=None
[2025-04-10T16:07:08.766+0000] {logging_mixin.py:190} INFO - [2025-04-10T16:07:08.766+0000] {dag.py:4180} INFO - Setting next_dagrun for dataset_s3_bucket_consumer to None, run_after=None
[2025-04-10T16:07:08.768+0000] {logging_mixin.py:190} INFO - [2025-04-10T16:07:08.768+0000] {dag.py:4180} INFO - Setting next_dagrun for dataset_s3_bucket_producer to None, run_after=None
[2025-04-10T16:07:08.796+0000] {processor.py:208} INFO - Processing /home/airflow/.local/lib/python3.12/site-packages/airflow/example_dags/example_dataset_alias.py took 0.678 seconds
[2025-04-10T16:07:39.174+0000] {processor.py:186} INFO - Started process (PID=742) to work on /home/airflow/.local/lib/python3.12/site-packages/airflow/example_dags/example_dataset_alias.py
[2025-04-10T16:07:39.175+0000] {processor.py:914} INFO - Processing file /home/airflow/.local/lib/python3.12/site-packages/airflow/example_dags/example_dataset_alias.py for tasks to queue
[2025-04-10T16:07:39.177+0000] {logging_mixin.py:190} INFO - [2025-04-10T16:07:39.177+0000] {dagbag.py:588} INFO - Filling up the DagBag from /home/airflow/.local/lib/python3.12/site-packages/airflow/example_dags/example_dataset_alias.py
[2025-04-10T16:07:39.760+0000] {processor.py:925} INFO - DAG(s) 'dataset_alias_example_alias_consumer', 'dataset_alias_example_alias_producer', 'dataset_s3_bucket_producer', 'dataset_s3_bucket_consumer' retrieved from /home/airflow/.local/lib/python3.12/site-packages/airflow/example_dags/example_dataset_alias.py
[2025-04-10T16:07:39.782+0000] {logging_mixin.py:190} INFO - [2025-04-10T16:07:39.782+0000] {dag.py:3239} INFO - Sync 4 DAGs
[2025-04-10T16:07:39.807+0000] {logging_mixin.py:190} INFO - [2025-04-10T16:07:39.806+0000] {dag.py:4180} INFO - Setting next_dagrun for dataset_alias_example_alias_consumer to None, run_after=None
[2025-04-10T16:07:39.809+0000] {logging_mixin.py:190} INFO - [2025-04-10T16:07:39.809+0000] {dag.py:4180} INFO - Setting next_dagrun for dataset_alias_example_alias_producer to None, run_after=None
[2025-04-10T16:07:39.811+0000] {logging_mixin.py:190} INFO - [2025-04-10T16:07:39.811+0000] {dag.py:4180} INFO - Setting next_dagrun for dataset_s3_bucket_consumer to None, run_after=None
[2025-04-10T16:07:39.812+0000] {logging_mixin.py:190} INFO - [2025-04-10T16:07:39.812+0000] {dag.py:4180} INFO - Setting next_dagrun for dataset_s3_bucket_producer to None, run_after=None
[2025-04-10T16:07:39.832+0000] {processor.py:208} INFO - Processing /home/airflow/.local/lib/python3.12/site-packages/airflow/example_dags/example_dataset_alias.py took 0.664 seconds
[2025-04-10T16:08:09.929+0000] {processor.py:186} INFO - Started process (PID=804) to work on /home/airflow/.local/lib/python3.12/site-packages/airflow/example_dags/example_dataset_alias.py
[2025-04-10T16:08:09.930+0000] {processor.py:914} INFO - Processing file /home/airflow/.local/lib/python3.12/site-packages/airflow/example_dags/example_dataset_alias.py for tasks to queue
[2025-04-10T16:08:09.933+0000] {logging_mixin.py:190} INFO - [2025-04-10T16:08:09.932+0000] {dagbag.py:588} INFO - Filling up the DagBag from /home/airflow/.local/lib/python3.12/site-packages/airflow/example_dags/example_dataset_alias.py
[2025-04-10T16:08:10.649+0000] {processor.py:925} INFO - DAG(s) 'dataset_s3_bucket_consumer', 'dataset_s3_bucket_producer', 'dataset_alias_example_alias_consumer', 'dataset_alias_example_alias_producer' retrieved from /home/airflow/.local/lib/python3.12/site-packages/airflow/example_dags/example_dataset_alias.py
[2025-04-10T16:08:10.679+0000] {logging_mixin.py:190} INFO - [2025-04-10T16:08:10.678+0000] {dag.py:3239} INFO - Sync 4 DAGs
[2025-04-10T16:08:10.718+0000] {logging_mixin.py:190} INFO - [2025-04-10T16:08:10.717+0000] {dag.py:4180} INFO - Setting next_dagrun for dataset_alias_example_alias_consumer to None, run_after=None
[2025-04-10T16:08:10.722+0000] {logging_mixin.py:190} INFO - [2025-04-10T16:08:10.721+0000] {dag.py:4180} INFO - Setting next_dagrun for dataset_alias_example_alias_producer to None, run_after=None
[2025-04-10T16:08:10.724+0000] {logging_mixin.py:190} INFO - [2025-04-10T16:08:10.724+0000] {dag.py:4180} INFO - Setting next_dagrun for dataset_s3_bucket_consumer to None, run_after=None
[2025-04-10T16:08:10.727+0000] {logging_mixin.py:190} INFO - [2025-04-10T16:08:10.726+0000] {dag.py:4180} INFO - Setting next_dagrun for dataset_s3_bucket_producer to None, run_after=None
[2025-04-10T16:08:10.765+0000] {processor.py:208} INFO - Processing /home/airflow/.local/lib/python3.12/site-packages/airflow/example_dags/example_dataset_alias.py took 0.844 seconds
[2025-04-10T16:08:41.249+0000] {processor.py:186} INFO - Started process (PID=867) to work on /home/airflow/.local/lib/python3.12/site-packages/airflow/example_dags/example_dataset_alias.py
[2025-04-10T16:08:41.251+0000] {processor.py:914} INFO - Processing file /home/airflow/.local/lib/python3.12/site-packages/airflow/example_dags/example_dataset_alias.py for tasks to queue
[2025-04-10T16:08:41.254+0000] {logging_mixin.py:190} INFO - [2025-04-10T16:08:41.254+0000] {dagbag.py:588} INFO - Filling up the DagBag from /home/airflow/.local/lib/python3.12/site-packages/airflow/example_dags/example_dataset_alias.py
[2025-04-10T16:08:41.838+0000] {processor.py:925} INFO - DAG(s) 'dataset_s3_bucket_producer', 'dataset_s3_bucket_consumer', 'dataset_alias_example_alias_producer', 'dataset_alias_example_alias_consumer' retrieved from /home/airflow/.local/lib/python3.12/site-packages/airflow/example_dags/example_dataset_alias.py
[2025-04-10T16:08:41.859+0000] {logging_mixin.py:190} INFO - [2025-04-10T16:08:41.859+0000] {dag.py:3239} INFO - Sync 4 DAGs
[2025-04-10T16:08:41.880+0000] {logging_mixin.py:190} INFO - [2025-04-10T16:08:41.880+0000] {dag.py:4180} INFO - Setting next_dagrun for dataset_alias_example_alias_consumer to None, run_after=None
[2025-04-10T16:08:41.883+0000] {logging_mixin.py:190} INFO - [2025-04-10T16:08:41.883+0000] {dag.py:4180} INFO - Setting next_dagrun for dataset_alias_example_alias_producer to None, run_after=None
[2025-04-10T16:08:41.884+0000] {logging_mixin.py:190} INFO - [2025-04-10T16:08:41.884+0000] {dag.py:4180} INFO - Setting next_dagrun for dataset_s3_bucket_consumer to None, run_after=None
[2025-04-10T16:08:41.886+0000] {logging_mixin.py:190} INFO - [2025-04-10T16:08:41.886+0000] {dag.py:4180} INFO - Setting next_dagrun for dataset_s3_bucket_producer to None, run_after=None
[2025-04-10T16:08:41.908+0000] {processor.py:208} INFO - Processing /home/airflow/.local/lib/python3.12/site-packages/airflow/example_dags/example_dataset_alias.py took 0.665 seconds
[2025-04-10T16:09:12.097+0000] {processor.py:186} INFO - Started process (PID=930) to work on /home/airflow/.local/lib/python3.12/site-packages/airflow/example_dags/example_dataset_alias.py
[2025-04-10T16:09:12.098+0000] {processor.py:914} INFO - Processing file /home/airflow/.local/lib/python3.12/site-packages/airflow/example_dags/example_dataset_alias.py for tasks to queue
[2025-04-10T16:09:12.100+0000] {logging_mixin.py:190} INFO - [2025-04-10T16:09:12.100+0000] {dagbag.py:588} INFO - Filling up the DagBag from /home/airflow/.local/lib/python3.12/site-packages/airflow/example_dags/example_dataset_alias.py
[2025-04-10T16:09:12.671+0000] {processor.py:925} INFO - DAG(s) 'dataset_s3_bucket_consumer', 'dataset_alias_example_alias_consumer', 'dataset_s3_bucket_producer', 'dataset_alias_example_alias_producer' retrieved from /home/airflow/.local/lib/python3.12/site-packages/airflow/example_dags/example_dataset_alias.py
[2025-04-10T16:09:12.694+0000] {logging_mixin.py:190} INFO - [2025-04-10T16:09:12.694+0000] {dag.py:3239} INFO - Sync 4 DAGs
[2025-04-10T16:09:12.720+0000] {logging_mixin.py:190} INFO - [2025-04-10T16:09:12.720+0000] {dag.py:4180} INFO - Setting next_dagrun for dataset_alias_example_alias_consumer to None, run_after=None
[2025-04-10T16:09:12.723+0000] {logging_mixin.py:190} INFO - [2025-04-10T16:09:12.723+0000] {dag.py:4180} INFO - Setting next_dagrun for dataset_alias_example_alias_producer to None, run_after=None
[2025-04-10T16:09:12.725+0000] {logging_mixin.py:190} INFO - [2025-04-10T16:09:12.725+0000] {dag.py:4180} INFO - Setting next_dagrun for dataset_s3_bucket_consumer to None, run_after=None
[2025-04-10T16:09:12.727+0000] {logging_mixin.py:190} INFO - [2025-04-10T16:09:12.727+0000] {dag.py:4180} INFO - Setting next_dagrun for dataset_s3_bucket_producer to None, run_after=None
[2025-04-10T16:09:12.749+0000] {processor.py:208} INFO - Processing /home/airflow/.local/lib/python3.12/site-packages/airflow/example_dags/example_dataset_alias.py took 0.658 seconds
