[2025-04-10T16:02:28.694+0000] {processor.py:186} INFO - Started process (PID=112) to work on /home/airflow/.local/lib/python3.12/site-packages/airflow/example_dags/example_outlet_event_extra.py
[2025-04-10T16:02:28.695+0000] {processor.py:914} INFO - Processing file /home/airflow/.local/lib/python3.12/site-packages/airflow/example_dags/example_outlet_event_extra.py for tasks to queue
[2025-04-10T16:02:28.699+0000] {logging_mixin.py:190} INFO - [2025-04-10T16:02:28.699+0000] {dagbag.py:588} INFO - Filling up the DagBag from /home/airflow/.local/lib/python3.12/site-packages/airflow/example_dags/example_outlet_event_extra.py
[2025-04-10T16:02:29.296+0000] {processor.py:925} INFO - DAG(s) 'dataset_with_extra_by_yield', 'dataset_with_extra_from_classic_operator', 'dataset_with_extra_by_context' retrieved from /home/airflow/.local/lib/python3.12/site-packages/airflow/example_dags/example_outlet_event_extra.py
[2025-04-10T16:02:29.388+0000] {logging_mixin.py:190} INFO - [2025-04-10T16:02:29.387+0000] {override.py:1912} INFO - Created Permission View: can read on DAG:dataset_with_extra_by_yield
[2025-04-10T16:02:29.397+0000] {logging_mixin.py:190} INFO - [2025-04-10T16:02:29.397+0000] {override.py:1912} INFO - Created Permission View: can delete on DAG:dataset_with_extra_by_yield
[2025-04-10T16:02:29.405+0000] {logging_mixin.py:190} INFO - [2025-04-10T16:02:29.405+0000] {override.py:1912} INFO - Created Permission View: can edit on DAG:dataset_with_extra_by_yield
[2025-04-10T16:02:29.413+0000] {logging_mixin.py:190} INFO - [2025-04-10T16:02:29.412+0000] {override.py:1912} INFO - Created Permission View: menu access on DAG Run:dataset_with_extra_by_yield
[2025-04-10T16:02:29.419+0000] {logging_mixin.py:190} INFO - [2025-04-10T16:02:29.419+0000] {override.py:1912} INFO - Created Permission View: can read on DAG Run:dataset_with_extra_by_yield
[2025-04-10T16:02:29.426+0000] {logging_mixin.py:190} INFO - [2025-04-10T16:02:29.426+0000] {override.py:1912} INFO - Created Permission View: can create on DAG Run:dataset_with_extra_by_yield
[2025-04-10T16:02:29.432+0000] {logging_mixin.py:190} INFO - [2025-04-10T16:02:29.432+0000] {override.py:1912} INFO - Created Permission View: can delete on DAG Run:dataset_with_extra_by_yield
[2025-04-10T16:02:29.445+0000] {logging_mixin.py:190} INFO - [2025-04-10T16:02:29.445+0000] {override.py:1912} INFO - Created Permission View: can read on DAG:dataset_with_extra_from_classic_operator
[2025-04-10T16:02:29.451+0000] {logging_mixin.py:190} INFO - [2025-04-10T16:02:29.451+0000] {override.py:1912} INFO - Created Permission View: can delete on DAG:dataset_with_extra_from_classic_operator
[2025-04-10T16:02:29.458+0000] {logging_mixin.py:190} INFO - [2025-04-10T16:02:29.457+0000] {override.py:1912} INFO - Created Permission View: can edit on DAG:dataset_with_extra_from_classic_operator
[2025-04-10T16:02:29.466+0000] {logging_mixin.py:190} INFO - [2025-04-10T16:02:29.465+0000] {override.py:1912} INFO - Created Permission View: menu access on DAG Run:dataset_with_extra_from_classic_operator
[2025-04-10T16:02:29.472+0000] {logging_mixin.py:190} INFO - [2025-04-10T16:02:29.471+0000] {override.py:1912} INFO - Created Permission View: can read on DAG Run:dataset_with_extra_from_classic_operator
[2025-04-10T16:02:29.478+0000] {logging_mixin.py:190} INFO - [2025-04-10T16:02:29.478+0000] {override.py:1912} INFO - Created Permission View: can create on DAG Run:dataset_with_extra_from_classic_operator
[2025-04-10T16:02:29.484+0000] {logging_mixin.py:190} INFO - [2025-04-10T16:02:29.484+0000] {override.py:1912} INFO - Created Permission View: can delete on DAG Run:dataset_with_extra_from_classic_operator
[2025-04-10T16:02:29.496+0000] {logging_mixin.py:190} INFO - [2025-04-10T16:02:29.496+0000] {override.py:1912} INFO - Created Permission View: can read on DAG:dataset_with_extra_by_context
[2025-04-10T16:02:29.502+0000] {logging_mixin.py:190} INFO - [2025-04-10T16:02:29.502+0000] {override.py:1912} INFO - Created Permission View: can delete on DAG:dataset_with_extra_by_context
[2025-04-10T16:02:29.509+0000] {logging_mixin.py:190} INFO - [2025-04-10T16:02:29.509+0000] {override.py:1912} INFO - Created Permission View: can edit on DAG:dataset_with_extra_by_context
[2025-04-10T16:02:29.516+0000] {logging_mixin.py:190} INFO - [2025-04-10T16:02:29.516+0000] {override.py:1912} INFO - Created Permission View: menu access on DAG Run:dataset_with_extra_by_context
[2025-04-10T16:02:29.522+0000] {logging_mixin.py:190} INFO - [2025-04-10T16:02:29.522+0000] {override.py:1912} INFO - Created Permission View: can read on DAG Run:dataset_with_extra_by_context
[2025-04-10T16:02:29.529+0000] {logging_mixin.py:190} INFO - [2025-04-10T16:02:29.528+0000] {override.py:1912} INFO - Created Permission View: can create on DAG Run:dataset_with_extra_by_context
[2025-04-10T16:02:29.535+0000] {logging_mixin.py:190} INFO - [2025-04-10T16:02:29.534+0000] {override.py:1912} INFO - Created Permission View: can delete on DAG Run:dataset_with_extra_by_context
[2025-04-10T16:02:29.535+0000] {logging_mixin.py:190} INFO - [2025-04-10T16:02:29.535+0000] {dag.py:3239} INFO - Sync 3 DAGs
[2025-04-10T16:02:29.548+0000] {logging_mixin.py:190} INFO - [2025-04-10T16:02:29.547+0000] {dag.py:3262} INFO - Creating ORM DAG for dataset_with_extra_from_classic_operator
[2025-04-10T16:02:29.548+0000] {logging_mixin.py:190} INFO - [2025-04-10T16:02:29.548+0000] {dag.py:3262} INFO - Creating ORM DAG for dataset_with_extra_by_context
[2025-04-10T16:02:29.549+0000] {logging_mixin.py:190} INFO - [2025-04-10T16:02:29.549+0000] {dag.py:3262} INFO - Creating ORM DAG for dataset_with_extra_by_yield
[2025-04-10T16:02:29.560+0000] {logging_mixin.py:190} INFO - [2025-04-10T16:02:29.559+0000] {dag.py:4180} INFO - Setting next_dagrun for dataset_with_extra_by_context to 2025-04-09 00:00:00+00:00, run_after=2025-04-10 00:00:00+00:00
[2025-04-10T16:02:29.562+0000] {logging_mixin.py:190} INFO - [2025-04-10T16:02:29.562+0000] {dag.py:4180} INFO - Setting next_dagrun for dataset_with_extra_by_yield to 2025-04-09 00:00:00+00:00, run_after=2025-04-10 00:00:00+00:00
[2025-04-10T16:02:29.564+0000] {logging_mixin.py:190} INFO - [2025-04-10T16:02:29.564+0000] {dag.py:4180} INFO - Setting next_dagrun for dataset_with_extra_from_classic_operator to 2025-04-09 00:00:00+00:00, run_after=2025-04-10 00:00:00+00:00
[2025-04-10T16:02:29.585+0000] {processor.py:208} INFO - Processing /home/airflow/.local/lib/python3.12/site-packages/airflow/example_dags/example_outlet_event_extra.py took 0.898 seconds
[2025-04-10T16:02:59.752+0000] {processor.py:186} INFO - Started process (PID=175) to work on /home/airflow/.local/lib/python3.12/site-packages/airflow/example_dags/example_outlet_event_extra.py
[2025-04-10T16:02:59.753+0000] {processor.py:914} INFO - Processing file /home/airflow/.local/lib/python3.12/site-packages/airflow/example_dags/example_outlet_event_extra.py for tasks to queue
[2025-04-10T16:02:59.755+0000] {logging_mixin.py:190} INFO - [2025-04-10T16:02:59.755+0000] {dagbag.py:588} INFO - Filling up the DagBag from /home/airflow/.local/lib/python3.12/site-packages/airflow/example_dags/example_outlet_event_extra.py
[2025-04-10T16:03:00.361+0000] {processor.py:925} INFO - DAG(s) 'dataset_with_extra_from_classic_operator', 'dataset_with_extra_by_context', 'dataset_with_extra_by_yield' retrieved from /home/airflow/.local/lib/python3.12/site-packages/airflow/example_dags/example_outlet_event_extra.py
[2025-04-10T16:03:00.384+0000] {logging_mixin.py:190} INFO - [2025-04-10T16:03:00.384+0000] {dag.py:3239} INFO - Sync 3 DAGs
[2025-04-10T16:03:00.411+0000] {logging_mixin.py:190} INFO - [2025-04-10T16:03:00.411+0000] {dag.py:4180} INFO - Setting next_dagrun for dataset_with_extra_by_context to 2025-04-09 00:00:00+00:00, run_after=2025-04-10 00:00:00+00:00
[2025-04-10T16:03:00.416+0000] {logging_mixin.py:190} INFO - [2025-04-10T16:03:00.416+0000] {dag.py:4180} INFO - Setting next_dagrun for dataset_with_extra_by_yield to 2025-04-09 00:00:00+00:00, run_after=2025-04-10 00:00:00+00:00
[2025-04-10T16:03:00.420+0000] {logging_mixin.py:190} INFO - [2025-04-10T16:03:00.419+0000] {dag.py:4180} INFO - Setting next_dagrun for dataset_with_extra_from_classic_operator to 2025-04-09 00:00:00+00:00, run_after=2025-04-10 00:00:00+00:00
[2025-04-10T16:03:00.453+0000] {processor.py:208} INFO - Processing /home/airflow/.local/lib/python3.12/site-packages/airflow/example_dags/example_outlet_event_extra.py took 0.707 seconds
[2025-04-10T16:03:30.887+0000] {processor.py:186} INFO - Started process (PID=238) to work on /home/airflow/.local/lib/python3.12/site-packages/airflow/example_dags/example_outlet_event_extra.py
[2025-04-10T16:03:30.888+0000] {processor.py:914} INFO - Processing file /home/airflow/.local/lib/python3.12/site-packages/airflow/example_dags/example_outlet_event_extra.py for tasks to queue
[2025-04-10T16:03:30.891+0000] {logging_mixin.py:190} INFO - [2025-04-10T16:03:30.890+0000] {dagbag.py:588} INFO - Filling up the DagBag from /home/airflow/.local/lib/python3.12/site-packages/airflow/example_dags/example_outlet_event_extra.py
[2025-04-10T16:03:31.449+0000] {processor.py:925} INFO - DAG(s) 'dataset_with_extra_by_yield', 'dataset_with_extra_by_context', 'dataset_with_extra_from_classic_operator' retrieved from /home/airflow/.local/lib/python3.12/site-packages/airflow/example_dags/example_outlet_event_extra.py
[2025-04-10T16:03:31.472+0000] {logging_mixin.py:190} INFO - [2025-04-10T16:03:31.472+0000] {dag.py:3239} INFO - Sync 3 DAGs
[2025-04-10T16:03:31.496+0000] {logging_mixin.py:190} INFO - [2025-04-10T16:03:31.496+0000] {dag.py:4180} INFO - Setting next_dagrun for dataset_with_extra_by_context to 2025-04-09 00:00:00+00:00, run_after=2025-04-10 00:00:00+00:00
[2025-04-10T16:03:31.502+0000] {logging_mixin.py:190} INFO - [2025-04-10T16:03:31.501+0000] {dag.py:4180} INFO - Setting next_dagrun for dataset_with_extra_by_yield to 2025-04-09 00:00:00+00:00, run_after=2025-04-10 00:00:00+00:00
[2025-04-10T16:03:31.504+0000] {logging_mixin.py:190} INFO - [2025-04-10T16:03:31.504+0000] {dag.py:4180} INFO - Setting next_dagrun for dataset_with_extra_from_classic_operator to 2025-04-09 00:00:00+00:00, run_after=2025-04-10 00:00:00+00:00
[2025-04-10T16:03:31.525+0000] {processor.py:208} INFO - Processing /home/airflow/.local/lib/python3.12/site-packages/airflow/example_dags/example_outlet_event_extra.py took 0.644 seconds
[2025-04-10T16:04:02.224+0000] {processor.py:186} INFO - Started process (PID=301) to work on /home/airflow/.local/lib/python3.12/site-packages/airflow/example_dags/example_outlet_event_extra.py
[2025-04-10T16:04:02.225+0000] {processor.py:914} INFO - Processing file /home/airflow/.local/lib/python3.12/site-packages/airflow/example_dags/example_outlet_event_extra.py for tasks to queue
[2025-04-10T16:04:02.227+0000] {logging_mixin.py:190} INFO - [2025-04-10T16:04:02.227+0000] {dagbag.py:588} INFO - Filling up the DagBag from /home/airflow/.local/lib/python3.12/site-packages/airflow/example_dags/example_outlet_event_extra.py
[2025-04-10T16:04:02.789+0000] {processor.py:925} INFO - DAG(s) 'dataset_with_extra_by_yield', 'dataset_with_extra_from_classic_operator', 'dataset_with_extra_by_context' retrieved from /home/airflow/.local/lib/python3.12/site-packages/airflow/example_dags/example_outlet_event_extra.py
[2025-04-10T16:04:02.811+0000] {logging_mixin.py:190} INFO - [2025-04-10T16:04:02.811+0000] {dag.py:3239} INFO - Sync 3 DAGs
[2025-04-10T16:04:02.837+0000] {logging_mixin.py:190} INFO - [2025-04-10T16:04:02.837+0000] {dag.py:4180} INFO - Setting next_dagrun for dataset_with_extra_by_context to 2025-04-09 00:00:00+00:00, run_after=2025-04-10 00:00:00+00:00
[2025-04-10T16:04:02.843+0000] {logging_mixin.py:190} INFO - [2025-04-10T16:04:02.842+0000] {dag.py:4180} INFO - Setting next_dagrun for dataset_with_extra_by_yield to 2025-04-09 00:00:00+00:00, run_after=2025-04-10 00:00:00+00:00
[2025-04-10T16:04:02.845+0000] {logging_mixin.py:190} INFO - [2025-04-10T16:04:02.845+0000] {dag.py:4180} INFO - Setting next_dagrun for dataset_with_extra_from_classic_operator to 2025-04-09 00:00:00+00:00, run_after=2025-04-10 00:00:00+00:00
[2025-04-10T16:04:02.866+0000] {processor.py:208} INFO - Processing /home/airflow/.local/lib/python3.12/site-packages/airflow/example_dags/example_outlet_event_extra.py took 0.649 seconds
[2025-04-10T16:04:33.049+0000] {processor.py:186} INFO - Started process (PID=364) to work on /home/airflow/.local/lib/python3.12/site-packages/airflow/example_dags/example_outlet_event_extra.py
[2025-04-10T16:04:33.050+0000] {processor.py:914} INFO - Processing file /home/airflow/.local/lib/python3.12/site-packages/airflow/example_dags/example_outlet_event_extra.py for tasks to queue
[2025-04-10T16:04:33.052+0000] {logging_mixin.py:190} INFO - [2025-04-10T16:04:33.051+0000] {dagbag.py:588} INFO - Filling up the DagBag from /home/airflow/.local/lib/python3.12/site-packages/airflow/example_dags/example_outlet_event_extra.py
[2025-04-10T16:04:33.582+0000] {processor.py:925} INFO - DAG(s) 'dataset_with_extra_by_yield', 'dataset_with_extra_by_context', 'dataset_with_extra_from_classic_operator' retrieved from /home/airflow/.local/lib/python3.12/site-packages/airflow/example_dags/example_outlet_event_extra.py
[2025-04-10T16:04:33.604+0000] {logging_mixin.py:190} INFO - [2025-04-10T16:04:33.604+0000] {dag.py:3239} INFO - Sync 3 DAGs
[2025-04-10T16:04:33.628+0000] {logging_mixin.py:190} INFO - [2025-04-10T16:04:33.628+0000] {dag.py:4180} INFO - Setting next_dagrun for dataset_with_extra_by_context to 2025-04-09 00:00:00+00:00, run_after=2025-04-10 00:00:00+00:00
[2025-04-10T16:04:33.633+0000] {logging_mixin.py:190} INFO - [2025-04-10T16:04:33.633+0000] {dag.py:4180} INFO - Setting next_dagrun for dataset_with_extra_by_yield to 2025-04-09 00:00:00+00:00, run_after=2025-04-10 00:00:00+00:00
[2025-04-10T16:04:33.636+0000] {logging_mixin.py:190} INFO - [2025-04-10T16:04:33.636+0000] {dag.py:4180} INFO - Setting next_dagrun for dataset_with_extra_from_classic_operator to 2025-04-09 00:00:00+00:00, run_after=2025-04-10 00:00:00+00:00
[2025-04-10T16:04:33.659+0000] {processor.py:208} INFO - Processing /home/airflow/.local/lib/python3.12/site-packages/airflow/example_dags/example_outlet_event_extra.py took 0.616 seconds
[2025-04-10T16:05:04.466+0000] {processor.py:186} INFO - Started process (PID=427) to work on /home/airflow/.local/lib/python3.12/site-packages/airflow/example_dags/example_outlet_event_extra.py
[2025-04-10T16:05:04.468+0000] {processor.py:914} INFO - Processing file /home/airflow/.local/lib/python3.12/site-packages/airflow/example_dags/example_outlet_event_extra.py for tasks to queue
[2025-04-10T16:05:04.470+0000] {logging_mixin.py:190} INFO - [2025-04-10T16:05:04.470+0000] {dagbag.py:588} INFO - Filling up the DagBag from /home/airflow/.local/lib/python3.12/site-packages/airflow/example_dags/example_outlet_event_extra.py
[2025-04-10T16:05:05.025+0000] {processor.py:925} INFO - DAG(s) 'dataset_with_extra_from_classic_operator', 'dataset_with_extra_by_context', 'dataset_with_extra_by_yield' retrieved from /home/airflow/.local/lib/python3.12/site-packages/airflow/example_dags/example_outlet_event_extra.py
[2025-04-10T16:05:05.054+0000] {logging_mixin.py:190} INFO - [2025-04-10T16:05:05.054+0000] {dag.py:3239} INFO - Sync 3 DAGs
[2025-04-10T16:05:05.082+0000] {logging_mixin.py:190} INFO - [2025-04-10T16:05:05.082+0000] {dag.py:4180} INFO - Setting next_dagrun for dataset_with_extra_by_context to 2025-04-09 00:00:00+00:00, run_after=2025-04-10 00:00:00+00:00
[2025-04-10T16:05:05.088+0000] {logging_mixin.py:190} INFO - [2025-04-10T16:05:05.088+0000] {dag.py:4180} INFO - Setting next_dagrun for dataset_with_extra_by_yield to 2025-04-09 00:00:00+00:00, run_after=2025-04-10 00:00:00+00:00
[2025-04-10T16:05:05.091+0000] {logging_mixin.py:190} INFO - [2025-04-10T16:05:05.091+0000] {dag.py:4180} INFO - Setting next_dagrun for dataset_with_extra_from_classic_operator to 2025-04-09 00:00:00+00:00, run_after=2025-04-10 00:00:00+00:00
[2025-04-10T16:05:05.122+0000] {processor.py:208} INFO - Processing /home/airflow/.local/lib/python3.12/site-packages/airflow/example_dags/example_outlet_event_extra.py took 0.662 seconds
[2025-04-10T16:05:35.578+0000] {processor.py:186} INFO - Started process (PID=491) to work on /home/airflow/.local/lib/python3.12/site-packages/airflow/example_dags/example_outlet_event_extra.py
[2025-04-10T16:05:35.579+0000] {processor.py:914} INFO - Processing file /home/airflow/.local/lib/python3.12/site-packages/airflow/example_dags/example_outlet_event_extra.py for tasks to queue
[2025-04-10T16:05:35.582+0000] {logging_mixin.py:190} INFO - [2025-04-10T16:05:35.581+0000] {dagbag.py:588} INFO - Filling up the DagBag from /home/airflow/.local/lib/python3.12/site-packages/airflow/example_dags/example_outlet_event_extra.py
[2025-04-10T16:05:36.127+0000] {processor.py:925} INFO - DAG(s) 'dataset_with_extra_by_yield', 'dataset_with_extra_by_context', 'dataset_with_extra_from_classic_operator' retrieved from /home/airflow/.local/lib/python3.12/site-packages/airflow/example_dags/example_outlet_event_extra.py
[2025-04-10T16:05:36.150+0000] {logging_mixin.py:190} INFO - [2025-04-10T16:05:36.150+0000] {dag.py:3239} INFO - Sync 3 DAGs
[2025-04-10T16:05:36.175+0000] {logging_mixin.py:190} INFO - [2025-04-10T16:05:36.175+0000] {dag.py:4180} INFO - Setting next_dagrun for dataset_with_extra_by_context to 2025-04-09 00:00:00+00:00, run_after=2025-04-10 00:00:00+00:00
[2025-04-10T16:05:36.181+0000] {logging_mixin.py:190} INFO - [2025-04-10T16:05:36.180+0000] {dag.py:4180} INFO - Setting next_dagrun for dataset_with_extra_by_yield to 2025-04-09 00:00:00+00:00, run_after=2025-04-10 00:00:00+00:00
[2025-04-10T16:05:36.184+0000] {logging_mixin.py:190} INFO - [2025-04-10T16:05:36.183+0000] {dag.py:4180} INFO - Setting next_dagrun for dataset_with_extra_from_classic_operator to 2025-04-09 00:00:00+00:00, run_after=2025-04-10 00:00:00+00:00
[2025-04-10T16:05:36.205+0000] {processor.py:208} INFO - Processing /home/airflow/.local/lib/python3.12/site-packages/airflow/example_dags/example_outlet_event_extra.py took 0.633 seconds
[2025-04-10T16:06:06.405+0000] {processor.py:186} INFO - Started process (PID=554) to work on /home/airflow/.local/lib/python3.12/site-packages/airflow/example_dags/example_outlet_event_extra.py
[2025-04-10T16:06:06.406+0000] {processor.py:914} INFO - Processing file /home/airflow/.local/lib/python3.12/site-packages/airflow/example_dags/example_outlet_event_extra.py for tasks to queue
[2025-04-10T16:06:06.408+0000] {logging_mixin.py:190} INFO - [2025-04-10T16:06:06.408+0000] {dagbag.py:588} INFO - Filling up the DagBag from /home/airflow/.local/lib/python3.12/site-packages/airflow/example_dags/example_outlet_event_extra.py
[2025-04-10T16:06:06.982+0000] {processor.py:925} INFO - DAG(s) 'dataset_with_extra_by_yield', 'dataset_with_extra_by_context', 'dataset_with_extra_from_classic_operator' retrieved from /home/airflow/.local/lib/python3.12/site-packages/airflow/example_dags/example_outlet_event_extra.py
[2025-04-10T16:06:07.007+0000] {logging_mixin.py:190} INFO - [2025-04-10T16:06:07.007+0000] {dag.py:3239} INFO - Sync 3 DAGs
[2025-04-10T16:06:07.031+0000] {logging_mixin.py:190} INFO - [2025-04-10T16:06:07.030+0000] {dag.py:4180} INFO - Setting next_dagrun for dataset_with_extra_by_context to 2025-04-09 00:00:00+00:00, run_after=2025-04-10 00:00:00+00:00
[2025-04-10T16:06:07.038+0000] {logging_mixin.py:190} INFO - [2025-04-10T16:06:07.038+0000] {dag.py:4180} INFO - Setting next_dagrun for dataset_with_extra_by_yield to 2025-04-09 00:00:00+00:00, run_after=2025-04-10 00:00:00+00:00
[2025-04-10T16:06:07.041+0000] {logging_mixin.py:190} INFO - [2025-04-10T16:06:07.041+0000] {dag.py:4180} INFO - Setting next_dagrun for dataset_with_extra_from_classic_operator to 2025-04-09 00:00:00+00:00, run_after=2025-04-10 00:00:00+00:00
[2025-04-10T16:06:07.063+0000] {processor.py:208} INFO - Processing /home/airflow/.local/lib/python3.12/site-packages/airflow/example_dags/example_outlet_event_extra.py took 0.664 seconds
[2025-04-10T16:06:37.219+0000] {processor.py:186} INFO - Started process (PID=617) to work on /home/airflow/.local/lib/python3.12/site-packages/airflow/example_dags/example_outlet_event_extra.py
[2025-04-10T16:06:37.220+0000] {processor.py:914} INFO - Processing file /home/airflow/.local/lib/python3.12/site-packages/airflow/example_dags/example_outlet_event_extra.py for tasks to queue
[2025-04-10T16:06:37.222+0000] {logging_mixin.py:190} INFO - [2025-04-10T16:06:37.222+0000] {dagbag.py:588} INFO - Filling up the DagBag from /home/airflow/.local/lib/python3.12/site-packages/airflow/example_dags/example_outlet_event_extra.py
[2025-04-10T16:06:37.831+0000] {processor.py:925} INFO - DAG(s) 'dataset_with_extra_by_context', 'dataset_with_extra_by_yield', 'dataset_with_extra_from_classic_operator' retrieved from /home/airflow/.local/lib/python3.12/site-packages/airflow/example_dags/example_outlet_event_extra.py
[2025-04-10T16:06:37.857+0000] {logging_mixin.py:190} INFO - [2025-04-10T16:06:37.857+0000] {dag.py:3239} INFO - Sync 3 DAGs
[2025-04-10T16:06:37.885+0000] {logging_mixin.py:190} INFO - [2025-04-10T16:06:37.885+0000] {dag.py:4180} INFO - Setting next_dagrun for dataset_with_extra_by_context to 2025-04-09 00:00:00+00:00, run_after=2025-04-10 00:00:00+00:00
[2025-04-10T16:06:37.891+0000] {logging_mixin.py:190} INFO - [2025-04-10T16:06:37.891+0000] {dag.py:4180} INFO - Setting next_dagrun for dataset_with_extra_by_yield to 2025-04-09 00:00:00+00:00, run_after=2025-04-10 00:00:00+00:00
[2025-04-10T16:06:37.895+0000] {logging_mixin.py:190} INFO - [2025-04-10T16:06:37.895+0000] {dag.py:4180} INFO - Setting next_dagrun for dataset_with_extra_from_classic_operator to 2025-04-09 00:00:00+00:00, run_after=2025-04-10 00:00:00+00:00
[2025-04-10T16:06:37.922+0000] {processor.py:208} INFO - Processing /home/airflow/.local/lib/python3.12/site-packages/airflow/example_dags/example_outlet_event_extra.py took 0.713 seconds
[2025-04-10T16:07:08.659+0000] {processor.py:186} INFO - Started process (PID=680) to work on /home/airflow/.local/lib/python3.12/site-packages/airflow/example_dags/example_outlet_event_extra.py
[2025-04-10T16:07:08.660+0000] {processor.py:914} INFO - Processing file /home/airflow/.local/lib/python3.12/site-packages/airflow/example_dags/example_outlet_event_extra.py for tasks to queue
[2025-04-10T16:07:08.662+0000] {logging_mixin.py:190} INFO - [2025-04-10T16:07:08.662+0000] {dagbag.py:588} INFO - Filling up the DagBag from /home/airflow/.local/lib/python3.12/site-packages/airflow/example_dags/example_outlet_event_extra.py
[2025-04-10T16:07:09.289+0000] {processor.py:925} INFO - DAG(s) 'dataset_with_extra_by_context', 'dataset_with_extra_from_classic_operator', 'dataset_with_extra_by_yield' retrieved from /home/airflow/.local/lib/python3.12/site-packages/airflow/example_dags/example_outlet_event_extra.py
[2025-04-10T16:07:09.313+0000] {logging_mixin.py:190} INFO - [2025-04-10T16:07:09.313+0000] {dag.py:3239} INFO - Sync 3 DAGs
[2025-04-10T16:07:09.341+0000] {logging_mixin.py:190} INFO - [2025-04-10T16:07:09.341+0000] {dag.py:4180} INFO - Setting next_dagrun for dataset_with_extra_by_context to 2025-04-09 00:00:00+00:00, run_after=2025-04-10 00:00:00+00:00
[2025-04-10T16:07:09.347+0000] {logging_mixin.py:190} INFO - [2025-04-10T16:07:09.347+0000] {dag.py:4180} INFO - Setting next_dagrun for dataset_with_extra_by_yield to 2025-04-09 00:00:00+00:00, run_after=2025-04-10 00:00:00+00:00
[2025-04-10T16:07:09.350+0000] {logging_mixin.py:190} INFO - [2025-04-10T16:07:09.350+0000] {dag.py:4180} INFO - Setting next_dagrun for dataset_with_extra_from_classic_operator to 2025-04-09 00:00:00+00:00, run_after=2025-04-10 00:00:00+00:00
[2025-04-10T16:07:09.374+0000] {processor.py:208} INFO - Processing /home/airflow/.local/lib/python3.12/site-packages/airflow/example_dags/example_outlet_event_extra.py took 0.721 seconds
[2025-04-10T16:07:39.920+0000] {processor.py:186} INFO - Started process (PID=745) to work on /home/airflow/.local/lib/python3.12/site-packages/airflow/example_dags/example_outlet_event_extra.py
[2025-04-10T16:07:39.921+0000] {processor.py:914} INFO - Processing file /home/airflow/.local/lib/python3.12/site-packages/airflow/example_dags/example_outlet_event_extra.py for tasks to queue
[2025-04-10T16:07:39.923+0000] {logging_mixin.py:190} INFO - [2025-04-10T16:07:39.923+0000] {dagbag.py:588} INFO - Filling up the DagBag from /home/airflow/.local/lib/python3.12/site-packages/airflow/example_dags/example_outlet_event_extra.py
[2025-04-10T16:07:40.473+0000] {processor.py:925} INFO - DAG(s) 'dataset_with_extra_by_yield', 'dataset_with_extra_from_classic_operator', 'dataset_with_extra_by_context' retrieved from /home/airflow/.local/lib/python3.12/site-packages/airflow/example_dags/example_outlet_event_extra.py
[2025-04-10T16:07:40.496+0000] {logging_mixin.py:190} INFO - [2025-04-10T16:07:40.496+0000] {dag.py:3239} INFO - Sync 3 DAGs
[2025-04-10T16:07:40.522+0000] {logging_mixin.py:190} INFO - [2025-04-10T16:07:40.522+0000] {dag.py:4180} INFO - Setting next_dagrun for dataset_with_extra_by_context to 2025-04-09 00:00:00+00:00, run_after=2025-04-10 00:00:00+00:00
[2025-04-10T16:07:40.528+0000] {logging_mixin.py:190} INFO - [2025-04-10T16:07:40.528+0000] {dag.py:4180} INFO - Setting next_dagrun for dataset_with_extra_by_yield to 2025-04-09 00:00:00+00:00, run_after=2025-04-10 00:00:00+00:00
[2025-04-10T16:07:40.531+0000] {logging_mixin.py:190} INFO - [2025-04-10T16:07:40.531+0000] {dag.py:4180} INFO - Setting next_dagrun for dataset_with_extra_from_classic_operator to 2025-04-09 00:00:00+00:00, run_after=2025-04-10 00:00:00+00:00
[2025-04-10T16:07:40.552+0000] {processor.py:208} INFO - Processing /home/airflow/.local/lib/python3.12/site-packages/airflow/example_dags/example_outlet_event_extra.py took 0.640 seconds
[2025-04-10T16:08:10.811+0000] {processor.py:186} INFO - Started process (PID=806) to work on /home/airflow/.local/lib/python3.12/site-packages/airflow/example_dags/example_outlet_event_extra.py
[2025-04-10T16:08:10.812+0000] {processor.py:914} INFO - Processing file /home/airflow/.local/lib/python3.12/site-packages/airflow/example_dags/example_outlet_event_extra.py for tasks to queue
[2025-04-10T16:08:10.816+0000] {logging_mixin.py:190} INFO - [2025-04-10T16:08:10.816+0000] {dagbag.py:588} INFO - Filling up the DagBag from /home/airflow/.local/lib/python3.12/site-packages/airflow/example_dags/example_outlet_event_extra.py
[2025-04-10T16:08:11.593+0000] {processor.py:925} INFO - DAG(s) 'dataset_with_extra_by_context', 'dataset_with_extra_from_classic_operator', 'dataset_with_extra_by_yield' retrieved from /home/airflow/.local/lib/python3.12/site-packages/airflow/example_dags/example_outlet_event_extra.py
[2025-04-10T16:08:11.624+0000] {logging_mixin.py:190} INFO - [2025-04-10T16:08:11.624+0000] {dag.py:3239} INFO - Sync 3 DAGs
[2025-04-10T16:08:11.676+0000] {logging_mixin.py:190} INFO - [2025-04-10T16:08:11.675+0000] {dag.py:4180} INFO - Setting next_dagrun for dataset_with_extra_by_context to 2025-04-09 00:00:00+00:00, run_after=2025-04-10 00:00:00+00:00
[2025-04-10T16:08:11.687+0000] {logging_mixin.py:190} INFO - [2025-04-10T16:08:11.687+0000] {dag.py:4180} INFO - Setting next_dagrun for dataset_with_extra_by_yield to 2025-04-09 00:00:00+00:00, run_after=2025-04-10 00:00:00+00:00
[2025-04-10T16:08:11.693+0000] {logging_mixin.py:190} INFO - [2025-04-10T16:08:11.693+0000] {dag.py:4180} INFO - Setting next_dagrun for dataset_with_extra_from_classic_operator to 2025-04-09 00:00:00+00:00, run_after=2025-04-10 00:00:00+00:00
[2025-04-10T16:08:11.727+0000] {processor.py:208} INFO - Processing /home/airflow/.local/lib/python3.12/site-packages/airflow/example_dags/example_outlet_event_extra.py took 0.925 seconds
[2025-04-10T16:08:42.171+0000] {processor.py:186} INFO - Started process (PID=871) to work on /home/airflow/.local/lib/python3.12/site-packages/airflow/example_dags/example_outlet_event_extra.py
[2025-04-10T16:08:42.172+0000] {processor.py:914} INFO - Processing file /home/airflow/.local/lib/python3.12/site-packages/airflow/example_dags/example_outlet_event_extra.py for tasks to queue
[2025-04-10T16:08:42.174+0000] {logging_mixin.py:190} INFO - [2025-04-10T16:08:42.173+0000] {dagbag.py:588} INFO - Filling up the DagBag from /home/airflow/.local/lib/python3.12/site-packages/airflow/example_dags/example_outlet_event_extra.py
[2025-04-10T16:08:42.714+0000] {processor.py:925} INFO - DAG(s) 'dataset_with_extra_by_context', 'dataset_with_extra_by_yield', 'dataset_with_extra_from_classic_operator' retrieved from /home/airflow/.local/lib/python3.12/site-packages/airflow/example_dags/example_outlet_event_extra.py
[2025-04-10T16:08:42.737+0000] {logging_mixin.py:190} INFO - [2025-04-10T16:08:42.737+0000] {dag.py:3239} INFO - Sync 3 DAGs
[2025-04-10T16:08:42.762+0000] {logging_mixin.py:190} INFO - [2025-04-10T16:08:42.761+0000] {dag.py:4180} INFO - Setting next_dagrun for dataset_with_extra_by_context to 2025-04-09 00:00:00+00:00, run_after=2025-04-10 00:00:00+00:00
[2025-04-10T16:08:42.767+0000] {logging_mixin.py:190} INFO - [2025-04-10T16:08:42.767+0000] {dag.py:4180} INFO - Setting next_dagrun for dataset_with_extra_by_yield to 2025-04-09 00:00:00+00:00, run_after=2025-04-10 00:00:00+00:00
[2025-04-10T16:08:42.770+0000] {logging_mixin.py:190} INFO - [2025-04-10T16:08:42.770+0000] {dag.py:4180} INFO - Setting next_dagrun for dataset_with_extra_from_classic_operator to 2025-04-09 00:00:00+00:00, run_after=2025-04-10 00:00:00+00:00
[2025-04-10T16:08:42.791+0000] {processor.py:208} INFO - Processing /home/airflow/.local/lib/python3.12/site-packages/airflow/example_dags/example_outlet_event_extra.py took 0.626 seconds
[2025-04-10T16:09:13.316+0000] {processor.py:186} INFO - Started process (PID=939) to work on /home/airflow/.local/lib/python3.12/site-packages/airflow/example_dags/example_outlet_event_extra.py
[2025-04-10T16:09:13.317+0000] {processor.py:914} INFO - Processing file /home/airflow/.local/lib/python3.12/site-packages/airflow/example_dags/example_outlet_event_extra.py for tasks to queue
[2025-04-10T16:09:13.319+0000] {logging_mixin.py:190} INFO - [2025-04-10T16:09:13.319+0000] {dagbag.py:588} INFO - Filling up the DagBag from /home/airflow/.local/lib/python3.12/site-packages/airflow/example_dags/example_outlet_event_extra.py
[2025-04-10T16:09:13.875+0000] {processor.py:925} INFO - DAG(s) 'dataset_with_extra_by_context', 'dataset_with_extra_from_classic_operator', 'dataset_with_extra_by_yield' retrieved from /home/airflow/.local/lib/python3.12/site-packages/airflow/example_dags/example_outlet_event_extra.py
[2025-04-10T16:09:13.903+0000] {logging_mixin.py:190} INFO - [2025-04-10T16:09:13.903+0000] {dag.py:3239} INFO - Sync 3 DAGs
[2025-04-10T16:09:13.937+0000] {logging_mixin.py:190} INFO - [2025-04-10T16:09:13.936+0000] {dag.py:4180} INFO - Setting next_dagrun for dataset_with_extra_by_context to 2025-04-09 00:00:00+00:00, run_after=2025-04-10 00:00:00+00:00
[2025-04-10T16:09:13.943+0000] {logging_mixin.py:190} INFO - [2025-04-10T16:09:13.943+0000] {dag.py:4180} INFO - Setting next_dagrun for dataset_with_extra_by_yield to 2025-04-09 00:00:00+00:00, run_after=2025-04-10 00:00:00+00:00
[2025-04-10T16:09:13.947+0000] {logging_mixin.py:190} INFO - [2025-04-10T16:09:13.946+0000] {dag.py:4180} INFO - Setting next_dagrun for dataset_with_extra_from_classic_operator to 2025-04-09 00:00:00+00:00, run_after=2025-04-10 00:00:00+00:00
[2025-04-10T16:09:13.970+0000] {processor.py:208} INFO - Processing /home/airflow/.local/lib/python3.12/site-packages/airflow/example_dags/example_outlet_event_extra.py took 0.661 seconds
