[2025-04-10T16:02:31.221+0000] {processor.py:186} INFO - Started process (PID=124) to work on /home/airflow/.local/lib/python3.12/site-packages/airflow/example_dags/example_complex.py
[2025-04-10T16:02:31.223+0000] {processor.py:914} INFO - Processing file /home/airflow/.local/lib/python3.12/site-packages/airflow/example_dags/example_complex.py for tasks to queue
[2025-04-10T16:02:31.225+0000] {logging_mixin.py:190} INFO - [2025-04-10T16:02:31.225+0000] {dagbag.py:588} INFO - Filling up the DagBag from /home/airflow/.local/lib/python3.12/site-packages/airflow/example_dags/example_complex.py
[2025-04-10T16:02:31.246+0000] {processor.py:925} INFO - DAG(s) 'example_complex' retrieved from /home/airflow/.local/lib/python3.12/site-packages/airflow/example_dags/example_complex.py
[2025-04-10T16:02:31.371+0000] {logging_mixin.py:190} INFO - [2025-04-10T16:02:31.370+0000] {override.py:1912} INFO - Created Permission View: can read on DAG:example_complex
[2025-04-10T16:02:31.381+0000] {logging_mixin.py:190} INFO - [2025-04-10T16:02:31.381+0000] {override.py:1912} INFO - Created Permission View: can delete on DAG:example_complex
[2025-04-10T16:02:31.390+0000] {logging_mixin.py:190} INFO - [2025-04-10T16:02:31.390+0000] {override.py:1912} INFO - Created Permission View: can edit on DAG:example_complex
[2025-04-10T16:02:31.400+0000] {logging_mixin.py:190} INFO - [2025-04-10T16:02:31.399+0000] {override.py:1912} INFO - Created Permission View: menu access on DAG Run:example_complex
[2025-04-10T16:02:31.407+0000] {logging_mixin.py:190} INFO - [2025-04-10T16:02:31.407+0000] {override.py:1912} INFO - Created Permission View: can read on DAG Run:example_complex
[2025-04-10T16:02:31.413+0000] {logging_mixin.py:190} INFO - [2025-04-10T16:02:31.413+0000] {override.py:1912} INFO - Created Permission View: can create on DAG Run:example_complex
[2025-04-10T16:02:31.421+0000] {logging_mixin.py:190} INFO - [2025-04-10T16:02:31.421+0000] {override.py:1912} INFO - Created Permission View: can delete on DAG Run:example_complex
[2025-04-10T16:02:31.422+0000] {logging_mixin.py:190} INFO - [2025-04-10T16:02:31.421+0000] {dag.py:3239} INFO - Sync 1 DAGs
[2025-04-10T16:02:31.435+0000] {logging_mixin.py:190} INFO - [2025-04-10T16:02:31.435+0000] {dag.py:3262} INFO - Creating ORM DAG for example_complex
[2025-04-10T16:02:31.436+0000] {logging_mixin.py:190} INFO - [2025-04-10T16:02:31.436+0000] {dag.py:4180} INFO - Setting next_dagrun for example_complex to None, run_after=None
[2025-04-10T16:02:31.452+0000] {processor.py:208} INFO - Processing /home/airflow/.local/lib/python3.12/site-packages/airflow/example_dags/example_complex.py took 0.237 seconds
[2025-04-10T16:03:02.080+0000] {processor.py:186} INFO - Started process (PID=187) to work on /home/airflow/.local/lib/python3.12/site-packages/airflow/example_dags/example_complex.py
[2025-04-10T16:03:02.081+0000] {processor.py:914} INFO - Processing file /home/airflow/.local/lib/python3.12/site-packages/airflow/example_dags/example_complex.py for tasks to queue
[2025-04-10T16:03:02.083+0000] {logging_mixin.py:190} INFO - [2025-04-10T16:03:02.083+0000] {dagbag.py:588} INFO - Filling up the DagBag from /home/airflow/.local/lib/python3.12/site-packages/airflow/example_dags/example_complex.py
[2025-04-10T16:03:02.095+0000] {processor.py:925} INFO - DAG(s) 'example_complex' retrieved from /home/airflow/.local/lib/python3.12/site-packages/airflow/example_dags/example_complex.py
[2025-04-10T16:03:02.127+0000] {logging_mixin.py:190} INFO - [2025-04-10T16:03:02.126+0000] {dag.py:3239} INFO - Sync 1 DAGs
[2025-04-10T16:03:02.141+0000] {logging_mixin.py:190} INFO - [2025-04-10T16:03:02.141+0000] {dag.py:4180} INFO - Setting next_dagrun for example_complex to None, run_after=None
[2025-04-10T16:03:02.160+0000] {processor.py:208} INFO - Processing /home/airflow/.local/lib/python3.12/site-packages/airflow/example_dags/example_complex.py took 0.085 seconds
[2025-04-10T16:03:32.306+0000] {processor.py:186} INFO - Started process (PID=250) to work on /home/airflow/.local/lib/python3.12/site-packages/airflow/example_dags/example_complex.py
[2025-04-10T16:03:32.307+0000] {processor.py:914} INFO - Processing file /home/airflow/.local/lib/python3.12/site-packages/airflow/example_dags/example_complex.py for tasks to queue
[2025-04-10T16:03:32.309+0000] {logging_mixin.py:190} INFO - [2025-04-10T16:03:32.309+0000] {dagbag.py:588} INFO - Filling up the DagBag from /home/airflow/.local/lib/python3.12/site-packages/airflow/example_dags/example_complex.py
[2025-04-10T16:03:32.321+0000] {processor.py:925} INFO - DAG(s) 'example_complex' retrieved from /home/airflow/.local/lib/python3.12/site-packages/airflow/example_dags/example_complex.py
[2025-04-10T16:03:32.353+0000] {logging_mixin.py:190} INFO - [2025-04-10T16:03:32.353+0000] {dag.py:3239} INFO - Sync 1 DAGs
[2025-04-10T16:03:32.368+0000] {logging_mixin.py:190} INFO - [2025-04-10T16:03:32.368+0000] {dag.py:4180} INFO - Setting next_dagrun for example_complex to None, run_after=None
[2025-04-10T16:03:32.387+0000] {processor.py:208} INFO - Processing /home/airflow/.local/lib/python3.12/site-packages/airflow/example_dags/example_complex.py took 0.087 seconds
[2025-04-10T16:04:03.166+0000] {processor.py:186} INFO - Started process (PID=313) to work on /home/airflow/.local/lib/python3.12/site-packages/airflow/example_dags/example_complex.py
[2025-04-10T16:04:03.167+0000] {processor.py:914} INFO - Processing file /home/airflow/.local/lib/python3.12/site-packages/airflow/example_dags/example_complex.py for tasks to queue
[2025-04-10T16:04:03.169+0000] {logging_mixin.py:190} INFO - [2025-04-10T16:04:03.169+0000] {dagbag.py:588} INFO - Filling up the DagBag from /home/airflow/.local/lib/python3.12/site-packages/airflow/example_dags/example_complex.py
[2025-04-10T16:04:03.181+0000] {processor.py:925} INFO - DAG(s) 'example_complex' retrieved from /home/airflow/.local/lib/python3.12/site-packages/airflow/example_dags/example_complex.py
[2025-04-10T16:04:03.213+0000] {logging_mixin.py:190} INFO - [2025-04-10T16:04:03.213+0000] {dag.py:3239} INFO - Sync 1 DAGs
[2025-04-10T16:04:03.228+0000] {logging_mixin.py:190} INFO - [2025-04-10T16:04:03.227+0000] {dag.py:4180} INFO - Setting next_dagrun for example_complex to None, run_after=None
[2025-04-10T16:04:03.245+0000] {processor.py:208} INFO - Processing /home/airflow/.local/lib/python3.12/site-packages/airflow/example_dags/example_complex.py took 0.085 seconds
[2025-04-10T16:04:33.961+0000] {processor.py:186} INFO - Started process (PID=376) to work on /home/airflow/.local/lib/python3.12/site-packages/airflow/example_dags/example_complex.py
[2025-04-10T16:04:33.962+0000] {processor.py:914} INFO - Processing file /home/airflow/.local/lib/python3.12/site-packages/airflow/example_dags/example_complex.py for tasks to queue
[2025-04-10T16:04:33.964+0000] {logging_mixin.py:190} INFO - [2025-04-10T16:04:33.964+0000] {dagbag.py:588} INFO - Filling up the DagBag from /home/airflow/.local/lib/python3.12/site-packages/airflow/example_dags/example_complex.py
[2025-04-10T16:04:33.976+0000] {processor.py:925} INFO - DAG(s) 'example_complex' retrieved from /home/airflow/.local/lib/python3.12/site-packages/airflow/example_dags/example_complex.py
[2025-04-10T16:04:34.006+0000] {logging_mixin.py:190} INFO - [2025-04-10T16:04:34.006+0000] {dag.py:3239} INFO - Sync 1 DAGs
[2025-04-10T16:04:34.020+0000] {logging_mixin.py:190} INFO - [2025-04-10T16:04:34.020+0000] {dag.py:4180} INFO - Setting next_dagrun for example_complex to None, run_after=None
[2025-04-10T16:04:34.038+0000] {processor.py:208} INFO - Processing /home/airflow/.local/lib/python3.12/site-packages/airflow/example_dags/example_complex.py took 0.082 seconds
[2025-04-10T16:05:05.432+0000] {processor.py:186} INFO - Started process (PID=439) to work on /home/airflow/.local/lib/python3.12/site-packages/airflow/example_dags/example_complex.py
[2025-04-10T16:05:05.433+0000] {processor.py:914} INFO - Processing file /home/airflow/.local/lib/python3.12/site-packages/airflow/example_dags/example_complex.py for tasks to queue
[2025-04-10T16:05:05.435+0000] {logging_mixin.py:190} INFO - [2025-04-10T16:05:05.435+0000] {dagbag.py:588} INFO - Filling up the DagBag from /home/airflow/.local/lib/python3.12/site-packages/airflow/example_dags/example_complex.py
[2025-04-10T16:05:05.447+0000] {processor.py:925} INFO - DAG(s) 'example_complex' retrieved from /home/airflow/.local/lib/python3.12/site-packages/airflow/example_dags/example_complex.py
[2025-04-10T16:05:05.482+0000] {logging_mixin.py:190} INFO - [2025-04-10T16:05:05.482+0000] {dag.py:3239} INFO - Sync 1 DAGs
[2025-04-10T16:05:05.498+0000] {logging_mixin.py:190} INFO - [2025-04-10T16:05:05.498+0000] {dag.py:4180} INFO - Setting next_dagrun for example_complex to None, run_after=None
[2025-04-10T16:05:05.518+0000] {processor.py:208} INFO - Processing /home/airflow/.local/lib/python3.12/site-packages/airflow/example_dags/example_complex.py took 0.092 seconds
[2025-04-10T16:05:36.552+0000] {processor.py:186} INFO - Started process (PID=502) to work on /home/airflow/.local/lib/python3.12/site-packages/airflow/example_dags/example_complex.py
[2025-04-10T16:05:36.553+0000] {processor.py:914} INFO - Processing file /home/airflow/.local/lib/python3.12/site-packages/airflow/example_dags/example_complex.py for tasks to queue
[2025-04-10T16:05:36.556+0000] {logging_mixin.py:190} INFO - [2025-04-10T16:05:36.556+0000] {dagbag.py:588} INFO - Filling up the DagBag from /home/airflow/.local/lib/python3.12/site-packages/airflow/example_dags/example_complex.py
[2025-04-10T16:05:36.571+0000] {processor.py:925} INFO - DAG(s) 'example_complex' retrieved from /home/airflow/.local/lib/python3.12/site-packages/airflow/example_dags/example_complex.py
[2025-04-10T16:05:36.603+0000] {logging_mixin.py:190} INFO - [2025-04-10T16:05:36.602+0000] {dag.py:3239} INFO - Sync 1 DAGs
[2025-04-10T16:05:36.617+0000] {logging_mixin.py:190} INFO - [2025-04-10T16:05:36.617+0000] {dag.py:4180} INFO - Setting next_dagrun for example_complex to None, run_after=None
[2025-04-10T16:05:36.634+0000] {processor.py:208} INFO - Processing /home/airflow/.local/lib/python3.12/site-packages/airflow/example_dags/example_complex.py took 0.089 seconds
[2025-04-10T16:06:07.678+0000] {processor.py:186} INFO - Started process (PID=565) to work on /home/airflow/.local/lib/python3.12/site-packages/airflow/example_dags/example_complex.py
[2025-04-10T16:06:07.679+0000] {processor.py:914} INFO - Processing file /home/airflow/.local/lib/python3.12/site-packages/airflow/example_dags/example_complex.py for tasks to queue
[2025-04-10T16:06:07.681+0000] {logging_mixin.py:190} INFO - [2025-04-10T16:06:07.681+0000] {dagbag.py:588} INFO - Filling up the DagBag from /home/airflow/.local/lib/python3.12/site-packages/airflow/example_dags/example_complex.py
[2025-04-10T16:06:07.694+0000] {processor.py:925} INFO - DAG(s) 'example_complex' retrieved from /home/airflow/.local/lib/python3.12/site-packages/airflow/example_dags/example_complex.py
[2025-04-10T16:06:07.728+0000] {logging_mixin.py:190} INFO - [2025-04-10T16:06:07.728+0000] {dag.py:3239} INFO - Sync 1 DAGs
[2025-04-10T16:06:07.746+0000] {logging_mixin.py:190} INFO - [2025-04-10T16:06:07.745+0000] {dag.py:4180} INFO - Setting next_dagrun for example_complex to None, run_after=None
[2025-04-10T16:06:07.764+0000] {processor.py:208} INFO - Processing /home/airflow/.local/lib/python3.12/site-packages/airflow/example_dags/example_complex.py took 0.093 seconds
[2025-04-10T16:06:38.710+0000] {processor.py:186} INFO - Started process (PID=628) to work on /home/airflow/.local/lib/python3.12/site-packages/airflow/example_dags/example_complex.py
[2025-04-10T16:06:38.711+0000] {processor.py:914} INFO - Processing file /home/airflow/.local/lib/python3.12/site-packages/airflow/example_dags/example_complex.py for tasks to queue
[2025-04-10T16:06:38.714+0000] {logging_mixin.py:190} INFO - [2025-04-10T16:06:38.713+0000] {dagbag.py:588} INFO - Filling up the DagBag from /home/airflow/.local/lib/python3.12/site-packages/airflow/example_dags/example_complex.py
[2025-04-10T16:06:38.727+0000] {processor.py:925} INFO - DAG(s) 'example_complex' retrieved from /home/airflow/.local/lib/python3.12/site-packages/airflow/example_dags/example_complex.py
[2025-04-10T16:06:38.758+0000] {logging_mixin.py:190} INFO - [2025-04-10T16:06:38.758+0000] {dag.py:3239} INFO - Sync 1 DAGs
[2025-04-10T16:06:38.773+0000] {logging_mixin.py:190} INFO - [2025-04-10T16:06:38.773+0000] {dag.py:4180} INFO - Setting next_dagrun for example_complex to None, run_after=None
[2025-04-10T16:06:38.792+0000] {processor.py:208} INFO - Processing /home/airflow/.local/lib/python3.12/site-packages/airflow/example_dags/example_complex.py took 0.090 seconds
[2025-04-10T16:07:09.728+0000] {processor.py:186} INFO - Started process (PID=691) to work on /home/airflow/.local/lib/python3.12/site-packages/airflow/example_dags/example_complex.py
[2025-04-10T16:07:09.729+0000] {processor.py:914} INFO - Processing file /home/airflow/.local/lib/python3.12/site-packages/airflow/example_dags/example_complex.py for tasks to queue
[2025-04-10T16:07:09.732+0000] {logging_mixin.py:190} INFO - [2025-04-10T16:07:09.732+0000] {dagbag.py:588} INFO - Filling up the DagBag from /home/airflow/.local/lib/python3.12/site-packages/airflow/example_dags/example_complex.py
[2025-04-10T16:07:09.746+0000] {processor.py:925} INFO - DAG(s) 'example_complex' retrieved from /home/airflow/.local/lib/python3.12/site-packages/airflow/example_dags/example_complex.py
[2025-04-10T16:07:09.783+0000] {logging_mixin.py:190} INFO - [2025-04-10T16:07:09.783+0000] {dag.py:3239} INFO - Sync 1 DAGs
[2025-04-10T16:07:09.802+0000] {logging_mixin.py:190} INFO - [2025-04-10T16:07:09.802+0000] {dag.py:4180} INFO - Setting next_dagrun for example_complex to None, run_after=None
[2025-04-10T16:07:09.825+0000] {processor.py:208} INFO - Processing /home/airflow/.local/lib/python3.12/site-packages/airflow/example_dags/example_complex.py took 0.103 seconds
[2025-04-10T16:07:40.677+0000] {processor.py:186} INFO - Started process (PID=754) to work on /home/airflow/.local/lib/python3.12/site-packages/airflow/example_dags/example_complex.py
[2025-04-10T16:07:40.678+0000] {processor.py:914} INFO - Processing file /home/airflow/.local/lib/python3.12/site-packages/airflow/example_dags/example_complex.py for tasks to queue
[2025-04-10T16:07:40.680+0000] {logging_mixin.py:190} INFO - [2025-04-10T16:07:40.680+0000] {dagbag.py:588} INFO - Filling up the DagBag from /home/airflow/.local/lib/python3.12/site-packages/airflow/example_dags/example_complex.py
[2025-04-10T16:07:40.692+0000] {processor.py:925} INFO - DAG(s) 'example_complex' retrieved from /home/airflow/.local/lib/python3.12/site-packages/airflow/example_dags/example_complex.py
[2025-04-10T16:07:40.724+0000] {logging_mixin.py:190} INFO - [2025-04-10T16:07:40.724+0000] {dag.py:3239} INFO - Sync 1 DAGs
[2025-04-10T16:07:40.739+0000] {logging_mixin.py:190} INFO - [2025-04-10T16:07:40.738+0000] {dag.py:4180} INFO - Setting next_dagrun for example_complex to None, run_after=None
[2025-04-10T16:07:40.756+0000] {processor.py:208} INFO - Processing /home/airflow/.local/lib/python3.12/site-packages/airflow/example_dags/example_complex.py took 0.086 seconds
[2025-04-10T16:08:12.113+0000] {processor.py:186} INFO - Started process (PID=817) to work on /home/airflow/.local/lib/python3.12/site-packages/airflow/example_dags/example_complex.py
[2025-04-10T16:08:12.115+0000] {processor.py:914} INFO - Processing file /home/airflow/.local/lib/python3.12/site-packages/airflow/example_dags/example_complex.py for tasks to queue
[2025-04-10T16:08:12.118+0000] {logging_mixin.py:190} INFO - [2025-04-10T16:08:12.117+0000] {dagbag.py:588} INFO - Filling up the DagBag from /home/airflow/.local/lib/python3.12/site-packages/airflow/example_dags/example_complex.py
[2025-04-10T16:08:12.141+0000] {processor.py:925} INFO - DAG(s) 'example_complex' retrieved from /home/airflow/.local/lib/python3.12/site-packages/airflow/example_dags/example_complex.py
[2025-04-10T16:08:12.183+0000] {logging_mixin.py:190} INFO - [2025-04-10T16:08:12.182+0000] {dag.py:3239} INFO - Sync 1 DAGs
[2025-04-10T16:08:12.201+0000] {logging_mixin.py:190} INFO - [2025-04-10T16:08:12.201+0000] {dag.py:4180} INFO - Setting next_dagrun for example_complex to None, run_after=None
[2025-04-10T16:08:12.224+0000] {processor.py:208} INFO - Processing /home/airflow/.local/lib/python3.12/site-packages/airflow/example_dags/example_complex.py took 0.120 seconds
[2025-04-10T16:08:43.039+0000] {processor.py:186} INFO - Started process (PID=880) to work on /home/airflow/.local/lib/python3.12/site-packages/airflow/example_dags/example_complex.py
[2025-04-10T16:08:43.040+0000] {processor.py:914} INFO - Processing file /home/airflow/.local/lib/python3.12/site-packages/airflow/example_dags/example_complex.py for tasks to queue
[2025-04-10T16:08:43.042+0000] {logging_mixin.py:190} INFO - [2025-04-10T16:08:43.042+0000] {dagbag.py:588} INFO - Filling up the DagBag from /home/airflow/.local/lib/python3.12/site-packages/airflow/example_dags/example_complex.py
[2025-04-10T16:08:43.055+0000] {processor.py:925} INFO - DAG(s) 'example_complex' retrieved from /home/airflow/.local/lib/python3.12/site-packages/airflow/example_dags/example_complex.py
[2025-04-10T16:08:43.087+0000] {logging_mixin.py:190} INFO - [2025-04-10T16:08:43.087+0000] {dag.py:3239} INFO - Sync 1 DAGs
[2025-04-10T16:08:43.102+0000] {logging_mixin.py:190} INFO - [2025-04-10T16:08:43.102+0000] {dag.py:4180} INFO - Setting next_dagrun for example_complex to None, run_after=None
[2025-04-10T16:08:43.122+0000] {processor.py:208} INFO - Processing /home/airflow/.local/lib/python3.12/site-packages/airflow/example_dags/example_complex.py took 0.089 seconds
[2025-04-10T16:09:14.139+0000] {processor.py:186} INFO - Started process (PID=943) to work on /home/airflow/.local/lib/python3.12/site-packages/airflow/example_dags/example_complex.py
[2025-04-10T16:09:14.140+0000] {processor.py:914} INFO - Processing file /home/airflow/.local/lib/python3.12/site-packages/airflow/example_dags/example_complex.py for tasks to queue
[2025-04-10T16:09:14.143+0000] {logging_mixin.py:190} INFO - [2025-04-10T16:09:14.142+0000] {dagbag.py:588} INFO - Filling up the DagBag from /home/airflow/.local/lib/python3.12/site-packages/airflow/example_dags/example_complex.py
[2025-04-10T16:09:14.155+0000] {processor.py:925} INFO - DAG(s) 'example_complex' retrieved from /home/airflow/.local/lib/python3.12/site-packages/airflow/example_dags/example_complex.py
[2025-04-10T16:09:14.186+0000] {logging_mixin.py:190} INFO - [2025-04-10T16:09:14.185+0000] {dag.py:3239} INFO - Sync 1 DAGs
[2025-04-10T16:09:14.202+0000] {logging_mixin.py:190} INFO - [2025-04-10T16:09:14.202+0000] {dag.py:4180} INFO - Setting next_dagrun for example_complex to None, run_after=None
[2025-04-10T16:09:14.222+0000] {processor.py:208} INFO - Processing /home/airflow/.local/lib/python3.12/site-packages/airflow/example_dags/example_complex.py took 0.089 seconds
