[2025-04-10T16:02:25.076+0000] {processor.py:186} INFO - Started process (PID=100) to work on /home/airflow/.local/lib/python3.12/site-packages/airflow/example_dags/example_xcom.py
[2025-04-10T16:02:25.077+0000] {processor.py:914} INFO - Processing file /home/airflow/.local/lib/python3.12/site-packages/airflow/example_dags/example_xcom.py for tasks to queue
[2025-04-10T16:02:25.080+0000] {logging_mixin.py:190} INFO - [2025-04-10T16:02:25.080+0000] {dagbag.py:588} INFO - Filling up the DagBag from /home/airflow/.local/lib/python3.12/site-packages/airflow/example_dags/example_xcom.py
[2025-04-10T16:02:25.092+0000] {processor.py:925} INFO - DAG(s) 'example_xcom' retrieved from /home/airflow/.local/lib/python3.12/site-packages/airflow/example_dags/example_xcom.py
[2025-04-10T16:02:25.228+0000] {logging_mixin.py:190} INFO - [2025-04-10T16:02:25.226+0000] {override.py:1912} INFO - Created Permission View: can read on DAG:example_xcom
[2025-04-10T16:02:25.241+0000] {logging_mixin.py:190} INFO - [2025-04-10T16:02:25.241+0000] {override.py:1912} INFO - Created Permission View: can delete on DAG:example_xcom
[2025-04-10T16:02:25.251+0000] {logging_mixin.py:190} INFO - [2025-04-10T16:02:25.250+0000] {override.py:1912} INFO - Created Permission View: can edit on DAG:example_xcom
[2025-04-10T16:02:25.260+0000] {logging_mixin.py:190} INFO - [2025-04-10T16:02:25.260+0000] {override.py:1912} INFO - Created Permission View: menu access on DAG Run:example_xcom
[2025-04-10T16:02:25.269+0000] {logging_mixin.py:190} INFO - [2025-04-10T16:02:25.269+0000] {override.py:1912} INFO - Created Permission View: can read on DAG Run:example_xcom
[2025-04-10T16:02:25.281+0000] {logging_mixin.py:190} INFO - [2025-04-10T16:02:25.281+0000] {override.py:1912} INFO - Created Permission View: can create on DAG Run:example_xcom
[2025-04-10T16:02:25.288+0000] {logging_mixin.py:190} INFO - [2025-04-10T16:02:25.288+0000] {override.py:1912} INFO - Created Permission View: can delete on DAG Run:example_xcom
[2025-04-10T16:02:25.289+0000] {logging_mixin.py:190} INFO - [2025-04-10T16:02:25.289+0000] {dag.py:3239} INFO - Sync 1 DAGs
[2025-04-10T16:02:25.305+0000] {logging_mixin.py:190} INFO - [2025-04-10T16:02:25.305+0000] {dag.py:3262} INFO - Creating ORM DAG for example_xcom
[2025-04-10T16:02:25.319+0000] {logging_mixin.py:190} INFO - [2025-04-10T16:02:25.319+0000] {dag.py:4180} INFO - Setting next_dagrun for example_xcom to 2021-01-01 00:00:00+00:00, run_after=2021-01-01 00:00:00+00:00
[2025-04-10T16:02:25.337+0000] {processor.py:208} INFO - Processing /home/airflow/.local/lib/python3.12/site-packages/airflow/example_dags/example_xcom.py took 0.268 seconds
[2025-04-10T16:02:55.544+0000] {processor.py:186} INFO - Started process (PID=163) to work on /home/airflow/.local/lib/python3.12/site-packages/airflow/example_dags/example_xcom.py
[2025-04-10T16:02:55.545+0000] {processor.py:914} INFO - Processing file /home/airflow/.local/lib/python3.12/site-packages/airflow/example_dags/example_xcom.py for tasks to queue
[2025-04-10T16:02:55.547+0000] {logging_mixin.py:190} INFO - [2025-04-10T16:02:55.547+0000] {dagbag.py:588} INFO - Filling up the DagBag from /home/airflow/.local/lib/python3.12/site-packages/airflow/example_dags/example_xcom.py
[2025-04-10T16:02:55.557+0000] {processor.py:925} INFO - DAG(s) 'example_xcom' retrieved from /home/airflow/.local/lib/python3.12/site-packages/airflow/example_dags/example_xcom.py
[2025-04-10T16:02:55.577+0000] {logging_mixin.py:190} INFO - [2025-04-10T16:02:55.577+0000] {dag.py:3239} INFO - Sync 1 DAGs
[2025-04-10T16:02:55.601+0000] {logging_mixin.py:190} INFO - [2025-04-10T16:02:55.601+0000] {dag.py:4180} INFO - Setting next_dagrun for example_xcom to 2021-01-01 00:00:00+00:00, run_after=2021-01-01 00:00:00+00:00
[2025-04-10T16:02:55.619+0000] {processor.py:208} INFO - Processing /home/airflow/.local/lib/python3.12/site-packages/airflow/example_dags/example_xcom.py took 0.082 seconds
[2025-04-10T16:03:26.045+0000] {processor.py:186} INFO - Started process (PID=226) to work on /home/airflow/.local/lib/python3.12/site-packages/airflow/example_dags/example_xcom.py
[2025-04-10T16:03:26.047+0000] {processor.py:914} INFO - Processing file /home/airflow/.local/lib/python3.12/site-packages/airflow/example_dags/example_xcom.py for tasks to queue
[2025-04-10T16:03:26.050+0000] {logging_mixin.py:190} INFO - [2025-04-10T16:03:26.049+0000] {dagbag.py:588} INFO - Filling up the DagBag from /home/airflow/.local/lib/python3.12/site-packages/airflow/example_dags/example_xcom.py
[2025-04-10T16:03:26.062+0000] {processor.py:925} INFO - DAG(s) 'example_xcom' retrieved from /home/airflow/.local/lib/python3.12/site-packages/airflow/example_dags/example_xcom.py
[2025-04-10T16:03:26.086+0000] {logging_mixin.py:190} INFO - [2025-04-10T16:03:26.086+0000] {dag.py:3239} INFO - Sync 1 DAGs
[2025-04-10T16:03:26.109+0000] {logging_mixin.py:190} INFO - [2025-04-10T16:03:26.109+0000] {dag.py:4180} INFO - Setting next_dagrun for example_xcom to 2021-01-01 00:00:00+00:00, run_after=2021-01-01 00:00:00+00:00
[2025-04-10T16:03:26.127+0000] {processor.py:208} INFO - Processing /home/airflow/.local/lib/python3.12/site-packages/airflow/example_dags/example_xcom.py took 0.088 seconds
[2025-04-10T16:03:56.376+0000] {processor.py:186} INFO - Started process (PID=289) to work on /home/airflow/.local/lib/python3.12/site-packages/airflow/example_dags/example_xcom.py
[2025-04-10T16:03:56.377+0000] {processor.py:914} INFO - Processing file /home/airflow/.local/lib/python3.12/site-packages/airflow/example_dags/example_xcom.py for tasks to queue
[2025-04-10T16:03:56.379+0000] {logging_mixin.py:190} INFO - [2025-04-10T16:03:56.379+0000] {dagbag.py:588} INFO - Filling up the DagBag from /home/airflow/.local/lib/python3.12/site-packages/airflow/example_dags/example_xcom.py
[2025-04-10T16:03:56.388+0000] {processor.py:925} INFO - DAG(s) 'example_xcom' retrieved from /home/airflow/.local/lib/python3.12/site-packages/airflow/example_dags/example_xcom.py
[2025-04-10T16:03:56.408+0000] {logging_mixin.py:190} INFO - [2025-04-10T16:03:56.407+0000] {dag.py:3239} INFO - Sync 1 DAGs
[2025-04-10T16:03:56.433+0000] {logging_mixin.py:190} INFO - [2025-04-10T16:03:56.432+0000] {dag.py:4180} INFO - Setting next_dagrun for example_xcom to 2021-01-01 00:00:00+00:00, run_after=2021-01-01 00:00:00+00:00
[2025-04-10T16:03:56.451+0000] {processor.py:208} INFO - Processing /home/airflow/.local/lib/python3.12/site-packages/airflow/example_dags/example_xcom.py took 0.081 seconds
[2025-04-10T16:04:27.089+0000] {processor.py:186} INFO - Started process (PID=352) to work on /home/airflow/.local/lib/python3.12/site-packages/airflow/example_dags/example_xcom.py
[2025-04-10T16:04:27.091+0000] {processor.py:914} INFO - Processing file /home/airflow/.local/lib/python3.12/site-packages/airflow/example_dags/example_xcom.py for tasks to queue
[2025-04-10T16:04:27.093+0000] {logging_mixin.py:190} INFO - [2025-04-10T16:04:27.093+0000] {dagbag.py:588} INFO - Filling up the DagBag from /home/airflow/.local/lib/python3.12/site-packages/airflow/example_dags/example_xcom.py
[2025-04-10T16:04:27.102+0000] {processor.py:925} INFO - DAG(s) 'example_xcom' retrieved from /home/airflow/.local/lib/python3.12/site-packages/airflow/example_dags/example_xcom.py
[2025-04-10T16:04:27.122+0000] {logging_mixin.py:190} INFO - [2025-04-10T16:04:27.122+0000] {dag.py:3239} INFO - Sync 1 DAGs
[2025-04-10T16:04:27.146+0000] {logging_mixin.py:190} INFO - [2025-04-10T16:04:27.146+0000] {dag.py:4180} INFO - Setting next_dagrun for example_xcom to 2021-01-01 00:00:00+00:00, run_after=2021-01-01 00:00:00+00:00
[2025-04-10T16:04:27.163+0000] {processor.py:208} INFO - Processing /home/airflow/.local/lib/python3.12/site-packages/airflow/example_dags/example_xcom.py took 0.080 seconds
[2025-04-10T16:04:57.785+0000] {processor.py:186} INFO - Started process (PID=415) to work on /home/airflow/.local/lib/python3.12/site-packages/airflow/example_dags/example_xcom.py
[2025-04-10T16:04:57.787+0000] {processor.py:914} INFO - Processing file /home/airflow/.local/lib/python3.12/site-packages/airflow/example_dags/example_xcom.py for tasks to queue
[2025-04-10T16:04:57.789+0000] {logging_mixin.py:190} INFO - [2025-04-10T16:04:57.789+0000] {dagbag.py:588} INFO - Filling up the DagBag from /home/airflow/.local/lib/python3.12/site-packages/airflow/example_dags/example_xcom.py
[2025-04-10T16:04:57.798+0000] {processor.py:925} INFO - DAG(s) 'example_xcom' retrieved from /home/airflow/.local/lib/python3.12/site-packages/airflow/example_dags/example_xcom.py
[2025-04-10T16:04:57.818+0000] {logging_mixin.py:190} INFO - [2025-04-10T16:04:57.817+0000] {dag.py:3239} INFO - Sync 1 DAGs
[2025-04-10T16:04:57.841+0000] {logging_mixin.py:190} INFO - [2025-04-10T16:04:57.841+0000] {dag.py:4180} INFO - Setting next_dagrun for example_xcom to 2021-01-01 00:00:00+00:00, run_after=2021-01-01 00:00:00+00:00
[2025-04-10T16:04:57.857+0000] {processor.py:208} INFO - Processing /home/airflow/.local/lib/python3.12/site-packages/airflow/example_dags/example_xcom.py took 0.078 seconds
[2025-04-10T16:05:28.348+0000] {processor.py:186} INFO - Started process (PID=478) to work on /home/airflow/.local/lib/python3.12/site-packages/airflow/example_dags/example_xcom.py
[2025-04-10T16:05:28.349+0000] {processor.py:914} INFO - Processing file /home/airflow/.local/lib/python3.12/site-packages/airflow/example_dags/example_xcom.py for tasks to queue
[2025-04-10T16:05:28.351+0000] {logging_mixin.py:190} INFO - [2025-04-10T16:05:28.351+0000] {dagbag.py:588} INFO - Filling up the DagBag from /home/airflow/.local/lib/python3.12/site-packages/airflow/example_dags/example_xcom.py
[2025-04-10T16:05:28.360+0000] {processor.py:925} INFO - DAG(s) 'example_xcom' retrieved from /home/airflow/.local/lib/python3.12/site-packages/airflow/example_dags/example_xcom.py
[2025-04-10T16:05:28.379+0000] {logging_mixin.py:190} INFO - [2025-04-10T16:05:28.379+0000] {dag.py:3239} INFO - Sync 1 DAGs
[2025-04-10T16:05:28.401+0000] {logging_mixin.py:190} INFO - [2025-04-10T16:05:28.401+0000] {dag.py:4180} INFO - Setting next_dagrun for example_xcom to 2021-01-01 00:00:00+00:00, run_after=2021-01-01 00:00:00+00:00
[2025-04-10T16:05:28.420+0000] {processor.py:208} INFO - Processing /home/airflow/.local/lib/python3.12/site-packages/airflow/example_dags/example_xcom.py took 0.077 seconds
[2025-04-10T16:05:58.713+0000] {processor.py:186} INFO - Started process (PID=541) to work on /home/airflow/.local/lib/python3.12/site-packages/airflow/example_dags/example_xcom.py
[2025-04-10T16:05:58.714+0000] {processor.py:914} INFO - Processing file /home/airflow/.local/lib/python3.12/site-packages/airflow/example_dags/example_xcom.py for tasks to queue
[2025-04-10T16:05:58.717+0000] {logging_mixin.py:190} INFO - [2025-04-10T16:05:58.716+0000] {dagbag.py:588} INFO - Filling up the DagBag from /home/airflow/.local/lib/python3.12/site-packages/airflow/example_dags/example_xcom.py
[2025-04-10T16:05:58.728+0000] {processor.py:925} INFO - DAG(s) 'example_xcom' retrieved from /home/airflow/.local/lib/python3.12/site-packages/airflow/example_dags/example_xcom.py
[2025-04-10T16:05:58.749+0000] {logging_mixin.py:190} INFO - [2025-04-10T16:05:58.749+0000] {dag.py:3239} INFO - Sync 1 DAGs
[2025-04-10T16:05:58.776+0000] {logging_mixin.py:190} INFO - [2025-04-10T16:05:58.776+0000] {dag.py:4180} INFO - Setting next_dagrun for example_xcom to 2021-01-01 00:00:00+00:00, run_after=2021-01-01 00:00:00+00:00
[2025-04-10T16:05:58.800+0000] {processor.py:208} INFO - Processing /home/airflow/.local/lib/python3.12/site-packages/airflow/example_dags/example_xcom.py took 0.093 seconds
[2025-04-10T16:06:29.572+0000] {processor.py:186} INFO - Started process (PID=604) to work on /home/airflow/.local/lib/python3.12/site-packages/airflow/example_dags/example_xcom.py
[2025-04-10T16:06:29.573+0000] {processor.py:914} INFO - Processing file /home/airflow/.local/lib/python3.12/site-packages/airflow/example_dags/example_xcom.py for tasks to queue
[2025-04-10T16:06:29.576+0000] {logging_mixin.py:190} INFO - [2025-04-10T16:06:29.575+0000] {dagbag.py:588} INFO - Filling up the DagBag from /home/airflow/.local/lib/python3.12/site-packages/airflow/example_dags/example_xcom.py
[2025-04-10T16:06:29.585+0000] {processor.py:925} INFO - DAG(s) 'example_xcom' retrieved from /home/airflow/.local/lib/python3.12/site-packages/airflow/example_dags/example_xcom.py
[2025-04-10T16:06:29.606+0000] {logging_mixin.py:190} INFO - [2025-04-10T16:06:29.605+0000] {dag.py:3239} INFO - Sync 1 DAGs
[2025-04-10T16:06:29.629+0000] {logging_mixin.py:190} INFO - [2025-04-10T16:06:29.629+0000] {dag.py:4180} INFO - Setting next_dagrun for example_xcom to 2021-01-01 00:00:00+00:00, run_after=2021-01-01 00:00:00+00:00
[2025-04-10T16:06:29.647+0000] {processor.py:208} INFO - Processing /home/airflow/.local/lib/python3.12/site-packages/airflow/example_dags/example_xcom.py took 0.080 seconds
[2025-04-10T16:06:59.776+0000] {processor.py:186} INFO - Started process (PID=667) to work on /home/airflow/.local/lib/python3.12/site-packages/airflow/example_dags/example_xcom.py
[2025-04-10T16:06:59.777+0000] {processor.py:914} INFO - Processing file /home/airflow/.local/lib/python3.12/site-packages/airflow/example_dags/example_xcom.py for tasks to queue
[2025-04-10T16:06:59.779+0000] {logging_mixin.py:190} INFO - [2025-04-10T16:06:59.779+0000] {dagbag.py:588} INFO - Filling up the DagBag from /home/airflow/.local/lib/python3.12/site-packages/airflow/example_dags/example_xcom.py
[2025-04-10T16:06:59.788+0000] {processor.py:925} INFO - DAG(s) 'example_xcom' retrieved from /home/airflow/.local/lib/python3.12/site-packages/airflow/example_dags/example_xcom.py
[2025-04-10T16:06:59.808+0000] {logging_mixin.py:190} INFO - [2025-04-10T16:06:59.808+0000] {dag.py:3239} INFO - Sync 1 DAGs
[2025-04-10T16:06:59.833+0000] {logging_mixin.py:190} INFO - [2025-04-10T16:06:59.833+0000] {dag.py:4180} INFO - Setting next_dagrun for example_xcom to 2021-01-01 00:00:00+00:00, run_after=2021-01-01 00:00:00+00:00
[2025-04-10T16:06:59.851+0000] {processor.py:208} INFO - Processing /home/airflow/.local/lib/python3.12/site-packages/airflow/example_dags/example_xcom.py took 0.080 seconds
[2025-04-10T16:07:30.863+0000] {processor.py:186} INFO - Started process (PID=730) to work on /home/airflow/.local/lib/python3.12/site-packages/airflow/example_dags/example_xcom.py
[2025-04-10T16:07:30.864+0000] {processor.py:914} INFO - Processing file /home/airflow/.local/lib/python3.12/site-packages/airflow/example_dags/example_xcom.py for tasks to queue
[2025-04-10T16:07:30.867+0000] {logging_mixin.py:190} INFO - [2025-04-10T16:07:30.866+0000] {dagbag.py:588} INFO - Filling up the DagBag from /home/airflow/.local/lib/python3.12/site-packages/airflow/example_dags/example_xcom.py
[2025-04-10T16:07:30.877+0000] {processor.py:925} INFO - DAG(s) 'example_xcom' retrieved from /home/airflow/.local/lib/python3.12/site-packages/airflow/example_dags/example_xcom.py
[2025-04-10T16:07:30.899+0000] {logging_mixin.py:190} INFO - [2025-04-10T16:07:30.899+0000] {dag.py:3239} INFO - Sync 1 DAGs
[2025-04-10T16:07:30.925+0000] {logging_mixin.py:190} INFO - [2025-04-10T16:07:30.925+0000] {dag.py:4180} INFO - Setting next_dagrun for example_xcom to 2021-01-01 00:00:00+00:00, run_after=2021-01-01 00:00:00+00:00
[2025-04-10T16:07:30.945+0000] {processor.py:208} INFO - Processing /home/airflow/.local/lib/python3.12/site-packages/airflow/example_dags/example_xcom.py took 0.089 seconds
[2025-04-10T16:08:01.694+0000] {processor.py:186} INFO - Started process (PID=793) to work on /home/airflow/.local/lib/python3.12/site-packages/airflow/example_dags/example_xcom.py
[2025-04-10T16:08:01.695+0000] {processor.py:914} INFO - Processing file /home/airflow/.local/lib/python3.12/site-packages/airflow/example_dags/example_xcom.py for tasks to queue
[2025-04-10T16:08:01.698+0000] {logging_mixin.py:190} INFO - [2025-04-10T16:08:01.697+0000] {dagbag.py:588} INFO - Filling up the DagBag from /home/airflow/.local/lib/python3.12/site-packages/airflow/example_dags/example_xcom.py
[2025-04-10T16:08:01.710+0000] {processor.py:925} INFO - DAG(s) 'example_xcom' retrieved from /home/airflow/.local/lib/python3.12/site-packages/airflow/example_dags/example_xcom.py
[2025-04-10T16:08:01.733+0000] {logging_mixin.py:190} INFO - [2025-04-10T16:08:01.733+0000] {dag.py:3239} INFO - Sync 1 DAGs
[2025-04-10T16:08:01.758+0000] {logging_mixin.py:190} INFO - [2025-04-10T16:08:01.758+0000] {dag.py:4180} INFO - Setting next_dagrun for example_xcom to 2021-01-01 00:00:00+00:00, run_after=2021-01-01 00:00:00+00:00
[2025-04-10T16:08:01.778+0000] {processor.py:208} INFO - Processing /home/airflow/.local/lib/python3.12/site-packages/airflow/example_dags/example_xcom.py took 0.090 seconds
[2025-04-10T16:08:32.091+0000] {processor.py:186} INFO - Started process (PID=856) to work on /home/airflow/.local/lib/python3.12/site-packages/airflow/example_dags/example_xcom.py
[2025-04-10T16:08:32.092+0000] {processor.py:914} INFO - Processing file /home/airflow/.local/lib/python3.12/site-packages/airflow/example_dags/example_xcom.py for tasks to queue
[2025-04-10T16:08:32.095+0000] {logging_mixin.py:190} INFO - [2025-04-10T16:08:32.094+0000] {dagbag.py:588} INFO - Filling up the DagBag from /home/airflow/.local/lib/python3.12/site-packages/airflow/example_dags/example_xcom.py
[2025-04-10T16:08:32.108+0000] {processor.py:925} INFO - DAG(s) 'example_xcom' retrieved from /home/airflow/.local/lib/python3.12/site-packages/airflow/example_dags/example_xcom.py
[2025-04-10T16:08:32.134+0000] {logging_mixin.py:190} INFO - [2025-04-10T16:08:32.134+0000] {dag.py:3239} INFO - Sync 1 DAGs
[2025-04-10T16:08:32.165+0000] {logging_mixin.py:190} INFO - [2025-04-10T16:08:32.165+0000] {dag.py:4180} INFO - Setting next_dagrun for example_xcom to 2021-01-01 00:00:00+00:00, run_after=2021-01-01 00:00:00+00:00
[2025-04-10T16:08:32.188+0000] {processor.py:208} INFO - Processing /home/airflow/.local/lib/python3.12/site-packages/airflow/example_dags/example_xcom.py took 0.103 seconds
[2025-04-10T16:09:03.030+0000] {processor.py:186} INFO - Started process (PID=919) to work on /home/airflow/.local/lib/python3.12/site-packages/airflow/example_dags/example_xcom.py
[2025-04-10T16:09:03.031+0000] {processor.py:914} INFO - Processing file /home/airflow/.local/lib/python3.12/site-packages/airflow/example_dags/example_xcom.py for tasks to queue
[2025-04-10T16:09:03.033+0000] {logging_mixin.py:190} INFO - [2025-04-10T16:09:03.033+0000] {dagbag.py:588} INFO - Filling up the DagBag from /home/airflow/.local/lib/python3.12/site-packages/airflow/example_dags/example_xcom.py
[2025-04-10T16:09:03.042+0000] {processor.py:925} INFO - DAG(s) 'example_xcom' retrieved from /home/airflow/.local/lib/python3.12/site-packages/airflow/example_dags/example_xcom.py
[2025-04-10T16:09:03.064+0000] {logging_mixin.py:190} INFO - [2025-04-10T16:09:03.064+0000] {dag.py:3239} INFO - Sync 1 DAGs
[2025-04-10T16:09:03.087+0000] {logging_mixin.py:190} INFO - [2025-04-10T16:09:03.087+0000] {dag.py:4180} INFO - Setting next_dagrun for example_xcom to 2021-01-01 00:00:00+00:00, run_after=2021-01-01 00:00:00+00:00
[2025-04-10T16:09:03.104+0000] {processor.py:208} INFO - Processing /home/airflow/.local/lib/python3.12/site-packages/airflow/example_dags/example_xcom.py took 0.079 seconds
