[2025-04-10T16:02:21.345+0000] {processor.py:186} INFO - Started process (PID=70) to work on /home/airflow/.local/lib/python3.12/site-packages/airflow/example_dags/example_bash_operator.py
[2025-04-10T16:02:21.346+0000] {processor.py:914} INFO - Processing file /home/airflow/.local/lib/python3.12/site-packages/airflow/example_dags/example_bash_operator.py for tasks to queue
[2025-04-10T16:02:21.348+0000] {logging_mixin.py:190} INFO - [2025-04-10T16:02:21.348+0000] {dagbag.py:588} INFO - Filling up the DagBag from /home/airflow/.local/lib/python3.12/site-packages/airflow/example_dags/example_bash_operator.py
[2025-04-10T16:02:21.363+0000] {processor.py:925} INFO - DAG(s) 'example_bash_operator' retrieved from /home/airflow/.local/lib/python3.12/site-packages/airflow/example_dags/example_bash_operator.py
[2025-04-10T16:02:21.493+0000] {logging_mixin.py:190} INFO - [2025-04-10T16:02:21.493+0000] {override.py:1912} INFO - Created Permission View: can read on DAG:example_bash_operator
[2025-04-10T16:02:21.504+0000] {logging_mixin.py:190} INFO - [2025-04-10T16:02:21.503+0000] {override.py:1912} INFO - Created Permission View: can delete on DAG:example_bash_operator
[2025-04-10T16:02:21.510+0000] {logging_mixin.py:190} INFO - [2025-04-10T16:02:21.510+0000] {override.py:1912} INFO - Created Permission View: can edit on DAG:example_bash_operator
[2025-04-10T16:02:21.517+0000] {logging_mixin.py:190} INFO - [2025-04-10T16:02:21.517+0000] {override.py:1912} INFO - Created Permission View: menu access on DAG Run:example_bash_operator
[2025-04-10T16:02:21.523+0000] {logging_mixin.py:190} INFO - [2025-04-10T16:02:21.523+0000] {override.py:1912} INFO - Created Permission View: can read on DAG Run:example_bash_operator
[2025-04-10T16:02:21.530+0000] {logging_mixin.py:190} INFO - [2025-04-10T16:02:21.530+0000] {override.py:1912} INFO - Created Permission View: can create on DAG Run:example_bash_operator
[2025-04-10T16:02:21.536+0000] {logging_mixin.py:190} INFO - [2025-04-10T16:02:21.536+0000] {override.py:1912} INFO - Created Permission View: can delete on DAG Run:example_bash_operator
[2025-04-10T16:02:21.537+0000] {logging_mixin.py:190} INFO - [2025-04-10T16:02:21.536+0000] {dag.py:3239} INFO - Sync 1 DAGs
[2025-04-10T16:02:21.551+0000] {logging_mixin.py:190} INFO - [2025-04-10T16:02:21.550+0000] {dag.py:3262} INFO - Creating ORM DAG for example_bash_operator
[2025-04-10T16:02:21.563+0000] {logging_mixin.py:190} INFO - [2025-04-10T16:02:21.563+0000] {dag.py:4180} INFO - Setting next_dagrun for example_bash_operator to 2025-04-09 00:00:00+00:00, run_after=2025-04-10 00:00:00+00:00
[2025-04-10T16:02:21.582+0000] {processor.py:208} INFO - Processing /home/airflow/.local/lib/python3.12/site-packages/airflow/example_dags/example_bash_operator.py took 0.244 seconds
[2025-04-10T16:02:51.912+0000] {processor.py:186} INFO - Started process (PID=133) to work on /home/airflow/.local/lib/python3.12/site-packages/airflow/example_dags/example_bash_operator.py
[2025-04-10T16:02:51.914+0000] {processor.py:914} INFO - Processing file /home/airflow/.local/lib/python3.12/site-packages/airflow/example_dags/example_bash_operator.py for tasks to queue
[2025-04-10T16:02:51.916+0000] {logging_mixin.py:190} INFO - [2025-04-10T16:02:51.916+0000] {dagbag.py:588} INFO - Filling up the DagBag from /home/airflow/.local/lib/python3.12/site-packages/airflow/example_dags/example_bash_operator.py
[2025-04-10T16:02:51.930+0000] {processor.py:925} INFO - DAG(s) 'example_bash_operator' retrieved from /home/airflow/.local/lib/python3.12/site-packages/airflow/example_dags/example_bash_operator.py
[2025-04-10T16:02:51.955+0000] {logging_mixin.py:190} INFO - [2025-04-10T16:02:51.955+0000] {dag.py:3239} INFO - Sync 1 DAGs
[2025-04-10T16:02:51.980+0000] {logging_mixin.py:190} INFO - [2025-04-10T16:02:51.979+0000] {dag.py:4180} INFO - Setting next_dagrun for example_bash_operator to 2025-04-09 00:00:00+00:00, run_after=2025-04-10 00:00:00+00:00
[2025-04-10T16:02:51.998+0000] {processor.py:208} INFO - Processing /home/airflow/.local/lib/python3.12/site-packages/airflow/example_dags/example_bash_operator.py took 0.092 seconds
[2025-04-10T16:03:22.551+0000] {processor.py:186} INFO - Started process (PID=196) to work on /home/airflow/.local/lib/python3.12/site-packages/airflow/example_dags/example_bash_operator.py
[2025-04-10T16:03:22.552+0000] {processor.py:914} INFO - Processing file /home/airflow/.local/lib/python3.12/site-packages/airflow/example_dags/example_bash_operator.py for tasks to queue
[2025-04-10T16:03:22.554+0000] {logging_mixin.py:190} INFO - [2025-04-10T16:03:22.554+0000] {dagbag.py:588} INFO - Filling up the DagBag from /home/airflow/.local/lib/python3.12/site-packages/airflow/example_dags/example_bash_operator.py
[2025-04-10T16:03:22.569+0000] {processor.py:925} INFO - DAG(s) 'example_bash_operator' retrieved from /home/airflow/.local/lib/python3.12/site-packages/airflow/example_dags/example_bash_operator.py
[2025-04-10T16:03:22.597+0000] {logging_mixin.py:190} INFO - [2025-04-10T16:03:22.597+0000] {dag.py:3239} INFO - Sync 1 DAGs
[2025-04-10T16:03:22.622+0000] {logging_mixin.py:190} INFO - [2025-04-10T16:03:22.622+0000] {dag.py:4180} INFO - Setting next_dagrun for example_bash_operator to 2025-04-09 00:00:00+00:00, run_after=2025-04-10 00:00:00+00:00
[2025-04-10T16:03:22.641+0000] {processor.py:208} INFO - Processing /home/airflow/.local/lib/python3.12/site-packages/airflow/example_dags/example_bash_operator.py took 0.097 seconds
[2025-04-10T16:03:52.753+0000] {processor.py:186} INFO - Started process (PID=259) to work on /home/airflow/.local/lib/python3.12/site-packages/airflow/example_dags/example_bash_operator.py
[2025-04-10T16:03:52.754+0000] {processor.py:914} INFO - Processing file /home/airflow/.local/lib/python3.12/site-packages/airflow/example_dags/example_bash_operator.py for tasks to queue
[2025-04-10T16:03:52.757+0000] {logging_mixin.py:190} INFO - [2025-04-10T16:03:52.756+0000] {dagbag.py:588} INFO - Filling up the DagBag from /home/airflow/.local/lib/python3.12/site-packages/airflow/example_dags/example_bash_operator.py
[2025-04-10T16:03:52.773+0000] {processor.py:925} INFO - DAG(s) 'example_bash_operator' retrieved from /home/airflow/.local/lib/python3.12/site-packages/airflow/example_dags/example_bash_operator.py
[2025-04-10T16:03:52.805+0000] {logging_mixin.py:190} INFO - [2025-04-10T16:03:52.805+0000] {dag.py:3239} INFO - Sync 1 DAGs
[2025-04-10T16:03:52.834+0000] {logging_mixin.py:190} INFO - [2025-04-10T16:03:52.834+0000] {dag.py:4180} INFO - Setting next_dagrun for example_bash_operator to 2025-04-09 00:00:00+00:00, run_after=2025-04-10 00:00:00+00:00
[2025-04-10T16:03:52.855+0000] {processor.py:208} INFO - Processing /home/airflow/.local/lib/python3.12/site-packages/airflow/example_dags/example_bash_operator.py took 0.110 seconds
[2025-04-10T16:04:23.616+0000] {processor.py:186} INFO - Started process (PID=322) to work on /home/airflow/.local/lib/python3.12/site-packages/airflow/example_dags/example_bash_operator.py
[2025-04-10T16:04:23.617+0000] {processor.py:914} INFO - Processing file /home/airflow/.local/lib/python3.12/site-packages/airflow/example_dags/example_bash_operator.py for tasks to queue
[2025-04-10T16:04:23.619+0000] {logging_mixin.py:190} INFO - [2025-04-10T16:04:23.619+0000] {dagbag.py:588} INFO - Filling up the DagBag from /home/airflow/.local/lib/python3.12/site-packages/airflow/example_dags/example_bash_operator.py
[2025-04-10T16:04:23.633+0000] {processor.py:925} INFO - DAG(s) 'example_bash_operator' retrieved from /home/airflow/.local/lib/python3.12/site-packages/airflow/example_dags/example_bash_operator.py
[2025-04-10T16:04:23.660+0000] {logging_mixin.py:190} INFO - [2025-04-10T16:04:23.660+0000] {dag.py:3239} INFO - Sync 1 DAGs
[2025-04-10T16:04:23.693+0000] {logging_mixin.py:190} INFO - [2025-04-10T16:04:23.693+0000] {dag.py:4180} INFO - Setting next_dagrun for example_bash_operator to 2025-04-09 00:00:00+00:00, run_after=2025-04-10 00:00:00+00:00
[2025-04-10T16:04:23.713+0000] {processor.py:208} INFO - Processing /home/airflow/.local/lib/python3.12/site-packages/airflow/example_dags/example_bash_operator.py took 0.103 seconds
[2025-04-10T16:04:54.397+0000] {processor.py:186} INFO - Started process (PID=385) to work on /home/airflow/.local/lib/python3.12/site-packages/airflow/example_dags/example_bash_operator.py
[2025-04-10T16:04:54.399+0000] {processor.py:914} INFO - Processing file /home/airflow/.local/lib/python3.12/site-packages/airflow/example_dags/example_bash_operator.py for tasks to queue
[2025-04-10T16:04:54.401+0000] {logging_mixin.py:190} INFO - [2025-04-10T16:04:54.401+0000] {dagbag.py:588} INFO - Filling up the DagBag from /home/airflow/.local/lib/python3.12/site-packages/airflow/example_dags/example_bash_operator.py
[2025-04-10T16:04:54.413+0000] {processor.py:925} INFO - DAG(s) 'example_bash_operator' retrieved from /home/airflow/.local/lib/python3.12/site-packages/airflow/example_dags/example_bash_operator.py
[2025-04-10T16:04:54.438+0000] {logging_mixin.py:190} INFO - [2025-04-10T16:04:54.438+0000] {dag.py:3239} INFO - Sync 1 DAGs
[2025-04-10T16:04:54.461+0000] {logging_mixin.py:190} INFO - [2025-04-10T16:04:54.460+0000] {dag.py:4180} INFO - Setting next_dagrun for example_bash_operator to 2025-04-09 00:00:00+00:00, run_after=2025-04-10 00:00:00+00:00
[2025-04-10T16:04:54.477+0000] {processor.py:208} INFO - Processing /home/airflow/.local/lib/python3.12/site-packages/airflow/example_dags/example_bash_operator.py took 0.086 seconds
[2025-04-10T16:05:24.943+0000] {processor.py:186} INFO - Started process (PID=454) to work on /home/airflow/.local/lib/python3.12/site-packages/airflow/example_dags/example_bash_operator.py
[2025-04-10T16:05:24.944+0000] {processor.py:914} INFO - Processing file /home/airflow/.local/lib/python3.12/site-packages/airflow/example_dags/example_bash_operator.py for tasks to queue
[2025-04-10T16:05:24.946+0000] {logging_mixin.py:190} INFO - [2025-04-10T16:05:24.946+0000] {dagbag.py:588} INFO - Filling up the DagBag from /home/airflow/.local/lib/python3.12/site-packages/airflow/example_dags/example_bash_operator.py
[2025-04-10T16:05:24.959+0000] {processor.py:925} INFO - DAG(s) 'example_bash_operator' retrieved from /home/airflow/.local/lib/python3.12/site-packages/airflow/example_dags/example_bash_operator.py
[2025-04-10T16:05:24.983+0000] {logging_mixin.py:190} INFO - [2025-04-10T16:05:24.983+0000] {dag.py:3239} INFO - Sync 1 DAGs
[2025-04-10T16:05:25.008+0000] {logging_mixin.py:190} INFO - [2025-04-10T16:05:25.008+0000] {dag.py:4180} INFO - Setting next_dagrun for example_bash_operator to 2025-04-09 00:00:00+00:00, run_after=2025-04-10 00:00:00+00:00
[2025-04-10T16:05:25.033+0000] {processor.py:208} INFO - Processing /home/airflow/.local/lib/python3.12/site-packages/airflow/example_dags/example_bash_operator.py took 0.096 seconds
[2025-04-10T16:05:56.003+0000] {processor.py:186} INFO - Started process (PID=517) to work on /home/airflow/.local/lib/python3.12/site-packages/airflow/example_dags/example_bash_operator.py
[2025-04-10T16:05:56.004+0000] {processor.py:914} INFO - Processing file /home/airflow/.local/lib/python3.12/site-packages/airflow/example_dags/example_bash_operator.py for tasks to queue
[2025-04-10T16:05:56.007+0000] {logging_mixin.py:190} INFO - [2025-04-10T16:05:56.006+0000] {dagbag.py:588} INFO - Filling up the DagBag from /home/airflow/.local/lib/python3.12/site-packages/airflow/example_dags/example_bash_operator.py
[2025-04-10T16:05:56.021+0000] {processor.py:925} INFO - DAG(s) 'example_bash_operator' retrieved from /home/airflow/.local/lib/python3.12/site-packages/airflow/example_dags/example_bash_operator.py
[2025-04-10T16:05:56.058+0000] {logging_mixin.py:190} INFO - [2025-04-10T16:05:56.058+0000] {dag.py:3239} INFO - Sync 1 DAGs
[2025-04-10T16:05:56.088+0000] {logging_mixin.py:190} INFO - [2025-04-10T16:05:56.088+0000] {dag.py:4180} INFO - Setting next_dagrun for example_bash_operator to 2025-04-09 00:00:00+00:00, run_after=2025-04-10 00:00:00+00:00
[2025-04-10T16:05:56.108+0000] {processor.py:208} INFO - Processing /home/airflow/.local/lib/python3.12/site-packages/airflow/example_dags/example_bash_operator.py took 0.114 seconds
[2025-04-10T16:06:26.164+0000] {processor.py:186} INFO - Started process (PID=580) to work on /home/airflow/.local/lib/python3.12/site-packages/airflow/example_dags/example_bash_operator.py
[2025-04-10T16:06:26.165+0000] {processor.py:914} INFO - Processing file /home/airflow/.local/lib/python3.12/site-packages/airflow/example_dags/example_bash_operator.py for tasks to queue
[2025-04-10T16:06:26.167+0000] {logging_mixin.py:190} INFO - [2025-04-10T16:06:26.167+0000] {dagbag.py:588} INFO - Filling up the DagBag from /home/airflow/.local/lib/python3.12/site-packages/airflow/example_dags/example_bash_operator.py
[2025-04-10T16:06:26.179+0000] {processor.py:925} INFO - DAG(s) 'example_bash_operator' retrieved from /home/airflow/.local/lib/python3.12/site-packages/airflow/example_dags/example_bash_operator.py
[2025-04-10T16:06:26.203+0000] {logging_mixin.py:190} INFO - [2025-04-10T16:06:26.203+0000] {dag.py:3239} INFO - Sync 1 DAGs
[2025-04-10T16:06:26.227+0000] {logging_mixin.py:190} INFO - [2025-04-10T16:06:26.226+0000] {dag.py:4180} INFO - Setting next_dagrun for example_bash_operator to 2025-04-09 00:00:00+00:00, run_after=2025-04-10 00:00:00+00:00
[2025-04-10T16:06:26.243+0000] {processor.py:208} INFO - Processing /home/airflow/.local/lib/python3.12/site-packages/airflow/example_dags/example_bash_operator.py took 0.085 seconds
[2025-04-10T16:06:57.219+0000] {processor.py:186} INFO - Started process (PID=643) to work on /home/airflow/.local/lib/python3.12/site-packages/airflow/example_dags/example_bash_operator.py
[2025-04-10T16:06:57.220+0000] {processor.py:914} INFO - Processing file /home/airflow/.local/lib/python3.12/site-packages/airflow/example_dags/example_bash_operator.py for tasks to queue
[2025-04-10T16:06:57.222+0000] {logging_mixin.py:190} INFO - [2025-04-10T16:06:57.222+0000] {dagbag.py:588} INFO - Filling up the DagBag from /home/airflow/.local/lib/python3.12/site-packages/airflow/example_dags/example_bash_operator.py
[2025-04-10T16:06:57.236+0000] {processor.py:925} INFO - DAG(s) 'example_bash_operator' retrieved from /home/airflow/.local/lib/python3.12/site-packages/airflow/example_dags/example_bash_operator.py
[2025-04-10T16:06:57.260+0000] {logging_mixin.py:190} INFO - [2025-04-10T16:06:57.259+0000] {dag.py:3239} INFO - Sync 1 DAGs
[2025-04-10T16:06:57.284+0000] {logging_mixin.py:190} INFO - [2025-04-10T16:06:57.284+0000] {dag.py:4180} INFO - Setting next_dagrun for example_bash_operator to 2025-04-09 00:00:00+00:00, run_after=2025-04-10 00:00:00+00:00
[2025-04-10T16:06:57.303+0000] {processor.py:208} INFO - Processing /home/airflow/.local/lib/python3.12/site-packages/airflow/example_dags/example_bash_operator.py took 0.090 seconds
[2025-04-10T16:07:28.289+0000] {processor.py:186} INFO - Started process (PID=706) to work on /home/airflow/.local/lib/python3.12/site-packages/airflow/example_dags/example_bash_operator.py
[2025-04-10T16:07:28.290+0000] {processor.py:914} INFO - Processing file /home/airflow/.local/lib/python3.12/site-packages/airflow/example_dags/example_bash_operator.py for tasks to queue
[2025-04-10T16:07:28.293+0000] {logging_mixin.py:190} INFO - [2025-04-10T16:07:28.293+0000] {dagbag.py:588} INFO - Filling up the DagBag from /home/airflow/.local/lib/python3.12/site-packages/airflow/example_dags/example_bash_operator.py
[2025-04-10T16:07:28.306+0000] {processor.py:925} INFO - DAG(s) 'example_bash_operator' retrieved from /home/airflow/.local/lib/python3.12/site-packages/airflow/example_dags/example_bash_operator.py
[2025-04-10T16:07:28.336+0000] {logging_mixin.py:190} INFO - [2025-04-10T16:07:28.336+0000] {dag.py:3239} INFO - Sync 1 DAGs
[2025-04-10T16:07:28.361+0000] {logging_mixin.py:190} INFO - [2025-04-10T16:07:28.361+0000] {dag.py:4180} INFO - Setting next_dagrun for example_bash_operator to 2025-04-09 00:00:00+00:00, run_after=2025-04-10 00:00:00+00:00
[2025-04-10T16:07:28.382+0000] {processor.py:208} INFO - Processing /home/airflow/.local/lib/python3.12/site-packages/airflow/example_dags/example_bash_operator.py took 0.103 seconds
[2025-04-10T16:07:59.116+0000] {processor.py:186} INFO - Started process (PID=769) to work on /home/airflow/.local/lib/python3.12/site-packages/airflow/example_dags/example_bash_operator.py
[2025-04-10T16:07:59.117+0000] {processor.py:914} INFO - Processing file /home/airflow/.local/lib/python3.12/site-packages/airflow/example_dags/example_bash_operator.py for tasks to queue
[2025-04-10T16:07:59.120+0000] {logging_mixin.py:190} INFO - [2025-04-10T16:07:59.119+0000] {dagbag.py:588} INFO - Filling up the DagBag from /home/airflow/.local/lib/python3.12/site-packages/airflow/example_dags/example_bash_operator.py
[2025-04-10T16:07:59.135+0000] {processor.py:925} INFO - DAG(s) 'example_bash_operator' retrieved from /home/airflow/.local/lib/python3.12/site-packages/airflow/example_dags/example_bash_operator.py
[2025-04-10T16:07:59.160+0000] {logging_mixin.py:190} INFO - [2025-04-10T16:07:59.160+0000] {dag.py:3239} INFO - Sync 1 DAGs
[2025-04-10T16:07:59.185+0000] {logging_mixin.py:190} INFO - [2025-04-10T16:07:59.185+0000] {dag.py:4180} INFO - Setting next_dagrun for example_bash_operator to 2025-04-09 00:00:00+00:00, run_after=2025-04-10 00:00:00+00:00
[2025-04-10T16:07:59.205+0000] {processor.py:208} INFO - Processing /home/airflow/.local/lib/python3.12/site-packages/airflow/example_dags/example_bash_operator.py took 0.096 seconds
[2025-04-10T16:08:29.634+0000] {processor.py:186} INFO - Started process (PID=832) to work on /home/airflow/.local/lib/python3.12/site-packages/airflow/example_dags/example_bash_operator.py
[2025-04-10T16:08:29.635+0000] {processor.py:914} INFO - Processing file /home/airflow/.local/lib/python3.12/site-packages/airflow/example_dags/example_bash_operator.py for tasks to queue
[2025-04-10T16:08:29.638+0000] {logging_mixin.py:190} INFO - [2025-04-10T16:08:29.637+0000] {dagbag.py:588} INFO - Filling up the DagBag from /home/airflow/.local/lib/python3.12/site-packages/airflow/example_dags/example_bash_operator.py
[2025-04-10T16:08:29.650+0000] {processor.py:925} INFO - DAG(s) 'example_bash_operator' retrieved from /home/airflow/.local/lib/python3.12/site-packages/airflow/example_dags/example_bash_operator.py
[2025-04-10T16:08:29.676+0000] {logging_mixin.py:190} INFO - [2025-04-10T16:08:29.675+0000] {dag.py:3239} INFO - Sync 1 DAGs
[2025-04-10T16:08:29.698+0000] {logging_mixin.py:190} INFO - [2025-04-10T16:08:29.698+0000] {dag.py:4180} INFO - Setting next_dagrun for example_bash_operator to 2025-04-09 00:00:00+00:00, run_after=2025-04-10 00:00:00+00:00
[2025-04-10T16:08:29.715+0000] {processor.py:208} INFO - Processing /home/airflow/.local/lib/python3.12/site-packages/airflow/example_dags/example_bash_operator.py took 0.087 seconds
[2025-04-10T16:09:00.462+0000] {processor.py:186} INFO - Started process (PID=895) to work on /home/airflow/.local/lib/python3.12/site-packages/airflow/example_dags/example_bash_operator.py
[2025-04-10T16:09:00.463+0000] {processor.py:914} INFO - Processing file /home/airflow/.local/lib/python3.12/site-packages/airflow/example_dags/example_bash_operator.py for tasks to queue
[2025-04-10T16:09:00.465+0000] {logging_mixin.py:190} INFO - [2025-04-10T16:09:00.465+0000] {dagbag.py:588} INFO - Filling up the DagBag from /home/airflow/.local/lib/python3.12/site-packages/airflow/example_dags/example_bash_operator.py
[2025-04-10T16:09:00.479+0000] {processor.py:925} INFO - DAG(s) 'example_bash_operator' retrieved from /home/airflow/.local/lib/python3.12/site-packages/airflow/example_dags/example_bash_operator.py
[2025-04-10T16:09:00.505+0000] {logging_mixin.py:190} INFO - [2025-04-10T16:09:00.505+0000] {dag.py:3239} INFO - Sync 1 DAGs
[2025-04-10T16:09:00.529+0000] {logging_mixin.py:190} INFO - [2025-04-10T16:09:00.529+0000] {dag.py:4180} INFO - Setting next_dagrun for example_bash_operator to 2025-04-09 00:00:00+00:00, run_after=2025-04-10 00:00:00+00:00
[2025-04-10T16:09:00.549+0000] {processor.py:208} INFO - Processing /home/airflow/.local/lib/python3.12/site-packages/airflow/example_dags/example_bash_operator.py took 0.093 seconds
