[2025-04-10T16:02:30.743+0000] {processor.py:186} INFO - Started process (PID=121) to work on /home/airflow/.local/lib/python3.12/site-packages/airflow/example_dags/example_external_task_marker_dag.py
[2025-04-10T16:02:30.757+0000] {processor.py:914} INFO - Processing file /home/airflow/.local/lib/python3.12/site-packages/airflow/example_dags/example_external_task_marker_dag.py for tasks to queue
[2025-04-10T16:02:30.765+0000] {logging_mixin.py:190} INFO - [2025-04-10T16:02:30.764+0000] {dagbag.py:588} INFO - Filling up the DagBag from /home/airflow/.local/lib/python3.12/site-packages/airflow/example_dags/example_external_task_marker_dag.py
[2025-04-10T16:02:30.785+0000] {processor.py:925} INFO - DAG(s) 'example_external_task_marker_parent', 'example_external_task_marker_child' retrieved from /home/airflow/.local/lib/python3.12/site-packages/airflow/example_dags/example_external_task_marker_dag.py
[2025-04-10T16:02:30.918+0000] {logging_mixin.py:190} INFO - [2025-04-10T16:02:30.918+0000] {override.py:1912} INFO - Created Permission View: can read on DAG:example_external_task_marker_parent
[2025-04-10T16:02:30.929+0000] {logging_mixin.py:190} INFO - [2025-04-10T16:02:30.928+0000] {override.py:1912} INFO - Created Permission View: can delete on DAG:example_external_task_marker_parent
[2025-04-10T16:02:30.935+0000] {logging_mixin.py:190} INFO - [2025-04-10T16:02:30.935+0000] {override.py:1912} INFO - Created Permission View: can edit on DAG:example_external_task_marker_parent
[2025-04-10T16:02:30.945+0000] {logging_mixin.py:190} INFO - [2025-04-10T16:02:30.945+0000] {override.py:1912} INFO - Created Permission View: menu access on DAG Run:example_external_task_marker_parent
[2025-04-10T16:02:30.953+0000] {logging_mixin.py:190} INFO - [2025-04-10T16:02:30.953+0000] {override.py:1912} INFO - Created Permission View: can read on DAG Run:example_external_task_marker_parent
[2025-04-10T16:02:30.961+0000] {logging_mixin.py:190} INFO - [2025-04-10T16:02:30.961+0000] {override.py:1912} INFO - Created Permission View: can create on DAG Run:example_external_task_marker_parent
[2025-04-10T16:02:30.968+0000] {logging_mixin.py:190} INFO - [2025-04-10T16:02:30.968+0000] {override.py:1912} INFO - Created Permission View: can delete on DAG Run:example_external_task_marker_parent
[2025-04-10T16:02:30.981+0000] {logging_mixin.py:190} INFO - [2025-04-10T16:02:30.980+0000] {override.py:1912} INFO - Created Permission View: can read on DAG:example_external_task_marker_child
[2025-04-10T16:02:30.988+0000] {logging_mixin.py:190} INFO - [2025-04-10T16:02:30.988+0000] {override.py:1912} INFO - Created Permission View: can delete on DAG:example_external_task_marker_child
[2025-04-10T16:02:30.995+0000] {logging_mixin.py:190} INFO - [2025-04-10T16:02:30.994+0000] {override.py:1912} INFO - Created Permission View: can edit on DAG:example_external_task_marker_child
[2025-04-10T16:02:31.006+0000] {logging_mixin.py:190} INFO - [2025-04-10T16:02:31.006+0000] {override.py:1912} INFO - Created Permission View: menu access on DAG Run:example_external_task_marker_child
[2025-04-10T16:02:31.015+0000] {logging_mixin.py:190} INFO - [2025-04-10T16:02:31.014+0000] {override.py:1912} INFO - Created Permission View: can read on DAG Run:example_external_task_marker_child
[2025-04-10T16:02:31.023+0000] {logging_mixin.py:190} INFO - [2025-04-10T16:02:31.023+0000] {override.py:1912} INFO - Created Permission View: can create on DAG Run:example_external_task_marker_child
[2025-04-10T16:02:31.029+0000] {logging_mixin.py:190} INFO - [2025-04-10T16:02:31.029+0000] {override.py:1912} INFO - Created Permission View: can delete on DAG Run:example_external_task_marker_child
[2025-04-10T16:02:31.030+0000] {logging_mixin.py:190} INFO - [2025-04-10T16:02:31.029+0000] {dag.py:3239} INFO - Sync 2 DAGs
[2025-04-10T16:02:31.042+0000] {logging_mixin.py:190} INFO - [2025-04-10T16:02:31.042+0000] {dag.py:3262} INFO - Creating ORM DAG for example_external_task_marker_parent
[2025-04-10T16:02:31.043+0000] {logging_mixin.py:190} INFO - [2025-04-10T16:02:31.043+0000] {dag.py:3262} INFO - Creating ORM DAG for example_external_task_marker_child
[2025-04-10T16:02:31.044+0000] {logging_mixin.py:190} INFO - [2025-04-10T16:02:31.044+0000] {dag.py:4180} INFO - Setting next_dagrun for example_external_task_marker_child to None, run_after=None
[2025-04-10T16:02:31.044+0000] {logging_mixin.py:190} INFO - [2025-04-10T16:02:31.044+0000] {dag.py:4180} INFO - Setting next_dagrun for example_external_task_marker_parent to None, run_after=None
[2025-04-10T16:02:31.060+0000] {processor.py:208} INFO - Processing /home/airflow/.local/lib/python3.12/site-packages/airflow/example_dags/example_external_task_marker_dag.py took 0.324 seconds
[2025-04-10T16:03:01.871+0000] {processor.py:186} INFO - Started process (PID=184) to work on /home/airflow/.local/lib/python3.12/site-packages/airflow/example_dags/example_external_task_marker_dag.py
[2025-04-10T16:03:01.872+0000] {processor.py:914} INFO - Processing file /home/airflow/.local/lib/python3.12/site-packages/airflow/example_dags/example_external_task_marker_dag.py for tasks to queue
[2025-04-10T16:03:01.874+0000] {logging_mixin.py:190} INFO - [2025-04-10T16:03:01.874+0000] {dagbag.py:588} INFO - Filling up the DagBag from /home/airflow/.local/lib/python3.12/site-packages/airflow/example_dags/example_external_task_marker_dag.py
[2025-04-10T16:03:01.882+0000] {processor.py:925} INFO - DAG(s) 'example_external_task_marker_parent', 'example_external_task_marker_child' retrieved from /home/airflow/.local/lib/python3.12/site-packages/airflow/example_dags/example_external_task_marker_dag.py
[2025-04-10T16:03:01.905+0000] {logging_mixin.py:190} INFO - [2025-04-10T16:03:01.905+0000] {dag.py:3239} INFO - Sync 2 DAGs
[2025-04-10T16:03:01.920+0000] {logging_mixin.py:190} INFO - [2025-04-10T16:03:01.920+0000] {dag.py:4180} INFO - Setting next_dagrun for example_external_task_marker_child to None, run_after=None
[2025-04-10T16:03:01.924+0000] {logging_mixin.py:190} INFO - [2025-04-10T16:03:01.924+0000] {dag.py:4180} INFO - Setting next_dagrun for example_external_task_marker_parent to None, run_after=None
[2025-04-10T16:03:01.952+0000] {processor.py:208} INFO - Processing /home/airflow/.local/lib/python3.12/site-packages/airflow/example_dags/example_external_task_marker_dag.py took 0.086 seconds
[2025-04-10T16:03:32.110+0000] {processor.py:186} INFO - Started process (PID=247) to work on /home/airflow/.local/lib/python3.12/site-packages/airflow/example_dags/example_external_task_marker_dag.py
[2025-04-10T16:03:32.111+0000] {processor.py:914} INFO - Processing file /home/airflow/.local/lib/python3.12/site-packages/airflow/example_dags/example_external_task_marker_dag.py for tasks to queue
[2025-04-10T16:03:32.114+0000] {logging_mixin.py:190} INFO - [2025-04-10T16:03:32.113+0000] {dagbag.py:588} INFO - Filling up the DagBag from /home/airflow/.local/lib/python3.12/site-packages/airflow/example_dags/example_external_task_marker_dag.py
[2025-04-10T16:03:32.121+0000] {processor.py:925} INFO - DAG(s) 'example_external_task_marker_parent', 'example_external_task_marker_child' retrieved from /home/airflow/.local/lib/python3.12/site-packages/airflow/example_dags/example_external_task_marker_dag.py
[2025-04-10T16:03:32.143+0000] {logging_mixin.py:190} INFO - [2025-04-10T16:03:32.142+0000] {dag.py:3239} INFO - Sync 2 DAGs
[2025-04-10T16:03:32.158+0000] {logging_mixin.py:190} INFO - [2025-04-10T16:03:32.157+0000] {dag.py:4180} INFO - Setting next_dagrun for example_external_task_marker_child to None, run_after=None
[2025-04-10T16:03:32.161+0000] {logging_mixin.py:190} INFO - [2025-04-10T16:03:32.161+0000] {dag.py:4180} INFO - Setting next_dagrun for example_external_task_marker_parent to None, run_after=None
[2025-04-10T16:03:32.177+0000] {processor.py:208} INFO - Processing /home/airflow/.local/lib/python3.12/site-packages/airflow/example_dags/example_external_task_marker_dag.py took 0.073 seconds
[2025-04-10T16:04:03.018+0000] {processor.py:186} INFO - Started process (PID=310) to work on /home/airflow/.local/lib/python3.12/site-packages/airflow/example_dags/example_external_task_marker_dag.py
[2025-04-10T16:04:03.019+0000] {processor.py:914} INFO - Processing file /home/airflow/.local/lib/python3.12/site-packages/airflow/example_dags/example_external_task_marker_dag.py for tasks to queue
[2025-04-10T16:04:03.021+0000] {logging_mixin.py:190} INFO - [2025-04-10T16:04:03.021+0000] {dagbag.py:588} INFO - Filling up the DagBag from /home/airflow/.local/lib/python3.12/site-packages/airflow/example_dags/example_external_task_marker_dag.py
[2025-04-10T16:04:03.030+0000] {processor.py:925} INFO - DAG(s) 'example_external_task_marker_parent', 'example_external_task_marker_child' retrieved from /home/airflow/.local/lib/python3.12/site-packages/airflow/example_dags/example_external_task_marker_dag.py
[2025-04-10T16:04:03.052+0000] {logging_mixin.py:190} INFO - [2025-04-10T16:04:03.052+0000] {dag.py:3239} INFO - Sync 2 DAGs
[2025-04-10T16:04:03.067+0000] {logging_mixin.py:190} INFO - [2025-04-10T16:04:03.067+0000] {dag.py:4180} INFO - Setting next_dagrun for example_external_task_marker_child to None, run_after=None
[2025-04-10T16:04:03.071+0000] {logging_mixin.py:190} INFO - [2025-04-10T16:04:03.071+0000] {dag.py:4180} INFO - Setting next_dagrun for example_external_task_marker_parent to None, run_after=None
[2025-04-10T16:04:03.086+0000] {processor.py:208} INFO - Processing /home/airflow/.local/lib/python3.12/site-packages/airflow/example_dags/example_external_task_marker_dag.py took 0.074 seconds
[2025-04-10T16:04:33.800+0000] {processor.py:186} INFO - Started process (PID=373) to work on /home/airflow/.local/lib/python3.12/site-packages/airflow/example_dags/example_external_task_marker_dag.py
[2025-04-10T16:04:33.802+0000] {processor.py:914} INFO - Processing file /home/airflow/.local/lib/python3.12/site-packages/airflow/example_dags/example_external_task_marker_dag.py for tasks to queue
[2025-04-10T16:04:33.804+0000] {logging_mixin.py:190} INFO - [2025-04-10T16:04:33.804+0000] {dagbag.py:588} INFO - Filling up the DagBag from /home/airflow/.local/lib/python3.12/site-packages/airflow/example_dags/example_external_task_marker_dag.py
[2025-04-10T16:04:33.812+0000] {processor.py:925} INFO - DAG(s) 'example_external_task_marker_child', 'example_external_task_marker_parent' retrieved from /home/airflow/.local/lib/python3.12/site-packages/airflow/example_dags/example_external_task_marker_dag.py
[2025-04-10T16:04:33.833+0000] {logging_mixin.py:190} INFO - [2025-04-10T16:04:33.833+0000] {dag.py:3239} INFO - Sync 2 DAGs
[2025-04-10T16:04:33.848+0000] {logging_mixin.py:190} INFO - [2025-04-10T16:04:33.848+0000] {dag.py:4180} INFO - Setting next_dagrun for example_external_task_marker_child to None, run_after=None
[2025-04-10T16:04:33.853+0000] {logging_mixin.py:190} INFO - [2025-04-10T16:04:33.852+0000] {dag.py:4180} INFO - Setting next_dagrun for example_external_task_marker_parent to None, run_after=None
[2025-04-10T16:04:33.869+0000] {processor.py:208} INFO - Processing /home/airflow/.local/lib/python3.12/site-packages/airflow/example_dags/example_external_task_marker_dag.py took 0.074 seconds
[2025-04-10T16:05:05.270+0000] {processor.py:186} INFO - Started process (PID=436) to work on /home/airflow/.local/lib/python3.12/site-packages/airflow/example_dags/example_external_task_marker_dag.py
[2025-04-10T16:05:05.271+0000] {processor.py:914} INFO - Processing file /home/airflow/.local/lib/python3.12/site-packages/airflow/example_dags/example_external_task_marker_dag.py for tasks to queue
[2025-04-10T16:05:05.274+0000] {logging_mixin.py:190} INFO - [2025-04-10T16:05:05.273+0000] {dagbag.py:588} INFO - Filling up the DagBag from /home/airflow/.local/lib/python3.12/site-packages/airflow/example_dags/example_external_task_marker_dag.py
[2025-04-10T16:05:05.281+0000] {processor.py:925} INFO - DAG(s) 'example_external_task_marker_parent', 'example_external_task_marker_child' retrieved from /home/airflow/.local/lib/python3.12/site-packages/airflow/example_dags/example_external_task_marker_dag.py
[2025-04-10T16:05:05.305+0000] {logging_mixin.py:190} INFO - [2025-04-10T16:05:05.305+0000] {dag.py:3239} INFO - Sync 2 DAGs
[2025-04-10T16:05:05.323+0000] {logging_mixin.py:190} INFO - [2025-04-10T16:05:05.322+0000] {dag.py:4180} INFO - Setting next_dagrun for example_external_task_marker_child to None, run_after=None
[2025-04-10T16:05:05.327+0000] {logging_mixin.py:190} INFO - [2025-04-10T16:05:05.327+0000] {dag.py:4180} INFO - Setting next_dagrun for example_external_task_marker_parent to None, run_after=None
[2025-04-10T16:05:05.345+0000] {processor.py:208} INFO - Processing /home/airflow/.local/lib/python3.12/site-packages/airflow/example_dags/example_external_task_marker_dag.py took 0.081 seconds
[2025-04-10T16:05:36.391+0000] {processor.py:186} INFO - Started process (PID=499) to work on /home/airflow/.local/lib/python3.12/site-packages/airflow/example_dags/example_external_task_marker_dag.py
[2025-04-10T16:05:36.393+0000] {processor.py:914} INFO - Processing file /home/airflow/.local/lib/python3.12/site-packages/airflow/example_dags/example_external_task_marker_dag.py for tasks to queue
[2025-04-10T16:05:36.395+0000] {logging_mixin.py:190} INFO - [2025-04-10T16:05:36.395+0000] {dagbag.py:588} INFO - Filling up the DagBag from /home/airflow/.local/lib/python3.12/site-packages/airflow/example_dags/example_external_task_marker_dag.py
[2025-04-10T16:05:36.403+0000] {processor.py:925} INFO - DAG(s) 'example_external_task_marker_child', 'example_external_task_marker_parent' retrieved from /home/airflow/.local/lib/python3.12/site-packages/airflow/example_dags/example_external_task_marker_dag.py
[2025-04-10T16:05:36.425+0000] {logging_mixin.py:190} INFO - [2025-04-10T16:05:36.425+0000] {dag.py:3239} INFO - Sync 2 DAGs
[2025-04-10T16:05:36.440+0000] {logging_mixin.py:190} INFO - [2025-04-10T16:05:36.440+0000] {dag.py:4180} INFO - Setting next_dagrun for example_external_task_marker_child to None, run_after=None
[2025-04-10T16:05:36.444+0000] {logging_mixin.py:190} INFO - [2025-04-10T16:05:36.444+0000] {dag.py:4180} INFO - Setting next_dagrun for example_external_task_marker_parent to None, run_after=None
[2025-04-10T16:05:36.461+0000] {processor.py:208} INFO - Processing /home/airflow/.local/lib/python3.12/site-packages/airflow/example_dags/example_external_task_marker_dag.py took 0.076 seconds
[2025-04-10T16:06:07.520+0000] {processor.py:186} INFO - Started process (PID=562) to work on /home/airflow/.local/lib/python3.12/site-packages/airflow/example_dags/example_external_task_marker_dag.py
[2025-04-10T16:06:07.521+0000] {processor.py:914} INFO - Processing file /home/airflow/.local/lib/python3.12/site-packages/airflow/example_dags/example_external_task_marker_dag.py for tasks to queue
[2025-04-10T16:06:07.524+0000] {logging_mixin.py:190} INFO - [2025-04-10T16:06:07.524+0000] {dagbag.py:588} INFO - Filling up the DagBag from /home/airflow/.local/lib/python3.12/site-packages/airflow/example_dags/example_external_task_marker_dag.py
[2025-04-10T16:06:07.534+0000] {processor.py:925} INFO - DAG(s) 'example_external_task_marker_child', 'example_external_task_marker_parent' retrieved from /home/airflow/.local/lib/python3.12/site-packages/airflow/example_dags/example_external_task_marker_dag.py
[2025-04-10T16:06:07.558+0000] {logging_mixin.py:190} INFO - [2025-04-10T16:06:07.558+0000] {dag.py:3239} INFO - Sync 2 DAGs
[2025-04-10T16:06:07.578+0000] {logging_mixin.py:190} INFO - [2025-04-10T16:06:07.578+0000] {dag.py:4180} INFO - Setting next_dagrun for example_external_task_marker_child to None, run_after=None
[2025-04-10T16:06:07.583+0000] {logging_mixin.py:190} INFO - [2025-04-10T16:06:07.583+0000] {dag.py:4180} INFO - Setting next_dagrun for example_external_task_marker_parent to None, run_after=None
[2025-04-10T16:06:07.602+0000] {processor.py:208} INFO - Processing /home/airflow/.local/lib/python3.12/site-packages/airflow/example_dags/example_external_task_marker_dag.py took 0.087 seconds
[2025-04-10T16:06:38.446+0000] {processor.py:186} INFO - Started process (PID=625) to work on /home/airflow/.local/lib/python3.12/site-packages/airflow/example_dags/example_external_task_marker_dag.py
[2025-04-10T16:06:38.447+0000] {processor.py:914} INFO - Processing file /home/airflow/.local/lib/python3.12/site-packages/airflow/example_dags/example_external_task_marker_dag.py for tasks to queue
[2025-04-10T16:06:38.450+0000] {logging_mixin.py:190} INFO - [2025-04-10T16:06:38.449+0000] {dagbag.py:588} INFO - Filling up the DagBag from /home/airflow/.local/lib/python3.12/site-packages/airflow/example_dags/example_external_task_marker_dag.py
[2025-04-10T16:06:38.462+0000] {processor.py:925} INFO - DAG(s) 'example_external_task_marker_parent', 'example_external_task_marker_child' retrieved from /home/airflow/.local/lib/python3.12/site-packages/airflow/example_dags/example_external_task_marker_dag.py
[2025-04-10T16:06:38.509+0000] {logging_mixin.py:190} INFO - [2025-04-10T16:06:38.509+0000] {dag.py:3239} INFO - Sync 2 DAGs
[2025-04-10T16:06:38.533+0000] {logging_mixin.py:190} INFO - [2025-04-10T16:06:38.533+0000] {dag.py:4180} INFO - Setting next_dagrun for example_external_task_marker_child to None, run_after=None
[2025-04-10T16:06:38.538+0000] {logging_mixin.py:190} INFO - [2025-04-10T16:06:38.538+0000] {dag.py:4180} INFO - Setting next_dagrun for example_external_task_marker_parent to None, run_after=None
[2025-04-10T16:06:38.567+0000] {processor.py:208} INFO - Processing /home/airflow/.local/lib/python3.12/site-packages/airflow/example_dags/example_external_task_marker_dag.py took 0.127 seconds
[2025-04-10T16:07:09.533+0000] {processor.py:186} INFO - Started process (PID=688) to work on /home/airflow/.local/lib/python3.12/site-packages/airflow/example_dags/example_external_task_marker_dag.py
[2025-04-10T16:07:09.534+0000] {processor.py:914} INFO - Processing file /home/airflow/.local/lib/python3.12/site-packages/airflow/example_dags/example_external_task_marker_dag.py for tasks to queue
[2025-04-10T16:07:09.538+0000] {logging_mixin.py:190} INFO - [2025-04-10T16:07:09.537+0000] {dagbag.py:588} INFO - Filling up the DagBag from /home/airflow/.local/lib/python3.12/site-packages/airflow/example_dags/example_external_task_marker_dag.py
[2025-04-10T16:07:09.549+0000] {processor.py:925} INFO - DAG(s) 'example_external_task_marker_parent', 'example_external_task_marker_child' retrieved from /home/airflow/.local/lib/python3.12/site-packages/airflow/example_dags/example_external_task_marker_dag.py
[2025-04-10T16:07:09.576+0000] {logging_mixin.py:190} INFO - [2025-04-10T16:07:09.576+0000] {dag.py:3239} INFO - Sync 2 DAGs
[2025-04-10T16:07:09.595+0000] {logging_mixin.py:190} INFO - [2025-04-10T16:07:09.595+0000] {dag.py:4180} INFO - Setting next_dagrun for example_external_task_marker_child to None, run_after=None
[2025-04-10T16:07:09.600+0000] {logging_mixin.py:190} INFO - [2025-04-10T16:07:09.600+0000] {dag.py:4180} INFO - Setting next_dagrun for example_external_task_marker_parent to None, run_after=None
[2025-04-10T16:07:09.622+0000] {processor.py:208} INFO - Processing /home/airflow/.local/lib/python3.12/site-packages/airflow/example_dags/example_external_task_marker_dag.py took 0.098 seconds
[2025-04-10T16:07:40.514+0000] {processor.py:186} INFO - Started process (PID=751) to work on /home/airflow/.local/lib/python3.12/site-packages/airflow/example_dags/example_external_task_marker_dag.py
[2025-04-10T16:07:40.515+0000] {processor.py:914} INFO - Processing file /home/airflow/.local/lib/python3.12/site-packages/airflow/example_dags/example_external_task_marker_dag.py for tasks to queue
[2025-04-10T16:07:40.517+0000] {logging_mixin.py:190} INFO - [2025-04-10T16:07:40.517+0000] {dagbag.py:588} INFO - Filling up the DagBag from /home/airflow/.local/lib/python3.12/site-packages/airflow/example_dags/example_external_task_marker_dag.py
[2025-04-10T16:07:40.525+0000] {processor.py:925} INFO - DAG(s) 'example_external_task_marker_child', 'example_external_task_marker_parent' retrieved from /home/airflow/.local/lib/python3.12/site-packages/airflow/example_dags/example_external_task_marker_dag.py
[2025-04-10T16:07:40.549+0000] {logging_mixin.py:190} INFO - [2025-04-10T16:07:40.549+0000] {dag.py:3239} INFO - Sync 2 DAGs
[2025-04-10T16:07:40.564+0000] {logging_mixin.py:190} INFO - [2025-04-10T16:07:40.564+0000] {dag.py:4180} INFO - Setting next_dagrun for example_external_task_marker_child to None, run_after=None
[2025-04-10T16:07:40.568+0000] {logging_mixin.py:190} INFO - [2025-04-10T16:07:40.568+0000] {dag.py:4180} INFO - Setting next_dagrun for example_external_task_marker_parent to None, run_after=None
[2025-04-10T16:07:40.584+0000] {processor.py:208} INFO - Processing /home/airflow/.local/lib/python3.12/site-packages/airflow/example_dags/example_external_task_marker_dag.py took 0.077 seconds
[2025-04-10T16:08:11.833+0000] {processor.py:186} INFO - Started process (PID=814) to work on /home/airflow/.local/lib/python3.12/site-packages/airflow/example_dags/example_external_task_marker_dag.py
[2025-04-10T16:08:11.834+0000] {processor.py:914} INFO - Processing file /home/airflow/.local/lib/python3.12/site-packages/airflow/example_dags/example_external_task_marker_dag.py for tasks to queue
[2025-04-10T16:08:11.837+0000] {logging_mixin.py:190} INFO - [2025-04-10T16:08:11.837+0000] {dagbag.py:588} INFO - Filling up the DagBag from /home/airflow/.local/lib/python3.12/site-packages/airflow/example_dags/example_external_task_marker_dag.py
[2025-04-10T16:08:11.850+0000] {processor.py:925} INFO - DAG(s) 'example_external_task_marker_child', 'example_external_task_marker_parent' retrieved from /home/airflow/.local/lib/python3.12/site-packages/airflow/example_dags/example_external_task_marker_dag.py
[2025-04-10T16:08:11.886+0000] {logging_mixin.py:190} INFO - [2025-04-10T16:08:11.886+0000] {dag.py:3239} INFO - Sync 2 DAGs
[2025-04-10T16:08:11.908+0000] {logging_mixin.py:190} INFO - [2025-04-10T16:08:11.907+0000] {dag.py:4180} INFO - Setting next_dagrun for example_external_task_marker_child to None, run_after=None
[2025-04-10T16:08:11.915+0000] {logging_mixin.py:190} INFO - [2025-04-10T16:08:11.914+0000] {dag.py:4180} INFO - Setting next_dagrun for example_external_task_marker_parent to None, run_after=None
[2025-04-10T16:08:11.937+0000] {processor.py:208} INFO - Processing /home/airflow/.local/lib/python3.12/site-packages/airflow/example_dags/example_external_task_marker_dag.py took 0.112 seconds
[2025-04-10T16:08:42.726+0000] {processor.py:186} INFO - Started process (PID=877) to work on /home/airflow/.local/lib/python3.12/site-packages/airflow/example_dags/example_external_task_marker_dag.py
[2025-04-10T16:08:42.727+0000] {processor.py:914} INFO - Processing file /home/airflow/.local/lib/python3.12/site-packages/airflow/example_dags/example_external_task_marker_dag.py for tasks to queue
[2025-04-10T16:08:42.729+0000] {logging_mixin.py:190} INFO - [2025-04-10T16:08:42.729+0000] {dagbag.py:588} INFO - Filling up the DagBag from /home/airflow/.local/lib/python3.12/site-packages/airflow/example_dags/example_external_task_marker_dag.py
[2025-04-10T16:08:42.737+0000] {processor.py:925} INFO - DAG(s) 'example_external_task_marker_parent', 'example_external_task_marker_child' retrieved from /home/airflow/.local/lib/python3.12/site-packages/airflow/example_dags/example_external_task_marker_dag.py
[2025-04-10T16:08:42.760+0000] {logging_mixin.py:190} INFO - [2025-04-10T16:08:42.760+0000] {dag.py:3239} INFO - Sync 2 DAGs
[2025-04-10T16:08:42.775+0000] {logging_mixin.py:190} INFO - [2025-04-10T16:08:42.775+0000] {dag.py:4180} INFO - Setting next_dagrun for example_external_task_marker_child to None, run_after=None
[2025-04-10T16:08:42.779+0000] {logging_mixin.py:190} INFO - [2025-04-10T16:08:42.779+0000] {dag.py:4180} INFO - Setting next_dagrun for example_external_task_marker_parent to None, run_after=None
[2025-04-10T16:08:42.796+0000] {processor.py:208} INFO - Processing /home/airflow/.local/lib/python3.12/site-packages/airflow/example_dags/example_external_task_marker_dag.py took 0.075 seconds
[2025-04-10T16:09:14.014+0000] {processor.py:186} INFO - Started process (PID=940) to work on /home/airflow/.local/lib/python3.12/site-packages/airflow/example_dags/example_external_task_marker_dag.py
[2025-04-10T16:09:14.015+0000] {processor.py:914} INFO - Processing file /home/airflow/.local/lib/python3.12/site-packages/airflow/example_dags/example_external_task_marker_dag.py for tasks to queue
[2025-04-10T16:09:14.017+0000] {logging_mixin.py:190} INFO - [2025-04-10T16:09:14.017+0000] {dagbag.py:588} INFO - Filling up the DagBag from /home/airflow/.local/lib/python3.12/site-packages/airflow/example_dags/example_external_task_marker_dag.py
[2025-04-10T16:09:14.027+0000] {processor.py:925} INFO - DAG(s) 'example_external_task_marker_child', 'example_external_task_marker_parent' retrieved from /home/airflow/.local/lib/python3.12/site-packages/airflow/example_dags/example_external_task_marker_dag.py
[2025-04-10T16:09:14.051+0000] {logging_mixin.py:190} INFO - [2025-04-10T16:09:14.050+0000] {dag.py:3239} INFO - Sync 2 DAGs
[2025-04-10T16:09:14.080+0000] {logging_mixin.py:190} INFO - [2025-04-10T16:09:14.079+0000] {dag.py:4180} INFO - Setting next_dagrun for example_external_task_marker_child to None, run_after=None
[2025-04-10T16:09:14.086+0000] {logging_mixin.py:190} INFO - [2025-04-10T16:09:14.086+0000] {dag.py:4180} INFO - Setting next_dagrun for example_external_task_marker_parent to None, run_after=None
[2025-04-10T16:09:14.105+0000] {processor.py:208} INFO - Processing /home/airflow/.local/lib/python3.12/site-packages/airflow/example_dags/example_external_task_marker_dag.py took 0.098 seconds
