[2025-04-10T16:02:25.472+0000] {processor.py:186} INFO - Started process (PID=103) to work on /home/airflow/.local/lib/python3.12/site-packages/airflow/example_dags/example_task_group.py
[2025-04-10T16:02:25.473+0000] {processor.py:914} INFO - Processing file /home/airflow/.local/lib/python3.12/site-packages/airflow/example_dags/example_task_group.py for tasks to queue
[2025-04-10T16:02:25.476+0000] {logging_mixin.py:190} INFO - [2025-04-10T16:02:25.475+0000] {dagbag.py:588} INFO - Filling up the DagBag from /home/airflow/.local/lib/python3.12/site-packages/airflow/example_dags/example_task_group.py
[2025-04-10T16:02:25.489+0000] {processor.py:925} INFO - DAG(s) 'example_task_group' retrieved from /home/airflow/.local/lib/python3.12/site-packages/airflow/example_dags/example_task_group.py
[2025-04-10T16:02:25.620+0000] {logging_mixin.py:190} INFO - [2025-04-10T16:02:25.619+0000] {override.py:1912} INFO - Created Permission View: can read on DAG:example_task_group
[2025-04-10T16:02:25.630+0000] {logging_mixin.py:190} INFO - [2025-04-10T16:02:25.630+0000] {override.py:1912} INFO - Created Permission View: can delete on DAG:example_task_group
[2025-04-10T16:02:25.636+0000] {logging_mixin.py:190} INFO - [2025-04-10T16:02:25.636+0000] {override.py:1912} INFO - Created Permission View: can edit on DAG:example_task_group
[2025-04-10T16:02:25.643+0000] {logging_mixin.py:190} INFO - [2025-04-10T16:02:25.643+0000] {override.py:1912} INFO - Created Permission View: menu access on DAG Run:example_task_group
[2025-04-10T16:02:25.649+0000] {logging_mixin.py:190} INFO - [2025-04-10T16:02:25.649+0000] {override.py:1912} INFO - Created Permission View: can read on DAG Run:example_task_group
[2025-04-10T16:02:25.655+0000] {logging_mixin.py:190} INFO - [2025-04-10T16:02:25.655+0000] {override.py:1912} INFO - Created Permission View: can create on DAG Run:example_task_group
[2025-04-10T16:02:25.661+0000] {logging_mixin.py:190} INFO - [2025-04-10T16:02:25.660+0000] {override.py:1912} INFO - Created Permission View: can delete on DAG Run:example_task_group
[2025-04-10T16:02:25.661+0000] {logging_mixin.py:190} INFO - [2025-04-10T16:02:25.661+0000] {dag.py:3239} INFO - Sync 1 DAGs
[2025-04-10T16:02:25.674+0000] {logging_mixin.py:190} INFO - [2025-04-10T16:02:25.674+0000] {dag.py:3262} INFO - Creating ORM DAG for example_task_group
[2025-04-10T16:02:25.675+0000] {logging_mixin.py:190} INFO - [2025-04-10T16:02:25.675+0000] {dag.py:4180} INFO - Setting next_dagrun for example_task_group to None, run_after=None
[2025-04-10T16:02:25.690+0000] {processor.py:208} INFO - Processing /home/airflow/.local/lib/python3.12/site-packages/airflow/example_dags/example_task_group.py took 0.225 seconds
[2025-04-10T16:02:56.659+0000] {processor.py:186} INFO - Started process (PID=165) to work on /home/airflow/.local/lib/python3.12/site-packages/airflow/example_dags/example_task_group.py
[2025-04-10T16:02:56.660+0000] {processor.py:914} INFO - Processing file /home/airflow/.local/lib/python3.12/site-packages/airflow/example_dags/example_task_group.py for tasks to queue
[2025-04-10T16:02:56.663+0000] {logging_mixin.py:190} INFO - [2025-04-10T16:02:56.663+0000] {dagbag.py:588} INFO - Filling up the DagBag from /home/airflow/.local/lib/python3.12/site-packages/airflow/example_dags/example_task_group.py
[2025-04-10T16:02:56.672+0000] {processor.py:925} INFO - DAG(s) 'example_task_group' retrieved from /home/airflow/.local/lib/python3.12/site-packages/airflow/example_dags/example_task_group.py
[2025-04-10T16:02:56.693+0000] {logging_mixin.py:190} INFO - [2025-04-10T16:02:56.693+0000] {dag.py:3239} INFO - Sync 1 DAGs
[2025-04-10T16:02:56.708+0000] {logging_mixin.py:190} INFO - [2025-04-10T16:02:56.707+0000] {dag.py:4180} INFO - Setting next_dagrun for example_task_group to None, run_after=None
[2025-04-10T16:02:56.727+0000] {processor.py:208} INFO - Processing /home/airflow/.local/lib/python3.12/site-packages/airflow/example_dags/example_task_group.py took 0.074 seconds
[2025-04-10T16:03:27.166+0000] {processor.py:186} INFO - Started process (PID=228) to work on /home/airflow/.local/lib/python3.12/site-packages/airflow/example_dags/example_task_group.py
[2025-04-10T16:03:27.167+0000] {processor.py:914} INFO - Processing file /home/airflow/.local/lib/python3.12/site-packages/airflow/example_dags/example_task_group.py for tasks to queue
[2025-04-10T16:03:27.169+0000] {logging_mixin.py:190} INFO - [2025-04-10T16:03:27.169+0000] {dagbag.py:588} INFO - Filling up the DagBag from /home/airflow/.local/lib/python3.12/site-packages/airflow/example_dags/example_task_group.py
[2025-04-10T16:03:27.178+0000] {processor.py:925} INFO - DAG(s) 'example_task_group' retrieved from /home/airflow/.local/lib/python3.12/site-packages/airflow/example_dags/example_task_group.py
[2025-04-10T16:03:27.196+0000] {logging_mixin.py:190} INFO - [2025-04-10T16:03:27.196+0000] {dag.py:3239} INFO - Sync 1 DAGs
[2025-04-10T16:03:27.210+0000] {logging_mixin.py:190} INFO - [2025-04-10T16:03:27.210+0000] {dag.py:4180} INFO - Setting next_dagrun for example_task_group to None, run_after=None
[2025-04-10T16:03:27.228+0000] {processor.py:208} INFO - Processing /home/airflow/.local/lib/python3.12/site-packages/airflow/example_dags/example_task_group.py took 0.068 seconds
[2025-04-10T16:03:57.491+0000] {processor.py:186} INFO - Started process (PID=291) to work on /home/airflow/.local/lib/python3.12/site-packages/airflow/example_dags/example_task_group.py
[2025-04-10T16:03:57.492+0000] {processor.py:914} INFO - Processing file /home/airflow/.local/lib/python3.12/site-packages/airflow/example_dags/example_task_group.py for tasks to queue
[2025-04-10T16:03:57.494+0000] {logging_mixin.py:190} INFO - [2025-04-10T16:03:57.494+0000] {dagbag.py:588} INFO - Filling up the DagBag from /home/airflow/.local/lib/python3.12/site-packages/airflow/example_dags/example_task_group.py
[2025-04-10T16:03:57.503+0000] {processor.py:925} INFO - DAG(s) 'example_task_group' retrieved from /home/airflow/.local/lib/python3.12/site-packages/airflow/example_dags/example_task_group.py
[2025-04-10T16:03:57.524+0000] {logging_mixin.py:190} INFO - [2025-04-10T16:03:57.523+0000] {dag.py:3239} INFO - Sync 1 DAGs
[2025-04-10T16:03:57.538+0000] {logging_mixin.py:190} INFO - [2025-04-10T16:03:57.538+0000] {dag.py:4180} INFO - Setting next_dagrun for example_task_group to None, run_after=None
[2025-04-10T16:03:57.557+0000] {processor.py:208} INFO - Processing /home/airflow/.local/lib/python3.12/site-packages/airflow/example_dags/example_task_group.py took 0.073 seconds
[2025-04-10T16:04:28.203+0000] {processor.py:186} INFO - Started process (PID=354) to work on /home/airflow/.local/lib/python3.12/site-packages/airflow/example_dags/example_task_group.py
[2025-04-10T16:04:28.204+0000] {processor.py:914} INFO - Processing file /home/airflow/.local/lib/python3.12/site-packages/airflow/example_dags/example_task_group.py for tasks to queue
[2025-04-10T16:04:28.207+0000] {logging_mixin.py:190} INFO - [2025-04-10T16:04:28.206+0000] {dagbag.py:588} INFO - Filling up the DagBag from /home/airflow/.local/lib/python3.12/site-packages/airflow/example_dags/example_task_group.py
[2025-04-10T16:04:28.215+0000] {processor.py:925} INFO - DAG(s) 'example_task_group' retrieved from /home/airflow/.local/lib/python3.12/site-packages/airflow/example_dags/example_task_group.py
[2025-04-10T16:04:28.236+0000] {logging_mixin.py:190} INFO - [2025-04-10T16:04:28.235+0000] {dag.py:3239} INFO - Sync 1 DAGs
[2025-04-10T16:04:28.252+0000] {logging_mixin.py:190} INFO - [2025-04-10T16:04:28.252+0000] {dag.py:4180} INFO - Setting next_dagrun for example_task_group to None, run_after=None
[2025-04-10T16:04:28.268+0000] {processor.py:208} INFO - Processing /home/airflow/.local/lib/python3.12/site-packages/airflow/example_dags/example_task_group.py took 0.072 seconds
[2025-04-10T16:04:58.897+0000] {processor.py:186} INFO - Started process (PID=417) to work on /home/airflow/.local/lib/python3.12/site-packages/airflow/example_dags/example_task_group.py
[2025-04-10T16:04:58.899+0000] {processor.py:914} INFO - Processing file /home/airflow/.local/lib/python3.12/site-packages/airflow/example_dags/example_task_group.py for tasks to queue
[2025-04-10T16:04:58.902+0000] {logging_mixin.py:190} INFO - [2025-04-10T16:04:58.902+0000] {dagbag.py:588} INFO - Filling up the DagBag from /home/airflow/.local/lib/python3.12/site-packages/airflow/example_dags/example_task_group.py
[2025-04-10T16:04:58.910+0000] {processor.py:925} INFO - DAG(s) 'example_task_group' retrieved from /home/airflow/.local/lib/python3.12/site-packages/airflow/example_dags/example_task_group.py
[2025-04-10T16:04:58.929+0000] {logging_mixin.py:190} INFO - [2025-04-10T16:04:58.929+0000] {dag.py:3239} INFO - Sync 1 DAGs
[2025-04-10T16:04:58.943+0000] {logging_mixin.py:190} INFO - [2025-04-10T16:04:58.943+0000] {dag.py:4180} INFO - Setting next_dagrun for example_task_group to None, run_after=None
[2025-04-10T16:04:58.960+0000] {processor.py:208} INFO - Processing /home/airflow/.local/lib/python3.12/site-packages/airflow/example_dags/example_task_group.py took 0.069 seconds
[2025-04-10T16:05:29.467+0000] {processor.py:186} INFO - Started process (PID=480) to work on /home/airflow/.local/lib/python3.12/site-packages/airflow/example_dags/example_task_group.py
[2025-04-10T16:05:29.468+0000] {processor.py:914} INFO - Processing file /home/airflow/.local/lib/python3.12/site-packages/airflow/example_dags/example_task_group.py for tasks to queue
[2025-04-10T16:05:29.471+0000] {logging_mixin.py:190} INFO - [2025-04-10T16:05:29.470+0000] {dagbag.py:588} INFO - Filling up the DagBag from /home/airflow/.local/lib/python3.12/site-packages/airflow/example_dags/example_task_group.py
[2025-04-10T16:05:29.480+0000] {processor.py:925} INFO - DAG(s) 'example_task_group' retrieved from /home/airflow/.local/lib/python3.12/site-packages/airflow/example_dags/example_task_group.py
[2025-04-10T16:05:29.503+0000] {logging_mixin.py:190} INFO - [2025-04-10T16:05:29.502+0000] {dag.py:3239} INFO - Sync 1 DAGs
[2025-04-10T16:05:29.518+0000] {logging_mixin.py:190} INFO - [2025-04-10T16:05:29.517+0000] {dag.py:4180} INFO - Setting next_dagrun for example_task_group to None, run_after=None
[2025-04-10T16:05:29.536+0000] {processor.py:208} INFO - Processing /home/airflow/.local/lib/python3.12/site-packages/airflow/example_dags/example_task_group.py took 0.076 seconds
[2025-04-10T16:05:59.843+0000] {processor.py:186} INFO - Started process (PID=543) to work on /home/airflow/.local/lib/python3.12/site-packages/airflow/example_dags/example_task_group.py
[2025-04-10T16:05:59.843+0000] {processor.py:914} INFO - Processing file /home/airflow/.local/lib/python3.12/site-packages/airflow/example_dags/example_task_group.py for tasks to queue
[2025-04-10T16:05:59.846+0000] {logging_mixin.py:190} INFO - [2025-04-10T16:05:59.846+0000] {dagbag.py:588} INFO - Filling up the DagBag from /home/airflow/.local/lib/python3.12/site-packages/airflow/example_dags/example_task_group.py
[2025-04-10T16:05:59.857+0000] {processor.py:925} INFO - DAG(s) 'example_task_group' retrieved from /home/airflow/.local/lib/python3.12/site-packages/airflow/example_dags/example_task_group.py
[2025-04-10T16:05:59.877+0000] {logging_mixin.py:190} INFO - [2025-04-10T16:05:59.876+0000] {dag.py:3239} INFO - Sync 1 DAGs
[2025-04-10T16:05:59.891+0000] {logging_mixin.py:190} INFO - [2025-04-10T16:05:59.891+0000] {dag.py:4180} INFO - Setting next_dagrun for example_task_group to None, run_after=None
[2025-04-10T16:05:59.909+0000] {processor.py:208} INFO - Processing /home/airflow/.local/lib/python3.12/site-packages/airflow/example_dags/example_task_group.py took 0.073 seconds
[2025-04-10T16:06:30.684+0000] {processor.py:186} INFO - Started process (PID=606) to work on /home/airflow/.local/lib/python3.12/site-packages/airflow/example_dags/example_task_group.py
[2025-04-10T16:06:30.685+0000] {processor.py:914} INFO - Processing file /home/airflow/.local/lib/python3.12/site-packages/airflow/example_dags/example_task_group.py for tasks to queue
[2025-04-10T16:06:30.687+0000] {logging_mixin.py:190} INFO - [2025-04-10T16:06:30.687+0000] {dagbag.py:588} INFO - Filling up the DagBag from /home/airflow/.local/lib/python3.12/site-packages/airflow/example_dags/example_task_group.py
[2025-04-10T16:06:30.695+0000] {processor.py:925} INFO - DAG(s) 'example_task_group' retrieved from /home/airflow/.local/lib/python3.12/site-packages/airflow/example_dags/example_task_group.py
[2025-04-10T16:06:30.714+0000] {logging_mixin.py:190} INFO - [2025-04-10T16:06:30.714+0000] {dag.py:3239} INFO - Sync 1 DAGs
[2025-04-10T16:06:30.728+0000] {logging_mixin.py:190} INFO - [2025-04-10T16:06:30.728+0000] {dag.py:4180} INFO - Setting next_dagrun for example_task_group to None, run_after=None
[2025-04-10T16:06:30.745+0000] {processor.py:208} INFO - Processing /home/airflow/.local/lib/python3.12/site-packages/airflow/example_dags/example_task_group.py took 0.066 seconds
[2025-04-10T16:07:00.891+0000] {processor.py:186} INFO - Started process (PID=669) to work on /home/airflow/.local/lib/python3.12/site-packages/airflow/example_dags/example_task_group.py
[2025-04-10T16:07:00.892+0000] {processor.py:914} INFO - Processing file /home/airflow/.local/lib/python3.12/site-packages/airflow/example_dags/example_task_group.py for tasks to queue
[2025-04-10T16:07:00.895+0000] {logging_mixin.py:190} INFO - [2025-04-10T16:07:00.895+0000] {dagbag.py:588} INFO - Filling up the DagBag from /home/airflow/.local/lib/python3.12/site-packages/airflow/example_dags/example_task_group.py
[2025-04-10T16:07:00.903+0000] {processor.py:925} INFO - DAG(s) 'example_task_group' retrieved from /home/airflow/.local/lib/python3.12/site-packages/airflow/example_dags/example_task_group.py
[2025-04-10T16:07:00.924+0000] {logging_mixin.py:190} INFO - [2025-04-10T16:07:00.923+0000] {dag.py:3239} INFO - Sync 1 DAGs
[2025-04-10T16:07:00.938+0000] {logging_mixin.py:190} INFO - [2025-04-10T16:07:00.938+0000] {dag.py:4180} INFO - Setting next_dagrun for example_task_group to None, run_after=None
[2025-04-10T16:07:00.964+0000] {processor.py:208} INFO - Processing /home/airflow/.local/lib/python3.12/site-packages/airflow/example_dags/example_task_group.py took 0.078 seconds
[2025-04-10T16:07:31.022+0000] {processor.py:186} INFO - Started process (PID=732) to work on /home/airflow/.local/lib/python3.12/site-packages/airflow/example_dags/example_task_group.py
[2025-04-10T16:07:31.023+0000] {processor.py:914} INFO - Processing file /home/airflow/.local/lib/python3.12/site-packages/airflow/example_dags/example_task_group.py for tasks to queue
[2025-04-10T16:07:31.026+0000] {logging_mixin.py:190} INFO - [2025-04-10T16:07:31.025+0000] {dagbag.py:588} INFO - Filling up the DagBag from /home/airflow/.local/lib/python3.12/site-packages/airflow/example_dags/example_task_group.py
[2025-04-10T16:07:31.035+0000] {processor.py:925} INFO - DAG(s) 'example_task_group' retrieved from /home/airflow/.local/lib/python3.12/site-packages/airflow/example_dags/example_task_group.py
[2025-04-10T16:07:31.056+0000] {logging_mixin.py:190} INFO - [2025-04-10T16:07:31.056+0000] {dag.py:3239} INFO - Sync 1 DAGs
[2025-04-10T16:07:31.071+0000] {logging_mixin.py:190} INFO - [2025-04-10T16:07:31.071+0000] {dag.py:4180} INFO - Setting next_dagrun for example_task_group to None, run_after=None
[2025-04-10T16:07:31.090+0000] {processor.py:208} INFO - Processing /home/airflow/.local/lib/python3.12/site-packages/airflow/example_dags/example_task_group.py took 0.074 seconds
[2025-04-10T16:08:01.811+0000] {processor.py:186} INFO - Started process (PID=795) to work on /home/airflow/.local/lib/python3.12/site-packages/airflow/example_dags/example_task_group.py
[2025-04-10T16:08:01.812+0000] {processor.py:914} INFO - Processing file /home/airflow/.local/lib/python3.12/site-packages/airflow/example_dags/example_task_group.py for tasks to queue
[2025-04-10T16:08:01.814+0000] {logging_mixin.py:190} INFO - [2025-04-10T16:08:01.814+0000] {dagbag.py:588} INFO - Filling up the DagBag from /home/airflow/.local/lib/python3.12/site-packages/airflow/example_dags/example_task_group.py
[2025-04-10T16:08:01.824+0000] {processor.py:925} INFO - DAG(s) 'example_task_group' retrieved from /home/airflow/.local/lib/python3.12/site-packages/airflow/example_dags/example_task_group.py
[2025-04-10T16:08:01.847+0000] {logging_mixin.py:190} INFO - [2025-04-10T16:08:01.847+0000] {dag.py:3239} INFO - Sync 1 DAGs
[2025-04-10T16:08:01.865+0000] {logging_mixin.py:190} INFO - [2025-04-10T16:08:01.865+0000] {dag.py:4180} INFO - Setting next_dagrun for example_task_group to None, run_after=None
[2025-04-10T16:08:01.886+0000] {processor.py:208} INFO - Processing /home/airflow/.local/lib/python3.12/site-packages/airflow/example_dags/example_task_group.py took 0.082 seconds
[2025-04-10T16:08:32.221+0000] {processor.py:186} INFO - Started process (PID=858) to work on /home/airflow/.local/lib/python3.12/site-packages/airflow/example_dags/example_task_group.py
[2025-04-10T16:08:32.222+0000] {processor.py:914} INFO - Processing file /home/airflow/.local/lib/python3.12/site-packages/airflow/example_dags/example_task_group.py for tasks to queue
[2025-04-10T16:08:32.225+0000] {logging_mixin.py:190} INFO - [2025-04-10T16:08:32.224+0000] {dagbag.py:588} INFO - Filling up the DagBag from /home/airflow/.local/lib/python3.12/site-packages/airflow/example_dags/example_task_group.py
[2025-04-10T16:08:32.234+0000] {processor.py:925} INFO - DAG(s) 'example_task_group' retrieved from /home/airflow/.local/lib/python3.12/site-packages/airflow/example_dags/example_task_group.py
[2025-04-10T16:08:32.254+0000] {logging_mixin.py:190} INFO - [2025-04-10T16:08:32.253+0000] {dag.py:3239} INFO - Sync 1 DAGs
[2025-04-10T16:08:32.268+0000] {logging_mixin.py:190} INFO - [2025-04-10T16:08:32.268+0000] {dag.py:4180} INFO - Setting next_dagrun for example_task_group to None, run_after=None
[2025-04-10T16:08:32.286+0000] {processor.py:208} INFO - Processing /home/airflow/.local/lib/python3.12/site-packages/airflow/example_dags/example_task_group.py took 0.071 seconds
[2025-04-10T16:09:03.134+0000] {processor.py:186} INFO - Started process (PID=921) to work on /home/airflow/.local/lib/python3.12/site-packages/airflow/example_dags/example_task_group.py
[2025-04-10T16:09:03.135+0000] {processor.py:914} INFO - Processing file /home/airflow/.local/lib/python3.12/site-packages/airflow/example_dags/example_task_group.py for tasks to queue
[2025-04-10T16:09:03.138+0000] {logging_mixin.py:190} INFO - [2025-04-10T16:09:03.137+0000] {dagbag.py:588} INFO - Filling up the DagBag from /home/airflow/.local/lib/python3.12/site-packages/airflow/example_dags/example_task_group.py
[2025-04-10T16:09:03.146+0000] {processor.py:925} INFO - DAG(s) 'example_task_group' retrieved from /home/airflow/.local/lib/python3.12/site-packages/airflow/example_dags/example_task_group.py
[2025-04-10T16:09:03.166+0000] {logging_mixin.py:190} INFO - [2025-04-10T16:09:03.166+0000] {dag.py:3239} INFO - Sync 1 DAGs
[2025-04-10T16:09:03.180+0000] {logging_mixin.py:190} INFO - [2025-04-10T16:09:03.179+0000] {dag.py:4180} INFO - Setting next_dagrun for example_task_group to None, run_after=None
[2025-04-10T16:09:03.196+0000] {processor.py:208} INFO - Processing /home/airflow/.local/lib/python3.12/site-packages/airflow/example_dags/example_task_group.py took 0.067 seconds
