[2025-04-10T16:02:28.156+0000] {processor.py:186} INFO - Started process (PID=109) to work on /home/airflow/.local/lib/python3.12/site-packages/airflow/example_dags/example_branch_python_dop_operator_3.py
[2025-04-10T16:02:28.157+0000] {processor.py:914} INFO - Processing file /home/airflow/.local/lib/python3.12/site-packages/airflow/example_dags/example_branch_python_dop_operator_3.py for tasks to queue
[2025-04-10T16:02:28.160+0000] {logging_mixin.py:190} INFO - [2025-04-10T16:02:28.159+0000] {dagbag.py:588} INFO - Filling up the DagBag from /home/airflow/.local/lib/python3.12/site-packages/airflow/example_dags/example_branch_python_dop_operator_3.py
[2025-04-10T16:02:28.170+0000] {processor.py:925} INFO - DAG(s) 'example_branch_dop_operator_v3' retrieved from /home/airflow/.local/lib/python3.12/site-packages/airflow/example_dags/example_branch_python_dop_operator_3.py
[2025-04-10T16:02:28.275+0000] {logging_mixin.py:190} INFO - [2025-04-10T16:02:28.273+0000] {override.py:1912} INFO - Created Permission View: can read on DAG:example_branch_dop_operator_v3
[2025-04-10T16:02:28.285+0000] {logging_mixin.py:190} INFO - [2025-04-10T16:02:28.285+0000] {override.py:1912} INFO - Created Permission View: can delete on DAG:example_branch_dop_operator_v3
[2025-04-10T16:02:28.292+0000] {logging_mixin.py:190} INFO - [2025-04-10T16:02:28.292+0000] {override.py:1912} INFO - Created Permission View: can edit on DAG:example_branch_dop_operator_v3
[2025-04-10T16:02:28.300+0000] {logging_mixin.py:190} INFO - [2025-04-10T16:02:28.299+0000] {override.py:1912} INFO - Created Permission View: menu access on DAG Run:example_branch_dop_operator_v3
[2025-04-10T16:02:28.306+0000] {logging_mixin.py:190} INFO - [2025-04-10T16:02:28.306+0000] {override.py:1912} INFO - Created Permission View: can read on DAG Run:example_branch_dop_operator_v3
[2025-04-10T16:02:28.313+0000] {logging_mixin.py:190} INFO - [2025-04-10T16:02:28.313+0000] {override.py:1912} INFO - Created Permission View: can create on DAG Run:example_branch_dop_operator_v3
[2025-04-10T16:02:28.320+0000] {logging_mixin.py:190} INFO - [2025-04-10T16:02:28.319+0000] {override.py:1912} INFO - Created Permission View: can delete on DAG Run:example_branch_dop_operator_v3
[2025-04-10T16:02:28.320+0000] {logging_mixin.py:190} INFO - [2025-04-10T16:02:28.320+0000] {dag.py:3239} INFO - Sync 1 DAGs
[2025-04-10T16:02:28.334+0000] {logging_mixin.py:190} INFO - [2025-04-10T16:02:28.333+0000] {dag.py:3262} INFO - Creating ORM DAG for example_branch_dop_operator_v3
[2025-04-10T16:02:28.347+0000] {logging_mixin.py:190} INFO - [2025-04-10T16:02:28.347+0000] {dag.py:4180} INFO - Setting next_dagrun for example_branch_dop_operator_v3 to 2025-04-10 16:01:00+00:00, run_after=2025-04-10 16:02:00+00:00
[2025-04-10T16:02:28.364+0000] {processor.py:208} INFO - Processing /home/airflow/.local/lib/python3.12/site-packages/airflow/example_dags/example_branch_python_dop_operator_3.py took 0.214 seconds
[2025-04-10T16:02:58.622+0000] {processor.py:186} INFO - Started process (PID=171) to work on /home/airflow/.local/lib/python3.12/site-packages/airflow/example_dags/example_branch_python_dop_operator_3.py
[2025-04-10T16:02:58.623+0000] {processor.py:914} INFO - Processing file /home/airflow/.local/lib/python3.12/site-packages/airflow/example_dags/example_branch_python_dop_operator_3.py for tasks to queue
[2025-04-10T16:02:58.626+0000] {logging_mixin.py:190} INFO - [2025-04-10T16:02:58.626+0000] {dagbag.py:588} INFO - Filling up the DagBag from /home/airflow/.local/lib/python3.12/site-packages/airflow/example_dags/example_branch_python_dop_operator_3.py
[2025-04-10T16:02:58.638+0000] {processor.py:925} INFO - DAG(s) 'example_branch_dop_operator_v3' retrieved from /home/airflow/.local/lib/python3.12/site-packages/airflow/example_dags/example_branch_python_dop_operator_3.py
[2025-04-10T16:02:58.657+0000] {logging_mixin.py:190} INFO - [2025-04-10T16:02:58.657+0000] {dag.py:3239} INFO - Sync 1 DAGs
[2025-04-10T16:02:58.688+0000] {logging_mixin.py:190} INFO - [2025-04-10T16:02:58.688+0000] {dag.py:4180} INFO - Setting next_dagrun for example_branch_dop_operator_v3 to 2025-04-10 16:01:00+00:00, run_after=2025-04-10 16:02:00+00:00
[2025-04-10T16:02:58.707+0000] {processor.py:208} INFO - Processing /home/airflow/.local/lib/python3.12/site-packages/airflow/example_dags/example_branch_python_dop_operator_3.py took 0.090 seconds
[2025-04-10T16:03:30.076+0000] {processor.py:186} INFO - Started process (PID=234) to work on /home/airflow/.local/lib/python3.12/site-packages/airflow/example_dags/example_branch_python_dop_operator_3.py
[2025-04-10T16:03:30.077+0000] {processor.py:914} INFO - Processing file /home/airflow/.local/lib/python3.12/site-packages/airflow/example_dags/example_branch_python_dop_operator_3.py for tasks to queue
[2025-04-10T16:03:30.080+0000] {logging_mixin.py:190} INFO - [2025-04-10T16:03:30.079+0000] {dagbag.py:588} INFO - Filling up the DagBag from /home/airflow/.local/lib/python3.12/site-packages/airflow/example_dags/example_branch_python_dop_operator_3.py
[2025-04-10T16:03:30.090+0000] {processor.py:925} INFO - DAG(s) 'example_branch_dop_operator_v3' retrieved from /home/airflow/.local/lib/python3.12/site-packages/airflow/example_dags/example_branch_python_dop_operator_3.py
[2025-04-10T16:03:30.111+0000] {logging_mixin.py:190} INFO - [2025-04-10T16:03:30.110+0000] {dag.py:3239} INFO - Sync 1 DAGs
[2025-04-10T16:03:30.138+0000] {logging_mixin.py:190} INFO - [2025-04-10T16:03:30.138+0000] {dag.py:4180} INFO - Setting next_dagrun for example_branch_dop_operator_v3 to 2025-04-10 16:02:00+00:00, run_after=2025-04-10 16:03:00+00:00
[2025-04-10T16:03:30.158+0000] {processor.py:208} INFO - Processing /home/airflow/.local/lib/python3.12/site-packages/airflow/example_dags/example_branch_python_dop_operator_3.py took 0.088 seconds
[2025-04-10T16:04:01.411+0000] {processor.py:186} INFO - Started process (PID=297) to work on /home/airflow/.local/lib/python3.12/site-packages/airflow/example_dags/example_branch_python_dop_operator_3.py
[2025-04-10T16:04:01.412+0000] {processor.py:914} INFO - Processing file /home/airflow/.local/lib/python3.12/site-packages/airflow/example_dags/example_branch_python_dop_operator_3.py for tasks to queue
[2025-04-10T16:04:01.414+0000] {logging_mixin.py:190} INFO - [2025-04-10T16:04:01.414+0000] {dagbag.py:588} INFO - Filling up the DagBag from /home/airflow/.local/lib/python3.12/site-packages/airflow/example_dags/example_branch_python_dop_operator_3.py
[2025-04-10T16:04:01.425+0000] {processor.py:925} INFO - DAG(s) 'example_branch_dop_operator_v3' retrieved from /home/airflow/.local/lib/python3.12/site-packages/airflow/example_dags/example_branch_python_dop_operator_3.py
[2025-04-10T16:04:01.443+0000] {logging_mixin.py:190} INFO - [2025-04-10T16:04:01.443+0000] {dag.py:3239} INFO - Sync 1 DAGs
[2025-04-10T16:04:01.470+0000] {logging_mixin.py:190} INFO - [2025-04-10T16:04:01.470+0000] {dag.py:4180} INFO - Setting next_dagrun for example_branch_dop_operator_v3 to 2025-04-10 16:03:00+00:00, run_after=2025-04-10 16:04:00+00:00
[2025-04-10T16:04:01.488+0000] {processor.py:208} INFO - Processing /home/airflow/.local/lib/python3.12/site-packages/airflow/example_dags/example_branch_python_dop_operator_3.py took 0.083 seconds
[2025-04-10T16:04:32.230+0000] {processor.py:186} INFO - Started process (PID=360) to work on /home/airflow/.local/lib/python3.12/site-packages/airflow/example_dags/example_branch_python_dop_operator_3.py
[2025-04-10T16:04:32.232+0000] {processor.py:914} INFO - Processing file /home/airflow/.local/lib/python3.12/site-packages/airflow/example_dags/example_branch_python_dop_operator_3.py for tasks to queue
[2025-04-10T16:04:32.235+0000] {logging_mixin.py:190} INFO - [2025-04-10T16:04:32.234+0000] {dagbag.py:588} INFO - Filling up the DagBag from /home/airflow/.local/lib/python3.12/site-packages/airflow/example_dags/example_branch_python_dop_operator_3.py
[2025-04-10T16:04:32.246+0000] {processor.py:925} INFO - DAG(s) 'example_branch_dop_operator_v3' retrieved from /home/airflow/.local/lib/python3.12/site-packages/airflow/example_dags/example_branch_python_dop_operator_3.py
[2025-04-10T16:04:32.269+0000] {logging_mixin.py:190} INFO - [2025-04-10T16:04:32.269+0000] {dag.py:3239} INFO - Sync 1 DAGs
[2025-04-10T16:04:32.302+0000] {logging_mixin.py:190} INFO - [2025-04-10T16:04:32.302+0000] {dag.py:4180} INFO - Setting next_dagrun for example_branch_dop_operator_v3 to 2025-04-10 16:03:00+00:00, run_after=2025-04-10 16:04:00+00:00
[2025-04-10T16:04:32.323+0000] {processor.py:208} INFO - Processing /home/airflow/.local/lib/python3.12/site-packages/airflow/example_dags/example_branch_python_dop_operator_3.py took 0.100 seconds
[2025-04-10T16:05:03.725+0000] {processor.py:186} INFO - Started process (PID=423) to work on /home/airflow/.local/lib/python3.12/site-packages/airflow/example_dags/example_branch_python_dop_operator_3.py
[2025-04-10T16:05:03.726+0000] {processor.py:914} INFO - Processing file /home/airflow/.local/lib/python3.12/site-packages/airflow/example_dags/example_branch_python_dop_operator_3.py for tasks to queue
[2025-04-10T16:05:03.729+0000] {logging_mixin.py:190} INFO - [2025-04-10T16:05:03.728+0000] {dagbag.py:588} INFO - Filling up the DagBag from /home/airflow/.local/lib/python3.12/site-packages/airflow/example_dags/example_branch_python_dop_operator_3.py
[2025-04-10T16:05:03.739+0000] {processor.py:925} INFO - DAG(s) 'example_branch_dop_operator_v3' retrieved from /home/airflow/.local/lib/python3.12/site-packages/airflow/example_dags/example_branch_python_dop_operator_3.py
[2025-04-10T16:05:03.758+0000] {logging_mixin.py:190} INFO - [2025-04-10T16:05:03.758+0000] {dag.py:3239} INFO - Sync 1 DAGs
[2025-04-10T16:05:03.783+0000] {logging_mixin.py:190} INFO - [2025-04-10T16:05:03.783+0000] {dag.py:4180} INFO - Setting next_dagrun for example_branch_dop_operator_v3 to 2025-04-10 16:04:00+00:00, run_after=2025-04-10 16:05:00+00:00
[2025-04-10T16:05:03.800+0000] {processor.py:208} INFO - Processing /home/airflow/.local/lib/python3.12/site-packages/airflow/example_dags/example_branch_python_dop_operator_3.py took 0.081 seconds
[2025-04-10T16:05:34.553+0000] {processor.py:186} INFO - Started process (PID=486) to work on /home/airflow/.local/lib/python3.12/site-packages/airflow/example_dags/example_branch_python_dop_operator_3.py
[2025-04-10T16:05:34.554+0000] {processor.py:914} INFO - Processing file /home/airflow/.local/lib/python3.12/site-packages/airflow/example_dags/example_branch_python_dop_operator_3.py for tasks to queue
[2025-04-10T16:05:34.556+0000] {logging_mixin.py:190} INFO - [2025-04-10T16:05:34.556+0000] {dagbag.py:588} INFO - Filling up the DagBag from /home/airflow/.local/lib/python3.12/site-packages/airflow/example_dags/example_branch_python_dop_operator_3.py
[2025-04-10T16:05:34.567+0000] {processor.py:925} INFO - DAG(s) 'example_branch_dop_operator_v3' retrieved from /home/airflow/.local/lib/python3.12/site-packages/airflow/example_dags/example_branch_python_dop_operator_3.py
[2025-04-10T16:05:34.584+0000] {logging_mixin.py:190} INFO - [2025-04-10T16:05:34.584+0000] {dag.py:3239} INFO - Sync 1 DAGs
[2025-04-10T16:05:34.611+0000] {logging_mixin.py:190} INFO - [2025-04-10T16:05:34.611+0000] {dag.py:4180} INFO - Setting next_dagrun for example_branch_dop_operator_v3 to 2025-04-10 16:04:00+00:00, run_after=2025-04-10 16:05:00+00:00
[2025-04-10T16:05:34.630+0000] {processor.py:208} INFO - Processing /home/airflow/.local/lib/python3.12/site-packages/airflow/example_dags/example_branch_python_dop_operator_3.py took 0.083 seconds
[2025-04-10T16:06:05.172+0000] {processor.py:186} INFO - Started process (PID=548) to work on /home/airflow/.local/lib/python3.12/site-packages/airflow/example_dags/example_branch_python_dop_operator_3.py
[2025-04-10T16:06:05.173+0000] {processor.py:914} INFO - Processing file /home/airflow/.local/lib/python3.12/site-packages/airflow/example_dags/example_branch_python_dop_operator_3.py for tasks to queue
[2025-04-10T16:06:05.176+0000] {logging_mixin.py:190} INFO - [2025-04-10T16:06:05.175+0000] {dagbag.py:588} INFO - Filling up the DagBag from /home/airflow/.local/lib/python3.12/site-packages/airflow/example_dags/example_branch_python_dop_operator_3.py
[2025-04-10T16:06:05.186+0000] {processor.py:925} INFO - DAG(s) 'example_branch_dop_operator_v3' retrieved from /home/airflow/.local/lib/python3.12/site-packages/airflow/example_dags/example_branch_python_dop_operator_3.py
[2025-04-10T16:06:05.206+0000] {logging_mixin.py:190} INFO - [2025-04-10T16:06:05.206+0000] {dag.py:3239} INFO - Sync 1 DAGs
[2025-04-10T16:06:05.237+0000] {logging_mixin.py:190} INFO - [2025-04-10T16:06:05.236+0000] {dag.py:4180} INFO - Setting next_dagrun for example_branch_dop_operator_v3 to 2025-04-10 16:05:00+00:00, run_after=2025-04-10 16:06:00+00:00
[2025-04-10T16:06:05.263+0000] {processor.py:208} INFO - Processing /home/airflow/.local/lib/python3.12/site-packages/airflow/example_dags/example_branch_python_dop_operator_3.py took 0.097 seconds
[2025-04-10T16:06:36.014+0000] {processor.py:186} INFO - Started process (PID=611) to work on /home/airflow/.local/lib/python3.12/site-packages/airflow/example_dags/example_branch_python_dop_operator_3.py
[2025-04-10T16:06:36.015+0000] {processor.py:914} INFO - Processing file /home/airflow/.local/lib/python3.12/site-packages/airflow/example_dags/example_branch_python_dop_operator_3.py for tasks to queue
[2025-04-10T16:06:36.017+0000] {logging_mixin.py:190} INFO - [2025-04-10T16:06:36.017+0000] {dagbag.py:588} INFO - Filling up the DagBag from /home/airflow/.local/lib/python3.12/site-packages/airflow/example_dags/example_branch_python_dop_operator_3.py
[2025-04-10T16:06:36.028+0000] {processor.py:925} INFO - DAG(s) 'example_branch_dop_operator_v3' retrieved from /home/airflow/.local/lib/python3.12/site-packages/airflow/example_dags/example_branch_python_dop_operator_3.py
[2025-04-10T16:06:36.048+0000] {logging_mixin.py:190} INFO - [2025-04-10T16:06:36.048+0000] {dag.py:3239} INFO - Sync 1 DAGs
[2025-04-10T16:06:36.077+0000] {logging_mixin.py:190} INFO - [2025-04-10T16:06:36.077+0000] {dag.py:4180} INFO - Setting next_dagrun for example_branch_dop_operator_v3 to 2025-04-10 16:05:00+00:00, run_after=2025-04-10 16:06:00+00:00
[2025-04-10T16:06:36.094+0000] {processor.py:208} INFO - Processing /home/airflow/.local/lib/python3.12/site-packages/airflow/example_dags/example_branch_python_dop_operator_3.py took 0.086 seconds
[2025-04-10T16:07:06.135+0000] {processor.py:186} INFO - Started process (PID=673) to work on /home/airflow/.local/lib/python3.12/site-packages/airflow/example_dags/example_branch_python_dop_operator_3.py
[2025-04-10T16:07:06.136+0000] {processor.py:914} INFO - Processing file /home/airflow/.local/lib/python3.12/site-packages/airflow/example_dags/example_branch_python_dop_operator_3.py for tasks to queue
[2025-04-10T16:07:06.139+0000] {logging_mixin.py:190} INFO - [2025-04-10T16:07:06.138+0000] {dagbag.py:588} INFO - Filling up the DagBag from /home/airflow/.local/lib/python3.12/site-packages/airflow/example_dags/example_branch_python_dop_operator_3.py
[2025-04-10T16:07:06.151+0000] {processor.py:925} INFO - DAG(s) 'example_branch_dop_operator_v3' retrieved from /home/airflow/.local/lib/python3.12/site-packages/airflow/example_dags/example_branch_python_dop_operator_3.py
[2025-04-10T16:07:06.170+0000] {logging_mixin.py:190} INFO - [2025-04-10T16:07:06.170+0000] {dag.py:3239} INFO - Sync 1 DAGs
[2025-04-10T16:07:06.204+0000] {logging_mixin.py:190} INFO - [2025-04-10T16:07:06.204+0000] {dag.py:4180} INFO - Setting next_dagrun for example_branch_dop_operator_v3 to 2025-04-10 16:06:00+00:00, run_after=2025-04-10 16:07:00+00:00
[2025-04-10T16:07:06.227+0000] {processor.py:208} INFO - Processing /home/airflow/.local/lib/python3.12/site-packages/airflow/example_dags/example_branch_python_dop_operator_3.py took 0.099 seconds
[2025-04-10T16:07:36.263+0000] {processor.py:186} INFO - Started process (PID=736) to work on /home/airflow/.local/lib/python3.12/site-packages/airflow/example_dags/example_branch_python_dop_operator_3.py
[2025-04-10T16:07:36.264+0000] {processor.py:914} INFO - Processing file /home/airflow/.local/lib/python3.12/site-packages/airflow/example_dags/example_branch_python_dop_operator_3.py for tasks to queue
[2025-04-10T16:07:36.267+0000] {logging_mixin.py:190} INFO - [2025-04-10T16:07:36.266+0000] {dagbag.py:588} INFO - Filling up the DagBag from /home/airflow/.local/lib/python3.12/site-packages/airflow/example_dags/example_branch_python_dop_operator_3.py
[2025-04-10T16:07:36.277+0000] {processor.py:925} INFO - DAG(s) 'example_branch_dop_operator_v3' retrieved from /home/airflow/.local/lib/python3.12/site-packages/airflow/example_dags/example_branch_python_dop_operator_3.py
[2025-04-10T16:07:36.296+0000] {logging_mixin.py:190} INFO - [2025-04-10T16:07:36.296+0000] {dag.py:3239} INFO - Sync 1 DAGs
[2025-04-10T16:07:36.325+0000] {logging_mixin.py:190} INFO - [2025-04-10T16:07:36.325+0000] {dag.py:4180} INFO - Setting next_dagrun for example_branch_dop_operator_v3 to 2025-04-10 16:06:00+00:00, run_after=2025-04-10 16:07:00+00:00
[2025-04-10T16:07:36.346+0000] {processor.py:208} INFO - Processing /home/airflow/.local/lib/python3.12/site-packages/airflow/example_dags/example_branch_python_dop_operator_3.py took 0.090 seconds
[2025-04-10T16:08:07.040+0000] {processor.py:186} INFO - Started process (PID=799) to work on /home/airflow/.local/lib/python3.12/site-packages/airflow/example_dags/example_branch_python_dop_operator_3.py
[2025-04-10T16:08:07.041+0000] {processor.py:914} INFO - Processing file /home/airflow/.local/lib/python3.12/site-packages/airflow/example_dags/example_branch_python_dop_operator_3.py for tasks to queue
[2025-04-10T16:08:07.044+0000] {logging_mixin.py:190} INFO - [2025-04-10T16:08:07.044+0000] {dagbag.py:588} INFO - Filling up the DagBag from /home/airflow/.local/lib/python3.12/site-packages/airflow/example_dags/example_branch_python_dop_operator_3.py
[2025-04-10T16:08:07.054+0000] {processor.py:925} INFO - DAG(s) 'example_branch_dop_operator_v3' retrieved from /home/airflow/.local/lib/python3.12/site-packages/airflow/example_dags/example_branch_python_dop_operator_3.py
[2025-04-10T16:08:07.072+0000] {logging_mixin.py:190} INFO - [2025-04-10T16:08:07.072+0000] {dag.py:3239} INFO - Sync 1 DAGs
[2025-04-10T16:08:07.099+0000] {logging_mixin.py:190} INFO - [2025-04-10T16:08:07.099+0000] {dag.py:4180} INFO - Setting next_dagrun for example_branch_dop_operator_v3 to 2025-04-10 16:07:00+00:00, run_after=2025-04-10 16:08:00+00:00
[2025-04-10T16:08:07.117+0000] {processor.py:208} INFO - Processing /home/airflow/.local/lib/python3.12/site-packages/airflow/example_dags/example_branch_python_dop_operator_3.py took 0.083 seconds
[2025-04-10T16:08:37.446+0000] {processor.py:186} INFO - Started process (PID=862) to work on /home/airflow/.local/lib/python3.12/site-packages/airflow/example_dags/example_branch_python_dop_operator_3.py
[2025-04-10T16:08:37.448+0000] {processor.py:914} INFO - Processing file /home/airflow/.local/lib/python3.12/site-packages/airflow/example_dags/example_branch_python_dop_operator_3.py for tasks to queue
[2025-04-10T16:08:37.451+0000] {logging_mixin.py:190} INFO - [2025-04-10T16:08:37.450+0000] {dagbag.py:588} INFO - Filling up the DagBag from /home/airflow/.local/lib/python3.12/site-packages/airflow/example_dags/example_branch_python_dop_operator_3.py
[2025-04-10T16:08:37.463+0000] {processor.py:925} INFO - DAG(s) 'example_branch_dop_operator_v3' retrieved from /home/airflow/.local/lib/python3.12/site-packages/airflow/example_dags/example_branch_python_dop_operator_3.py
[2025-04-10T16:08:37.483+0000] {logging_mixin.py:190} INFO - [2025-04-10T16:08:37.483+0000] {dag.py:3239} INFO - Sync 1 DAGs
[2025-04-10T16:08:37.516+0000] {logging_mixin.py:190} INFO - [2025-04-10T16:08:37.515+0000] {dag.py:4180} INFO - Setting next_dagrun for example_branch_dop_operator_v3 to 2025-04-10 16:07:00+00:00, run_after=2025-04-10 16:08:00+00:00
[2025-04-10T16:08:37.535+0000] {processor.py:208} INFO - Processing /home/airflow/.local/lib/python3.12/site-packages/airflow/example_dags/example_branch_python_dop_operator_3.py took 0.098 seconds
[2025-04-10T16:09:08.360+0000] {processor.py:186} INFO - Started process (PID=925) to work on /home/airflow/.local/lib/python3.12/site-packages/airflow/example_dags/example_branch_python_dop_operator_3.py
[2025-04-10T16:09:08.361+0000] {processor.py:914} INFO - Processing file /home/airflow/.local/lib/python3.12/site-packages/airflow/example_dags/example_branch_python_dop_operator_3.py for tasks to queue
[2025-04-10T16:09:08.364+0000] {logging_mixin.py:190} INFO - [2025-04-10T16:09:08.364+0000] {dagbag.py:588} INFO - Filling up the DagBag from /home/airflow/.local/lib/python3.12/site-packages/airflow/example_dags/example_branch_python_dop_operator_3.py
[2025-04-10T16:09:08.375+0000] {processor.py:925} INFO - DAG(s) 'example_branch_dop_operator_v3' retrieved from /home/airflow/.local/lib/python3.12/site-packages/airflow/example_dags/example_branch_python_dop_operator_3.py
[2025-04-10T16:09:08.394+0000] {logging_mixin.py:190} INFO - [2025-04-10T16:09:08.393+0000] {dag.py:3239} INFO - Sync 1 DAGs
[2025-04-10T16:09:08.421+0000] {logging_mixin.py:190} INFO - [2025-04-10T16:09:08.421+0000] {dag.py:4180} INFO - Setting next_dagrun for example_branch_dop_operator_v3 to 2025-04-10 16:08:00+00:00, run_after=2025-04-10 16:09:00+00:00
[2025-04-10T16:09:08.440+0000] {processor.py:208} INFO - Processing /home/airflow/.local/lib/python3.12/site-packages/airflow/example_dags/example_branch_python_dop_operator_3.py took 0.087 seconds
