[2025-04-10T16:02:25.723+0000] {processor.py:186} INFO - Started process (PID=104) to work on /home/airflow/.local/lib/python3.12/site-packages/airflow/example_dags/example_dataset_alias_with_no_taskflow.py
[2025-04-10T16:02:25.724+0000] {processor.py:914} INFO - Processing file /home/airflow/.local/lib/python3.12/site-packages/airflow/example_dags/example_dataset_alias_with_no_taskflow.py for tasks to queue
[2025-04-10T16:02:25.727+0000] {logging_mixin.py:190} INFO - [2025-04-10T16:02:25.726+0000] {dagbag.py:588} INFO - Filling up the DagBag from /home/airflow/.local/lib/python3.12/site-packages/airflow/example_dags/example_dataset_alias_with_no_taskflow.py
[2025-04-10T16:02:26.949+0000] {processor.py:925} INFO - DAG(s) 'dataset_alias_example_alias_consumer_with_no_taskflow', 'dataset_s3_bucket_consumer_with_no_taskflow', 'dataset_s3_bucket_producer_with_no_taskflow', 'dataset_alias_example_alias_producer_with_no_taskflow' retrieved from /home/airflow/.local/lib/python3.12/site-packages/airflow/example_dags/example_dataset_alias_with_no_taskflow.py
[2025-04-10T16:02:27.056+0000] {logging_mixin.py:190} INFO - [2025-04-10T16:02:27.055+0000] {override.py:1912} INFO - Created Permission View: can read on DAG:dataset_alias_example_alias_consumer_with_no_taskflow
[2025-04-10T16:02:27.065+0000] {logging_mixin.py:190} INFO - [2025-04-10T16:02:27.065+0000] {override.py:1912} INFO - Created Permission View: can delete on DAG:dataset_alias_example_alias_consumer_with_no_taskflow
[2025-04-10T16:02:27.071+0000] {logging_mixin.py:190} INFO - [2025-04-10T16:02:27.071+0000] {override.py:1912} INFO - Created Permission View: can edit on DAG:dataset_alias_example_alias_consumer_with_no_taskflow
[2025-04-10T16:02:27.078+0000] {logging_mixin.py:190} INFO - [2025-04-10T16:02:27.078+0000] {override.py:1912} INFO - Created Permission View: menu access on DAG Run:dataset_alias_example_alias_consumer_with_no_taskflow
[2025-04-10T16:02:27.084+0000] {logging_mixin.py:190} INFO - [2025-04-10T16:02:27.084+0000] {override.py:1912} INFO - Created Permission View: can read on DAG Run:dataset_alias_example_alias_consumer_with_no_taskflow
[2025-04-10T16:02:27.091+0000] {logging_mixin.py:190} INFO - [2025-04-10T16:02:27.090+0000] {override.py:1912} INFO - Created Permission View: can create on DAG Run:dataset_alias_example_alias_consumer_with_no_taskflow
[2025-04-10T16:02:27.097+0000] {logging_mixin.py:190} INFO - [2025-04-10T16:02:27.097+0000] {override.py:1912} INFO - Created Permission View: can delete on DAG Run:dataset_alias_example_alias_consumer_with_no_taskflow
[2025-04-10T16:02:27.111+0000] {logging_mixin.py:190} INFO - [2025-04-10T16:02:27.111+0000] {override.py:1912} INFO - Created Permission View: can read on DAG:dataset_s3_bucket_consumer_with_no_taskflow
[2025-04-10T16:02:27.117+0000] {logging_mixin.py:190} INFO - [2025-04-10T16:02:27.117+0000] {override.py:1912} INFO - Created Permission View: can delete on DAG:dataset_s3_bucket_consumer_with_no_taskflow
[2025-04-10T16:02:27.125+0000] {logging_mixin.py:190} INFO - [2025-04-10T16:02:27.124+0000] {override.py:1912} INFO - Created Permission View: can edit on DAG:dataset_s3_bucket_consumer_with_no_taskflow
[2025-04-10T16:02:27.132+0000] {logging_mixin.py:190} INFO - [2025-04-10T16:02:27.132+0000] {override.py:1912} INFO - Created Permission View: menu access on DAG Run:dataset_s3_bucket_consumer_with_no_taskflow
[2025-04-10T16:02:27.139+0000] {logging_mixin.py:190} INFO - [2025-04-10T16:02:27.139+0000] {override.py:1912} INFO - Created Permission View: can read on DAG Run:dataset_s3_bucket_consumer_with_no_taskflow
[2025-04-10T16:02:27.146+0000] {logging_mixin.py:190} INFO - [2025-04-10T16:02:27.146+0000] {override.py:1912} INFO - Created Permission View: can create on DAG Run:dataset_s3_bucket_consumer_with_no_taskflow
[2025-04-10T16:02:27.152+0000] {logging_mixin.py:190} INFO - [2025-04-10T16:02:27.152+0000] {override.py:1912} INFO - Created Permission View: can delete on DAG Run:dataset_s3_bucket_consumer_with_no_taskflow
[2025-04-10T16:02:27.166+0000] {logging_mixin.py:190} INFO - [2025-04-10T16:02:27.166+0000] {override.py:1912} INFO - Created Permission View: can read on DAG:dataset_s3_bucket_producer_with_no_taskflow
[2025-04-10T16:02:27.173+0000] {logging_mixin.py:190} INFO - [2025-04-10T16:02:27.172+0000] {override.py:1912} INFO - Created Permission View: can delete on DAG:dataset_s3_bucket_producer_with_no_taskflow
[2025-04-10T16:02:27.180+0000] {logging_mixin.py:190} INFO - [2025-04-10T16:02:27.180+0000] {override.py:1912} INFO - Created Permission View: can edit on DAG:dataset_s3_bucket_producer_with_no_taskflow
[2025-04-10T16:02:27.188+0000] {logging_mixin.py:190} INFO - [2025-04-10T16:02:27.188+0000] {override.py:1912} INFO - Created Permission View: menu access on DAG Run:dataset_s3_bucket_producer_with_no_taskflow
[2025-04-10T16:02:27.196+0000] {logging_mixin.py:190} INFO - [2025-04-10T16:02:27.196+0000] {override.py:1912} INFO - Created Permission View: can read on DAG Run:dataset_s3_bucket_producer_with_no_taskflow
[2025-04-10T16:02:27.204+0000] {logging_mixin.py:190} INFO - [2025-04-10T16:02:27.204+0000] {override.py:1912} INFO - Created Permission View: can create on DAG Run:dataset_s3_bucket_producer_with_no_taskflow
[2025-04-10T16:02:27.214+0000] {logging_mixin.py:190} INFO - [2025-04-10T16:02:27.213+0000] {override.py:1912} INFO - Created Permission View: can delete on DAG Run:dataset_s3_bucket_producer_with_no_taskflow
[2025-04-10T16:02:27.232+0000] {logging_mixin.py:190} INFO - [2025-04-10T16:02:27.231+0000] {override.py:1912} INFO - Created Permission View: can read on DAG:dataset_alias_example_alias_producer_with_no_taskflow
[2025-04-10T16:02:27.239+0000] {logging_mixin.py:190} INFO - [2025-04-10T16:02:27.239+0000] {override.py:1912} INFO - Created Permission View: can delete on DAG:dataset_alias_example_alias_producer_with_no_taskflow
[2025-04-10T16:02:27.247+0000] {logging_mixin.py:190} INFO - [2025-04-10T16:02:27.247+0000] {override.py:1912} INFO - Created Permission View: can edit on DAG:dataset_alias_example_alias_producer_with_no_taskflow
[2025-04-10T16:02:27.255+0000] {logging_mixin.py:190} INFO - [2025-04-10T16:02:27.255+0000] {override.py:1912} INFO - Created Permission View: menu access on DAG Run:dataset_alias_example_alias_producer_with_no_taskflow
[2025-04-10T16:02:27.263+0000] {logging_mixin.py:190} INFO - [2025-04-10T16:02:27.262+0000] {override.py:1912} INFO - Created Permission View: can read on DAG Run:dataset_alias_example_alias_producer_with_no_taskflow
[2025-04-10T16:02:27.270+0000] {logging_mixin.py:190} INFO - [2025-04-10T16:02:27.270+0000] {override.py:1912} INFO - Created Permission View: can create on DAG Run:dataset_alias_example_alias_producer_with_no_taskflow
[2025-04-10T16:02:27.279+0000] {logging_mixin.py:190} INFO - [2025-04-10T16:02:27.278+0000] {override.py:1912} INFO - Created Permission View: can delete on DAG Run:dataset_alias_example_alias_producer_with_no_taskflow
[2025-04-10T16:02:27.280+0000] {logging_mixin.py:190} INFO - [2025-04-10T16:02:27.279+0000] {dag.py:3239} INFO - Sync 4 DAGs
[2025-04-10T16:02:27.295+0000] {logging_mixin.py:190} INFO - [2025-04-10T16:02:27.294+0000] {dag.py:3262} INFO - Creating ORM DAG for dataset_s3_bucket_producer_with_no_taskflow
[2025-04-10T16:02:27.296+0000] {logging_mixin.py:190} INFO - [2025-04-10T16:02:27.296+0000] {dag.py:3262} INFO - Creating ORM DAG for dataset_s3_bucket_consumer_with_no_taskflow
[2025-04-10T16:02:27.297+0000] {logging_mixin.py:190} INFO - [2025-04-10T16:02:27.297+0000] {dag.py:3262} INFO - Creating ORM DAG for dataset_alias_example_alias_producer_with_no_taskflow
[2025-04-10T16:02:27.298+0000] {logging_mixin.py:190} INFO - [2025-04-10T16:02:27.298+0000] {dag.py:3262} INFO - Creating ORM DAG for dataset_alias_example_alias_consumer_with_no_taskflow
[2025-04-10T16:02:27.311+0000] {logging_mixin.py:190} INFO - [2025-04-10T16:02:27.311+0000] {dag.py:4180} INFO - Setting next_dagrun for dataset_alias_example_alias_consumer_with_no_taskflow to None, run_after=None
[2025-04-10T16:02:27.313+0000] {logging_mixin.py:190} INFO - [2025-04-10T16:02:27.312+0000] {dag.py:4180} INFO - Setting next_dagrun for dataset_alias_example_alias_producer_with_no_taskflow to None, run_after=None
[2025-04-10T16:02:27.314+0000] {logging_mixin.py:190} INFO - [2025-04-10T16:02:27.314+0000] {dag.py:4180} INFO - Setting next_dagrun for dataset_s3_bucket_consumer_with_no_taskflow to None, run_after=None
[2025-04-10T16:02:27.315+0000] {logging_mixin.py:190} INFO - [2025-04-10T16:02:27.314+0000] {dag.py:4180} INFO - Setting next_dagrun for dataset_s3_bucket_producer_with_no_taskflow to None, run_after=None
[2025-04-10T16:02:27.348+0000] {processor.py:208} INFO - Processing /home/airflow/.local/lib/python3.12/site-packages/airflow/example_dags/example_dataset_alias_with_no_taskflow.py took 1.631 seconds
[2025-04-10T16:02:57.710+0000] {processor.py:186} INFO - Started process (PID=166) to work on /home/airflow/.local/lib/python3.12/site-packages/airflow/example_dags/example_dataset_alias_with_no_taskflow.py
[2025-04-10T16:02:57.711+0000] {processor.py:914} INFO - Processing file /home/airflow/.local/lib/python3.12/site-packages/airflow/example_dags/example_dataset_alias_with_no_taskflow.py for tasks to queue
[2025-04-10T16:02:57.713+0000] {logging_mixin.py:190} INFO - [2025-04-10T16:02:57.713+0000] {dagbag.py:588} INFO - Filling up the DagBag from /home/airflow/.local/lib/python3.12/site-packages/airflow/example_dags/example_dataset_alias_with_no_taskflow.py
[2025-04-10T16:02:58.302+0000] {processor.py:925} INFO - DAG(s) 'dataset_s3_bucket_consumer_with_no_taskflow', 'dataset_alias_example_alias_producer_with_no_taskflow', 'dataset_alias_example_alias_consumer_with_no_taskflow', 'dataset_s3_bucket_producer_with_no_taskflow' retrieved from /home/airflow/.local/lib/python3.12/site-packages/airflow/example_dags/example_dataset_alias_with_no_taskflow.py
[2025-04-10T16:02:58.324+0000] {logging_mixin.py:190} INFO - [2025-04-10T16:02:58.323+0000] {dag.py:3239} INFO - Sync 4 DAGs
[2025-04-10T16:02:58.346+0000] {logging_mixin.py:190} INFO - [2025-04-10T16:02:58.346+0000] {dag.py:4180} INFO - Setting next_dagrun for dataset_alias_example_alias_consumer_with_no_taskflow to None, run_after=None
[2025-04-10T16:02:58.350+0000] {logging_mixin.py:190} INFO - [2025-04-10T16:02:58.350+0000] {dag.py:4180} INFO - Setting next_dagrun for dataset_alias_example_alias_producer_with_no_taskflow to None, run_after=None
[2025-04-10T16:02:58.354+0000] {logging_mixin.py:190} INFO - [2025-04-10T16:02:58.353+0000] {dag.py:4180} INFO - Setting next_dagrun for dataset_s3_bucket_consumer_with_no_taskflow to None, run_after=None
[2025-04-10T16:02:58.356+0000] {logging_mixin.py:190} INFO - [2025-04-10T16:02:58.355+0000] {dag.py:4180} INFO - Setting next_dagrun for dataset_s3_bucket_producer_with_no_taskflow to None, run_after=None
[2025-04-10T16:02:58.390+0000] {processor.py:208} INFO - Processing /home/airflow/.local/lib/python3.12/site-packages/airflow/example_dags/example_dataset_alias_with_no_taskflow.py took 0.686 seconds
[2025-04-10T16:03:29.275+0000] {processor.py:186} INFO - Started process (PID=231) to work on /home/airflow/.local/lib/python3.12/site-packages/airflow/example_dags/example_dataset_alias_with_no_taskflow.py
[2025-04-10T16:03:29.276+0000] {processor.py:914} INFO - Processing file /home/airflow/.local/lib/python3.12/site-packages/airflow/example_dags/example_dataset_alias_with_no_taskflow.py for tasks to queue
[2025-04-10T16:03:29.279+0000] {logging_mixin.py:190} INFO - [2025-04-10T16:03:29.278+0000] {dagbag.py:588} INFO - Filling up the DagBag from /home/airflow/.local/lib/python3.12/site-packages/airflow/example_dags/example_dataset_alias_with_no_taskflow.py
[2025-04-10T16:03:29.860+0000] {processor.py:925} INFO - DAG(s) 'dataset_alias_example_alias_consumer_with_no_taskflow', 'dataset_alias_example_alias_producer_with_no_taskflow', 'dataset_s3_bucket_consumer_with_no_taskflow', 'dataset_s3_bucket_producer_with_no_taskflow' retrieved from /home/airflow/.local/lib/python3.12/site-packages/airflow/example_dags/example_dataset_alias_with_no_taskflow.py
[2025-04-10T16:03:29.883+0000] {logging_mixin.py:190} INFO - [2025-04-10T16:03:29.882+0000] {dag.py:3239} INFO - Sync 4 DAGs
[2025-04-10T16:03:29.907+0000] {logging_mixin.py:190} INFO - [2025-04-10T16:03:29.907+0000] {dag.py:4180} INFO - Setting next_dagrun for dataset_alias_example_alias_consumer_with_no_taskflow to None, run_after=None
[2025-04-10T16:03:29.911+0000] {logging_mixin.py:190} INFO - [2025-04-10T16:03:29.910+0000] {dag.py:4180} INFO - Setting next_dagrun for dataset_alias_example_alias_producer_with_no_taskflow to None, run_after=None
[2025-04-10T16:03:29.912+0000] {logging_mixin.py:190} INFO - [2025-04-10T16:03:29.912+0000] {dag.py:4180} INFO - Setting next_dagrun for dataset_s3_bucket_consumer_with_no_taskflow to None, run_after=None
[2025-04-10T16:03:29.914+0000] {logging_mixin.py:190} INFO - [2025-04-10T16:03:29.914+0000] {dag.py:4180} INFO - Setting next_dagrun for dataset_s3_bucket_producer_with_no_taskflow to None, run_after=None
[2025-04-10T16:03:29.941+0000] {processor.py:208} INFO - Processing /home/airflow/.local/lib/python3.12/site-packages/airflow/example_dags/example_dataset_alias_with_no_taskflow.py took 0.671 seconds
[2025-04-10T16:04:00.610+0000] {processor.py:186} INFO - Started process (PID=294) to work on /home/airflow/.local/lib/python3.12/site-packages/airflow/example_dags/example_dataset_alias_with_no_taskflow.py
[2025-04-10T16:04:00.610+0000] {processor.py:914} INFO - Processing file /home/airflow/.local/lib/python3.12/site-packages/airflow/example_dags/example_dataset_alias_with_no_taskflow.py for tasks to queue
[2025-04-10T16:04:00.613+0000] {logging_mixin.py:190} INFO - [2025-04-10T16:04:00.612+0000] {dagbag.py:588} INFO - Filling up the DagBag from /home/airflow/.local/lib/python3.12/site-packages/airflow/example_dags/example_dataset_alias_with_no_taskflow.py
[2025-04-10T16:04:01.209+0000] {processor.py:925} INFO - DAG(s) 'dataset_s3_bucket_consumer_with_no_taskflow', 'dataset_alias_example_alias_consumer_with_no_taskflow', 'dataset_s3_bucket_producer_with_no_taskflow', 'dataset_alias_example_alias_producer_with_no_taskflow' retrieved from /home/airflow/.local/lib/python3.12/site-packages/airflow/example_dags/example_dataset_alias_with_no_taskflow.py
[2025-04-10T16:04:01.231+0000] {logging_mixin.py:190} INFO - [2025-04-10T16:04:01.231+0000] {dag.py:3239} INFO - Sync 4 DAGs
[2025-04-10T16:04:01.253+0000] {logging_mixin.py:190} INFO - [2025-04-10T16:04:01.253+0000] {dag.py:4180} INFO - Setting next_dagrun for dataset_alias_example_alias_consumer_with_no_taskflow to None, run_after=None
[2025-04-10T16:04:01.256+0000] {logging_mixin.py:190} INFO - [2025-04-10T16:04:01.256+0000] {dag.py:4180} INFO - Setting next_dagrun for dataset_alias_example_alias_producer_with_no_taskflow to None, run_after=None
[2025-04-10T16:04:01.258+0000] {logging_mixin.py:190} INFO - [2025-04-10T16:04:01.258+0000] {dag.py:4180} INFO - Setting next_dagrun for dataset_s3_bucket_consumer_with_no_taskflow to None, run_after=None
[2025-04-10T16:04:01.259+0000] {logging_mixin.py:190} INFO - [2025-04-10T16:04:01.259+0000] {dag.py:4180} INFO - Setting next_dagrun for dataset_s3_bucket_producer_with_no_taskflow to None, run_after=None
[2025-04-10T16:04:01.280+0000] {processor.py:208} INFO - Processing /home/airflow/.local/lib/python3.12/site-packages/airflow/example_dags/example_dataset_alias_with_no_taskflow.py took 0.676 seconds
[2025-04-10T16:04:31.378+0000] {processor.py:186} INFO - Started process (PID=357) to work on /home/airflow/.local/lib/python3.12/site-packages/airflow/example_dags/example_dataset_alias_with_no_taskflow.py
[2025-04-10T16:04:31.379+0000] {processor.py:914} INFO - Processing file /home/airflow/.local/lib/python3.12/site-packages/airflow/example_dags/example_dataset_alias_with_no_taskflow.py for tasks to queue
[2025-04-10T16:04:31.381+0000] {logging_mixin.py:190} INFO - [2025-04-10T16:04:31.381+0000] {dagbag.py:588} INFO - Filling up the DagBag from /home/airflow/.local/lib/python3.12/site-packages/airflow/example_dags/example_dataset_alias_with_no_taskflow.py
[2025-04-10T16:04:31.990+0000] {processor.py:925} INFO - DAG(s) 'dataset_s3_bucket_producer_with_no_taskflow', 'dataset_s3_bucket_consumer_with_no_taskflow', 'dataset_alias_example_alias_producer_with_no_taskflow', 'dataset_alias_example_alias_consumer_with_no_taskflow' retrieved from /home/airflow/.local/lib/python3.12/site-packages/airflow/example_dags/example_dataset_alias_with_no_taskflow.py
[2025-04-10T16:04:32.011+0000] {logging_mixin.py:190} INFO - [2025-04-10T16:04:32.010+0000] {dag.py:3239} INFO - Sync 4 DAGs
[2025-04-10T16:04:32.037+0000] {logging_mixin.py:190} INFO - [2025-04-10T16:04:32.037+0000] {dag.py:4180} INFO - Setting next_dagrun for dataset_alias_example_alias_consumer_with_no_taskflow to None, run_after=None
[2025-04-10T16:04:32.041+0000] {logging_mixin.py:190} INFO - [2025-04-10T16:04:32.041+0000] {dag.py:4180} INFO - Setting next_dagrun for dataset_alias_example_alias_producer_with_no_taskflow to None, run_after=None
[2025-04-10T16:04:32.044+0000] {logging_mixin.py:190} INFO - [2025-04-10T16:04:32.043+0000] {dag.py:4180} INFO - Setting next_dagrun for dataset_s3_bucket_consumer_with_no_taskflow to None, run_after=None
[2025-04-10T16:04:32.045+0000] {logging_mixin.py:190} INFO - [2025-04-10T16:04:32.045+0000] {dag.py:4180} INFO - Setting next_dagrun for dataset_s3_bucket_producer_with_no_taskflow to None, run_after=None
[2025-04-10T16:04:32.066+0000] {processor.py:208} INFO - Processing /home/airflow/.local/lib/python3.12/site-packages/airflow/example_dags/example_dataset_alias_with_no_taskflow.py took 0.694 seconds
[2025-04-10T16:05:03.015+0000] {processor.py:186} INFO - Started process (PID=420) to work on /home/airflow/.local/lib/python3.12/site-packages/airflow/example_dags/example_dataset_alias_with_no_taskflow.py
[2025-04-10T16:05:03.022+0000] {processor.py:914} INFO - Processing file /home/airflow/.local/lib/python3.12/site-packages/airflow/example_dags/example_dataset_alias_with_no_taskflow.py for tasks to queue
[2025-04-10T16:05:03.024+0000] {logging_mixin.py:190} INFO - [2025-04-10T16:05:03.024+0000] {dagbag.py:588} INFO - Filling up the DagBag from /home/airflow/.local/lib/python3.12/site-packages/airflow/example_dags/example_dataset_alias_with_no_taskflow.py
[2025-04-10T16:05:03.534+0000] {processor.py:925} INFO - DAG(s) 'dataset_alias_example_alias_producer_with_no_taskflow', 'dataset_alias_example_alias_consumer_with_no_taskflow', 'dataset_s3_bucket_producer_with_no_taskflow', 'dataset_s3_bucket_consumer_with_no_taskflow' retrieved from /home/airflow/.local/lib/python3.12/site-packages/airflow/example_dags/example_dataset_alias_with_no_taskflow.py
[2025-04-10T16:05:03.553+0000] {logging_mixin.py:190} INFO - [2025-04-10T16:05:03.553+0000] {dag.py:3239} INFO - Sync 4 DAGs
[2025-04-10T16:05:03.573+0000] {logging_mixin.py:190} INFO - [2025-04-10T16:05:03.573+0000] {dag.py:4180} INFO - Setting next_dagrun for dataset_alias_example_alias_consumer_with_no_taskflow to None, run_after=None
[2025-04-10T16:05:03.576+0000] {logging_mixin.py:190} INFO - [2025-04-10T16:05:03.575+0000] {dag.py:4180} INFO - Setting next_dagrun for dataset_alias_example_alias_producer_with_no_taskflow to None, run_after=None
[2025-04-10T16:05:03.578+0000] {logging_mixin.py:190} INFO - [2025-04-10T16:05:03.578+0000] {dag.py:4180} INFO - Setting next_dagrun for dataset_s3_bucket_consumer_with_no_taskflow to None, run_after=None
[2025-04-10T16:05:03.580+0000] {logging_mixin.py:190} INFO - [2025-04-10T16:05:03.580+0000] {dag.py:4180} INFO - Setting next_dagrun for dataset_s3_bucket_producer_with_no_taskflow to None, run_after=None
[2025-04-10T16:05:03.600+0000] {processor.py:208} INFO - Processing /home/airflow/.local/lib/python3.12/site-packages/airflow/example_dags/example_dataset_alias_with_no_taskflow.py took 0.590 seconds
[2025-04-10T16:05:33.656+0000] {processor.py:186} INFO - Started process (PID=482) to work on /home/airflow/.local/lib/python3.12/site-packages/airflow/example_dags/example_dataset_alias_with_no_taskflow.py
[2025-04-10T16:05:33.657+0000] {processor.py:914} INFO - Processing file /home/airflow/.local/lib/python3.12/site-packages/airflow/example_dags/example_dataset_alias_with_no_taskflow.py for tasks to queue
[2025-04-10T16:05:33.660+0000] {logging_mixin.py:190} INFO - [2025-04-10T16:05:33.659+0000] {dagbag.py:588} INFO - Filling up the DagBag from /home/airflow/.local/lib/python3.12/site-packages/airflow/example_dags/example_dataset_alias_with_no_taskflow.py
[2025-04-10T16:05:34.238+0000] {processor.py:925} INFO - DAG(s) 'dataset_s3_bucket_consumer_with_no_taskflow', 'dataset_alias_example_alias_producer_with_no_taskflow', 'dataset_s3_bucket_producer_with_no_taskflow', 'dataset_alias_example_alias_consumer_with_no_taskflow' retrieved from /home/airflow/.local/lib/python3.12/site-packages/airflow/example_dags/example_dataset_alias_with_no_taskflow.py
[2025-04-10T16:05:34.260+0000] {logging_mixin.py:190} INFO - [2025-04-10T16:05:34.260+0000] {dag.py:3239} INFO - Sync 4 DAGs
[2025-04-10T16:05:34.282+0000] {logging_mixin.py:190} INFO - [2025-04-10T16:05:34.282+0000] {dag.py:4180} INFO - Setting next_dagrun for dataset_alias_example_alias_consumer_with_no_taskflow to None, run_after=None
[2025-04-10T16:05:34.285+0000] {logging_mixin.py:190} INFO - [2025-04-10T16:05:34.285+0000] {dag.py:4180} INFO - Setting next_dagrun for dataset_alias_example_alias_producer_with_no_taskflow to None, run_after=None
[2025-04-10T16:05:34.286+0000] {logging_mixin.py:190} INFO - [2025-04-10T16:05:34.286+0000] {dag.py:4180} INFO - Setting next_dagrun for dataset_s3_bucket_consumer_with_no_taskflow to None, run_after=None
[2025-04-10T16:05:34.288+0000] {logging_mixin.py:190} INFO - [2025-04-10T16:05:34.288+0000] {dag.py:4180} INFO - Setting next_dagrun for dataset_s3_bucket_producer_with_no_taskflow to None, run_after=None
[2025-04-10T16:05:34.309+0000] {processor.py:208} INFO - Processing /home/airflow/.local/lib/python3.12/site-packages/airflow/example_dags/example_dataset_alias_with_no_taskflow.py took 0.659 seconds
[2025-04-10T16:06:04.971+0000] {processor.py:186} INFO - Started process (PID=545) to work on /home/airflow/.local/lib/python3.12/site-packages/airflow/example_dags/example_dataset_alias_with_no_taskflow.py
[2025-04-10T16:06:04.972+0000] {processor.py:914} INFO - Processing file /home/airflow/.local/lib/python3.12/site-packages/airflow/example_dags/example_dataset_alias_with_no_taskflow.py for tasks to queue
[2025-04-10T16:06:04.974+0000] {logging_mixin.py:190} INFO - [2025-04-10T16:06:04.973+0000] {dagbag.py:588} INFO - Filling up the DagBag from /home/airflow/.local/lib/python3.12/site-packages/airflow/example_dags/example_dataset_alias_with_no_taskflow.py
[2025-04-10T16:06:05.621+0000] {processor.py:925} INFO - DAG(s) 'dataset_s3_bucket_consumer_with_no_taskflow', 'dataset_alias_example_alias_producer_with_no_taskflow', 'dataset_alias_example_alias_consumer_with_no_taskflow', 'dataset_s3_bucket_producer_with_no_taskflow' retrieved from /home/airflow/.local/lib/python3.12/site-packages/airflow/example_dags/example_dataset_alias_with_no_taskflow.py
[2025-04-10T16:06:05.645+0000] {logging_mixin.py:190} INFO - [2025-04-10T16:06:05.644+0000] {dag.py:3239} INFO - Sync 4 DAGs
[2025-04-10T16:06:05.669+0000] {logging_mixin.py:190} INFO - [2025-04-10T16:06:05.669+0000] {dag.py:4180} INFO - Setting next_dagrun for dataset_alias_example_alias_consumer_with_no_taskflow to None, run_after=None
[2025-04-10T16:06:05.672+0000] {logging_mixin.py:190} INFO - [2025-04-10T16:06:05.672+0000] {dag.py:4180} INFO - Setting next_dagrun for dataset_alias_example_alias_producer_with_no_taskflow to None, run_after=None
[2025-04-10T16:06:05.674+0000] {logging_mixin.py:190} INFO - [2025-04-10T16:06:05.674+0000] {dag.py:4180} INFO - Setting next_dagrun for dataset_s3_bucket_consumer_with_no_taskflow to None, run_after=None
[2025-04-10T16:06:05.675+0000] {logging_mixin.py:190} INFO - [2025-04-10T16:06:05.675+0000] {dag.py:4180} INFO - Setting next_dagrun for dataset_s3_bucket_producer_with_no_taskflow to None, run_after=None
[2025-04-10T16:06:05.699+0000] {processor.py:208} INFO - Processing /home/airflow/.local/lib/python3.12/site-packages/airflow/example_dags/example_dataset_alias_with_no_taskflow.py took 0.734 seconds
[2025-04-10T16:06:35.805+0000] {processor.py:186} INFO - Started process (PID=608) to work on /home/airflow/.local/lib/python3.12/site-packages/airflow/example_dags/example_dataset_alias_with_no_taskflow.py
[2025-04-10T16:06:35.806+0000] {processor.py:914} INFO - Processing file /home/airflow/.local/lib/python3.12/site-packages/airflow/example_dags/example_dataset_alias_with_no_taskflow.py for tasks to queue
[2025-04-10T16:06:35.808+0000] {logging_mixin.py:190} INFO - [2025-04-10T16:06:35.808+0000] {dagbag.py:588} INFO - Filling up the DagBag from /home/airflow/.local/lib/python3.12/site-packages/airflow/example_dags/example_dataset_alias_with_no_taskflow.py
[2025-04-10T16:06:36.350+0000] {processor.py:925} INFO - DAG(s) 'dataset_alias_example_alias_producer_with_no_taskflow', 'dataset_alias_example_alias_consumer_with_no_taskflow', 'dataset_s3_bucket_consumer_with_no_taskflow', 'dataset_s3_bucket_producer_with_no_taskflow' retrieved from /home/airflow/.local/lib/python3.12/site-packages/airflow/example_dags/example_dataset_alias_with_no_taskflow.py
[2025-04-10T16:06:36.370+0000] {logging_mixin.py:190} INFO - [2025-04-10T16:06:36.370+0000] {dag.py:3239} INFO - Sync 4 DAGs
[2025-04-10T16:06:36.392+0000] {logging_mixin.py:190} INFO - [2025-04-10T16:06:36.392+0000] {dag.py:4180} INFO - Setting next_dagrun for dataset_alias_example_alias_consumer_with_no_taskflow to None, run_after=None
[2025-04-10T16:06:36.395+0000] {logging_mixin.py:190} INFO - [2025-04-10T16:06:36.395+0000] {dag.py:4180} INFO - Setting next_dagrun for dataset_alias_example_alias_producer_with_no_taskflow to None, run_after=None
[2025-04-10T16:06:36.397+0000] {logging_mixin.py:190} INFO - [2025-04-10T16:06:36.396+0000] {dag.py:4180} INFO - Setting next_dagrun for dataset_s3_bucket_consumer_with_no_taskflow to None, run_after=None
[2025-04-10T16:06:36.398+0000] {logging_mixin.py:190} INFO - [2025-04-10T16:06:36.398+0000] {dag.py:4180} INFO - Setting next_dagrun for dataset_s3_bucket_producer_with_no_taskflow to None, run_after=None
[2025-04-10T16:06:36.418+0000] {processor.py:208} INFO - Processing /home/airflow/.local/lib/python3.12/site-packages/airflow/example_dags/example_dataset_alias_with_no_taskflow.py took 0.619 seconds
[2025-04-10T16:07:07.275+0000] {processor.py:186} INFO - Started process (PID=676) to work on /home/airflow/.local/lib/python3.12/site-packages/airflow/example_dags/example_dataset_alias_with_no_taskflow.py
[2025-04-10T16:07:07.276+0000] {processor.py:914} INFO - Processing file /home/airflow/.local/lib/python3.12/site-packages/airflow/example_dags/example_dataset_alias_with_no_taskflow.py for tasks to queue
[2025-04-10T16:07:07.279+0000] {logging_mixin.py:190} INFO - [2025-04-10T16:07:07.278+0000] {dagbag.py:588} INFO - Filling up the DagBag from /home/airflow/.local/lib/python3.12/site-packages/airflow/example_dags/example_dataset_alias_with_no_taskflow.py
[2025-04-10T16:07:07.856+0000] {processor.py:925} INFO - DAG(s) 'dataset_s3_bucket_consumer_with_no_taskflow', 'dataset_s3_bucket_producer_with_no_taskflow', 'dataset_alias_example_alias_producer_with_no_taskflow', 'dataset_alias_example_alias_consumer_with_no_taskflow' retrieved from /home/airflow/.local/lib/python3.12/site-packages/airflow/example_dags/example_dataset_alias_with_no_taskflow.py
[2025-04-10T16:07:07.878+0000] {logging_mixin.py:190} INFO - [2025-04-10T16:07:07.877+0000] {dag.py:3239} INFO - Sync 4 DAGs
[2025-04-10T16:07:07.903+0000] {logging_mixin.py:190} INFO - [2025-04-10T16:07:07.902+0000] {dag.py:4180} INFO - Setting next_dagrun for dataset_alias_example_alias_consumer_with_no_taskflow to None, run_after=None
[2025-04-10T16:07:07.905+0000] {logging_mixin.py:190} INFO - [2025-04-10T16:07:07.905+0000] {dag.py:4180} INFO - Setting next_dagrun for dataset_alias_example_alias_producer_with_no_taskflow to None, run_after=None
[2025-04-10T16:07:07.907+0000] {logging_mixin.py:190} INFO - [2025-04-10T16:07:07.907+0000] {dag.py:4180} INFO - Setting next_dagrun for dataset_s3_bucket_consumer_with_no_taskflow to None, run_after=None
[2025-04-10T16:07:07.908+0000] {logging_mixin.py:190} INFO - [2025-04-10T16:07:07.908+0000] {dag.py:4180} INFO - Setting next_dagrun for dataset_s3_bucket_producer_with_no_taskflow to None, run_after=None
[2025-04-10T16:07:07.929+0000] {processor.py:208} INFO - Processing /home/airflow/.local/lib/python3.12/site-packages/airflow/example_dags/example_dataset_alias_with_no_taskflow.py took 0.659 seconds
[2025-04-10T16:07:38.402+0000] {processor.py:186} INFO - Started process (PID=739) to work on /home/airflow/.local/lib/python3.12/site-packages/airflow/example_dags/example_dataset_alias_with_no_taskflow.py
[2025-04-10T16:07:38.402+0000] {processor.py:914} INFO - Processing file /home/airflow/.local/lib/python3.12/site-packages/airflow/example_dags/example_dataset_alias_with_no_taskflow.py for tasks to queue
[2025-04-10T16:07:38.405+0000] {logging_mixin.py:190} INFO - [2025-04-10T16:07:38.404+0000] {dagbag.py:588} INFO - Filling up the DagBag from /home/airflow/.local/lib/python3.12/site-packages/airflow/example_dags/example_dataset_alias_with_no_taskflow.py
[2025-04-10T16:07:38.979+0000] {processor.py:925} INFO - DAG(s) 'dataset_alias_example_alias_producer_with_no_taskflow', 'dataset_s3_bucket_consumer_with_no_taskflow', 'dataset_s3_bucket_producer_with_no_taskflow', 'dataset_alias_example_alias_consumer_with_no_taskflow' retrieved from /home/airflow/.local/lib/python3.12/site-packages/airflow/example_dags/example_dataset_alias_with_no_taskflow.py
[2025-04-10T16:07:38.999+0000] {logging_mixin.py:190} INFO - [2025-04-10T16:07:38.999+0000] {dag.py:3239} INFO - Sync 4 DAGs
[2025-04-10T16:07:39.021+0000] {logging_mixin.py:190} INFO - [2025-04-10T16:07:39.021+0000] {dag.py:4180} INFO - Setting next_dagrun for dataset_alias_example_alias_consumer_with_no_taskflow to None, run_after=None
[2025-04-10T16:07:39.025+0000] {logging_mixin.py:190} INFO - [2025-04-10T16:07:39.025+0000] {dag.py:4180} INFO - Setting next_dagrun for dataset_alias_example_alias_producer_with_no_taskflow to None, run_after=None
[2025-04-10T16:07:39.026+0000] {logging_mixin.py:190} INFO - [2025-04-10T16:07:39.026+0000] {dag.py:4180} INFO - Setting next_dagrun for dataset_s3_bucket_consumer_with_no_taskflow to None, run_after=None
[2025-04-10T16:07:39.028+0000] {logging_mixin.py:190} INFO - [2025-04-10T16:07:39.028+0000] {dag.py:4180} INFO - Setting next_dagrun for dataset_s3_bucket_producer_with_no_taskflow to None, run_after=None
[2025-04-10T16:07:39.048+0000] {processor.py:208} INFO - Processing /home/airflow/.local/lib/python3.12/site-packages/airflow/example_dags/example_dataset_alias_with_no_taskflow.py took 0.653 seconds
[2025-04-10T16:08:09.160+0000] {processor.py:186} INFO - Started process (PID=802) to work on /home/airflow/.local/lib/python3.12/site-packages/airflow/example_dags/example_dataset_alias_with_no_taskflow.py
[2025-04-10T16:08:09.161+0000] {processor.py:914} INFO - Processing file /home/airflow/.local/lib/python3.12/site-packages/airflow/example_dags/example_dataset_alias_with_no_taskflow.py for tasks to queue
[2025-04-10T16:08:09.163+0000] {logging_mixin.py:190} INFO - [2025-04-10T16:08:09.163+0000] {dagbag.py:588} INFO - Filling up the DagBag from /home/airflow/.local/lib/python3.12/site-packages/airflow/example_dags/example_dataset_alias_with_no_taskflow.py
[2025-04-10T16:08:09.724+0000] {processor.py:925} INFO - DAG(s) 'dataset_s3_bucket_consumer_with_no_taskflow', 'dataset_alias_example_alias_producer_with_no_taskflow', 'dataset_alias_example_alias_consumer_with_no_taskflow', 'dataset_s3_bucket_producer_with_no_taskflow' retrieved from /home/airflow/.local/lib/python3.12/site-packages/airflow/example_dags/example_dataset_alias_with_no_taskflow.py
[2025-04-10T16:08:09.760+0000] {logging_mixin.py:190} INFO - [2025-04-10T16:08:09.759+0000] {dag.py:3239} INFO - Sync 4 DAGs
[2025-04-10T16:08:09.798+0000] {logging_mixin.py:190} INFO - [2025-04-10T16:08:09.798+0000] {dag.py:4180} INFO - Setting next_dagrun for dataset_alias_example_alias_consumer_with_no_taskflow to None, run_after=None
[2025-04-10T16:08:09.804+0000] {logging_mixin.py:190} INFO - [2025-04-10T16:08:09.803+0000] {dag.py:4180} INFO - Setting next_dagrun for dataset_alias_example_alias_producer_with_no_taskflow to None, run_after=None
[2025-04-10T16:08:09.806+0000] {logging_mixin.py:190} INFO - [2025-04-10T16:08:09.806+0000] {dag.py:4180} INFO - Setting next_dagrun for dataset_s3_bucket_consumer_with_no_taskflow to None, run_after=None
[2025-04-10T16:08:09.808+0000] {logging_mixin.py:190} INFO - [2025-04-10T16:08:09.808+0000] {dag.py:4180} INFO - Setting next_dagrun for dataset_s3_bucket_producer_with_no_taskflow to None, run_after=None
[2025-04-10T16:08:09.839+0000] {processor.py:208} INFO - Processing /home/airflow/.local/lib/python3.12/site-packages/airflow/example_dags/example_dataset_alias_with_no_taskflow.py took 0.685 seconds
[2025-04-10T16:08:40.497+0000] {processor.py:186} INFO - Started process (PID=865) to work on /home/airflow/.local/lib/python3.12/site-packages/airflow/example_dags/example_dataset_alias_with_no_taskflow.py
[2025-04-10T16:08:40.498+0000] {processor.py:914} INFO - Processing file /home/airflow/.local/lib/python3.12/site-packages/airflow/example_dags/example_dataset_alias_with_no_taskflow.py for tasks to queue
[2025-04-10T16:08:40.501+0000] {logging_mixin.py:190} INFO - [2025-04-10T16:08:40.501+0000] {dagbag.py:588} INFO - Filling up the DagBag from /home/airflow/.local/lib/python3.12/site-packages/airflow/example_dags/example_dataset_alias_with_no_taskflow.py
[2025-04-10T16:08:41.092+0000] {processor.py:925} INFO - DAG(s) 'dataset_alias_example_alias_consumer_with_no_taskflow', 'dataset_alias_example_alias_producer_with_no_taskflow', 'dataset_s3_bucket_consumer_with_no_taskflow', 'dataset_s3_bucket_producer_with_no_taskflow' retrieved from /home/airflow/.local/lib/python3.12/site-packages/airflow/example_dags/example_dataset_alias_with_no_taskflow.py
[2025-04-10T16:08:41.111+0000] {logging_mixin.py:190} INFO - [2025-04-10T16:08:41.110+0000] {dag.py:3239} INFO - Sync 4 DAGs
[2025-04-10T16:08:41.132+0000] {logging_mixin.py:190} INFO - [2025-04-10T16:08:41.131+0000] {dag.py:4180} INFO - Setting next_dagrun for dataset_alias_example_alias_consumer_with_no_taskflow to None, run_after=None
[2025-04-10T16:08:41.134+0000] {logging_mixin.py:190} INFO - [2025-04-10T16:08:41.134+0000] {dag.py:4180} INFO - Setting next_dagrun for dataset_alias_example_alias_producer_with_no_taskflow to None, run_after=None
[2025-04-10T16:08:41.136+0000] {logging_mixin.py:190} INFO - [2025-04-10T16:08:41.136+0000] {dag.py:4180} INFO - Setting next_dagrun for dataset_s3_bucket_consumer_with_no_taskflow to None, run_after=None
[2025-04-10T16:08:41.138+0000] {logging_mixin.py:190} INFO - [2025-04-10T16:08:41.137+0000] {dag.py:4180} INFO - Setting next_dagrun for dataset_s3_bucket_producer_with_no_taskflow to None, run_after=None
[2025-04-10T16:08:41.158+0000] {processor.py:208} INFO - Processing /home/airflow/.local/lib/python3.12/site-packages/airflow/example_dags/example_dataset_alias_with_no_taskflow.py took 0.670 seconds
[2025-04-10T16:09:11.406+0000] {processor.py:186} INFO - Started process (PID=928) to work on /home/airflow/.local/lib/python3.12/site-packages/airflow/example_dags/example_dataset_alias_with_no_taskflow.py
[2025-04-10T16:09:11.406+0000] {processor.py:914} INFO - Processing file /home/airflow/.local/lib/python3.12/site-packages/airflow/example_dags/example_dataset_alias_with_no_taskflow.py for tasks to queue
[2025-04-10T16:09:11.409+0000] {logging_mixin.py:190} INFO - [2025-04-10T16:09:11.408+0000] {dagbag.py:588} INFO - Filling up the DagBag from /home/airflow/.local/lib/python3.12/site-packages/airflow/example_dags/example_dataset_alias_with_no_taskflow.py
[2025-04-10T16:09:11.938+0000] {processor.py:925} INFO - DAG(s) 'dataset_s3_bucket_producer_with_no_taskflow', 'dataset_alias_example_alias_producer_with_no_taskflow', 'dataset_alias_example_alias_consumer_with_no_taskflow', 'dataset_s3_bucket_consumer_with_no_taskflow' retrieved from /home/airflow/.local/lib/python3.12/site-packages/airflow/example_dags/example_dataset_alias_with_no_taskflow.py
[2025-04-10T16:09:11.959+0000] {logging_mixin.py:190} INFO - [2025-04-10T16:09:11.958+0000] {dag.py:3239} INFO - Sync 4 DAGs
[2025-04-10T16:09:11.980+0000] {logging_mixin.py:190} INFO - [2025-04-10T16:09:11.980+0000] {dag.py:4180} INFO - Setting next_dagrun for dataset_alias_example_alias_consumer_with_no_taskflow to None, run_after=None
[2025-04-10T16:09:11.983+0000] {logging_mixin.py:190} INFO - [2025-04-10T16:09:11.983+0000] {dag.py:4180} INFO - Setting next_dagrun for dataset_alias_example_alias_producer_with_no_taskflow to None, run_after=None
[2025-04-10T16:09:11.985+0000] {logging_mixin.py:190} INFO - [2025-04-10T16:09:11.984+0000] {dag.py:4180} INFO - Setting next_dagrun for dataset_s3_bucket_consumer_with_no_taskflow to None, run_after=None
[2025-04-10T16:09:11.986+0000] {logging_mixin.py:190} INFO - [2025-04-10T16:09:11.986+0000] {dag.py:4180} INFO - Setting next_dagrun for dataset_s3_bucket_producer_with_no_taskflow to None, run_after=None
[2025-04-10T16:09:12.009+0000] {processor.py:208} INFO - Processing /home/airflow/.local/lib/python3.12/site-packages/airflow/example_dags/example_dataset_alias_with_no_taskflow.py took 0.610 seconds
