[2025-04-10T16:02:20.941+0000] {processor.py:186} INFO - Started process (PID=69) to work on /home/airflow/.local/lib/python3.12/site-packages/airflow/example_dags/example_latest_only.py
[2025-04-10T16:02:20.942+0000] {processor.py:914} INFO - Processing file /home/airflow/.local/lib/python3.12/site-packages/airflow/example_dags/example_latest_only.py for tasks to queue
[2025-04-10T16:02:20.945+0000] {logging_mixin.py:190} INFO - [2025-04-10T16:02:20.945+0000] {dagbag.py:588} INFO - Filling up the DagBag from /home/airflow/.local/lib/python3.12/site-packages/airflow/example_dags/example_latest_only.py
[2025-04-10T16:02:20.963+0000] {processor.py:925} INFO - DAG(s) 'latest_only' retrieved from /home/airflow/.local/lib/python3.12/site-packages/airflow/example_dags/example_latest_only.py
[2025-04-10T16:02:21.214+0000] {logging_mixin.py:190} INFO - [2025-04-10T16:02:21.213+0000] {override.py:1912} INFO - Created Permission View: can read on DAG:latest_only
[2025-04-10T16:02:21.224+0000] {logging_mixin.py:190} INFO - [2025-04-10T16:02:21.224+0000] {override.py:1912} INFO - Created Permission View: can delete on DAG:latest_only
[2025-04-10T16:02:21.231+0000] {logging_mixin.py:190} INFO - [2025-04-10T16:02:21.231+0000] {override.py:1912} INFO - Created Permission View: can edit on DAG:latest_only
[2025-04-10T16:02:21.238+0000] {logging_mixin.py:190} INFO - [2025-04-10T16:02:21.238+0000] {override.py:1912} INFO - Created Permission View: menu access on DAG Run:latest_only
[2025-04-10T16:02:21.245+0000] {logging_mixin.py:190} INFO - [2025-04-10T16:02:21.245+0000] {override.py:1912} INFO - Created Permission View: can read on DAG Run:latest_only
[2025-04-10T16:02:21.251+0000] {logging_mixin.py:190} INFO - [2025-04-10T16:02:21.251+0000] {override.py:1912} INFO - Created Permission View: can create on DAG Run:latest_only
[2025-04-10T16:02:21.257+0000] {logging_mixin.py:190} INFO - [2025-04-10T16:02:21.257+0000] {override.py:1912} INFO - Created Permission View: can delete on DAG Run:latest_only
[2025-04-10T16:02:21.258+0000] {logging_mixin.py:190} INFO - [2025-04-10T16:02:21.257+0000] {dag.py:3239} INFO - Sync 1 DAGs
[2025-04-10T16:02:21.270+0000] {logging_mixin.py:190} INFO - [2025-04-10T16:02:21.270+0000] {dag.py:3262} INFO - Creating ORM DAG for latest_only
[2025-04-10T16:02:21.280+0000] {logging_mixin.py:190} INFO - [2025-04-10T16:02:21.280+0000] {dag.py:4180} INFO - Setting next_dagrun for latest_only to 2025-04-10 12:00:00+00:00, run_after=2025-04-10 16:00:00+00:00
[2025-04-10T16:02:21.308+0000] {processor.py:208} INFO - Processing /home/airflow/.local/lib/python3.12/site-packages/airflow/example_dags/example_latest_only.py took 0.374 seconds
[2025-04-10T16:02:51.805+0000] {processor.py:186} INFO - Started process (PID=132) to work on /home/airflow/.local/lib/python3.12/site-packages/airflow/example_dags/example_latest_only.py
[2025-04-10T16:02:51.806+0000] {processor.py:914} INFO - Processing file /home/airflow/.local/lib/python3.12/site-packages/airflow/example_dags/example_latest_only.py for tasks to queue
[2025-04-10T16:02:51.808+0000] {logging_mixin.py:190} INFO - [2025-04-10T16:02:51.808+0000] {dagbag.py:588} INFO - Filling up the DagBag from /home/airflow/.local/lib/python3.12/site-packages/airflow/example_dags/example_latest_only.py
[2025-04-10T16:02:51.815+0000] {processor.py:925} INFO - DAG(s) 'latest_only' retrieved from /home/airflow/.local/lib/python3.12/site-packages/airflow/example_dags/example_latest_only.py
[2025-04-10T16:02:51.833+0000] {logging_mixin.py:190} INFO - [2025-04-10T16:02:51.833+0000] {dag.py:3239} INFO - Sync 1 DAGs
[2025-04-10T16:02:51.858+0000] {logging_mixin.py:190} INFO - [2025-04-10T16:02:51.858+0000] {dag.py:4180} INFO - Setting next_dagrun for latest_only to 2025-04-10 12:00:00+00:00, run_after=2025-04-10 16:00:00+00:00
[2025-04-10T16:02:51.882+0000] {processor.py:208} INFO - Processing /home/airflow/.local/lib/python3.12/site-packages/airflow/example_dags/example_latest_only.py took 0.083 seconds
[2025-04-10T16:03:22.448+0000] {processor.py:186} INFO - Started process (PID=195) to work on /home/airflow/.local/lib/python3.12/site-packages/airflow/example_dags/example_latest_only.py
[2025-04-10T16:03:22.449+0000] {processor.py:914} INFO - Processing file /home/airflow/.local/lib/python3.12/site-packages/airflow/example_dags/example_latest_only.py for tasks to queue
[2025-04-10T16:03:22.451+0000] {logging_mixin.py:190} INFO - [2025-04-10T16:03:22.451+0000] {dagbag.py:588} INFO - Filling up the DagBag from /home/airflow/.local/lib/python3.12/site-packages/airflow/example_dags/example_latest_only.py
[2025-04-10T16:03:22.458+0000] {processor.py:925} INFO - DAG(s) 'latest_only' retrieved from /home/airflow/.local/lib/python3.12/site-packages/airflow/example_dags/example_latest_only.py
[2025-04-10T16:03:22.476+0000] {logging_mixin.py:190} INFO - [2025-04-10T16:03:22.475+0000] {dag.py:3239} INFO - Sync 1 DAGs
[2025-04-10T16:03:22.498+0000] {logging_mixin.py:190} INFO - [2025-04-10T16:03:22.498+0000] {dag.py:4180} INFO - Setting next_dagrun for latest_only to 2025-04-10 12:00:00+00:00, run_after=2025-04-10 16:00:00+00:00
[2025-04-10T16:03:22.521+0000] {processor.py:208} INFO - Processing /home/airflow/.local/lib/python3.12/site-packages/airflow/example_dags/example_latest_only.py took 0.079 seconds
[2025-04-10T16:03:52.648+0000] {processor.py:186} INFO - Started process (PID=258) to work on /home/airflow/.local/lib/python3.12/site-packages/airflow/example_dags/example_latest_only.py
[2025-04-10T16:03:52.649+0000] {processor.py:914} INFO - Processing file /home/airflow/.local/lib/python3.12/site-packages/airflow/example_dags/example_latest_only.py for tasks to queue
[2025-04-10T16:03:52.651+0000] {logging_mixin.py:190} INFO - [2025-04-10T16:03:52.651+0000] {dagbag.py:588} INFO - Filling up the DagBag from /home/airflow/.local/lib/python3.12/site-packages/airflow/example_dags/example_latest_only.py
[2025-04-10T16:03:52.658+0000] {processor.py:925} INFO - DAG(s) 'latest_only' retrieved from /home/airflow/.local/lib/python3.12/site-packages/airflow/example_dags/example_latest_only.py
[2025-04-10T16:03:52.678+0000] {logging_mixin.py:190} INFO - [2025-04-10T16:03:52.678+0000] {dag.py:3239} INFO - Sync 1 DAGs
[2025-04-10T16:03:52.701+0000] {logging_mixin.py:190} INFO - [2025-04-10T16:03:52.701+0000] {dag.py:4180} INFO - Setting next_dagrun for latest_only to 2025-04-10 12:00:00+00:00, run_after=2025-04-10 16:00:00+00:00
[2025-04-10T16:03:52.720+0000] {processor.py:208} INFO - Processing /home/airflow/.local/lib/python3.12/site-packages/airflow/example_dags/example_latest_only.py took 0.077 seconds
[2025-04-10T16:04:23.520+0000] {processor.py:186} INFO - Started process (PID=321) to work on /home/airflow/.local/lib/python3.12/site-packages/airflow/example_dags/example_latest_only.py
[2025-04-10T16:04:23.521+0000] {processor.py:914} INFO - Processing file /home/airflow/.local/lib/python3.12/site-packages/airflow/example_dags/example_latest_only.py for tasks to queue
[2025-04-10T16:04:23.523+0000] {logging_mixin.py:190} INFO - [2025-04-10T16:04:23.522+0000] {dagbag.py:588} INFO - Filling up the DagBag from /home/airflow/.local/lib/python3.12/site-packages/airflow/example_dags/example_latest_only.py
[2025-04-10T16:04:23.529+0000] {processor.py:925} INFO - DAG(s) 'latest_only' retrieved from /home/airflow/.local/lib/python3.12/site-packages/airflow/example_dags/example_latest_only.py
[2025-04-10T16:04:23.546+0000] {logging_mixin.py:190} INFO - [2025-04-10T16:04:23.546+0000] {dag.py:3239} INFO - Sync 1 DAGs
[2025-04-10T16:04:23.570+0000] {logging_mixin.py:190} INFO - [2025-04-10T16:04:23.570+0000] {dag.py:4180} INFO - Setting next_dagrun for latest_only to 2025-04-10 12:00:00+00:00, run_after=2025-04-10 16:00:00+00:00
[2025-04-10T16:04:23.588+0000] {processor.py:208} INFO - Processing /home/airflow/.local/lib/python3.12/site-packages/airflow/example_dags/example_latest_only.py took 0.074 seconds
[2025-04-10T16:04:54.300+0000] {processor.py:186} INFO - Started process (PID=384) to work on /home/airflow/.local/lib/python3.12/site-packages/airflow/example_dags/example_latest_only.py
[2025-04-10T16:04:54.301+0000] {processor.py:914} INFO - Processing file /home/airflow/.local/lib/python3.12/site-packages/airflow/example_dags/example_latest_only.py for tasks to queue
[2025-04-10T16:04:54.304+0000] {logging_mixin.py:190} INFO - [2025-04-10T16:04:54.304+0000] {dagbag.py:588} INFO - Filling up the DagBag from /home/airflow/.local/lib/python3.12/site-packages/airflow/example_dags/example_latest_only.py
[2025-04-10T16:04:54.311+0000] {processor.py:925} INFO - DAG(s) 'latest_only' retrieved from /home/airflow/.local/lib/python3.12/site-packages/airflow/example_dags/example_latest_only.py
[2025-04-10T16:04:54.328+0000] {logging_mixin.py:190} INFO - [2025-04-10T16:04:54.328+0000] {dag.py:3239} INFO - Sync 1 DAGs
[2025-04-10T16:04:54.351+0000] {logging_mixin.py:190} INFO - [2025-04-10T16:04:54.351+0000] {dag.py:4180} INFO - Setting next_dagrun for latest_only to 2025-04-10 12:00:00+00:00, run_after=2025-04-10 16:00:00+00:00
[2025-04-10T16:04:54.368+0000] {processor.py:208} INFO - Processing /home/airflow/.local/lib/python3.12/site-packages/airflow/example_dags/example_latest_only.py took 0.075 seconds
[2025-04-10T16:05:24.843+0000] {processor.py:186} INFO - Started process (PID=453) to work on /home/airflow/.local/lib/python3.12/site-packages/airflow/example_dags/example_latest_only.py
[2025-04-10T16:05:24.843+0000] {processor.py:914} INFO - Processing file /home/airflow/.local/lib/python3.12/site-packages/airflow/example_dags/example_latest_only.py for tasks to queue
[2025-04-10T16:05:24.846+0000] {logging_mixin.py:190} INFO - [2025-04-10T16:05:24.845+0000] {dagbag.py:588} INFO - Filling up the DagBag from /home/airflow/.local/lib/python3.12/site-packages/airflow/example_dags/example_latest_only.py
[2025-04-10T16:05:24.852+0000] {processor.py:925} INFO - DAG(s) 'latest_only' retrieved from /home/airflow/.local/lib/python3.12/site-packages/airflow/example_dags/example_latest_only.py
[2025-04-10T16:05:24.871+0000] {logging_mixin.py:190} INFO - [2025-04-10T16:05:24.871+0000] {dag.py:3239} INFO - Sync 1 DAGs
[2025-04-10T16:05:24.893+0000] {logging_mixin.py:190} INFO - [2025-04-10T16:05:24.893+0000] {dag.py:4180} INFO - Setting next_dagrun for latest_only to 2025-04-10 12:00:00+00:00, run_after=2025-04-10 16:00:00+00:00
[2025-04-10T16:05:24.916+0000] {processor.py:208} INFO - Processing /home/airflow/.local/lib/python3.12/site-packages/airflow/example_dags/example_latest_only.py took 0.078 seconds
[2025-04-10T16:05:55.902+0000] {processor.py:186} INFO - Started process (PID=516) to work on /home/airflow/.local/lib/python3.12/site-packages/airflow/example_dags/example_latest_only.py
[2025-04-10T16:05:55.903+0000] {processor.py:914} INFO - Processing file /home/airflow/.local/lib/python3.12/site-packages/airflow/example_dags/example_latest_only.py for tasks to queue
[2025-04-10T16:05:55.905+0000] {logging_mixin.py:190} INFO - [2025-04-10T16:05:55.905+0000] {dagbag.py:588} INFO - Filling up the DagBag from /home/airflow/.local/lib/python3.12/site-packages/airflow/example_dags/example_latest_only.py
[2025-04-10T16:05:55.912+0000] {processor.py:925} INFO - DAG(s) 'latest_only' retrieved from /home/airflow/.local/lib/python3.12/site-packages/airflow/example_dags/example_latest_only.py
[2025-04-10T16:05:55.929+0000] {logging_mixin.py:190} INFO - [2025-04-10T16:05:55.929+0000] {dag.py:3239} INFO - Sync 1 DAGs
[2025-04-10T16:05:55.952+0000] {logging_mixin.py:190} INFO - [2025-04-10T16:05:55.952+0000] {dag.py:4180} INFO - Setting next_dagrun for latest_only to 2025-04-10 12:00:00+00:00, run_after=2025-04-10 16:00:00+00:00
[2025-04-10T16:05:55.972+0000] {processor.py:208} INFO - Processing /home/airflow/.local/lib/python3.12/site-packages/airflow/example_dags/example_latest_only.py took 0.075 seconds
[2025-04-10T16:06:26.068+0000] {processor.py:186} INFO - Started process (PID=579) to work on /home/airflow/.local/lib/python3.12/site-packages/airflow/example_dags/example_latest_only.py
[2025-04-10T16:06:26.069+0000] {processor.py:914} INFO - Processing file /home/airflow/.local/lib/python3.12/site-packages/airflow/example_dags/example_latest_only.py for tasks to queue
[2025-04-10T16:06:26.071+0000] {logging_mixin.py:190} INFO - [2025-04-10T16:06:26.071+0000] {dagbag.py:588} INFO - Filling up the DagBag from /home/airflow/.local/lib/python3.12/site-packages/airflow/example_dags/example_latest_only.py
[2025-04-10T16:06:26.077+0000] {processor.py:925} INFO - DAG(s) 'latest_only' retrieved from /home/airflow/.local/lib/python3.12/site-packages/airflow/example_dags/example_latest_only.py
[2025-04-10T16:06:26.095+0000] {logging_mixin.py:190} INFO - [2025-04-10T16:06:26.095+0000] {dag.py:3239} INFO - Sync 1 DAGs
[2025-04-10T16:06:26.117+0000] {logging_mixin.py:190} INFO - [2025-04-10T16:06:26.117+0000] {dag.py:4180} INFO - Setting next_dagrun for latest_only to 2025-04-10 12:00:00+00:00, run_after=2025-04-10 16:00:00+00:00
[2025-04-10T16:06:26.135+0000] {processor.py:208} INFO - Processing /home/airflow/.local/lib/python3.12/site-packages/airflow/example_dags/example_latest_only.py took 0.073 seconds
[2025-04-10T16:06:57.121+0000] {processor.py:186} INFO - Started process (PID=642) to work on /home/airflow/.local/lib/python3.12/site-packages/airflow/example_dags/example_latest_only.py
[2025-04-10T16:06:57.122+0000] {processor.py:914} INFO - Processing file /home/airflow/.local/lib/python3.12/site-packages/airflow/example_dags/example_latest_only.py for tasks to queue
[2025-04-10T16:06:57.124+0000] {logging_mixin.py:190} INFO - [2025-04-10T16:06:57.124+0000] {dagbag.py:588} INFO - Filling up the DagBag from /home/airflow/.local/lib/python3.12/site-packages/airflow/example_dags/example_latest_only.py
[2025-04-10T16:06:57.131+0000] {processor.py:925} INFO - DAG(s) 'latest_only' retrieved from /home/airflow/.local/lib/python3.12/site-packages/airflow/example_dags/example_latest_only.py
[2025-04-10T16:06:57.149+0000] {logging_mixin.py:190} INFO - [2025-04-10T16:06:57.149+0000] {dag.py:3239} INFO - Sync 1 DAGs
[2025-04-10T16:06:57.172+0000] {logging_mixin.py:190} INFO - [2025-04-10T16:06:57.172+0000] {dag.py:4180} INFO - Setting next_dagrun for latest_only to 2025-04-10 12:00:00+00:00, run_after=2025-04-10 16:00:00+00:00
[2025-04-10T16:06:57.190+0000] {processor.py:208} INFO - Processing /home/airflow/.local/lib/python3.12/site-packages/airflow/example_dags/example_latest_only.py took 0.075 seconds
[2025-04-10T16:07:28.161+0000] {processor.py:186} INFO - Started process (PID=705) to work on /home/airflow/.local/lib/python3.12/site-packages/airflow/example_dags/example_latest_only.py
[2025-04-10T16:07:28.162+0000] {processor.py:914} INFO - Processing file /home/airflow/.local/lib/python3.12/site-packages/airflow/example_dags/example_latest_only.py for tasks to queue
[2025-04-10T16:07:28.165+0000] {logging_mixin.py:190} INFO - [2025-04-10T16:07:28.164+0000] {dagbag.py:588} INFO - Filling up the DagBag from /home/airflow/.local/lib/python3.12/site-packages/airflow/example_dags/example_latest_only.py
[2025-04-10T16:07:28.175+0000] {processor.py:925} INFO - DAG(s) 'latest_only' retrieved from /home/airflow/.local/lib/python3.12/site-packages/airflow/example_dags/example_latest_only.py
[2025-04-10T16:07:28.195+0000] {logging_mixin.py:190} INFO - [2025-04-10T16:07:28.195+0000] {dag.py:3239} INFO - Sync 1 DAGs
[2025-04-10T16:07:28.224+0000] {logging_mixin.py:190} INFO - [2025-04-10T16:07:28.223+0000] {dag.py:4180} INFO - Setting next_dagrun for latest_only to 2025-04-10 12:00:00+00:00, run_after=2025-04-10 16:00:00+00:00
[2025-04-10T16:07:28.253+0000] {processor.py:208} INFO - Processing /home/airflow/.local/lib/python3.12/site-packages/airflow/example_dags/example_latest_only.py took 0.099 seconds
[2025-04-10T16:07:59.014+0000] {processor.py:186} INFO - Started process (PID=768) to work on /home/airflow/.local/lib/python3.12/site-packages/airflow/example_dags/example_latest_only.py
[2025-04-10T16:07:59.015+0000] {processor.py:914} INFO - Processing file /home/airflow/.local/lib/python3.12/site-packages/airflow/example_dags/example_latest_only.py for tasks to queue
[2025-04-10T16:07:59.017+0000] {logging_mixin.py:190} INFO - [2025-04-10T16:07:59.017+0000] {dagbag.py:588} INFO - Filling up the DagBag from /home/airflow/.local/lib/python3.12/site-packages/airflow/example_dags/example_latest_only.py
[2025-04-10T16:07:59.024+0000] {processor.py:925} INFO - DAG(s) 'latest_only' retrieved from /home/airflow/.local/lib/python3.12/site-packages/airflow/example_dags/example_latest_only.py
[2025-04-10T16:07:59.042+0000] {logging_mixin.py:190} INFO - [2025-04-10T16:07:59.042+0000] {dag.py:3239} INFO - Sync 1 DAGs
[2025-04-10T16:07:59.066+0000] {logging_mixin.py:190} INFO - [2025-04-10T16:07:59.066+0000] {dag.py:4180} INFO - Setting next_dagrun for latest_only to 2025-04-10 12:00:00+00:00, run_after=2025-04-10 16:00:00+00:00
[2025-04-10T16:07:59.084+0000] {processor.py:208} INFO - Processing /home/airflow/.local/lib/python3.12/site-packages/airflow/example_dags/example_latest_only.py took 0.075 seconds
[2025-04-10T16:08:29.531+0000] {processor.py:186} INFO - Started process (PID=831) to work on /home/airflow/.local/lib/python3.12/site-packages/airflow/example_dags/example_latest_only.py
[2025-04-10T16:08:29.532+0000] {processor.py:914} INFO - Processing file /home/airflow/.local/lib/python3.12/site-packages/airflow/example_dags/example_latest_only.py for tasks to queue
[2025-04-10T16:08:29.534+0000] {logging_mixin.py:190} INFO - [2025-04-10T16:08:29.533+0000] {dagbag.py:588} INFO - Filling up the DagBag from /home/airflow/.local/lib/python3.12/site-packages/airflow/example_dags/example_latest_only.py
[2025-04-10T16:08:29.541+0000] {processor.py:925} INFO - DAG(s) 'latest_only' retrieved from /home/airflow/.local/lib/python3.12/site-packages/airflow/example_dags/example_latest_only.py
[2025-04-10T16:08:29.561+0000] {logging_mixin.py:190} INFO - [2025-04-10T16:08:29.561+0000] {dag.py:3239} INFO - Sync 1 DAGs
[2025-04-10T16:08:29.583+0000] {logging_mixin.py:190} INFO - [2025-04-10T16:08:29.582+0000] {dag.py:4180} INFO - Setting next_dagrun for latest_only to 2025-04-10 12:00:00+00:00, run_after=2025-04-10 16:00:00+00:00
[2025-04-10T16:08:29.605+0000] {processor.py:208} INFO - Processing /home/airflow/.local/lib/python3.12/site-packages/airflow/example_dags/example_latest_only.py took 0.080 seconds
[2025-04-10T16:09:00.357+0000] {processor.py:186} INFO - Started process (PID=894) to work on /home/airflow/.local/lib/python3.12/site-packages/airflow/example_dags/example_latest_only.py
[2025-04-10T16:09:00.358+0000] {processor.py:914} INFO - Processing file /home/airflow/.local/lib/python3.12/site-packages/airflow/example_dags/example_latest_only.py for tasks to queue
[2025-04-10T16:09:00.360+0000] {logging_mixin.py:190} INFO - [2025-04-10T16:09:00.360+0000] {dagbag.py:588} INFO - Filling up the DagBag from /home/airflow/.local/lib/python3.12/site-packages/airflow/example_dags/example_latest_only.py
[2025-04-10T16:09:00.367+0000] {processor.py:925} INFO - DAG(s) 'latest_only' retrieved from /home/airflow/.local/lib/python3.12/site-packages/airflow/example_dags/example_latest_only.py
[2025-04-10T16:09:00.385+0000] {logging_mixin.py:190} INFO - [2025-04-10T16:09:00.384+0000] {dag.py:3239} INFO - Sync 1 DAGs
[2025-04-10T16:09:00.407+0000] {logging_mixin.py:190} INFO - [2025-04-10T16:09:00.407+0000] {dag.py:4180} INFO - Setting next_dagrun for latest_only to 2025-04-10 12:00:00+00:00, run_after=2025-04-10 16:00:00+00:00
[2025-04-10T16:09:00.432+0000] {processor.py:208} INFO - Processing /home/airflow/.local/lib/python3.12/site-packages/airflow/example_dags/example_latest_only.py took 0.080 seconds
