[2025-04-10T16:02:22.138+0000] {processor.py:186} INFO - Started process (PID=75) to work on /home/airflow/.local/lib/python3.12/site-packages/airflow/example_dags/example_dag_decorator.py
[2025-04-10T16:02:22.139+0000] {processor.py:914} INFO - Processing file /home/airflow/.local/lib/python3.12/site-packages/airflow/example_dags/example_dag_decorator.py for tasks to queue
[2025-04-10T16:02:22.141+0000] {logging_mixin.py:190} INFO - [2025-04-10T16:02:22.141+0000] {dagbag.py:588} INFO - Filling up the DagBag from /home/airflow/.local/lib/python3.12/site-packages/airflow/example_dags/example_dag_decorator.py
[2025-04-10T16:02:22.531+0000] {processor.py:925} INFO - DAG(s) 'example_dag_decorator' retrieved from /home/airflow/.local/lib/python3.12/site-packages/airflow/example_dags/example_dag_decorator.py
[2025-04-10T16:02:22.661+0000] {logging_mixin.py:190} INFO - [2025-04-10T16:02:22.660+0000] {override.py:1912} INFO - Created Permission View: can read on DAG:example_dag_decorator
[2025-04-10T16:02:22.674+0000] {logging_mixin.py:190} INFO - [2025-04-10T16:02:22.674+0000] {override.py:1912} INFO - Created Permission View: can delete on DAG:example_dag_decorator
[2025-04-10T16:02:22.684+0000] {logging_mixin.py:190} INFO - [2025-04-10T16:02:22.684+0000] {override.py:1912} INFO - Created Permission View: can edit on DAG:example_dag_decorator
[2025-04-10T16:02:22.696+0000] {logging_mixin.py:190} INFO - [2025-04-10T16:02:22.695+0000] {override.py:1912} INFO - Created Permission View: menu access on DAG Run:example_dag_decorator
[2025-04-10T16:02:22.706+0000] {logging_mixin.py:190} INFO - [2025-04-10T16:02:22.706+0000] {override.py:1912} INFO - Created Permission View: can read on DAG Run:example_dag_decorator
[2025-04-10T16:02:22.714+0000] {logging_mixin.py:190} INFO - [2025-04-10T16:02:22.714+0000] {override.py:1912} INFO - Created Permission View: can create on DAG Run:example_dag_decorator
[2025-04-10T16:02:22.722+0000] {logging_mixin.py:190} INFO - [2025-04-10T16:02:22.721+0000] {override.py:1912} INFO - Created Permission View: can delete on DAG Run:example_dag_decorator
[2025-04-10T16:02:22.722+0000] {logging_mixin.py:190} INFO - [2025-04-10T16:02:22.722+0000] {dag.py:3239} INFO - Sync 1 DAGs
[2025-04-10T16:02:22.736+0000] {logging_mixin.py:190} INFO - [2025-04-10T16:02:22.736+0000] {dag.py:3262} INFO - Creating ORM DAG for example_dag_decorator
[2025-04-10T16:02:22.738+0000] {logging_mixin.py:190} INFO - [2025-04-10T16:02:22.737+0000] {dag.py:4180} INFO - Setting next_dagrun for example_dag_decorator to None, run_after=None
[2025-04-10T16:02:22.757+0000] {processor.py:208} INFO - Processing /home/airflow/.local/lib/python3.12/site-packages/airflow/example_dags/example_dag_decorator.py took 0.626 seconds
[2025-04-10T16:02:53.149+0000] {processor.py:186} INFO - Started process (PID=138) to work on /home/airflow/.local/lib/python3.12/site-packages/airflow/example_dags/example_dag_decorator.py
[2025-04-10T16:02:53.150+0000] {processor.py:914} INFO - Processing file /home/airflow/.local/lib/python3.12/site-packages/airflow/example_dags/example_dag_decorator.py for tasks to queue
[2025-04-10T16:02:53.152+0000] {logging_mixin.py:190} INFO - [2025-04-10T16:02:53.151+0000] {dagbag.py:588} INFO - Filling up the DagBag from /home/airflow/.local/lib/python3.12/site-packages/airflow/example_dags/example_dag_decorator.py
[2025-04-10T16:02:53.261+0000] {processor.py:925} INFO - DAG(s) 'example_dag_decorator' retrieved from /home/airflow/.local/lib/python3.12/site-packages/airflow/example_dags/example_dag_decorator.py
[2025-04-10T16:02:53.378+0000] {logging_mixin.py:190} INFO - [2025-04-10T16:02:53.377+0000] {dag.py:3239} INFO - Sync 1 DAGs
[2025-04-10T16:02:53.390+0000] {logging_mixin.py:190} INFO - [2025-04-10T16:02:53.390+0000] {dag.py:4180} INFO - Setting next_dagrun for example_dag_decorator to None, run_after=None
[2025-04-10T16:02:53.411+0000] {processor.py:208} INFO - Processing /home/airflow/.local/lib/python3.12/site-packages/airflow/example_dags/example_dag_decorator.py took 0.268 seconds
[2025-04-10T16:03:23.791+0000] {processor.py:186} INFO - Started process (PID=201) to work on /home/airflow/.local/lib/python3.12/site-packages/airflow/example_dags/example_dag_decorator.py
[2025-04-10T16:03:23.792+0000] {processor.py:914} INFO - Processing file /home/airflow/.local/lib/python3.12/site-packages/airflow/example_dags/example_dag_decorator.py for tasks to queue
[2025-04-10T16:03:23.794+0000] {logging_mixin.py:190} INFO - [2025-04-10T16:03:23.794+0000] {dagbag.py:588} INFO - Filling up the DagBag from /home/airflow/.local/lib/python3.12/site-packages/airflow/example_dags/example_dag_decorator.py
[2025-04-10T16:03:23.905+0000] {processor.py:925} INFO - DAG(s) 'example_dag_decorator' retrieved from /home/airflow/.local/lib/python3.12/site-packages/airflow/example_dags/example_dag_decorator.py
[2025-04-10T16:03:24.013+0000] {logging_mixin.py:190} INFO - [2025-04-10T16:03:24.013+0000] {dag.py:3239} INFO - Sync 1 DAGs
[2025-04-10T16:03:24.025+0000] {logging_mixin.py:190} INFO - [2025-04-10T16:03:24.025+0000] {dag.py:4180} INFO - Setting next_dagrun for example_dag_decorator to None, run_after=None
[2025-04-10T16:03:24.042+0000] {processor.py:208} INFO - Processing /home/airflow/.local/lib/python3.12/site-packages/airflow/example_dags/example_dag_decorator.py took 0.257 seconds
[2025-04-10T16:03:54.113+0000] {processor.py:186} INFO - Started process (PID=264) to work on /home/airflow/.local/lib/python3.12/site-packages/airflow/example_dags/example_dag_decorator.py
[2025-04-10T16:03:54.114+0000] {processor.py:914} INFO - Processing file /home/airflow/.local/lib/python3.12/site-packages/airflow/example_dags/example_dag_decorator.py for tasks to queue
[2025-04-10T16:03:54.117+0000] {logging_mixin.py:190} INFO - [2025-04-10T16:03:54.117+0000] {dagbag.py:588} INFO - Filling up the DagBag from /home/airflow/.local/lib/python3.12/site-packages/airflow/example_dags/example_dag_decorator.py
[2025-04-10T16:03:54.230+0000] {processor.py:925} INFO - DAG(s) 'example_dag_decorator' retrieved from /home/airflow/.local/lib/python3.12/site-packages/airflow/example_dags/example_dag_decorator.py
[2025-04-10T16:03:54.353+0000] {logging_mixin.py:190} INFO - [2025-04-10T16:03:54.353+0000] {dag.py:3239} INFO - Sync 1 DAGs
[2025-04-10T16:03:54.367+0000] {logging_mixin.py:190} INFO - [2025-04-10T16:03:54.367+0000] {dag.py:4180} INFO - Setting next_dagrun for example_dag_decorator to None, run_after=None
[2025-04-10T16:03:54.387+0000] {processor.py:208} INFO - Processing /home/airflow/.local/lib/python3.12/site-packages/airflow/example_dags/example_dag_decorator.py took 0.281 seconds
[2025-04-10T16:04:24.876+0000] {processor.py:186} INFO - Started process (PID=333) to work on /home/airflow/.local/lib/python3.12/site-packages/airflow/example_dags/example_dag_decorator.py
[2025-04-10T16:04:24.878+0000] {processor.py:914} INFO - Processing file /home/airflow/.local/lib/python3.12/site-packages/airflow/example_dags/example_dag_decorator.py for tasks to queue
[2025-04-10T16:04:24.880+0000] {logging_mixin.py:190} INFO - [2025-04-10T16:04:24.880+0000] {dagbag.py:588} INFO - Filling up the DagBag from /home/airflow/.local/lib/python3.12/site-packages/airflow/example_dags/example_dag_decorator.py
[2025-04-10T16:04:24.986+0000] {processor.py:925} INFO - DAG(s) 'example_dag_decorator' retrieved from /home/airflow/.local/lib/python3.12/site-packages/airflow/example_dags/example_dag_decorator.py
[2025-04-10T16:04:25.087+0000] {logging_mixin.py:190} INFO - [2025-04-10T16:04:25.086+0000] {dag.py:3239} INFO - Sync 1 DAGs
[2025-04-10T16:04:25.099+0000] {logging_mixin.py:190} INFO - [2025-04-10T16:04:25.099+0000] {dag.py:4180} INFO - Setting next_dagrun for example_dag_decorator to None, run_after=None
[2025-04-10T16:04:25.119+0000] {processor.py:208} INFO - Processing /home/airflow/.local/lib/python3.12/site-packages/airflow/example_dags/example_dag_decorator.py took 0.248 seconds
[2025-04-10T16:04:55.619+0000] {processor.py:186} INFO - Started process (PID=396) to work on /home/airflow/.local/lib/python3.12/site-packages/airflow/example_dags/example_dag_decorator.py
[2025-04-10T16:04:55.620+0000] {processor.py:914} INFO - Processing file /home/airflow/.local/lib/python3.12/site-packages/airflow/example_dags/example_dag_decorator.py for tasks to queue
[2025-04-10T16:04:55.622+0000] {logging_mixin.py:190} INFO - [2025-04-10T16:04:55.622+0000] {dagbag.py:588} INFO - Filling up the DagBag from /home/airflow/.local/lib/python3.12/site-packages/airflow/example_dags/example_dag_decorator.py
[2025-04-10T16:04:55.720+0000] {processor.py:925} INFO - DAG(s) 'example_dag_decorator' retrieved from /home/airflow/.local/lib/python3.12/site-packages/airflow/example_dags/example_dag_decorator.py
[2025-04-10T16:04:55.817+0000] {logging_mixin.py:190} INFO - [2025-04-10T16:04:55.817+0000] {dag.py:3239} INFO - Sync 1 DAGs
[2025-04-10T16:04:55.829+0000] {logging_mixin.py:190} INFO - [2025-04-10T16:04:55.829+0000] {dag.py:4180} INFO - Setting next_dagrun for example_dag_decorator to None, run_after=None
[2025-04-10T16:04:55.849+0000] {processor.py:208} INFO - Processing /home/airflow/.local/lib/python3.12/site-packages/airflow/example_dags/example_dag_decorator.py took 0.235 seconds
[2025-04-10T16:05:26.188+0000] {processor.py:186} INFO - Started process (PID=459) to work on /home/airflow/.local/lib/python3.12/site-packages/airflow/example_dags/example_dag_decorator.py
[2025-04-10T16:05:26.189+0000] {processor.py:914} INFO - Processing file /home/airflow/.local/lib/python3.12/site-packages/airflow/example_dags/example_dag_decorator.py for tasks to queue
[2025-04-10T16:05:26.191+0000] {logging_mixin.py:190} INFO - [2025-04-10T16:05:26.191+0000] {dagbag.py:588} INFO - Filling up the DagBag from /home/airflow/.local/lib/python3.12/site-packages/airflow/example_dags/example_dag_decorator.py
[2025-04-10T16:05:26.285+0000] {processor.py:925} INFO - DAG(s) 'example_dag_decorator' retrieved from /home/airflow/.local/lib/python3.12/site-packages/airflow/example_dags/example_dag_decorator.py
[2025-04-10T16:05:26.395+0000] {logging_mixin.py:190} INFO - [2025-04-10T16:05:26.395+0000] {dag.py:3239} INFO - Sync 1 DAGs
[2025-04-10T16:05:26.407+0000] {logging_mixin.py:190} INFO - [2025-04-10T16:05:26.407+0000] {dag.py:4180} INFO - Setting next_dagrun for example_dag_decorator to None, run_after=None
[2025-04-10T16:05:26.426+0000] {processor.py:208} INFO - Processing /home/airflow/.local/lib/python3.12/site-packages/airflow/example_dags/example_dag_decorator.py took 0.243 seconds
[2025-04-10T16:05:56.528+0000] {processor.py:186} INFO - Started process (PID=522) to work on /home/airflow/.local/lib/python3.12/site-packages/airflow/example_dags/example_dag_decorator.py
[2025-04-10T16:05:56.529+0000] {processor.py:914} INFO - Processing file /home/airflow/.local/lib/python3.12/site-packages/airflow/example_dags/example_dag_decorator.py for tasks to queue
[2025-04-10T16:05:56.532+0000] {logging_mixin.py:190} INFO - [2025-04-10T16:05:56.532+0000] {dagbag.py:588} INFO - Filling up the DagBag from /home/airflow/.local/lib/python3.12/site-packages/airflow/example_dags/example_dag_decorator.py
[2025-04-10T16:05:56.648+0000] {processor.py:925} INFO - DAG(s) 'example_dag_decorator' retrieved from /home/airflow/.local/lib/python3.12/site-packages/airflow/example_dags/example_dag_decorator.py
[2025-04-10T16:05:56.779+0000] {logging_mixin.py:190} INFO - [2025-04-10T16:05:56.779+0000] {dag.py:3239} INFO - Sync 1 DAGs
[2025-04-10T16:05:56.797+0000] {logging_mixin.py:190} INFO - [2025-04-10T16:05:56.797+0000] {dag.py:4180} INFO - Setting next_dagrun for example_dag_decorator to None, run_after=None
[2025-04-10T16:05:56.821+0000] {processor.py:208} INFO - Processing /home/airflow/.local/lib/python3.12/site-packages/airflow/example_dags/example_dag_decorator.py took 0.299 seconds
[2025-04-10T16:06:27.397+0000] {processor.py:186} INFO - Started process (PID=585) to work on /home/airflow/.local/lib/python3.12/site-packages/airflow/example_dags/example_dag_decorator.py
[2025-04-10T16:06:27.398+0000] {processor.py:914} INFO - Processing file /home/airflow/.local/lib/python3.12/site-packages/airflow/example_dags/example_dag_decorator.py for tasks to queue
[2025-04-10T16:06:27.400+0000] {logging_mixin.py:190} INFO - [2025-04-10T16:06:27.399+0000] {dagbag.py:588} INFO - Filling up the DagBag from /home/airflow/.local/lib/python3.12/site-packages/airflow/example_dags/example_dag_decorator.py
[2025-04-10T16:06:27.495+0000] {processor.py:925} INFO - DAG(s) 'example_dag_decorator' retrieved from /home/airflow/.local/lib/python3.12/site-packages/airflow/example_dags/example_dag_decorator.py
[2025-04-10T16:06:27.596+0000] {logging_mixin.py:190} INFO - [2025-04-10T16:06:27.595+0000] {dag.py:3239} INFO - Sync 1 DAGs
[2025-04-10T16:06:27.607+0000] {logging_mixin.py:190} INFO - [2025-04-10T16:06:27.607+0000] {dag.py:4180} INFO - Setting next_dagrun for example_dag_decorator to None, run_after=None
[2025-04-10T16:06:27.626+0000] {processor.py:208} INFO - Processing /home/airflow/.local/lib/python3.12/site-packages/airflow/example_dags/example_dag_decorator.py took 0.235 seconds
[2025-04-10T16:06:57.787+0000] {processor.py:186} INFO - Started process (PID=649) to work on /home/airflow/.local/lib/python3.12/site-packages/airflow/example_dags/example_dag_decorator.py
[2025-04-10T16:06:57.788+0000] {processor.py:914} INFO - Processing file /home/airflow/.local/lib/python3.12/site-packages/airflow/example_dags/example_dag_decorator.py for tasks to queue
[2025-04-10T16:06:57.790+0000] {logging_mixin.py:190} INFO - [2025-04-10T16:06:57.790+0000] {dagbag.py:588} INFO - Filling up the DagBag from /home/airflow/.local/lib/python3.12/site-packages/airflow/example_dags/example_dag_decorator.py
[2025-04-10T16:06:57.884+0000] {processor.py:925} INFO - DAG(s) 'example_dag_decorator' retrieved from /home/airflow/.local/lib/python3.12/site-packages/airflow/example_dags/example_dag_decorator.py
[2025-04-10T16:06:57.986+0000] {logging_mixin.py:190} INFO - [2025-04-10T16:06:57.986+0000] {dag.py:3239} INFO - Sync 1 DAGs
[2025-04-10T16:06:57.999+0000] {logging_mixin.py:190} INFO - [2025-04-10T16:06:57.998+0000] {dag.py:4180} INFO - Setting next_dagrun for example_dag_decorator to None, run_after=None
[2025-04-10T16:06:58.017+0000] {processor.py:208} INFO - Processing /home/airflow/.local/lib/python3.12/site-packages/airflow/example_dags/example_dag_decorator.py took 0.236 seconds
[2025-04-10T16:07:28.532+0000] {processor.py:186} INFO - Started process (PID=711) to work on /home/airflow/.local/lib/python3.12/site-packages/airflow/example_dags/example_dag_decorator.py
[2025-04-10T16:07:28.533+0000] {processor.py:914} INFO - Processing file /home/airflow/.local/lib/python3.12/site-packages/airflow/example_dags/example_dag_decorator.py for tasks to queue
[2025-04-10T16:07:28.535+0000] {logging_mixin.py:190} INFO - [2025-04-10T16:07:28.535+0000] {dagbag.py:588} INFO - Filling up the DagBag from /home/airflow/.local/lib/python3.12/site-packages/airflow/example_dags/example_dag_decorator.py
[2025-04-10T16:07:28.636+0000] {processor.py:925} INFO - DAG(s) 'example_dag_decorator' retrieved from /home/airflow/.local/lib/python3.12/site-packages/airflow/example_dags/example_dag_decorator.py
[2025-04-10T16:07:28.743+0000] {logging_mixin.py:190} INFO - [2025-04-10T16:07:28.743+0000] {dag.py:3239} INFO - Sync 1 DAGs
[2025-04-10T16:07:28.756+0000] {logging_mixin.py:190} INFO - [2025-04-10T16:07:28.755+0000] {dag.py:4180} INFO - Setting next_dagrun for example_dag_decorator to None, run_after=None
[2025-04-10T16:07:28.778+0000] {processor.py:208} INFO - Processing /home/airflow/.local/lib/python3.12/site-packages/airflow/example_dags/example_dag_decorator.py took 0.252 seconds
[2025-04-10T16:07:59.469+0000] {processor.py:186} INFO - Started process (PID=774) to work on /home/airflow/.local/lib/python3.12/site-packages/airflow/example_dags/example_dag_decorator.py
[2025-04-10T16:07:59.470+0000] {processor.py:914} INFO - Processing file /home/airflow/.local/lib/python3.12/site-packages/airflow/example_dags/example_dag_decorator.py for tasks to queue
[2025-04-10T16:07:59.473+0000] {logging_mixin.py:190} INFO - [2025-04-10T16:07:59.472+0000] {dagbag.py:588} INFO - Filling up the DagBag from /home/airflow/.local/lib/python3.12/site-packages/airflow/example_dags/example_dag_decorator.py
[2025-04-10T16:07:59.585+0000] {processor.py:925} INFO - DAG(s) 'example_dag_decorator' retrieved from /home/airflow/.local/lib/python3.12/site-packages/airflow/example_dags/example_dag_decorator.py
[2025-04-10T16:07:59.696+0000] {logging_mixin.py:190} INFO - [2025-04-10T16:07:59.695+0000] {dag.py:3239} INFO - Sync 1 DAGs
[2025-04-10T16:07:59.709+0000] {logging_mixin.py:190} INFO - [2025-04-10T16:07:59.709+0000] {dag.py:4180} INFO - Setting next_dagrun for example_dag_decorator to None, run_after=None
[2025-04-10T16:07:59.730+0000] {processor.py:208} INFO - Processing /home/airflow/.local/lib/python3.12/site-packages/airflow/example_dags/example_dag_decorator.py took 0.268 seconds
[2025-04-10T16:08:29.937+0000] {processor.py:186} INFO - Started process (PID=837) to work on /home/airflow/.local/lib/python3.12/site-packages/airflow/example_dags/example_dag_decorator.py
[2025-04-10T16:08:29.938+0000] {processor.py:914} INFO - Processing file /home/airflow/.local/lib/python3.12/site-packages/airflow/example_dags/example_dag_decorator.py for tasks to queue
[2025-04-10T16:08:29.940+0000] {logging_mixin.py:190} INFO - [2025-04-10T16:08:29.940+0000] {dagbag.py:588} INFO - Filling up the DagBag from /home/airflow/.local/lib/python3.12/site-packages/airflow/example_dags/example_dag_decorator.py
[2025-04-10T16:08:30.042+0000] {processor.py:925} INFO - DAG(s) 'example_dag_decorator' retrieved from /home/airflow/.local/lib/python3.12/site-packages/airflow/example_dags/example_dag_decorator.py
[2025-04-10T16:08:30.146+0000] {logging_mixin.py:190} INFO - [2025-04-10T16:08:30.146+0000] {dag.py:3239} INFO - Sync 1 DAGs
[2025-04-10T16:08:30.158+0000] {logging_mixin.py:190} INFO - [2025-04-10T16:08:30.158+0000] {dag.py:4180} INFO - Setting next_dagrun for example_dag_decorator to None, run_after=None
[2025-04-10T16:08:30.176+0000] {processor.py:208} INFO - Processing /home/airflow/.local/lib/python3.12/site-packages/airflow/example_dags/example_dag_decorator.py took 0.245 seconds
[2025-04-10T16:09:00.786+0000] {processor.py:186} INFO - Started process (PID=900) to work on /home/airflow/.local/lib/python3.12/site-packages/airflow/example_dags/example_dag_decorator.py
[2025-04-10T16:09:00.787+0000] {processor.py:914} INFO - Processing file /home/airflow/.local/lib/python3.12/site-packages/airflow/example_dags/example_dag_decorator.py for tasks to queue
[2025-04-10T16:09:00.790+0000] {logging_mixin.py:190} INFO - [2025-04-10T16:09:00.789+0000] {dagbag.py:588} INFO - Filling up the DagBag from /home/airflow/.local/lib/python3.12/site-packages/airflow/example_dags/example_dag_decorator.py
[2025-04-10T16:09:00.888+0000] {processor.py:925} INFO - DAG(s) 'example_dag_decorator' retrieved from /home/airflow/.local/lib/python3.12/site-packages/airflow/example_dags/example_dag_decorator.py
[2025-04-10T16:09:00.995+0000] {logging_mixin.py:190} INFO - [2025-04-10T16:09:00.994+0000] {dag.py:3239} INFO - Sync 1 DAGs
[2025-04-10T16:09:01.008+0000] {logging_mixin.py:190} INFO - [2025-04-10T16:09:01.007+0000] {dag.py:4180} INFO - Setting next_dagrun for example_dag_decorator to None, run_after=None
[2025-04-10T16:09:01.026+0000] {processor.py:208} INFO - Processing /home/airflow/.local/lib/python3.12/site-packages/airflow/example_dags/example_dag_decorator.py took 0.248 seconds
