[2025-04-10T16:02:23.527+0000] {processor.py:186} INFO - Started process (PID=84) to work on /home/airflow/.local/lib/python3.12/site-packages/airflow/example_dags/example_sla_dag.py
[2025-04-10T16:02:23.528+0000] {processor.py:914} INFO - Processing file /home/airflow/.local/lib/python3.12/site-packages/airflow/example_dags/example_sla_dag.py for tasks to queue
[2025-04-10T16:02:23.531+0000] {logging_mixin.py:190} INFO - [2025-04-10T16:02:23.530+0000] {dagbag.py:588} INFO - Filling up the DagBag from /home/airflow/.local/lib/python3.12/site-packages/airflow/example_dags/example_sla_dag.py
[2025-04-10T16:02:23.544+0000] {processor.py:925} INFO - DAG(s) 'example_sla_dag' retrieved from /home/airflow/.local/lib/python3.12/site-packages/airflow/example_dags/example_sla_dag.py
[2025-04-10T16:02:23.717+0000] {logging_mixin.py:190} INFO - [2025-04-10T16:02:23.716+0000] {override.py:1912} INFO - Created Permission View: can read on DAG:example_sla_dag
[2025-04-10T16:02:23.733+0000] {logging_mixin.py:190} INFO - [2025-04-10T16:02:23.732+0000] {override.py:1912} INFO - Created Permission View: can delete on DAG:example_sla_dag
[2025-04-10T16:02:23.745+0000] {logging_mixin.py:190} INFO - [2025-04-10T16:02:23.744+0000] {override.py:1912} INFO - Created Permission View: can edit on DAG:example_sla_dag
[2025-04-10T16:02:23.759+0000] {logging_mixin.py:190} INFO - [2025-04-10T16:02:23.759+0000] {override.py:1912} INFO - Created Permission View: menu access on DAG Run:example_sla_dag
[2025-04-10T16:02:23.770+0000] {logging_mixin.py:190} INFO - [2025-04-10T16:02:23.769+0000] {override.py:1912} INFO - Created Permission View: can read on DAG Run:example_sla_dag
[2025-04-10T16:02:23.783+0000] {logging_mixin.py:190} INFO - [2025-04-10T16:02:23.782+0000] {override.py:1912} INFO - Created Permission View: can create on DAG Run:example_sla_dag
[2025-04-10T16:02:23.794+0000] {logging_mixin.py:190} INFO - [2025-04-10T16:02:23.793+0000] {override.py:1912} INFO - Created Permission View: can delete on DAG Run:example_sla_dag
[2025-04-10T16:02:23.795+0000] {logging_mixin.py:190} INFO - [2025-04-10T16:02:23.794+0000] {dag.py:3239} INFO - Sync 1 DAGs
[2025-04-10T16:02:23.816+0000] {logging_mixin.py:190} INFO - [2025-04-10T16:02:23.816+0000] {dag.py:3262} INFO - Creating ORM DAG for example_sla_dag
[2025-04-10T16:02:23.832+0000] {logging_mixin.py:190} INFO - [2025-04-10T16:02:23.831+0000] {dag.py:4180} INFO - Setting next_dagrun for example_sla_dag to 2025-04-10 16:00:00+00:00, run_after=2025-04-10 16:02:00+00:00
[2025-04-10T16:02:23.852+0000] {processor.py:208} INFO - Processing /home/airflow/.local/lib/python3.12/site-packages/airflow/example_dags/example_sla_dag.py took 0.330 seconds
[2025-04-10T16:02:53.990+0000] {processor.py:186} INFO - Started process (PID=147) to work on /home/airflow/.local/lib/python3.12/site-packages/airflow/example_dags/example_sla_dag.py
[2025-04-10T16:02:53.991+0000] {processor.py:914} INFO - Processing file /home/airflow/.local/lib/python3.12/site-packages/airflow/example_dags/example_sla_dag.py for tasks to queue
[2025-04-10T16:02:53.994+0000] {logging_mixin.py:190} INFO - [2025-04-10T16:02:53.994+0000] {dagbag.py:588} INFO - Filling up the DagBag from /home/airflow/.local/lib/python3.12/site-packages/airflow/example_dags/example_sla_dag.py
[2025-04-10T16:02:54.004+0000] {processor.py:925} INFO - DAG(s) 'example_sla_dag' retrieved from /home/airflow/.local/lib/python3.12/site-packages/airflow/example_dags/example_sla_dag.py
[2025-04-10T16:02:54.023+0000] {logging_mixin.py:190} INFO - [2025-04-10T16:02:54.022+0000] {dag.py:3239} INFO - Sync 1 DAGs
[2025-04-10T16:02:54.049+0000] {logging_mixin.py:190} INFO - [2025-04-10T16:02:54.049+0000] {dag.py:4180} INFO - Setting next_dagrun for example_sla_dag to 2025-04-10 16:00:00+00:00, run_after=2025-04-10 16:02:00+00:00
[2025-04-10T16:02:54.068+0000] {processor.py:208} INFO - Processing /home/airflow/.local/lib/python3.12/site-packages/airflow/example_dags/example_sla_dag.py took 0.083 seconds
[2025-04-10T16:03:24.491+0000] {processor.py:186} INFO - Started process (PID=216) to work on /home/airflow/.local/lib/python3.12/site-packages/airflow/example_dags/example_sla_dag.py
[2025-04-10T16:03:24.492+0000] {processor.py:914} INFO - Processing file /home/airflow/.local/lib/python3.12/site-packages/airflow/example_dags/example_sla_dag.py for tasks to queue
[2025-04-10T16:03:24.495+0000] {logging_mixin.py:190} INFO - [2025-04-10T16:03:24.495+0000] {dagbag.py:588} INFO - Filling up the DagBag from /home/airflow/.local/lib/python3.12/site-packages/airflow/example_dags/example_sla_dag.py
[2025-04-10T16:03:24.507+0000] {processor.py:925} INFO - DAG(s) 'example_sla_dag' retrieved from /home/airflow/.local/lib/python3.12/site-packages/airflow/example_dags/example_sla_dag.py
[2025-04-10T16:03:24.525+0000] {logging_mixin.py:190} INFO - [2025-04-10T16:03:24.525+0000] {dag.py:3239} INFO - Sync 1 DAGs
[2025-04-10T16:03:24.552+0000] {logging_mixin.py:190} INFO - [2025-04-10T16:03:24.552+0000] {dag.py:4180} INFO - Setting next_dagrun for example_sla_dag to 2025-04-10 16:00:00+00:00, run_after=2025-04-10 16:02:00+00:00
[2025-04-10T16:03:24.570+0000] {processor.py:208} INFO - Processing /home/airflow/.local/lib/python3.12/site-packages/airflow/example_dags/example_sla_dag.py took 0.086 seconds
[2025-04-10T16:03:54.866+0000] {processor.py:186} INFO - Started process (PID=279) to work on /home/airflow/.local/lib/python3.12/site-packages/airflow/example_dags/example_sla_dag.py
[2025-04-10T16:03:54.867+0000] {processor.py:914} INFO - Processing file /home/airflow/.local/lib/python3.12/site-packages/airflow/example_dags/example_sla_dag.py for tasks to queue
[2025-04-10T16:03:54.869+0000] {logging_mixin.py:190} INFO - [2025-04-10T16:03:54.868+0000] {dagbag.py:588} INFO - Filling up the DagBag from /home/airflow/.local/lib/python3.12/site-packages/airflow/example_dags/example_sla_dag.py
[2025-04-10T16:03:54.878+0000] {processor.py:925} INFO - DAG(s) 'example_sla_dag' retrieved from /home/airflow/.local/lib/python3.12/site-packages/airflow/example_dags/example_sla_dag.py
[2025-04-10T16:03:54.896+0000] {logging_mixin.py:190} INFO - [2025-04-10T16:03:54.896+0000] {dag.py:3239} INFO - Sync 1 DAGs
[2025-04-10T16:03:54.920+0000] {logging_mixin.py:190} INFO - [2025-04-10T16:03:54.920+0000] {dag.py:4180} INFO - Setting next_dagrun for example_sla_dag to 2025-04-10 16:00:00+00:00, run_after=2025-04-10 16:02:00+00:00
[2025-04-10T16:03:54.937+0000] {processor.py:208} INFO - Processing /home/airflow/.local/lib/python3.12/site-packages/airflow/example_dags/example_sla_dag.py took 0.077 seconds
[2025-04-10T16:04:25.551+0000] {processor.py:186} INFO - Started process (PID=342) to work on /home/airflow/.local/lib/python3.12/site-packages/airflow/example_dags/example_sla_dag.py
[2025-04-10T16:04:25.552+0000] {processor.py:914} INFO - Processing file /home/airflow/.local/lib/python3.12/site-packages/airflow/example_dags/example_sla_dag.py for tasks to queue
[2025-04-10T16:04:25.554+0000] {logging_mixin.py:190} INFO - [2025-04-10T16:04:25.554+0000] {dagbag.py:588} INFO - Filling up the DagBag from /home/airflow/.local/lib/python3.12/site-packages/airflow/example_dags/example_sla_dag.py
[2025-04-10T16:04:25.565+0000] {processor.py:925} INFO - DAG(s) 'example_sla_dag' retrieved from /home/airflow/.local/lib/python3.12/site-packages/airflow/example_dags/example_sla_dag.py
[2025-04-10T16:04:25.583+0000] {logging_mixin.py:190} INFO - [2025-04-10T16:04:25.583+0000] {dag.py:3239} INFO - Sync 1 DAGs
[2025-04-10T16:04:25.611+0000] {logging_mixin.py:190} INFO - [2025-04-10T16:04:25.611+0000] {dag.py:4180} INFO - Setting next_dagrun for example_sla_dag to 2025-04-10 16:02:00+00:00, run_after=2025-04-10 16:04:00+00:00
[2025-04-10T16:04:25.629+0000] {processor.py:208} INFO - Processing /home/airflow/.local/lib/python3.12/site-packages/airflow/example_dags/example_sla_dag.py took 0.085 seconds
[2025-04-10T16:04:56.259+0000] {processor.py:186} INFO - Started process (PID=405) to work on /home/airflow/.local/lib/python3.12/site-packages/airflow/example_dags/example_sla_dag.py
[2025-04-10T16:04:56.261+0000] {processor.py:914} INFO - Processing file /home/airflow/.local/lib/python3.12/site-packages/airflow/example_dags/example_sla_dag.py for tasks to queue
[2025-04-10T16:04:56.263+0000] {logging_mixin.py:190} INFO - [2025-04-10T16:04:56.263+0000] {dagbag.py:588} INFO - Filling up the DagBag from /home/airflow/.local/lib/python3.12/site-packages/airflow/example_dags/example_sla_dag.py
[2025-04-10T16:04:56.274+0000] {processor.py:925} INFO - DAG(s) 'example_sla_dag' retrieved from /home/airflow/.local/lib/python3.12/site-packages/airflow/example_dags/example_sla_dag.py
[2025-04-10T16:04:56.292+0000] {logging_mixin.py:190} INFO - [2025-04-10T16:04:56.291+0000] {dag.py:3239} INFO - Sync 1 DAGs
[2025-04-10T16:04:56.317+0000] {logging_mixin.py:190} INFO - [2025-04-10T16:04:56.317+0000] {dag.py:4180} INFO - Setting next_dagrun for example_sla_dag to 2025-04-10 16:02:00+00:00, run_after=2025-04-10 16:04:00+00:00
[2025-04-10T16:04:56.335+0000] {processor.py:208} INFO - Processing /home/airflow/.local/lib/python3.12/site-packages/airflow/example_dags/example_sla_dag.py took 0.081 seconds
[2025-04-10T16:05:26.840+0000] {processor.py:186} INFO - Started process (PID=468) to work on /home/airflow/.local/lib/python3.12/site-packages/airflow/example_dags/example_sla_dag.py
[2025-04-10T16:05:26.841+0000] {processor.py:914} INFO - Processing file /home/airflow/.local/lib/python3.12/site-packages/airflow/example_dags/example_sla_dag.py for tasks to queue
[2025-04-10T16:05:26.843+0000] {logging_mixin.py:190} INFO - [2025-04-10T16:05:26.843+0000] {dagbag.py:588} INFO - Filling up the DagBag from /home/airflow/.local/lib/python3.12/site-packages/airflow/example_dags/example_sla_dag.py
[2025-04-10T16:05:26.854+0000] {processor.py:925} INFO - DAG(s) 'example_sla_dag' retrieved from /home/airflow/.local/lib/python3.12/site-packages/airflow/example_dags/example_sla_dag.py
[2025-04-10T16:05:26.871+0000] {logging_mixin.py:190} INFO - [2025-04-10T16:05:26.870+0000] {dag.py:3239} INFO - Sync 1 DAGs
[2025-04-10T16:05:26.895+0000] {logging_mixin.py:190} INFO - [2025-04-10T16:05:26.895+0000] {dag.py:4180} INFO - Setting next_dagrun for example_sla_dag to 2025-04-10 16:02:00+00:00, run_after=2025-04-10 16:04:00+00:00
[2025-04-10T16:05:26.911+0000] {processor.py:208} INFO - Processing /home/airflow/.local/lib/python3.12/site-packages/airflow/example_dags/example_sla_dag.py took 0.078 seconds
[2025-04-10T16:05:57.128+0000] {processor.py:186} INFO - Started process (PID=531) to work on /home/airflow/.local/lib/python3.12/site-packages/airflow/example_dags/example_sla_dag.py
[2025-04-10T16:05:57.129+0000] {processor.py:914} INFO - Processing file /home/airflow/.local/lib/python3.12/site-packages/airflow/example_dags/example_sla_dag.py for tasks to queue
[2025-04-10T16:05:57.131+0000] {logging_mixin.py:190} INFO - [2025-04-10T16:05:57.131+0000] {dagbag.py:588} INFO - Filling up the DagBag from /home/airflow/.local/lib/python3.12/site-packages/airflow/example_dags/example_sla_dag.py
[2025-04-10T16:05:57.141+0000] {processor.py:925} INFO - DAG(s) 'example_sla_dag' retrieved from /home/airflow/.local/lib/python3.12/site-packages/airflow/example_dags/example_sla_dag.py
[2025-04-10T16:05:57.158+0000] {logging_mixin.py:190} INFO - [2025-04-10T16:05:57.158+0000] {dag.py:3239} INFO - Sync 1 DAGs
[2025-04-10T16:05:57.184+0000] {logging_mixin.py:190} INFO - [2025-04-10T16:05:57.184+0000] {dag.py:4180} INFO - Setting next_dagrun for example_sla_dag to 2025-04-10 16:02:00+00:00, run_after=2025-04-10 16:04:00+00:00
[2025-04-10T16:05:57.201+0000] {processor.py:208} INFO - Processing /home/airflow/.local/lib/python3.12/site-packages/airflow/example_dags/example_sla_dag.py took 0.079 seconds
[2025-04-10T16:06:28.037+0000] {processor.py:186} INFO - Started process (PID=594) to work on /home/airflow/.local/lib/python3.12/site-packages/airflow/example_dags/example_sla_dag.py
[2025-04-10T16:06:28.038+0000] {processor.py:914} INFO - Processing file /home/airflow/.local/lib/python3.12/site-packages/airflow/example_dags/example_sla_dag.py for tasks to queue
[2025-04-10T16:06:28.040+0000] {logging_mixin.py:190} INFO - [2025-04-10T16:06:28.040+0000] {dagbag.py:588} INFO - Filling up the DagBag from /home/airflow/.local/lib/python3.12/site-packages/airflow/example_dags/example_sla_dag.py
[2025-04-10T16:06:28.051+0000] {processor.py:925} INFO - DAG(s) 'example_sla_dag' retrieved from /home/airflow/.local/lib/python3.12/site-packages/airflow/example_dags/example_sla_dag.py
[2025-04-10T16:06:28.071+0000] {logging_mixin.py:190} INFO - [2025-04-10T16:06:28.070+0000] {dag.py:3239} INFO - Sync 1 DAGs
[2025-04-10T16:06:28.098+0000] {logging_mixin.py:190} INFO - [2025-04-10T16:06:28.098+0000] {dag.py:4180} INFO - Setting next_dagrun for example_sla_dag to 2025-04-10 16:04:00+00:00, run_after=2025-04-10 16:06:00+00:00
[2025-04-10T16:06:28.118+0000] {processor.py:208} INFO - Processing /home/airflow/.local/lib/python3.12/site-packages/airflow/example_dags/example_sla_dag.py took 0.087 seconds
[2025-04-10T16:06:58.263+0000] {processor.py:186} INFO - Started process (PID=657) to work on /home/airflow/.local/lib/python3.12/site-packages/airflow/example_dags/example_sla_dag.py
[2025-04-10T16:06:58.264+0000] {processor.py:914} INFO - Processing file /home/airflow/.local/lib/python3.12/site-packages/airflow/example_dags/example_sla_dag.py for tasks to queue
[2025-04-10T16:06:58.266+0000] {logging_mixin.py:190} INFO - [2025-04-10T16:06:58.266+0000] {dagbag.py:588} INFO - Filling up the DagBag from /home/airflow/.local/lib/python3.12/site-packages/airflow/example_dags/example_sla_dag.py
[2025-04-10T16:06:58.277+0000] {processor.py:925} INFO - DAG(s) 'example_sla_dag' retrieved from /home/airflow/.local/lib/python3.12/site-packages/airflow/example_dags/example_sla_dag.py
[2025-04-10T16:06:58.294+0000] {logging_mixin.py:190} INFO - [2025-04-10T16:06:58.294+0000] {dag.py:3239} INFO - Sync 1 DAGs
[2025-04-10T16:06:58.320+0000] {logging_mixin.py:190} INFO - [2025-04-10T16:06:58.319+0000] {dag.py:4180} INFO - Setting next_dagrun for example_sla_dag to 2025-04-10 16:04:00+00:00, run_after=2025-04-10 16:06:00+00:00
[2025-04-10T16:06:58.337+0000] {processor.py:208} INFO - Processing /home/airflow/.local/lib/python3.12/site-packages/airflow/example_dags/example_sla_dag.py took 0.080 seconds
[2025-04-10T16:07:29.243+0000] {processor.py:186} INFO - Started process (PID=720) to work on /home/airflow/.local/lib/python3.12/site-packages/airflow/example_dags/example_sla_dag.py
[2025-04-10T16:07:29.244+0000] {processor.py:914} INFO - Processing file /home/airflow/.local/lib/python3.12/site-packages/airflow/example_dags/example_sla_dag.py for tasks to queue
[2025-04-10T16:07:29.246+0000] {logging_mixin.py:190} INFO - [2025-04-10T16:07:29.245+0000] {dagbag.py:588} INFO - Filling up the DagBag from /home/airflow/.local/lib/python3.12/site-packages/airflow/example_dags/example_sla_dag.py
[2025-04-10T16:07:29.256+0000] {processor.py:925} INFO - DAG(s) 'example_sla_dag' retrieved from /home/airflow/.local/lib/python3.12/site-packages/airflow/example_dags/example_sla_dag.py
[2025-04-10T16:07:29.275+0000] {logging_mixin.py:190} INFO - [2025-04-10T16:07:29.275+0000] {dag.py:3239} INFO - Sync 1 DAGs
[2025-04-10T16:07:29.304+0000] {logging_mixin.py:190} INFO - [2025-04-10T16:07:29.304+0000] {dag.py:4180} INFO - Setting next_dagrun for example_sla_dag to 2025-04-10 16:04:00+00:00, run_after=2025-04-10 16:06:00+00:00
[2025-04-10T16:07:29.323+0000] {processor.py:208} INFO - Processing /home/airflow/.local/lib/python3.12/site-packages/airflow/example_dags/example_sla_dag.py took 0.086 seconds
[2025-04-10T16:08:00.074+0000] {processor.py:186} INFO - Started process (PID=783) to work on /home/airflow/.local/lib/python3.12/site-packages/airflow/example_dags/example_sla_dag.py
[2025-04-10T16:08:00.075+0000] {processor.py:914} INFO - Processing file /home/airflow/.local/lib/python3.12/site-packages/airflow/example_dags/example_sla_dag.py for tasks to queue
[2025-04-10T16:08:00.077+0000] {logging_mixin.py:190} INFO - [2025-04-10T16:08:00.077+0000] {dagbag.py:588} INFO - Filling up the DagBag from /home/airflow/.local/lib/python3.12/site-packages/airflow/example_dags/example_sla_dag.py
[2025-04-10T16:08:00.088+0000] {processor.py:925} INFO - DAG(s) 'example_sla_dag' retrieved from /home/airflow/.local/lib/python3.12/site-packages/airflow/example_dags/example_sla_dag.py
[2025-04-10T16:08:00.109+0000] {logging_mixin.py:190} INFO - [2025-04-10T16:08:00.109+0000] {dag.py:3239} INFO - Sync 1 DAGs
[2025-04-10T16:08:00.139+0000] {logging_mixin.py:190} INFO - [2025-04-10T16:08:00.138+0000] {dag.py:4180} INFO - Setting next_dagrun for example_sla_dag to 2025-04-10 16:06:00+00:00, run_after=2025-04-10 16:08:00+00:00
[2025-04-10T16:08:00.159+0000] {processor.py:208} INFO - Processing /home/airflow/.local/lib/python3.12/site-packages/airflow/example_dags/example_sla_dag.py took 0.092 seconds
[2025-04-10T16:08:30.496+0000] {processor.py:186} INFO - Started process (PID=846) to work on /home/airflow/.local/lib/python3.12/site-packages/airflow/example_dags/example_sla_dag.py
[2025-04-10T16:08:30.498+0000] {processor.py:914} INFO - Processing file /home/airflow/.local/lib/python3.12/site-packages/airflow/example_dags/example_sla_dag.py for tasks to queue
[2025-04-10T16:08:30.500+0000] {logging_mixin.py:190} INFO - [2025-04-10T16:08:30.499+0000] {dagbag.py:588} INFO - Filling up the DagBag from /home/airflow/.local/lib/python3.12/site-packages/airflow/example_dags/example_sla_dag.py
[2025-04-10T16:08:30.511+0000] {processor.py:925} INFO - DAG(s) 'example_sla_dag' retrieved from /home/airflow/.local/lib/python3.12/site-packages/airflow/example_dags/example_sla_dag.py
[2025-04-10T16:08:30.530+0000] {logging_mixin.py:190} INFO - [2025-04-10T16:08:30.530+0000] {dag.py:3239} INFO - Sync 1 DAGs
[2025-04-10T16:08:30.555+0000] {logging_mixin.py:190} INFO - [2025-04-10T16:08:30.555+0000] {dag.py:4180} INFO - Setting next_dagrun for example_sla_dag to 2025-04-10 16:06:00+00:00, run_after=2025-04-10 16:08:00+00:00
[2025-04-10T16:08:30.572+0000] {processor.py:208} INFO - Processing /home/airflow/.local/lib/python3.12/site-packages/airflow/example_dags/example_sla_dag.py took 0.082 seconds
[2025-04-10T16:09:01.502+0000] {processor.py:186} INFO - Started process (PID=909) to work on /home/airflow/.local/lib/python3.12/site-packages/airflow/example_dags/example_sla_dag.py
[2025-04-10T16:09:01.503+0000] {processor.py:914} INFO - Processing file /home/airflow/.local/lib/python3.12/site-packages/airflow/example_dags/example_sla_dag.py for tasks to queue
[2025-04-10T16:09:01.505+0000] {logging_mixin.py:190} INFO - [2025-04-10T16:09:01.505+0000] {dagbag.py:588} INFO - Filling up the DagBag from /home/airflow/.local/lib/python3.12/site-packages/airflow/example_dags/example_sla_dag.py
[2025-04-10T16:09:01.515+0000] {processor.py:925} INFO - DAG(s) 'example_sla_dag' retrieved from /home/airflow/.local/lib/python3.12/site-packages/airflow/example_dags/example_sla_dag.py
[2025-04-10T16:09:01.535+0000] {logging_mixin.py:190} INFO - [2025-04-10T16:09:01.534+0000] {dag.py:3239} INFO - Sync 1 DAGs
[2025-04-10T16:09:01.561+0000] {logging_mixin.py:190} INFO - [2025-04-10T16:09:01.561+0000] {dag.py:4180} INFO - Setting next_dagrun for example_sla_dag to 2025-04-10 16:06:00+00:00, run_after=2025-04-10 16:08:00+00:00
[2025-04-10T16:09:01.579+0000] {processor.py:208} INFO - Processing /home/airflow/.local/lib/python3.12/site-packages/airflow/example_dags/example_sla_dag.py took 0.083 seconds
