[2025-04-10T16:02:24.803+0000] {processor.py:186} INFO - Started process (PID=98) to work on /home/airflow/.local/lib/python3.12/site-packages/airflow/example_dags/example_skip_dag.py
[2025-04-10T16:02:24.804+0000] {processor.py:914} INFO - Processing file /home/airflow/.local/lib/python3.12/site-packages/airflow/example_dags/example_skip_dag.py for tasks to queue
[2025-04-10T16:02:24.806+0000] {logging_mixin.py:190} INFO - [2025-04-10T16:02:24.806+0000] {dagbag.py:588} INFO - Filling up the DagBag from /home/airflow/.local/lib/python3.12/site-packages/airflow/example_dags/example_skip_dag.py
[2025-04-10T16:02:24.816+0000] {processor.py:925} INFO - DAG(s) 'example_skip_dag' retrieved from /home/airflow/.local/lib/python3.12/site-packages/airflow/example_dags/example_skip_dag.py
[2025-04-10T16:02:24.944+0000] {logging_mixin.py:190} INFO - [2025-04-10T16:02:24.943+0000] {override.py:1912} INFO - Created Permission View: can read on DAG:example_skip_dag
[2025-04-10T16:02:24.955+0000] {logging_mixin.py:190} INFO - [2025-04-10T16:02:24.954+0000] {override.py:1912} INFO - Created Permission View: can delete on DAG:example_skip_dag
[2025-04-10T16:02:24.961+0000] {logging_mixin.py:190} INFO - [2025-04-10T16:02:24.961+0000] {override.py:1912} INFO - Created Permission View: can edit on DAG:example_skip_dag
[2025-04-10T16:02:24.971+0000] {logging_mixin.py:190} INFO - [2025-04-10T16:02:24.970+0000] {override.py:1912} INFO - Created Permission View: menu access on DAG Run:example_skip_dag
[2025-04-10T16:02:24.979+0000] {logging_mixin.py:190} INFO - [2025-04-10T16:02:24.979+0000] {override.py:1912} INFO - Created Permission View: can read on DAG Run:example_skip_dag
[2025-04-10T16:02:24.989+0000] {logging_mixin.py:190} INFO - [2025-04-10T16:02:24.988+0000] {override.py:1912} INFO - Created Permission View: can create on DAG Run:example_skip_dag
[2025-04-10T16:02:24.996+0000] {logging_mixin.py:190} INFO - [2025-04-10T16:02:24.996+0000] {override.py:1912} INFO - Created Permission View: can delete on DAG Run:example_skip_dag
[2025-04-10T16:02:24.997+0000] {logging_mixin.py:190} INFO - [2025-04-10T16:02:24.997+0000] {dag.py:3239} INFO - Sync 1 DAGs
[2025-04-10T16:02:25.010+0000] {logging_mixin.py:190} INFO - [2025-04-10T16:02:25.010+0000] {dag.py:3262} INFO - Creating ORM DAG for example_skip_dag
[2025-04-10T16:02:25.024+0000] {logging_mixin.py:190} INFO - [2025-04-10T16:02:25.024+0000] {dag.py:4180} INFO - Setting next_dagrun for example_skip_dag to 2025-04-09 00:00:00+00:00, run_after=2025-04-10 00:00:00+00:00
[2025-04-10T16:02:25.042+0000] {processor.py:208} INFO - Processing /home/airflow/.local/lib/python3.12/site-packages/airflow/example_dags/example_skip_dag.py took 0.246 seconds
[2025-04-10T16:02:55.435+0000] {processor.py:186} INFO - Started process (PID=161) to work on /home/airflow/.local/lib/python3.12/site-packages/airflow/example_dags/example_skip_dag.py
[2025-04-10T16:02:55.436+0000] {processor.py:914} INFO - Processing file /home/airflow/.local/lib/python3.12/site-packages/airflow/example_dags/example_skip_dag.py for tasks to queue
[2025-04-10T16:02:55.438+0000] {logging_mixin.py:190} INFO - [2025-04-10T16:02:55.438+0000] {dagbag.py:588} INFO - Filling up the DagBag from /home/airflow/.local/lib/python3.12/site-packages/airflow/example_dags/example_skip_dag.py
[2025-04-10T16:02:55.446+0000] {processor.py:925} INFO - DAG(s) 'example_skip_dag' retrieved from /home/airflow/.local/lib/python3.12/site-packages/airflow/example_dags/example_skip_dag.py
[2025-04-10T16:02:55.469+0000] {logging_mixin.py:190} INFO - [2025-04-10T16:02:55.469+0000] {dag.py:3239} INFO - Sync 1 DAGs
[2025-04-10T16:02:55.495+0000] {logging_mixin.py:190} INFO - [2025-04-10T16:02:55.495+0000] {dag.py:4180} INFO - Setting next_dagrun for example_skip_dag to 2025-04-09 00:00:00+00:00, run_after=2025-04-10 00:00:00+00:00
[2025-04-10T16:02:55.514+0000] {processor.py:208} INFO - Processing /home/airflow/.local/lib/python3.12/site-packages/airflow/example_dags/example_skip_dag.py took 0.085 seconds
[2025-04-10T16:03:25.936+0000] {processor.py:186} INFO - Started process (PID=224) to work on /home/airflow/.local/lib/python3.12/site-packages/airflow/example_dags/example_skip_dag.py
[2025-04-10T16:03:25.937+0000] {processor.py:914} INFO - Processing file /home/airflow/.local/lib/python3.12/site-packages/airflow/example_dags/example_skip_dag.py for tasks to queue
[2025-04-10T16:03:25.940+0000] {logging_mixin.py:190} INFO - [2025-04-10T16:03:25.939+0000] {dagbag.py:588} INFO - Filling up the DagBag from /home/airflow/.local/lib/python3.12/site-packages/airflow/example_dags/example_skip_dag.py
[2025-04-10T16:03:25.948+0000] {processor.py:925} INFO - DAG(s) 'example_skip_dag' retrieved from /home/airflow/.local/lib/python3.12/site-packages/airflow/example_dags/example_skip_dag.py
[2025-04-10T16:03:25.967+0000] {logging_mixin.py:190} INFO - [2025-04-10T16:03:25.967+0000] {dag.py:3239} INFO - Sync 1 DAGs
[2025-04-10T16:03:25.996+0000] {logging_mixin.py:190} INFO - [2025-04-10T16:03:25.996+0000] {dag.py:4180} INFO - Setting next_dagrun for example_skip_dag to 2025-04-09 00:00:00+00:00, run_after=2025-04-10 00:00:00+00:00
[2025-04-10T16:03:26.014+0000] {processor.py:208} INFO - Processing /home/airflow/.local/lib/python3.12/site-packages/airflow/example_dags/example_skip_dag.py took 0.084 seconds
[2025-04-10T16:03:56.274+0000] {processor.py:186} INFO - Started process (PID=287) to work on /home/airflow/.local/lib/python3.12/site-packages/airflow/example_dags/example_skip_dag.py
[2025-04-10T16:03:56.275+0000] {processor.py:914} INFO - Processing file /home/airflow/.local/lib/python3.12/site-packages/airflow/example_dags/example_skip_dag.py for tasks to queue
[2025-04-10T16:03:56.278+0000] {logging_mixin.py:190} INFO - [2025-04-10T16:03:56.278+0000] {dagbag.py:588} INFO - Filling up the DagBag from /home/airflow/.local/lib/python3.12/site-packages/airflow/example_dags/example_skip_dag.py
[2025-04-10T16:03:56.286+0000] {processor.py:925} INFO - DAG(s) 'example_skip_dag' retrieved from /home/airflow/.local/lib/python3.12/site-packages/airflow/example_dags/example_skip_dag.py
[2025-04-10T16:03:56.305+0000] {logging_mixin.py:190} INFO - [2025-04-10T16:03:56.305+0000] {dag.py:3239} INFO - Sync 1 DAGs
[2025-04-10T16:03:56.329+0000] {logging_mixin.py:190} INFO - [2025-04-10T16:03:56.329+0000] {dag.py:4180} INFO - Setting next_dagrun for example_skip_dag to 2025-04-09 00:00:00+00:00, run_after=2025-04-10 00:00:00+00:00
[2025-04-10T16:03:56.346+0000] {processor.py:208} INFO - Processing /home/airflow/.local/lib/python3.12/site-packages/airflow/example_dags/example_skip_dag.py took 0.079 seconds
[2025-04-10T16:04:26.983+0000] {processor.py:186} INFO - Started process (PID=350) to work on /home/airflow/.local/lib/python3.12/site-packages/airflow/example_dags/example_skip_dag.py
[2025-04-10T16:04:26.984+0000] {processor.py:914} INFO - Processing file /home/airflow/.local/lib/python3.12/site-packages/airflow/example_dags/example_skip_dag.py for tasks to queue
[2025-04-10T16:04:26.986+0000] {logging_mixin.py:190} INFO - [2025-04-10T16:04:26.986+0000] {dagbag.py:588} INFO - Filling up the DagBag from /home/airflow/.local/lib/python3.12/site-packages/airflow/example_dags/example_skip_dag.py
[2025-04-10T16:04:26.995+0000] {processor.py:925} INFO - DAG(s) 'example_skip_dag' retrieved from /home/airflow/.local/lib/python3.12/site-packages/airflow/example_dags/example_skip_dag.py
[2025-04-10T16:04:27.015+0000] {logging_mixin.py:190} INFO - [2025-04-10T16:04:27.014+0000] {dag.py:3239} INFO - Sync 1 DAGs
[2025-04-10T16:04:27.041+0000] {logging_mixin.py:190} INFO - [2025-04-10T16:04:27.040+0000] {dag.py:4180} INFO - Setting next_dagrun for example_skip_dag to 2025-04-09 00:00:00+00:00, run_after=2025-04-10 00:00:00+00:00
[2025-04-10T16:04:27.059+0000] {processor.py:208} INFO - Processing /home/airflow/.local/lib/python3.12/site-packages/airflow/example_dags/example_skip_dag.py took 0.082 seconds
[2025-04-10T16:04:57.683+0000] {processor.py:186} INFO - Started process (PID=413) to work on /home/airflow/.local/lib/python3.12/site-packages/airflow/example_dags/example_skip_dag.py
[2025-04-10T16:04:57.684+0000] {processor.py:914} INFO - Processing file /home/airflow/.local/lib/python3.12/site-packages/airflow/example_dags/example_skip_dag.py for tasks to queue
[2025-04-10T16:04:57.687+0000] {logging_mixin.py:190} INFO - [2025-04-10T16:04:57.686+0000] {dagbag.py:588} INFO - Filling up the DagBag from /home/airflow/.local/lib/python3.12/site-packages/airflow/example_dags/example_skip_dag.py
[2025-04-10T16:04:57.694+0000] {processor.py:925} INFO - DAG(s) 'example_skip_dag' retrieved from /home/airflow/.local/lib/python3.12/site-packages/airflow/example_dags/example_skip_dag.py
[2025-04-10T16:04:57.714+0000] {logging_mixin.py:190} INFO - [2025-04-10T16:04:57.714+0000] {dag.py:3239} INFO - Sync 1 DAGs
[2025-04-10T16:04:57.738+0000] {logging_mixin.py:190} INFO - [2025-04-10T16:04:57.738+0000] {dag.py:4180} INFO - Setting next_dagrun for example_skip_dag to 2025-04-09 00:00:00+00:00, run_after=2025-04-10 00:00:00+00:00
[2025-04-10T16:04:57.756+0000] {processor.py:208} INFO - Processing /home/airflow/.local/lib/python3.12/site-packages/airflow/example_dags/example_skip_dag.py took 0.078 seconds
[2025-04-10T16:05:28.250+0000] {processor.py:186} INFO - Started process (PID=476) to work on /home/airflow/.local/lib/python3.12/site-packages/airflow/example_dags/example_skip_dag.py
[2025-04-10T16:05:28.251+0000] {processor.py:914} INFO - Processing file /home/airflow/.local/lib/python3.12/site-packages/airflow/example_dags/example_skip_dag.py for tasks to queue
[2025-04-10T16:05:28.253+0000] {logging_mixin.py:190} INFO - [2025-04-10T16:05:28.253+0000] {dagbag.py:588} INFO - Filling up the DagBag from /home/airflow/.local/lib/python3.12/site-packages/airflow/example_dags/example_skip_dag.py
[2025-04-10T16:05:28.261+0000] {processor.py:925} INFO - DAG(s) 'example_skip_dag' retrieved from /home/airflow/.local/lib/python3.12/site-packages/airflow/example_dags/example_skip_dag.py
[2025-04-10T16:05:28.280+0000] {logging_mixin.py:190} INFO - [2025-04-10T16:05:28.280+0000] {dag.py:3239} INFO - Sync 1 DAGs
[2025-04-10T16:05:28.304+0000] {logging_mixin.py:190} INFO - [2025-04-10T16:05:28.304+0000] {dag.py:4180} INFO - Setting next_dagrun for example_skip_dag to 2025-04-09 00:00:00+00:00, run_after=2025-04-10 00:00:00+00:00
[2025-04-10T16:05:28.320+0000] {processor.py:208} INFO - Processing /home/airflow/.local/lib/python3.12/site-packages/airflow/example_dags/example_skip_dag.py took 0.076 seconds
[2025-04-10T16:05:58.578+0000] {processor.py:186} INFO - Started process (PID=539) to work on /home/airflow/.local/lib/python3.12/site-packages/airflow/example_dags/example_skip_dag.py
[2025-04-10T16:05:58.579+0000] {processor.py:914} INFO - Processing file /home/airflow/.local/lib/python3.12/site-packages/airflow/example_dags/example_skip_dag.py for tasks to queue
[2025-04-10T16:05:58.583+0000] {logging_mixin.py:190} INFO - [2025-04-10T16:05:58.583+0000] {dagbag.py:588} INFO - Filling up the DagBag from /home/airflow/.local/lib/python3.12/site-packages/airflow/example_dags/example_skip_dag.py
[2025-04-10T16:05:58.597+0000] {processor.py:925} INFO - DAG(s) 'example_skip_dag' retrieved from /home/airflow/.local/lib/python3.12/site-packages/airflow/example_dags/example_skip_dag.py
[2025-04-10T16:05:58.624+0000] {logging_mixin.py:190} INFO - [2025-04-10T16:05:58.624+0000] {dag.py:3239} INFO - Sync 1 DAGs
[2025-04-10T16:05:58.658+0000] {logging_mixin.py:190} INFO - [2025-04-10T16:05:58.658+0000] {dag.py:4180} INFO - Setting next_dagrun for example_skip_dag to 2025-04-09 00:00:00+00:00, run_after=2025-04-10 00:00:00+00:00
[2025-04-10T16:05:58.681+0000] {processor.py:208} INFO - Processing /home/airflow/.local/lib/python3.12/site-packages/airflow/example_dags/example_skip_dag.py took 0.111 seconds
[2025-04-10T16:06:29.471+0000] {processor.py:186} INFO - Started process (PID=602) to work on /home/airflow/.local/lib/python3.12/site-packages/airflow/example_dags/example_skip_dag.py
[2025-04-10T16:06:29.472+0000] {processor.py:914} INFO - Processing file /home/airflow/.local/lib/python3.12/site-packages/airflow/example_dags/example_skip_dag.py for tasks to queue
[2025-04-10T16:06:29.474+0000] {logging_mixin.py:190} INFO - [2025-04-10T16:06:29.474+0000] {dagbag.py:588} INFO - Filling up the DagBag from /home/airflow/.local/lib/python3.12/site-packages/airflow/example_dags/example_skip_dag.py
[2025-04-10T16:06:29.482+0000] {processor.py:925} INFO - DAG(s) 'example_skip_dag' retrieved from /home/airflow/.local/lib/python3.12/site-packages/airflow/example_dags/example_skip_dag.py
[2025-04-10T16:06:29.502+0000] {logging_mixin.py:190} INFO - [2025-04-10T16:06:29.502+0000] {dag.py:3239} INFO - Sync 1 DAGs
[2025-04-10T16:06:29.525+0000] {logging_mixin.py:190} INFO - [2025-04-10T16:06:29.525+0000] {dag.py:4180} INFO - Setting next_dagrun for example_skip_dag to 2025-04-09 00:00:00+00:00, run_after=2025-04-10 00:00:00+00:00
[2025-04-10T16:06:29.542+0000] {processor.py:208} INFO - Processing /home/airflow/.local/lib/python3.12/site-packages/airflow/example_dags/example_skip_dag.py took 0.077 seconds
[2025-04-10T16:06:59.674+0000] {processor.py:186} INFO - Started process (PID=665) to work on /home/airflow/.local/lib/python3.12/site-packages/airflow/example_dags/example_skip_dag.py
[2025-04-10T16:06:59.675+0000] {processor.py:914} INFO - Processing file /home/airflow/.local/lib/python3.12/site-packages/airflow/example_dags/example_skip_dag.py for tasks to queue
[2025-04-10T16:06:59.677+0000] {logging_mixin.py:190} INFO - [2025-04-10T16:06:59.677+0000] {dagbag.py:588} INFO - Filling up the DagBag from /home/airflow/.local/lib/python3.12/site-packages/airflow/example_dags/example_skip_dag.py
[2025-04-10T16:06:59.685+0000] {processor.py:925} INFO - DAG(s) 'example_skip_dag' retrieved from /home/airflow/.local/lib/python3.12/site-packages/airflow/example_dags/example_skip_dag.py
[2025-04-10T16:06:59.705+0000] {logging_mixin.py:190} INFO - [2025-04-10T16:06:59.705+0000] {dag.py:3239} INFO - Sync 1 DAGs
[2025-04-10T16:06:59.729+0000] {logging_mixin.py:190} INFO - [2025-04-10T16:06:59.729+0000] {dag.py:4180} INFO - Setting next_dagrun for example_skip_dag to 2025-04-09 00:00:00+00:00, run_after=2025-04-10 00:00:00+00:00
[2025-04-10T16:06:59.746+0000] {processor.py:208} INFO - Processing /home/airflow/.local/lib/python3.12/site-packages/airflow/example_dags/example_skip_dag.py took 0.078 seconds
[2025-04-10T16:07:30.734+0000] {processor.py:186} INFO - Started process (PID=728) to work on /home/airflow/.local/lib/python3.12/site-packages/airflow/example_dags/example_skip_dag.py
[2025-04-10T16:07:30.735+0000] {processor.py:914} INFO - Processing file /home/airflow/.local/lib/python3.12/site-packages/airflow/example_dags/example_skip_dag.py for tasks to queue
[2025-04-10T16:07:30.739+0000] {logging_mixin.py:190} INFO - [2025-04-10T16:07:30.739+0000] {dagbag.py:588} INFO - Filling up the DagBag from /home/airflow/.local/lib/python3.12/site-packages/airflow/example_dags/example_skip_dag.py
[2025-04-10T16:07:30.749+0000] {processor.py:925} INFO - DAG(s) 'example_skip_dag' retrieved from /home/airflow/.local/lib/python3.12/site-packages/airflow/example_dags/example_skip_dag.py
[2025-04-10T16:07:30.775+0000] {logging_mixin.py:190} INFO - [2025-04-10T16:07:30.775+0000] {dag.py:3239} INFO - Sync 1 DAGs
[2025-04-10T16:07:30.808+0000] {logging_mixin.py:190} INFO - [2025-04-10T16:07:30.808+0000] {dag.py:4180} INFO - Setting next_dagrun for example_skip_dag to 2025-04-09 00:00:00+00:00, run_after=2025-04-10 00:00:00+00:00
[2025-04-10T16:07:30.829+0000] {processor.py:208} INFO - Processing /home/airflow/.local/lib/python3.12/site-packages/airflow/example_dags/example_skip_dag.py took 0.102 seconds
[2025-04-10T16:08:01.575+0000] {processor.py:186} INFO - Started process (PID=791) to work on /home/airflow/.local/lib/python3.12/site-packages/airflow/example_dags/example_skip_dag.py
[2025-04-10T16:08:01.576+0000] {processor.py:914} INFO - Processing file /home/airflow/.local/lib/python3.12/site-packages/airflow/example_dags/example_skip_dag.py for tasks to queue
[2025-04-10T16:08:01.579+0000] {logging_mixin.py:190} INFO - [2025-04-10T16:08:01.578+0000] {dagbag.py:588} INFO - Filling up the DagBag from /home/airflow/.local/lib/python3.12/site-packages/airflow/example_dags/example_skip_dag.py
[2025-04-10T16:08:01.591+0000] {processor.py:925} INFO - DAG(s) 'example_skip_dag' retrieved from /home/airflow/.local/lib/python3.12/site-packages/airflow/example_dags/example_skip_dag.py
[2025-04-10T16:08:01.615+0000] {logging_mixin.py:190} INFO - [2025-04-10T16:08:01.615+0000] {dag.py:3239} INFO - Sync 1 DAGs
[2025-04-10T16:08:01.643+0000] {logging_mixin.py:190} INFO - [2025-04-10T16:08:01.643+0000] {dag.py:4180} INFO - Setting next_dagrun for example_skip_dag to 2025-04-09 00:00:00+00:00, run_after=2025-04-10 00:00:00+00:00
[2025-04-10T16:08:01.662+0000] {processor.py:208} INFO - Processing /home/airflow/.local/lib/python3.12/site-packages/airflow/example_dags/example_skip_dag.py took 0.092 seconds
[2025-04-10T16:08:31.963+0000] {processor.py:186} INFO - Started process (PID=854) to work on /home/airflow/.local/lib/python3.12/site-packages/airflow/example_dags/example_skip_dag.py
[2025-04-10T16:08:31.964+0000] {processor.py:914} INFO - Processing file /home/airflow/.local/lib/python3.12/site-packages/airflow/example_dags/example_skip_dag.py for tasks to queue
[2025-04-10T16:08:31.967+0000] {logging_mixin.py:190} INFO - [2025-04-10T16:08:31.967+0000] {dagbag.py:588} INFO - Filling up the DagBag from /home/airflow/.local/lib/python3.12/site-packages/airflow/example_dags/example_skip_dag.py
[2025-04-10T16:08:31.981+0000] {processor.py:925} INFO - DAG(s) 'example_skip_dag' retrieved from /home/airflow/.local/lib/python3.12/site-packages/airflow/example_dags/example_skip_dag.py
[2025-04-10T16:08:32.009+0000] {logging_mixin.py:190} INFO - [2025-04-10T16:08:32.009+0000] {dag.py:3239} INFO - Sync 1 DAGs
[2025-04-10T16:08:32.039+0000] {logging_mixin.py:190} INFO - [2025-04-10T16:08:32.039+0000] {dag.py:4180} INFO - Setting next_dagrun for example_skip_dag to 2025-04-09 00:00:00+00:00, run_after=2025-04-10 00:00:00+00:00
[2025-04-10T16:08:32.060+0000] {processor.py:208} INFO - Processing /home/airflow/.local/lib/python3.12/site-packages/airflow/example_dags/example_skip_dag.py took 0.108 seconds
[2025-04-10T16:09:02.930+0000] {processor.py:186} INFO - Started process (PID=917) to work on /home/airflow/.local/lib/python3.12/site-packages/airflow/example_dags/example_skip_dag.py
[2025-04-10T16:09:02.931+0000] {processor.py:914} INFO - Processing file /home/airflow/.local/lib/python3.12/site-packages/airflow/example_dags/example_skip_dag.py for tasks to queue
[2025-04-10T16:09:02.933+0000] {logging_mixin.py:190} INFO - [2025-04-10T16:09:02.932+0000] {dagbag.py:588} INFO - Filling up the DagBag from /home/airflow/.local/lib/python3.12/site-packages/airflow/example_dags/example_skip_dag.py
[2025-04-10T16:09:02.940+0000] {processor.py:925} INFO - DAG(s) 'example_skip_dag' retrieved from /home/airflow/.local/lib/python3.12/site-packages/airflow/example_dags/example_skip_dag.py
[2025-04-10T16:09:02.960+0000] {logging_mixin.py:190} INFO - [2025-04-10T16:09:02.960+0000] {dag.py:3239} INFO - Sync 1 DAGs
[2025-04-10T16:09:02.982+0000] {logging_mixin.py:190} INFO - [2025-04-10T16:09:02.982+0000] {dag.py:4180} INFO - Setting next_dagrun for example_skip_dag to 2025-04-09 00:00:00+00:00, run_after=2025-04-10 00:00:00+00:00
[2025-04-10T16:09:02.999+0000] {processor.py:208} INFO - Processing /home/airflow/.local/lib/python3.12/site-packages/airflow/example_dags/example_skip_dag.py took 0.075 seconds
