[2025-04-10T16:02:29.704+0000] {processor.py:186} INFO - Started process (PID=114) to work on /home/airflow/.local/lib/python3.12/site-packages/airflow/example_dags/example_branch_operator.py
[2025-04-10T16:02:29.705+0000] {processor.py:914} INFO - Processing file /home/airflow/.local/lib/python3.12/site-packages/airflow/example_dags/example_branch_operator.py for tasks to queue
[2025-04-10T16:02:29.708+0000] {logging_mixin.py:190} INFO - [2025-04-10T16:02:29.708+0000] {dagbag.py:588} INFO - Filling up the DagBag from /home/airflow/.local/lib/python3.12/site-packages/airflow/example_dags/example_branch_operator.py
[2025-04-10T16:02:29.735+0000] {processor.py:925} INFO - DAG(s) 'example_branch_operator' retrieved from /home/airflow/.local/lib/python3.12/site-packages/airflow/example_dags/example_branch_operator.py
[2025-04-10T16:02:29.861+0000] {logging_mixin.py:190} INFO - [2025-04-10T16:02:29.860+0000] {override.py:1912} INFO - Created Permission View: can read on DAG:example_branch_operator
[2025-04-10T16:02:29.872+0000] {logging_mixin.py:190} INFO - [2025-04-10T16:02:29.872+0000] {override.py:1912} INFO - Created Permission View: can delete on DAG:example_branch_operator
[2025-04-10T16:02:29.880+0000] {logging_mixin.py:190} INFO - [2025-04-10T16:02:29.880+0000] {override.py:1912} INFO - Created Permission View: can edit on DAG:example_branch_operator
[2025-04-10T16:02:29.889+0000] {logging_mixin.py:190} INFO - [2025-04-10T16:02:29.889+0000] {override.py:1912} INFO - Created Permission View: menu access on DAG Run:example_branch_operator
[2025-04-10T16:02:29.897+0000] {logging_mixin.py:190} INFO - [2025-04-10T16:02:29.896+0000] {override.py:1912} INFO - Created Permission View: can read on DAG Run:example_branch_operator
[2025-04-10T16:02:29.905+0000] {logging_mixin.py:190} INFO - [2025-04-10T16:02:29.905+0000] {override.py:1912} INFO - Created Permission View: can create on DAG Run:example_branch_operator
[2025-04-10T16:02:29.923+0000] {logging_mixin.py:190} INFO - [2025-04-10T16:02:29.923+0000] {override.py:1912} INFO - Created Permission View: can delete on DAG Run:example_branch_operator
[2025-04-10T16:02:29.924+0000] {logging_mixin.py:190} INFO - [2025-04-10T16:02:29.923+0000] {dag.py:3239} INFO - Sync 1 DAGs
[2025-04-10T16:02:29.941+0000] {logging_mixin.py:190} INFO - [2025-04-10T16:02:29.941+0000] {dag.py:3262} INFO - Creating ORM DAG for example_branch_operator
[2025-04-10T16:02:29.954+0000] {logging_mixin.py:190} INFO - [2025-04-10T16:02:29.953+0000] {dag.py:4180} INFO - Setting next_dagrun for example_branch_operator to 2025-04-09 00:00:00+00:00, run_after=2025-04-10 00:00:00+00:00
[2025-04-10T16:02:29.973+0000] {processor.py:208} INFO - Processing /home/airflow/.local/lib/python3.12/site-packages/airflow/example_dags/example_branch_operator.py took 0.274 seconds
[2025-04-10T16:03:00.496+0000] {processor.py:186} INFO - Started process (PID=177) to work on /home/airflow/.local/lib/python3.12/site-packages/airflow/example_dags/example_branch_operator.py
[2025-04-10T16:03:00.497+0000] {processor.py:914} INFO - Processing file /home/airflow/.local/lib/python3.12/site-packages/airflow/example_dags/example_branch_operator.py for tasks to queue
[2025-04-10T16:03:00.499+0000] {logging_mixin.py:190} INFO - [2025-04-10T16:03:00.499+0000] {dagbag.py:588} INFO - Filling up the DagBag from /home/airflow/.local/lib/python3.12/site-packages/airflow/example_dags/example_branch_operator.py
[2025-04-10T16:03:00.521+0000] {processor.py:925} INFO - DAG(s) 'example_branch_operator' retrieved from /home/airflow/.local/lib/python3.12/site-packages/airflow/example_dags/example_branch_operator.py
[2025-04-10T16:03:00.551+0000] {logging_mixin.py:190} INFO - [2025-04-10T16:03:00.551+0000] {dag.py:3239} INFO - Sync 1 DAGs
[2025-04-10T16:03:00.578+0000] {logging_mixin.py:190} INFO - [2025-04-10T16:03:00.578+0000] {dag.py:4180} INFO - Setting next_dagrun for example_branch_operator to 2025-04-09 00:00:00+00:00, run_after=2025-04-10 00:00:00+00:00
[2025-04-10T16:03:00.599+0000] {processor.py:208} INFO - Processing /home/airflow/.local/lib/python3.12/site-packages/airflow/example_dags/example_branch_operator.py took 0.109 seconds
[2025-04-10T16:03:31.660+0000] {processor.py:186} INFO - Started process (PID=240) to work on /home/airflow/.local/lib/python3.12/site-packages/airflow/example_dags/example_branch_operator.py
[2025-04-10T16:03:31.661+0000] {processor.py:914} INFO - Processing file /home/airflow/.local/lib/python3.12/site-packages/airflow/example_dags/example_branch_operator.py for tasks to queue
[2025-04-10T16:03:31.663+0000] {logging_mixin.py:190} INFO - [2025-04-10T16:03:31.663+0000] {dagbag.py:588} INFO - Filling up the DagBag from /home/airflow/.local/lib/python3.12/site-packages/airflow/example_dags/example_branch_operator.py
[2025-04-10T16:03:31.681+0000] {processor.py:925} INFO - DAG(s) 'example_branch_operator' retrieved from /home/airflow/.local/lib/python3.12/site-packages/airflow/example_dags/example_branch_operator.py
[2025-04-10T16:03:31.709+0000] {logging_mixin.py:190} INFO - [2025-04-10T16:03:31.708+0000] {dag.py:3239} INFO - Sync 1 DAGs
[2025-04-10T16:03:31.733+0000] {logging_mixin.py:190} INFO - [2025-04-10T16:03:31.733+0000] {dag.py:4180} INFO - Setting next_dagrun for example_branch_operator to 2025-04-09 00:00:00+00:00, run_after=2025-04-10 00:00:00+00:00
[2025-04-10T16:03:31.752+0000] {processor.py:208} INFO - Processing /home/airflow/.local/lib/python3.12/site-packages/airflow/example_dags/example_branch_operator.py took 0.099 seconds
[2025-04-10T16:04:02.373+0000] {processor.py:186} INFO - Started process (PID=303) to work on /home/airflow/.local/lib/python3.12/site-packages/airflow/example_dags/example_branch_operator.py
[2025-04-10T16:04:02.374+0000] {processor.py:914} INFO - Processing file /home/airflow/.local/lib/python3.12/site-packages/airflow/example_dags/example_branch_operator.py for tasks to queue
[2025-04-10T16:04:02.376+0000] {logging_mixin.py:190} INFO - [2025-04-10T16:04:02.376+0000] {dagbag.py:588} INFO - Filling up the DagBag from /home/airflow/.local/lib/python3.12/site-packages/airflow/example_dags/example_branch_operator.py
[2025-04-10T16:04:02.395+0000] {processor.py:925} INFO - DAG(s) 'example_branch_operator' retrieved from /home/airflow/.local/lib/python3.12/site-packages/airflow/example_dags/example_branch_operator.py
[2025-04-10T16:04:02.424+0000] {logging_mixin.py:190} INFO - [2025-04-10T16:04:02.424+0000] {dag.py:3239} INFO - Sync 1 DAGs
[2025-04-10T16:04:02.449+0000] {logging_mixin.py:190} INFO - [2025-04-10T16:04:02.449+0000] {dag.py:4180} INFO - Setting next_dagrun for example_branch_operator to 2025-04-09 00:00:00+00:00, run_after=2025-04-10 00:00:00+00:00
[2025-04-10T16:04:02.469+0000] {processor.py:208} INFO - Processing /home/airflow/.local/lib/python3.12/site-packages/airflow/example_dags/example_branch_operator.py took 0.102 seconds
[2025-04-10T16:04:33.171+0000] {processor.py:186} INFO - Started process (PID=366) to work on /home/airflow/.local/lib/python3.12/site-packages/airflow/example_dags/example_branch_operator.py
[2025-04-10T16:04:33.172+0000] {processor.py:914} INFO - Processing file /home/airflow/.local/lib/python3.12/site-packages/airflow/example_dags/example_branch_operator.py for tasks to queue
[2025-04-10T16:04:33.174+0000] {logging_mixin.py:190} INFO - [2025-04-10T16:04:33.174+0000] {dagbag.py:588} INFO - Filling up the DagBag from /home/airflow/.local/lib/python3.12/site-packages/airflow/example_dags/example_branch_operator.py
[2025-04-10T16:04:33.191+0000] {processor.py:925} INFO - DAG(s) 'example_branch_operator' retrieved from /home/airflow/.local/lib/python3.12/site-packages/airflow/example_dags/example_branch_operator.py
[2025-04-10T16:04:33.219+0000] {logging_mixin.py:190} INFO - [2025-04-10T16:04:33.218+0000] {dag.py:3239} INFO - Sync 1 DAGs
[2025-04-10T16:04:33.243+0000] {logging_mixin.py:190} INFO - [2025-04-10T16:04:33.243+0000] {dag.py:4180} INFO - Setting next_dagrun for example_branch_operator to 2025-04-09 00:00:00+00:00, run_after=2025-04-10 00:00:00+00:00
[2025-04-10T16:04:33.261+0000] {processor.py:208} INFO - Processing /home/airflow/.local/lib/python3.12/site-packages/airflow/example_dags/example_branch_operator.py took 0.096 seconds
[2025-04-10T16:05:04.634+0000] {processor.py:186} INFO - Started process (PID=429) to work on /home/airflow/.local/lib/python3.12/site-packages/airflow/example_dags/example_branch_operator.py
[2025-04-10T16:05:04.635+0000] {processor.py:914} INFO - Processing file /home/airflow/.local/lib/python3.12/site-packages/airflow/example_dags/example_branch_operator.py for tasks to queue
[2025-04-10T16:05:04.638+0000] {logging_mixin.py:190} INFO - [2025-04-10T16:05:04.637+0000] {dagbag.py:588} INFO - Filling up the DagBag from /home/airflow/.local/lib/python3.12/site-packages/airflow/example_dags/example_branch_operator.py
[2025-04-10T16:05:04.656+0000] {processor.py:925} INFO - DAG(s) 'example_branch_operator' retrieved from /home/airflow/.local/lib/python3.12/site-packages/airflow/example_dags/example_branch_operator.py
[2025-04-10T16:05:04.687+0000] {logging_mixin.py:190} INFO - [2025-04-10T16:05:04.687+0000] {dag.py:3239} INFO - Sync 1 DAGs
[2025-04-10T16:05:04.713+0000] {logging_mixin.py:190} INFO - [2025-04-10T16:05:04.713+0000] {dag.py:4180} INFO - Setting next_dagrun for example_branch_operator to 2025-04-09 00:00:00+00:00, run_after=2025-04-10 00:00:00+00:00
[2025-04-10T16:05:04.732+0000] {processor.py:208} INFO - Processing /home/airflow/.local/lib/python3.12/site-packages/airflow/example_dags/example_branch_operator.py took 0.104 seconds
[2025-04-10T16:05:35.812+0000] {processor.py:186} INFO - Started process (PID=492) to work on /home/airflow/.local/lib/python3.12/site-packages/airflow/example_dags/example_branch_operator.py
[2025-04-10T16:05:35.813+0000] {processor.py:914} INFO - Processing file /home/airflow/.local/lib/python3.12/site-packages/airflow/example_dags/example_branch_operator.py for tasks to queue
[2025-04-10T16:05:35.815+0000] {logging_mixin.py:190} INFO - [2025-04-10T16:05:35.815+0000] {dagbag.py:588} INFO - Filling up the DagBag from /home/airflow/.local/lib/python3.12/site-packages/airflow/example_dags/example_branch_operator.py
[2025-04-10T16:05:35.832+0000] {processor.py:925} INFO - DAG(s) 'example_branch_operator' retrieved from /home/airflow/.local/lib/python3.12/site-packages/airflow/example_dags/example_branch_operator.py
[2025-04-10T16:05:35.859+0000] {logging_mixin.py:190} INFO - [2025-04-10T16:05:35.859+0000] {dag.py:3239} INFO - Sync 1 DAGs
[2025-04-10T16:05:35.882+0000] {logging_mixin.py:190} INFO - [2025-04-10T16:05:35.882+0000] {dag.py:4180} INFO - Setting next_dagrun for example_branch_operator to 2025-04-09 00:00:00+00:00, run_after=2025-04-10 00:00:00+00:00
[2025-04-10T16:05:35.901+0000] {processor.py:208} INFO - Processing /home/airflow/.local/lib/python3.12/site-packages/airflow/example_dags/example_branch_operator.py took 0.095 seconds
[2025-04-10T16:06:06.994+0000] {processor.py:186} INFO - Started process (PID=555) to work on /home/airflow/.local/lib/python3.12/site-packages/airflow/example_dags/example_branch_operator.py
[2025-04-10T16:06:06.995+0000] {processor.py:914} INFO - Processing file /home/airflow/.local/lib/python3.12/site-packages/airflow/example_dags/example_branch_operator.py for tasks to queue
[2025-04-10T16:06:06.997+0000] {logging_mixin.py:190} INFO - [2025-04-10T16:06:06.997+0000] {dagbag.py:588} INFO - Filling up the DagBag from /home/airflow/.local/lib/python3.12/site-packages/airflow/example_dags/example_branch_operator.py
[2025-04-10T16:06:07.015+0000] {processor.py:925} INFO - DAG(s) 'example_branch_operator' retrieved from /home/airflow/.local/lib/python3.12/site-packages/airflow/example_dags/example_branch_operator.py
[2025-04-10T16:06:07.047+0000] {logging_mixin.py:190} INFO - [2025-04-10T16:06:07.046+0000] {dag.py:3239} INFO - Sync 1 DAGs
[2025-04-10T16:06:07.073+0000] {logging_mixin.py:190} INFO - [2025-04-10T16:06:07.072+0000] {dag.py:4180} INFO - Setting next_dagrun for example_branch_operator to 2025-04-09 00:00:00+00:00, run_after=2025-04-10 00:00:00+00:00
[2025-04-10T16:06:07.093+0000] {processor.py:208} INFO - Processing /home/airflow/.local/lib/python3.12/site-packages/airflow/example_dags/example_branch_operator.py took 0.106 seconds
[2025-04-10T16:06:37.889+0000] {processor.py:186} INFO - Started process (PID=618) to work on /home/airflow/.local/lib/python3.12/site-packages/airflow/example_dags/example_branch_operator.py
[2025-04-10T16:06:37.890+0000] {processor.py:914} INFO - Processing file /home/airflow/.local/lib/python3.12/site-packages/airflow/example_dags/example_branch_operator.py for tasks to queue
[2025-04-10T16:06:37.894+0000] {logging_mixin.py:190} INFO - [2025-04-10T16:06:37.893+0000] {dagbag.py:588} INFO - Filling up the DagBag from /home/airflow/.local/lib/python3.12/site-packages/airflow/example_dags/example_branch_operator.py
[2025-04-10T16:06:37.917+0000] {processor.py:925} INFO - DAG(s) 'example_branch_operator' retrieved from /home/airflow/.local/lib/python3.12/site-packages/airflow/example_dags/example_branch_operator.py
[2025-04-10T16:06:37.961+0000] {logging_mixin.py:190} INFO - [2025-04-10T16:06:37.961+0000] {dag.py:3239} INFO - Sync 1 DAGs
[2025-04-10T16:06:38.000+0000] {logging_mixin.py:190} INFO - [2025-04-10T16:06:38.000+0000] {dag.py:4180} INFO - Setting next_dagrun for example_branch_operator to 2025-04-09 00:00:00+00:00, run_after=2025-04-10 00:00:00+00:00
[2025-04-10T16:06:38.021+0000] {processor.py:208} INFO - Processing /home/airflow/.local/lib/python3.12/site-packages/airflow/example_dags/example_branch_operator.py took 0.139 seconds
[2025-04-10T16:07:08.843+0000] {processor.py:186} INFO - Started process (PID=681) to work on /home/airflow/.local/lib/python3.12/site-packages/airflow/example_dags/example_branch_operator.py
[2025-04-10T16:07:08.844+0000] {processor.py:914} INFO - Processing file /home/airflow/.local/lib/python3.12/site-packages/airflow/example_dags/example_branch_operator.py for tasks to queue
[2025-04-10T16:07:08.848+0000] {logging_mixin.py:190} INFO - [2025-04-10T16:07:08.848+0000] {dagbag.py:588} INFO - Filling up the DagBag from /home/airflow/.local/lib/python3.12/site-packages/airflow/example_dags/example_branch_operator.py
[2025-04-10T16:07:08.871+0000] {processor.py:925} INFO - DAG(s) 'example_branch_operator' retrieved from /home/airflow/.local/lib/python3.12/site-packages/airflow/example_dags/example_branch_operator.py
[2025-04-10T16:07:08.901+0000] {logging_mixin.py:190} INFO - [2025-04-10T16:07:08.901+0000] {dag.py:3239} INFO - Sync 1 DAGs
[2025-04-10T16:07:08.930+0000] {logging_mixin.py:190} INFO - [2025-04-10T16:07:08.929+0000] {dag.py:4180} INFO - Setting next_dagrun for example_branch_operator to 2025-04-09 00:00:00+00:00, run_after=2025-04-10 00:00:00+00:00
[2025-04-10T16:07:08.951+0000] {processor.py:208} INFO - Processing /home/airflow/.local/lib/python3.12/site-packages/airflow/example_dags/example_branch_operator.py took 0.116 seconds
[2025-04-10T16:07:39.802+0000] {processor.py:186} INFO - Started process (PID=743) to work on /home/airflow/.local/lib/python3.12/site-packages/airflow/example_dags/example_branch_operator.py
[2025-04-10T16:07:39.802+0000] {processor.py:914} INFO - Processing file /home/airflow/.local/lib/python3.12/site-packages/airflow/example_dags/example_branch_operator.py for tasks to queue
[2025-04-10T16:07:39.805+0000] {logging_mixin.py:190} INFO - [2025-04-10T16:07:39.804+0000] {dagbag.py:588} INFO - Filling up the DagBag from /home/airflow/.local/lib/python3.12/site-packages/airflow/example_dags/example_branch_operator.py
[2025-04-10T16:07:39.822+0000] {processor.py:925} INFO - DAG(s) 'example_branch_operator' retrieved from /home/airflow/.local/lib/python3.12/site-packages/airflow/example_dags/example_branch_operator.py
[2025-04-10T16:07:39.849+0000] {logging_mixin.py:190} INFO - [2025-04-10T16:07:39.849+0000] {dag.py:3239} INFO - Sync 1 DAGs
[2025-04-10T16:07:39.873+0000] {logging_mixin.py:190} INFO - [2025-04-10T16:07:39.873+0000] {dag.py:4180} INFO - Setting next_dagrun for example_branch_operator to 2025-04-09 00:00:00+00:00, run_after=2025-04-10 00:00:00+00:00
[2025-04-10T16:07:39.889+0000] {processor.py:208} INFO - Processing /home/airflow/.local/lib/python3.12/site-packages/airflow/example_dags/example_branch_operator.py took 0.094 seconds
[2025-04-10T16:08:10.848+0000] {processor.py:186} INFO - Started process (PID=807) to work on /home/airflow/.local/lib/python3.12/site-packages/airflow/example_dags/example_branch_operator.py
[2025-04-10T16:08:10.850+0000] {processor.py:914} INFO - Processing file /home/airflow/.local/lib/python3.12/site-packages/airflow/example_dags/example_branch_operator.py for tasks to queue
[2025-04-10T16:08:10.852+0000] {logging_mixin.py:190} INFO - [2025-04-10T16:08:10.852+0000] {dagbag.py:588} INFO - Filling up the DagBag from /home/airflow/.local/lib/python3.12/site-packages/airflow/example_dags/example_branch_operator.py
[2025-04-10T16:08:10.872+0000] {processor.py:925} INFO - DAG(s) 'example_branch_operator' retrieved from /home/airflow/.local/lib/python3.12/site-packages/airflow/example_dags/example_branch_operator.py
[2025-04-10T16:08:10.905+0000] {logging_mixin.py:190} INFO - [2025-04-10T16:08:10.905+0000] {dag.py:3239} INFO - Sync 1 DAGs
[2025-04-10T16:08:10.941+0000] {logging_mixin.py:190} INFO - [2025-04-10T16:08:10.941+0000] {dag.py:4180} INFO - Setting next_dagrun for example_branch_operator to 2025-04-09 00:00:00+00:00, run_after=2025-04-10 00:00:00+00:00
[2025-04-10T16:08:10.972+0000] {processor.py:208} INFO - Processing /home/airflow/.local/lib/python3.12/site-packages/airflow/example_dags/example_branch_operator.py took 0.132 seconds
[2025-04-10T16:08:41.946+0000] {processor.py:186} INFO - Started process (PID=869) to work on /home/airflow/.local/lib/python3.12/site-packages/airflow/example_dags/example_branch_operator.py
[2025-04-10T16:08:41.947+0000] {processor.py:914} INFO - Processing file /home/airflow/.local/lib/python3.12/site-packages/airflow/example_dags/example_branch_operator.py for tasks to queue
[2025-04-10T16:08:41.949+0000] {logging_mixin.py:190} INFO - [2025-04-10T16:08:41.949+0000] {dagbag.py:588} INFO - Filling up the DagBag from /home/airflow/.local/lib/python3.12/site-packages/airflow/example_dags/example_branch_operator.py
[2025-04-10T16:08:41.966+0000] {processor.py:925} INFO - DAG(s) 'example_branch_operator' retrieved from /home/airflow/.local/lib/python3.12/site-packages/airflow/example_dags/example_branch_operator.py
[2025-04-10T16:08:41.993+0000] {logging_mixin.py:190} INFO - [2025-04-10T16:08:41.992+0000] {dag.py:3239} INFO - Sync 1 DAGs
[2025-04-10T16:08:42.015+0000] {logging_mixin.py:190} INFO - [2025-04-10T16:08:42.015+0000] {dag.py:4180} INFO - Setting next_dagrun for example_branch_operator to 2025-04-09 00:00:00+00:00, run_after=2025-04-10 00:00:00+00:00
[2025-04-10T16:08:42.032+0000] {processor.py:208} INFO - Processing /home/airflow/.local/lib/python3.12/site-packages/airflow/example_dags/example_branch_operator.py took 0.091 seconds
[2025-04-10T16:09:12.785+0000] {processor.py:186} INFO - Started process (PID=932) to work on /home/airflow/.local/lib/python3.12/site-packages/airflow/example_dags/example_branch_operator.py
[2025-04-10T16:09:12.786+0000] {processor.py:914} INFO - Processing file /home/airflow/.local/lib/python3.12/site-packages/airflow/example_dags/example_branch_operator.py for tasks to queue
[2025-04-10T16:09:12.789+0000] {logging_mixin.py:190} INFO - [2025-04-10T16:09:12.789+0000] {dagbag.py:588} INFO - Filling up the DagBag from /home/airflow/.local/lib/python3.12/site-packages/airflow/example_dags/example_branch_operator.py
[2025-04-10T16:09:12.811+0000] {processor.py:925} INFO - DAG(s) 'example_branch_operator' retrieved from /home/airflow/.local/lib/python3.12/site-packages/airflow/example_dags/example_branch_operator.py
[2025-04-10T16:09:12.840+0000] {logging_mixin.py:190} INFO - [2025-04-10T16:09:12.840+0000] {dag.py:3239} INFO - Sync 1 DAGs
[2025-04-10T16:09:12.867+0000] {logging_mixin.py:190} INFO - [2025-04-10T16:09:12.867+0000] {dag.py:4180} INFO - Setting next_dagrun for example_branch_operator to 2025-04-09 00:00:00+00:00, run_after=2025-04-10 00:00:00+00:00
[2025-04-10T16:09:12.888+0000] {processor.py:208} INFO - Processing /home/airflow/.local/lib/python3.12/site-packages/airflow/example_dags/example_branch_operator.py took 0.110 seconds
