[2025-05-23T18:58:23.470+0000] {local_task_job_runner.py:123} INFO - ::group::Pre task execution logs
[2025-05-23T18:58:23.508+0000] {taskinstance.py:2614} INFO - Dependencies all met for dep_context=non-requeueable deps ti=<TaskInstance: crypto_etl_pipeline.transform_data manual__2025-05-23T18:58:16.103854+00:00 [queued]>
[2025-05-23T18:58:23.522+0000] {taskinstance.py:2614} INFO - Dependencies all met for dep_context=requeueable deps ti=<TaskInstance: crypto_etl_pipeline.transform_data manual__2025-05-23T18:58:16.103854+00:00 [queued]>
[2025-05-23T18:58:23.523+0000] {taskinstance.py:2867} INFO - Starting attempt 1 of 1
[2025-05-23T18:58:23.539+0000] {taskinstance.py:2890} INFO - Executing <Task(PythonOperator): transform_data> on 2025-05-23 18:58:16.103854+00:00
[2025-05-23T18:58:23.547+0000] {warnings.py:112} WARNING - /home/***/.local/lib/python3.12/site-packages/***/task/task_runner/standard_task_runner.py:70: DeprecationWarning: This process (pid=428) is multi-threaded, use of fork() may lead to deadlocks in the child.
  pid = os.fork()

[2025-05-23T18:58:23.550+0000] {standard_task_runner.py:72} INFO - Started process 430 to run task
[2025-05-23T18:58:23.550+0000] {standard_task_runner.py:104} INFO - Running: ['***', 'tasks', 'run', 'crypto_etl_pipeline', 'transform_data', 'manual__2025-05-23T18:58:16.103854+00:00', '--job-id', '184', '--raw', '--subdir', 'DAGS_FOLDER/crypto_etl_dag.py', '--cfg-path', '/tmp/tmpgz84j9db']
[2025-05-23T18:58:23.551+0000] {standard_task_runner.py:105} INFO - Job 184: Subtask transform_data
[2025-05-23T18:58:23.601+0000] {task_command.py:467} INFO - Running <TaskInstance: crypto_etl_pipeline.transform_data manual__2025-05-23T18:58:16.103854+00:00 [running]> on host ede6358c2bd0
[2025-05-23T18:58:23.672+0000] {taskinstance.py:3134} INFO - Exporting env vars: AIRFLOW_CTX_DAG_OWNER='***' AIRFLOW_CTX_DAG_ID='crypto_etl_pipeline' AIRFLOW_CTX_TASK_ID='transform_data' AIRFLOW_CTX_EXECUTION_DATE='2025-05-23T18:58:16.103854+00:00' AIRFLOW_CTX_TRY_NUMBER='1' AIRFLOW_CTX_DAG_RUN_ID='manual__2025-05-23T18:58:16.103854+00:00'
[2025-05-23T18:58:23.673+0000] {logging_mixin.py:190} INFO - Task instance is in running state
[2025-05-23T18:58:23.673+0000] {logging_mixin.py:190} INFO -  Previous state of the Task instance: queued
[2025-05-23T18:58:23.674+0000] {logging_mixin.py:190} INFO - Current task name:transform_data state:running start_date:2025-05-23 18:58:23.509512+00:00
[2025-05-23T18:58:23.674+0000] {logging_mixin.py:190} INFO - Dag name:crypto_etl_pipeline and current dag run status:running
[2025-05-23T18:58:23.674+0000] {taskinstance.py:732} INFO - ::endgroup::
[2025-05-23T18:58:23.899+0000] {logging_mixin.py:190} INFO - Dados transformados com sucesso!
[2025-05-23T18:58:23.900+0000] {python.py:240} INFO - Done. Returned value was: None
[2025-05-23T18:58:23.910+0000] {taskinstance.py:341} INFO - ::group::Post task execution logs
[2025-05-23T18:58:23.911+0000] {taskinstance.py:353} INFO - Marking task as SUCCESS. dag_id=crypto_etl_pipeline, task_id=transform_data, run_id=manual__2025-05-23T18:58:16.103854+00:00, execution_date=20250523T185816, start_date=20250523T185823, end_date=20250523T185823
[2025-05-23T18:58:23.932+0000] {logging_mixin.py:190} INFO - Task instance in success state
[2025-05-23T18:58:23.933+0000] {logging_mixin.py:190} INFO -  Previous state of the Task instance: running
[2025-05-23T18:58:23.933+0000] {logging_mixin.py:190} INFO - Dag name:crypto_etl_pipeline queued_at:2025-05-23 18:58:16.115494+00:00
[2025-05-23T18:58:23.933+0000] {logging_mixin.py:190} INFO - Task hostname:ede6358c2bd0 operator:PythonOperator
[2025-05-23T18:58:23.965+0000] {local_task_job_runner.py:266} INFO - Task exited with return code 0
[2025-05-23T18:58:23.984+0000] {taskinstance.py:3901} INFO - 1 downstream tasks scheduled from follow-on schedule check
[2025-05-23T18:58:23.986+0000] {local_task_job_runner.py:245} INFO - ::endgroup::
