[2025-05-23T19:00:19.431+0000] {local_task_job_runner.py:123} INFO - ::group::Pre task execution logs
[2025-05-23T19:00:19.448+0000] {taskinstance.py:2614} INFO - Dependencies all met for dep_context=non-requeueable deps ti=<TaskInstance: crypto_etl_pipeline.extract_data manual__2025-05-23T19:00:17.245226+00:00 [queued]>
[2025-05-23T19:00:19.456+0000] {taskinstance.py:2614} INFO - Dependencies all met for dep_context=requeueable deps ti=<TaskInstance: crypto_etl_pipeline.extract_data manual__2025-05-23T19:00:17.245226+00:00 [queued]>
[2025-05-23T19:00:19.456+0000] {taskinstance.py:2867} INFO - Starting attempt 1 of 1
[2025-05-23T19:00:19.469+0000] {taskinstance.py:2890} INFO - Executing <Task(PythonOperator): extract_data> on 2025-05-23 19:00:17.245226+00:00
[2025-05-23T19:00:19.475+0000] {warnings.py:112} WARNING - /home/***/.local/lib/python3.12/site-packages/***/task/task_runner/standard_task_runner.py:70: DeprecationWarning: This process (pid=465) is multi-threaded, use of fork() may lead to deadlocks in the child.
  pid = os.fork()

[2025-05-23T19:00:19.476+0000] {standard_task_runner.py:72} INFO - Started process 467 to run task
[2025-05-23T19:00:19.477+0000] {standard_task_runner.py:104} INFO - Running: ['***', 'tasks', 'run', 'crypto_etl_pipeline', 'extract_data', 'manual__2025-05-23T19:00:17.245226+00:00', '--job-id', '186', '--raw', '--subdir', 'DAGS_FOLDER/crypto_etl_dag.py', '--cfg-path', '/tmp/tmphrdk2o1w']
[2025-05-23T19:00:19.478+0000] {standard_task_runner.py:105} INFO - Job 186: Subtask extract_data
[2025-05-23T19:00:19.523+0000] {task_command.py:467} INFO - Running <TaskInstance: crypto_etl_pipeline.extract_data manual__2025-05-23T19:00:17.245226+00:00 [running]> on host ede6358c2bd0
[2025-05-23T19:00:19.597+0000] {taskinstance.py:3134} INFO - Exporting env vars: AIRFLOW_CTX_DAG_OWNER='***' AIRFLOW_CTX_DAG_ID='crypto_etl_pipeline' AIRFLOW_CTX_TASK_ID='extract_data' AIRFLOW_CTX_EXECUTION_DATE='2025-05-23T19:00:17.245226+00:00' AIRFLOW_CTX_TRY_NUMBER='1' AIRFLOW_CTX_DAG_RUN_ID='manual__2025-05-23T19:00:17.245226+00:00'
[2025-05-23T19:00:19.599+0000] {logging_mixin.py:190} INFO - Task instance is in running state
[2025-05-23T19:00:19.599+0000] {logging_mixin.py:190} INFO -  Previous state of the Task instance: queued
[2025-05-23T19:00:19.599+0000] {logging_mixin.py:190} INFO - Current task name:extract_data state:running start_date:2025-05-23 19:00:19.448743+00:00
[2025-05-23T19:00:19.600+0000] {logging_mixin.py:190} INFO - Dag name:crypto_etl_pipeline and current dag run status:running
[2025-05-23T19:00:19.600+0000] {taskinstance.py:732} INFO - ::endgroup::
[2025-05-23T19:00:22.704+0000] {logging_mixin.py:190} INFO -                       datetime crypto currency          price
0   2025-05-23T19:00:19.651149    BTC      USD  108822.715000
1   2025-05-23T19:00:19.812251    BTC      BRL  615328.068701
2   2025-05-23T19:00:20.204892    ETH      USD    2560.425000
3   2025-05-23T19:00:20.383534    ETH      BRL   14473.129716
4   2025-05-23T19:00:20.533177   USDT      USD       1.000235
5   2025-05-23T19:00:20.742906   USDT      BRL       5.655745
6   2025-05-23T19:00:20.930184    BNB      USD     667.533966
7   2025-05-23T19:00:21.114810    BNB      BRL    3774.515181
8   2025-05-23T19:00:21.277993    XRP      USD       2.350500
9   2025-05-23T19:00:21.462813    XRP      BRL      13.290706
10  2025-05-23T19:00:21.627223   DOGE      USD       0.233175
11  2025-05-23T19:00:21.814946   DOGE      BRL       1.318469
12  2025-05-23T19:00:22.142400    SOL      USD     178.910000
13  2025-05-23T19:00:22.322990    SOL      BRL    1011.631686
14  2025-05-23T19:00:22.497138    DOT      USD       4.701000
15  2025-05-23T19:00:22.692416    DOT      BRL      26.581413
[2025-05-23T19:00:22.710+0000] {logging_mixin.py:190} INFO - Dados extraídos com sucesso!
[2025-05-23T19:00:22.711+0000] {python.py:240} INFO - Done. Returned value was: None
[2025-05-23T19:00:22.887+0000] {taskinstance.py:341} INFO - ::group::Post task execution logs
[2025-05-23T19:00:22.888+0000] {taskinstance.py:353} INFO - Marking task as SUCCESS. dag_id=crypto_etl_pipeline, task_id=extract_data, run_id=manual__2025-05-23T19:00:17.245226+00:00, execution_date=20250523T190017, start_date=20250523T190019, end_date=20250523T190022
[2025-05-23T19:00:22.909+0000] {logging_mixin.py:190} INFO - Task instance in success state
[2025-05-23T19:00:22.909+0000] {logging_mixin.py:190} INFO -  Previous state of the Task instance: running
[2025-05-23T19:00:22.910+0000] {logging_mixin.py:190} INFO - Dag name:crypto_etl_pipeline queued_at:2025-05-23 19:00:17.253197+00:00
[2025-05-23T19:00:22.910+0000] {logging_mixin.py:190} INFO - Task hostname:ede6358c2bd0 operator:PythonOperator
[2025-05-23T19:00:22.943+0000] {local_task_job_runner.py:266} INFO - Task exited with return code 0
[2025-05-23T19:00:22.968+0000] {taskinstance.py:3901} INFO - 1 downstream tasks scheduled from follow-on schedule check
[2025-05-23T19:00:22.970+0000] {local_task_job_runner.py:245} INFO - ::endgroup::
