[2025-05-23T19:09:22.147+0000] {local_task_job_runner.py:123} INFO - ::group::Pre task execution logs
[2025-05-23T19:09:22.168+0000] {taskinstance.py:2614} INFO - Dependencies all met for dep_context=non-requeueable deps ti=<TaskInstance: crypto_etl_pipeline.transform_data manual__2025-05-23T19:09:12.500361+00:00 [queued]>
[2025-05-23T19:09:22.177+0000] {taskinstance.py:2614} INFO - Dependencies all met for dep_context=requeueable deps ti=<TaskInstance: crypto_etl_pipeline.transform_data manual__2025-05-23T19:09:12.500361+00:00 [queued]>
[2025-05-23T19:09:22.178+0000] {taskinstance.py:2867} INFO - Starting attempt 1 of 1
[2025-05-23T19:09:22.191+0000] {taskinstance.py:2890} INFO - Executing <Task(PythonOperator): transform_data> on 2025-05-23 19:09:12.500361+00:00
[2025-05-23T19:09:22.196+0000] {warnings.py:112} WARNING - /home/***/.local/lib/python3.12/site-packages/***/task/task_runner/standard_task_runner.py:70: DeprecationWarning: This process (pid=90) is multi-threaded, use of fork() may lead to deadlocks in the child.
  pid = os.fork()

[2025-05-23T19:09:22.198+0000] {standard_task_runner.py:72} INFO - Started process 92 to run task
[2025-05-23T19:09:22.198+0000] {standard_task_runner.py:104} INFO - Running: ['***', 'tasks', 'run', 'crypto_etl_pipeline', 'transform_data', 'manual__2025-05-23T19:09:12.500361+00:00', '--job-id', '195', '--raw', '--subdir', 'DAGS_FOLDER/crypto_etl_dag.py', '--cfg-path', '/tmp/tmp96shcloi']
[2025-05-23T19:09:22.199+0000] {standard_task_runner.py:105} INFO - Job 195: Subtask transform_data
[2025-05-23T19:09:22.238+0000] {task_command.py:467} INFO - Running <TaskInstance: crypto_etl_pipeline.transform_data manual__2025-05-23T19:09:12.500361+00:00 [running]> on host aa19ac71657a
[2025-05-23T19:09:22.310+0000] {taskinstance.py:3134} INFO - Exporting env vars: AIRFLOW_CTX_DAG_OWNER='***' AIRFLOW_CTX_DAG_ID='crypto_etl_pipeline' AIRFLOW_CTX_TASK_ID='transform_data' AIRFLOW_CTX_EXECUTION_DATE='2025-05-23T19:09:12.500361+00:00' AIRFLOW_CTX_TRY_NUMBER='1' AIRFLOW_CTX_DAG_RUN_ID='manual__2025-05-23T19:09:12.500361+00:00'
[2025-05-23T19:09:22.311+0000] {logging_mixin.py:190} INFO - Task instance is in running state
[2025-05-23T19:09:22.312+0000] {logging_mixin.py:190} INFO -  Previous state of the Task instance: queued
[2025-05-23T19:09:22.312+0000] {logging_mixin.py:190} INFO - Current task name:transform_data state:running start_date:2025-05-23 19:09:22.169411+00:00
[2025-05-23T19:09:22.313+0000] {logging_mixin.py:190} INFO - Dag name:crypto_etl_pipeline and current dag run status:running
[2025-05-23T19:09:22.313+0000] {taskinstance.py:732} INFO - ::endgroup::
[2025-05-23T19:09:22.509+0000] {logging_mixin.py:190} INFO - Dados transformados com sucesso!
[2025-05-23T19:09:22.510+0000] {python.py:240} INFO - Done. Returned value was: None
[2025-05-23T19:09:22.518+0000] {taskinstance.py:341} INFO - ::group::Post task execution logs
[2025-05-23T19:09:22.518+0000] {taskinstance.py:353} INFO - Marking task as SUCCESS. dag_id=crypto_etl_pipeline, task_id=transform_data, run_id=manual__2025-05-23T19:09:12.500361+00:00, execution_date=20250523T190912, start_date=20250523T190922, end_date=20250523T190922
[2025-05-23T19:09:22.537+0000] {logging_mixin.py:190} INFO - Task instance in success state
[2025-05-23T19:09:22.538+0000] {logging_mixin.py:190} INFO -  Previous state of the Task instance: running
[2025-05-23T19:09:22.538+0000] {logging_mixin.py:190} INFO - Dag name:crypto_etl_pipeline queued_at:2025-05-23 19:09:12.511300+00:00
[2025-05-23T19:09:22.539+0000] {logging_mixin.py:190} INFO - Task hostname:aa19ac71657a operator:PythonOperator
[2025-05-23T19:09:22.573+0000] {local_task_job_runner.py:266} INFO - Task exited with return code 0
[2025-05-23T19:09:22.591+0000] {taskinstance.py:3901} INFO - 1 downstream tasks scheduled from follow-on schedule check
[2025-05-23T19:09:22.594+0000] {local_task_job_runner.py:245} INFO - ::endgroup::
