[2025-04-10T16:02:25.379+0000] {processor.py:186} INFO - Started process (PID=102) to work on /home/airflow/.local/lib/python3.12/site-packages/airflow/example_dags/example_datasets.py
[2025-04-10T16:02:25.380+0000] {processor.py:914} INFO - Processing file /home/airflow/.local/lib/python3.12/site-packages/airflow/example_dags/example_datasets.py for tasks to queue
[2025-04-10T16:02:25.383+0000] {logging_mixin.py:190} INFO - [2025-04-10T16:02:25.382+0000] {dagbag.py:588} INFO - Filling up the DagBag from /home/airflow/.local/lib/python3.12/site-packages/airflow/example_dags/example_datasets.py
[2025-04-10T16:02:26.955+0000] {processor.py:925} INFO - DAG(s) 'consume_1_or_2_with_dataset_expressions', 'consume_1_or_both_2_and_3_with_dataset_expressions', 'conditional_dataset_and_time_based_timetable', 'dataset_consumes_1', 'consume_1_and_2_with_dataset_expressions', 'dataset_produces_2', 'dataset_consumes_1_never_scheduled', 'dataset_consumes_unknown_never_scheduled', 'dataset_consumes_1_and_2', 'dataset_produces_1' retrieved from /home/airflow/.local/lib/python3.12/site-packages/airflow/example_dags/example_datasets.py
[2025-04-10T16:02:27.057+0000] {logging_mixin.py:190} INFO - [2025-04-10T16:02:27.056+0000] {override.py:1912} INFO - Created Permission View: can read on DAG:consume_1_or_2_with_dataset_expressions
[2025-04-10T16:02:27.066+0000] {logging_mixin.py:190} INFO - [2025-04-10T16:02:27.066+0000] {override.py:1912} INFO - Created Permission View: can delete on DAG:consume_1_or_2_with_dataset_expressions
[2025-04-10T16:02:27.073+0000] {logging_mixin.py:190} INFO - [2025-04-10T16:02:27.072+0000] {override.py:1912} INFO - Created Permission View: can edit on DAG:consume_1_or_2_with_dataset_expressions
[2025-04-10T16:02:27.080+0000] {logging_mixin.py:190} INFO - [2025-04-10T16:02:27.079+0000] {override.py:1912} INFO - Created Permission View: menu access on DAG Run:consume_1_or_2_with_dataset_expressions
[2025-04-10T16:02:27.086+0000] {logging_mixin.py:190} INFO - [2025-04-10T16:02:27.086+0000] {override.py:1912} INFO - Created Permission View: can read on DAG Run:consume_1_or_2_with_dataset_expressions
[2025-04-10T16:02:27.092+0000] {logging_mixin.py:190} INFO - [2025-04-10T16:02:27.092+0000] {override.py:1912} INFO - Created Permission View: can create on DAG Run:consume_1_or_2_with_dataset_expressions
[2025-04-10T16:02:27.098+0000] {logging_mixin.py:190} INFO - [2025-04-10T16:02:27.098+0000] {override.py:1912} INFO - Created Permission View: can delete on DAG Run:consume_1_or_2_with_dataset_expressions
[2025-04-10T16:02:27.110+0000] {logging_mixin.py:190} INFO - [2025-04-10T16:02:27.110+0000] {override.py:1912} INFO - Created Permission View: can read on DAG:consume_1_or_both_2_and_3_with_dataset_expressions
[2025-04-10T16:02:27.117+0000] {logging_mixin.py:190} INFO - [2025-04-10T16:02:27.116+0000] {override.py:1912} INFO - Created Permission View: can delete on DAG:consume_1_or_both_2_and_3_with_dataset_expressions
[2025-04-10T16:02:27.123+0000] {logging_mixin.py:190} INFO - [2025-04-10T16:02:27.122+0000] {override.py:1912} INFO - Created Permission View: can edit on DAG:consume_1_or_both_2_and_3_with_dataset_expressions
[2025-04-10T16:02:27.130+0000] {logging_mixin.py:190} INFO - [2025-04-10T16:02:27.130+0000] {override.py:1912} INFO - Created Permission View: menu access on DAG Run:consume_1_or_both_2_and_3_with_dataset_expressions
[2025-04-10T16:02:27.137+0000] {logging_mixin.py:190} INFO - [2025-04-10T16:02:27.136+0000] {override.py:1912} INFO - Created Permission View: can read on DAG Run:consume_1_or_both_2_and_3_with_dataset_expressions
[2025-04-10T16:02:27.144+0000] {logging_mixin.py:190} INFO - [2025-04-10T16:02:27.144+0000] {override.py:1912} INFO - Created Permission View: can create on DAG Run:consume_1_or_both_2_and_3_with_dataset_expressions
[2025-04-10T16:02:27.151+0000] {logging_mixin.py:190} INFO - [2025-04-10T16:02:27.151+0000] {override.py:1912} INFO - Created Permission View: can delete on DAG Run:consume_1_or_both_2_and_3_with_dataset_expressions
[2025-04-10T16:02:27.164+0000] {logging_mixin.py:190} INFO - [2025-04-10T16:02:27.164+0000] {override.py:1912} INFO - Created Permission View: can read on DAG:conditional_dataset_and_time_based_timetable
[2025-04-10T16:02:27.171+0000] {logging_mixin.py:190} INFO - [2025-04-10T16:02:27.171+0000] {override.py:1912} INFO - Created Permission View: can delete on DAG:conditional_dataset_and_time_based_timetable
[2025-04-10T16:02:27.179+0000] {logging_mixin.py:190} INFO - [2025-04-10T16:02:27.179+0000] {override.py:1912} INFO - Created Permission View: can edit on DAG:conditional_dataset_and_time_based_timetable
[2025-04-10T16:02:27.187+0000] {logging_mixin.py:190} INFO - [2025-04-10T16:02:27.187+0000] {override.py:1912} INFO - Created Permission View: menu access on DAG Run:conditional_dataset_and_time_based_timetable
[2025-04-10T16:02:27.195+0000] {logging_mixin.py:190} INFO - [2025-04-10T16:02:27.195+0000] {override.py:1912} INFO - Created Permission View: can read on DAG Run:conditional_dataset_and_time_based_timetable
[2025-04-10T16:02:27.204+0000] {logging_mixin.py:190} INFO - [2025-04-10T16:02:27.203+0000] {override.py:1912} INFO - Created Permission View: can create on DAG Run:conditional_dataset_and_time_based_timetable
[2025-04-10T16:02:27.213+0000] {logging_mixin.py:190} INFO - [2025-04-10T16:02:27.212+0000] {override.py:1912} INFO - Created Permission View: can delete on DAG Run:conditional_dataset_and_time_based_timetable
[2025-04-10T16:02:27.229+0000] {logging_mixin.py:190} INFO - [2025-04-10T16:02:27.228+0000] {override.py:1912} INFO - Created Permission View: can read on DAG:dataset_consumes_1
[2025-04-10T16:02:27.236+0000] {logging_mixin.py:190} INFO - [2025-04-10T16:02:27.236+0000] {override.py:1912} INFO - Created Permission View: can delete on DAG:dataset_consumes_1
[2025-04-10T16:02:27.245+0000] {logging_mixin.py:190} INFO - [2025-04-10T16:02:27.245+0000] {override.py:1912} INFO - Created Permission View: can edit on DAG:dataset_consumes_1
[2025-04-10T16:02:27.254+0000] {logging_mixin.py:190} INFO - [2025-04-10T16:02:27.254+0000] {override.py:1912} INFO - Created Permission View: menu access on DAG Run:dataset_consumes_1
[2025-04-10T16:02:27.262+0000] {logging_mixin.py:190} INFO - [2025-04-10T16:02:27.262+0000] {override.py:1912} INFO - Created Permission View: can read on DAG Run:dataset_consumes_1
[2025-04-10T16:02:27.269+0000] {logging_mixin.py:190} INFO - [2025-04-10T16:02:27.269+0000] {override.py:1912} INFO - Created Permission View: can create on DAG Run:dataset_consumes_1
[2025-04-10T16:02:27.278+0000] {logging_mixin.py:190} INFO - [2025-04-10T16:02:27.277+0000] {override.py:1912} INFO - Created Permission View: can delete on DAG Run:dataset_consumes_1
[2025-04-10T16:02:27.294+0000] {logging_mixin.py:190} INFO - [2025-04-10T16:02:27.293+0000] {override.py:1912} INFO - Created Permission View: can read on DAG:consume_1_and_2_with_dataset_expressions
[2025-04-10T16:02:27.303+0000] {logging_mixin.py:190} INFO - [2025-04-10T16:02:27.303+0000] {override.py:1912} INFO - Created Permission View: can delete on DAG:consume_1_and_2_with_dataset_expressions
[2025-04-10T16:02:27.313+0000] {logging_mixin.py:190} INFO - [2025-04-10T16:02:27.312+0000] {override.py:1912} INFO - Created Permission View: can edit on DAG:consume_1_and_2_with_dataset_expressions
[2025-04-10T16:02:27.323+0000] {logging_mixin.py:190} INFO - [2025-04-10T16:02:27.323+0000] {override.py:1912} INFO - Created Permission View: menu access on DAG Run:consume_1_and_2_with_dataset_expressions
[2025-04-10T16:02:27.331+0000] {logging_mixin.py:190} INFO - [2025-04-10T16:02:27.331+0000] {override.py:1912} INFO - Created Permission View: can read on DAG Run:consume_1_and_2_with_dataset_expressions
[2025-04-10T16:02:27.338+0000] {logging_mixin.py:190} INFO - [2025-04-10T16:02:27.338+0000] {override.py:1912} INFO - Created Permission View: can create on DAG Run:consume_1_and_2_with_dataset_expressions
[2025-04-10T16:02:27.345+0000] {logging_mixin.py:190} INFO - [2025-04-10T16:02:27.345+0000] {override.py:1912} INFO - Created Permission View: can delete on DAG Run:consume_1_and_2_with_dataset_expressions
[2025-04-10T16:02:27.359+0000] {logging_mixin.py:190} INFO - [2025-04-10T16:02:27.358+0000] {override.py:1912} INFO - Created Permission View: can read on DAG:dataset_produces_2
[2025-04-10T16:02:27.366+0000] {logging_mixin.py:190} INFO - [2025-04-10T16:02:27.366+0000] {override.py:1912} INFO - Created Permission View: can delete on DAG:dataset_produces_2
[2025-04-10T16:02:27.376+0000] {logging_mixin.py:190} INFO - [2025-04-10T16:02:27.375+0000] {override.py:1912} INFO - Created Permission View: can edit on DAG:dataset_produces_2
[2025-04-10T16:02:27.384+0000] {logging_mixin.py:190} INFO - [2025-04-10T16:02:27.384+0000] {override.py:1912} INFO - Created Permission View: menu access on DAG Run:dataset_produces_2
[2025-04-10T16:02:27.391+0000] {logging_mixin.py:190} INFO - [2025-04-10T16:02:27.391+0000] {override.py:1912} INFO - Created Permission View: can read on DAG Run:dataset_produces_2
[2025-04-10T16:02:27.399+0000] {logging_mixin.py:190} INFO - [2025-04-10T16:02:27.398+0000] {override.py:1912} INFO - Created Permission View: can create on DAG Run:dataset_produces_2
[2025-04-10T16:02:27.405+0000] {logging_mixin.py:190} INFO - [2025-04-10T16:02:27.405+0000] {override.py:1912} INFO - Created Permission View: can delete on DAG Run:dataset_produces_2
[2025-04-10T16:02:27.418+0000] {logging_mixin.py:190} INFO - [2025-04-10T16:02:27.418+0000] {override.py:1912} INFO - Created Permission View: can read on DAG:dataset_consumes_1_never_scheduled
[2025-04-10T16:02:27.425+0000] {logging_mixin.py:190} INFO - [2025-04-10T16:02:27.425+0000] {override.py:1912} INFO - Created Permission View: can delete on DAG:dataset_consumes_1_never_scheduled
[2025-04-10T16:02:27.432+0000] {logging_mixin.py:190} INFO - [2025-04-10T16:02:27.432+0000] {override.py:1912} INFO - Created Permission View: can edit on DAG:dataset_consumes_1_never_scheduled
[2025-04-10T16:02:27.441+0000] {logging_mixin.py:190} INFO - [2025-04-10T16:02:27.440+0000] {override.py:1912} INFO - Created Permission View: menu access on DAG Run:dataset_consumes_1_never_scheduled
[2025-04-10T16:02:27.448+0000] {logging_mixin.py:190} INFO - [2025-04-10T16:02:27.448+0000] {override.py:1912} INFO - Created Permission View: can read on DAG Run:dataset_consumes_1_never_scheduled
[2025-04-10T16:02:27.455+0000] {logging_mixin.py:190} INFO - [2025-04-10T16:02:27.455+0000] {override.py:1912} INFO - Created Permission View: can create on DAG Run:dataset_consumes_1_never_scheduled
[2025-04-10T16:02:27.462+0000] {logging_mixin.py:190} INFO - [2025-04-10T16:02:27.462+0000] {override.py:1912} INFO - Created Permission View: can delete on DAG Run:dataset_consumes_1_never_scheduled
[2025-04-10T16:02:27.476+0000] {logging_mixin.py:190} INFO - [2025-04-10T16:02:27.476+0000] {override.py:1912} INFO - Created Permission View: can read on DAG:dataset_consumes_unknown_never_scheduled
[2025-04-10T16:02:27.485+0000] {logging_mixin.py:190} INFO - [2025-04-10T16:02:27.484+0000] {override.py:1912} INFO - Created Permission View: can delete on DAG:dataset_consumes_unknown_never_scheduled
[2025-04-10T16:02:27.493+0000] {logging_mixin.py:190} INFO - [2025-04-10T16:02:27.492+0000] {override.py:1912} INFO - Created Permission View: can edit on DAG:dataset_consumes_unknown_never_scheduled
[2025-04-10T16:02:27.501+0000] {logging_mixin.py:190} INFO - [2025-04-10T16:02:27.500+0000] {override.py:1912} INFO - Created Permission View: menu access on DAG Run:dataset_consumes_unknown_never_scheduled
[2025-04-10T16:02:27.508+0000] {logging_mixin.py:190} INFO - [2025-04-10T16:02:27.507+0000] {override.py:1912} INFO - Created Permission View: can read on DAG Run:dataset_consumes_unknown_never_scheduled
[2025-04-10T16:02:27.515+0000] {logging_mixin.py:190} INFO - [2025-04-10T16:02:27.514+0000] {override.py:1912} INFO - Created Permission View: can create on DAG Run:dataset_consumes_unknown_never_scheduled
[2025-04-10T16:02:27.522+0000] {logging_mixin.py:190} INFO - [2025-04-10T16:02:27.522+0000] {override.py:1912} INFO - Created Permission View: can delete on DAG Run:dataset_consumes_unknown_never_scheduled
[2025-04-10T16:02:27.535+0000] {logging_mixin.py:190} INFO - [2025-04-10T16:02:27.534+0000] {override.py:1912} INFO - Created Permission View: can read on DAG:dataset_consumes_1_and_2
[2025-04-10T16:02:27.542+0000] {logging_mixin.py:190} INFO - [2025-04-10T16:02:27.541+0000] {override.py:1912} INFO - Created Permission View: can delete on DAG:dataset_consumes_1_and_2
[2025-04-10T16:02:27.550+0000] {logging_mixin.py:190} INFO - [2025-04-10T16:02:27.550+0000] {override.py:1912} INFO - Created Permission View: can edit on DAG:dataset_consumes_1_and_2
[2025-04-10T16:02:27.558+0000] {logging_mixin.py:190} INFO - [2025-04-10T16:02:27.558+0000] {override.py:1912} INFO - Created Permission View: menu access on DAG Run:dataset_consumes_1_and_2
[2025-04-10T16:02:27.565+0000] {logging_mixin.py:190} INFO - [2025-04-10T16:02:27.565+0000] {override.py:1912} INFO - Created Permission View: can read on DAG Run:dataset_consumes_1_and_2
[2025-04-10T16:02:27.571+0000] {logging_mixin.py:190} INFO - [2025-04-10T16:02:27.571+0000] {override.py:1912} INFO - Created Permission View: can create on DAG Run:dataset_consumes_1_and_2
[2025-04-10T16:02:27.580+0000] {logging_mixin.py:190} INFO - [2025-04-10T16:02:27.579+0000] {override.py:1912} INFO - Created Permission View: can delete on DAG Run:dataset_consumes_1_and_2
[2025-04-10T16:02:27.594+0000] {logging_mixin.py:190} INFO - [2025-04-10T16:02:27.593+0000] {override.py:1912} INFO - Created Permission View: can read on DAG:dataset_produces_1
[2025-04-10T16:02:27.602+0000] {logging_mixin.py:190} INFO - [2025-04-10T16:02:27.602+0000] {override.py:1912} INFO - Created Permission View: can delete on DAG:dataset_produces_1
[2025-04-10T16:02:27.610+0000] {logging_mixin.py:190} INFO - [2025-04-10T16:02:27.609+0000] {override.py:1912} INFO - Created Permission View: can edit on DAG:dataset_produces_1
[2025-04-10T16:02:27.619+0000] {logging_mixin.py:190} INFO - [2025-04-10T16:02:27.618+0000] {override.py:1912} INFO - Created Permission View: menu access on DAG Run:dataset_produces_1
[2025-04-10T16:02:27.626+0000] {logging_mixin.py:190} INFO - [2025-04-10T16:02:27.626+0000] {override.py:1912} INFO - Created Permission View: can read on DAG Run:dataset_produces_1
[2025-04-10T16:02:27.633+0000] {logging_mixin.py:190} INFO - [2025-04-10T16:02:27.633+0000] {override.py:1912} INFO - Created Permission View: can create on DAG Run:dataset_produces_1
[2025-04-10T16:02:27.640+0000] {logging_mixin.py:190} INFO - [2025-04-10T16:02:27.639+0000] {override.py:1912} INFO - Created Permission View: can delete on DAG Run:dataset_produces_1
[2025-04-10T16:02:27.640+0000] {logging_mixin.py:190} INFO - [2025-04-10T16:02:27.640+0000] {dag.py:3239} INFO - Sync 10 DAGs
[2025-04-10T16:02:27.654+0000] {logging_mixin.py:190} INFO - [2025-04-10T16:02:27.654+0000] {dag.py:3262} INFO - Creating ORM DAG for consume_1_or_2_with_dataset_expressions
[2025-04-10T16:02:27.655+0000] {logging_mixin.py:190} INFO - [2025-04-10T16:02:27.655+0000] {dag.py:3262} INFO - Creating ORM DAG for dataset_consumes_1
[2025-04-10T16:02:27.656+0000] {logging_mixin.py:190} INFO - [2025-04-10T16:02:27.655+0000] {dag.py:3262} INFO - Creating ORM DAG for consume_1_or_both_2_and_3_with_dataset_expressions
[2025-04-10T16:02:27.656+0000] {logging_mixin.py:190} INFO - [2025-04-10T16:02:27.656+0000] {dag.py:3262} INFO - Creating ORM DAG for conditional_dataset_and_time_based_timetable
[2025-04-10T16:02:27.657+0000] {logging_mixin.py:190} INFO - [2025-04-10T16:02:27.657+0000] {dag.py:3262} INFO - Creating ORM DAG for dataset_consumes_unknown_never_scheduled
[2025-04-10T16:02:27.658+0000] {logging_mixin.py:190} INFO - [2025-04-10T16:02:27.658+0000] {dag.py:3262} INFO - Creating ORM DAG for dataset_consumes_1_never_scheduled
[2025-04-10T16:02:27.659+0000] {logging_mixin.py:190} INFO - [2025-04-10T16:02:27.658+0000] {dag.py:3262} INFO - Creating ORM DAG for dataset_consumes_1_and_2
[2025-04-10T16:02:27.659+0000] {logging_mixin.py:190} INFO - [2025-04-10T16:02:27.659+0000] {dag.py:3262} INFO - Creating ORM DAG for dataset_produces_2
[2025-04-10T16:02:27.660+0000] {logging_mixin.py:190} INFO - [2025-04-10T16:02:27.660+0000] {dag.py:3262} INFO - Creating ORM DAG for consume_1_and_2_with_dataset_expressions
[2025-04-10T16:02:27.661+0000] {logging_mixin.py:190} INFO - [2025-04-10T16:02:27.661+0000] {dag.py:3262} INFO - Creating ORM DAG for dataset_produces_1
[2025-04-10T16:02:27.672+0000] {logging_mixin.py:190} INFO - [2025-04-10T16:02:27.672+0000] {dag.py:4180} INFO - Setting next_dagrun for conditional_dataset_and_time_based_timetable to 2025-04-09 01:00:00+00:00, run_after=2025-04-09 01:00:00+00:00
[2025-04-10T16:02:27.673+0000] {logging_mixin.py:190} INFO - [2025-04-10T16:02:27.672+0000] {dag.py:4180} INFO - Setting next_dagrun for consume_1_and_2_with_dataset_expressions to None, run_after=None
[2025-04-10T16:02:27.673+0000] {logging_mixin.py:190} INFO - [2025-04-10T16:02:27.673+0000] {dag.py:4180} INFO - Setting next_dagrun for consume_1_or_2_with_dataset_expressions to None, run_after=None
[2025-04-10T16:02:27.674+0000] {logging_mixin.py:190} INFO - [2025-04-10T16:02:27.673+0000] {dag.py:4180} INFO - Setting next_dagrun for consume_1_or_both_2_and_3_with_dataset_expressions to None, run_after=None
[2025-04-10T16:02:27.674+0000] {logging_mixin.py:190} INFO - [2025-04-10T16:02:27.674+0000] {dag.py:4180} INFO - Setting next_dagrun for dataset_consumes_1 to None, run_after=None
[2025-04-10T16:02:27.675+0000] {logging_mixin.py:190} INFO - [2025-04-10T16:02:27.675+0000] {dag.py:4180} INFO - Setting next_dagrun for dataset_consumes_1_and_2 to None, run_after=None
[2025-04-10T16:02:27.675+0000] {logging_mixin.py:190} INFO - [2025-04-10T16:02:27.675+0000] {dag.py:4180} INFO - Setting next_dagrun for dataset_consumes_1_never_scheduled to None, run_after=None
[2025-04-10T16:02:27.676+0000] {logging_mixin.py:190} INFO - [2025-04-10T16:02:27.676+0000] {dag.py:4180} INFO - Setting next_dagrun for dataset_consumes_unknown_never_scheduled to None, run_after=None
[2025-04-10T16:02:27.678+0000] {logging_mixin.py:190} INFO - [2025-04-10T16:02:27.678+0000] {dag.py:4180} INFO - Setting next_dagrun for dataset_produces_1 to 2025-04-09 00:00:00+00:00, run_after=2025-04-10 00:00:00+00:00
[2025-04-10T16:02:27.679+0000] {logging_mixin.py:190} INFO - [2025-04-10T16:02:27.679+0000] {dag.py:4180} INFO - Setting next_dagrun for dataset_produces_2 to None, run_after=None
[2025-04-10T16:02:27.726+0000] {processor.py:208} INFO - Processing /home/airflow/.local/lib/python3.12/site-packages/airflow/example_dags/example_datasets.py took 2.354 seconds
[2025-04-10T16:02:57.882+0000] {processor.py:186} INFO - Started process (PID=168) to work on /home/airflow/.local/lib/python3.12/site-packages/airflow/example_dags/example_datasets.py
[2025-04-10T16:02:57.884+0000] {processor.py:914} INFO - Processing file /home/airflow/.local/lib/python3.12/site-packages/airflow/example_dags/example_datasets.py for tasks to queue
[2025-04-10T16:02:57.888+0000] {logging_mixin.py:190} INFO - [2025-04-10T16:02:57.887+0000] {dagbag.py:588} INFO - Filling up the DagBag from /home/airflow/.local/lib/python3.12/site-packages/airflow/example_dags/example_datasets.py
[2025-04-10T16:02:58.458+0000] {processor.py:925} INFO - DAG(s) 'dataset_produces_2', 'dataset_consumes_unknown_never_scheduled', 'consume_1_and_2_with_dataset_expressions', 'dataset_consumes_1_never_scheduled', 'dataset_produces_1', 'dataset_consumes_1', 'consume_1_or_both_2_and_3_with_dataset_expressions', 'conditional_dataset_and_time_based_timetable', 'dataset_consumes_1_and_2', 'consume_1_or_2_with_dataset_expressions' retrieved from /home/airflow/.local/lib/python3.12/site-packages/airflow/example_dags/example_datasets.py
[2025-04-10T16:02:58.504+0000] {logging_mixin.py:190} INFO - [2025-04-10T16:02:58.503+0000] {dag.py:3239} INFO - Sync 10 DAGs
[2025-04-10T16:02:58.533+0000] {logging_mixin.py:190} INFO - [2025-04-10T16:02:58.532+0000] {dag.py:4180} INFO - Setting next_dagrun for conditional_dataset_and_time_based_timetable to 2025-04-09 01:00:00+00:00, run_after=2025-04-09 01:00:00+00:00
[2025-04-10T16:02:58.536+0000] {logging_mixin.py:190} INFO - [2025-04-10T16:02:58.536+0000] {dag.py:4180} INFO - Setting next_dagrun for consume_1_and_2_with_dataset_expressions to None, run_after=None
[2025-04-10T16:02:58.538+0000] {logging_mixin.py:190} INFO - [2025-04-10T16:02:58.538+0000] {dag.py:4180} INFO - Setting next_dagrun for consume_1_or_2_with_dataset_expressions to None, run_after=None
[2025-04-10T16:02:58.540+0000] {logging_mixin.py:190} INFO - [2025-04-10T16:02:58.540+0000] {dag.py:4180} INFO - Setting next_dagrun for consume_1_or_both_2_and_3_with_dataset_expressions to None, run_after=None
[2025-04-10T16:02:58.542+0000] {logging_mixin.py:190} INFO - [2025-04-10T16:02:58.542+0000] {dag.py:4180} INFO - Setting next_dagrun for dataset_consumes_1 to None, run_after=None
[2025-04-10T16:02:58.544+0000] {logging_mixin.py:190} INFO - [2025-04-10T16:02:58.544+0000] {dag.py:4180} INFO - Setting next_dagrun for dataset_consumes_1_and_2 to None, run_after=None
[2025-04-10T16:02:58.545+0000] {logging_mixin.py:190} INFO - [2025-04-10T16:02:58.545+0000] {dag.py:4180} INFO - Setting next_dagrun for dataset_consumes_1_never_scheduled to None, run_after=None
[2025-04-10T16:02:58.547+0000] {logging_mixin.py:190} INFO - [2025-04-10T16:02:58.546+0000] {dag.py:4180} INFO - Setting next_dagrun for dataset_consumes_unknown_never_scheduled to None, run_after=None
[2025-04-10T16:02:58.549+0000] {logging_mixin.py:190} INFO - [2025-04-10T16:02:58.549+0000] {dag.py:4180} INFO - Setting next_dagrun for dataset_produces_1 to 2025-04-09 00:00:00+00:00, run_after=2025-04-10 00:00:00+00:00
[2025-04-10T16:02:58.551+0000] {logging_mixin.py:190} INFO - [2025-04-10T16:02:58.550+0000] {dag.py:4180} INFO - Setting next_dagrun for dataset_produces_2 to None, run_after=None
[2025-04-10T16:02:58.584+0000] {processor.py:208} INFO - Processing /home/airflow/.local/lib/python3.12/site-packages/airflow/example_dags/example_datasets.py took 0.712 seconds
[2025-04-10T16:03:29.273+0000] {processor.py:186} INFO - Started process (PID=230) to work on /home/airflow/.local/lib/python3.12/site-packages/airflow/example_dags/example_datasets.py
[2025-04-10T16:03:29.274+0000] {processor.py:914} INFO - Processing file /home/airflow/.local/lib/python3.12/site-packages/airflow/example_dags/example_datasets.py for tasks to queue
[2025-04-10T16:03:29.276+0000] {logging_mixin.py:190} INFO - [2025-04-10T16:03:29.275+0000] {dagbag.py:588} INFO - Filling up the DagBag from /home/airflow/.local/lib/python3.12/site-packages/airflow/example_dags/example_datasets.py
[2025-04-10T16:03:29.849+0000] {processor.py:925} INFO - DAG(s) 'consume_1_and_2_with_dataset_expressions', 'consume_1_or_both_2_and_3_with_dataset_expressions', 'consume_1_or_2_with_dataset_expressions', 'dataset_consumes_unknown_never_scheduled', 'dataset_consumes_1', 'dataset_consumes_1_and_2', 'conditional_dataset_and_time_based_timetable', 'dataset_consumes_1_never_scheduled', 'dataset_produces_1', 'dataset_produces_2' retrieved from /home/airflow/.local/lib/python3.12/site-packages/airflow/example_dags/example_datasets.py
[2025-04-10T16:03:29.898+0000] {logging_mixin.py:190} INFO - [2025-04-10T16:03:29.897+0000] {dag.py:3239} INFO - Sync 10 DAGs
[2025-04-10T16:03:29.925+0000] {logging_mixin.py:190} INFO - [2025-04-10T16:03:29.925+0000] {dag.py:4180} INFO - Setting next_dagrun for conditional_dataset_and_time_based_timetable to 2025-04-09 01:00:00+00:00, run_after=2025-04-09 01:00:00+00:00
[2025-04-10T16:03:29.929+0000] {logging_mixin.py:190} INFO - [2025-04-10T16:03:29.929+0000] {dag.py:4180} INFO - Setting next_dagrun for consume_1_and_2_with_dataset_expressions to None, run_after=None
[2025-04-10T16:03:29.931+0000] {logging_mixin.py:190} INFO - [2025-04-10T16:03:29.931+0000] {dag.py:4180} INFO - Setting next_dagrun for consume_1_or_2_with_dataset_expressions to None, run_after=None
[2025-04-10T16:03:29.934+0000] {logging_mixin.py:190} INFO - [2025-04-10T16:03:29.933+0000] {dag.py:4180} INFO - Setting next_dagrun for consume_1_or_both_2_and_3_with_dataset_expressions to None, run_after=None
[2025-04-10T16:03:29.936+0000] {logging_mixin.py:190} INFO - [2025-04-10T16:03:29.936+0000] {dag.py:4180} INFO - Setting next_dagrun for dataset_consumes_1 to None, run_after=None
[2025-04-10T16:03:29.941+0000] {logging_mixin.py:190} INFO - [2025-04-10T16:03:29.941+0000] {dag.py:4180} INFO - Setting next_dagrun for dataset_consumes_1_and_2 to None, run_after=None
[2025-04-10T16:03:29.944+0000] {logging_mixin.py:190} INFO - [2025-04-10T16:03:29.943+0000] {dag.py:4180} INFO - Setting next_dagrun for dataset_consumes_1_never_scheduled to None, run_after=None
[2025-04-10T16:03:29.947+0000] {logging_mixin.py:190} INFO - [2025-04-10T16:03:29.946+0000] {dag.py:4180} INFO - Setting next_dagrun for dataset_consumes_unknown_never_scheduled to None, run_after=None
[2025-04-10T16:03:29.951+0000] {logging_mixin.py:190} INFO - [2025-04-10T16:03:29.950+0000] {dag.py:4180} INFO - Setting next_dagrun for dataset_produces_1 to 2025-04-09 00:00:00+00:00, run_after=2025-04-10 00:00:00+00:00
[2025-04-10T16:03:29.953+0000] {logging_mixin.py:190} INFO - [2025-04-10T16:03:29.953+0000] {dag.py:4180} INFO - Setting next_dagrun for dataset_produces_2 to None, run_after=None
[2025-04-10T16:03:29.993+0000] {processor.py:208} INFO - Processing /home/airflow/.local/lib/python3.12/site-packages/airflow/example_dags/example_datasets.py took 0.726 seconds
[2025-04-10T16:04:00.609+0000] {processor.py:186} INFO - Started process (PID=293) to work on /home/airflow/.local/lib/python3.12/site-packages/airflow/example_dags/example_datasets.py
[2025-04-10T16:04:00.610+0000] {processor.py:914} INFO - Processing file /home/airflow/.local/lib/python3.12/site-packages/airflow/example_dags/example_datasets.py for tasks to queue
[2025-04-10T16:04:00.612+0000] {logging_mixin.py:190} INFO - [2025-04-10T16:04:00.612+0000] {dagbag.py:588} INFO - Filling up the DagBag from /home/airflow/.local/lib/python3.12/site-packages/airflow/example_dags/example_datasets.py
[2025-04-10T16:04:01.188+0000] {processor.py:925} INFO - DAG(s) 'dataset_consumes_unknown_never_scheduled', 'dataset_consumes_1_and_2', 'consume_1_and_2_with_dataset_expressions', 'consume_1_or_2_with_dataset_expressions', 'dataset_consumes_1', 'dataset_produces_1', 'conditional_dataset_and_time_based_timetable', 'dataset_produces_2', 'dataset_consumes_1_never_scheduled', 'consume_1_or_both_2_and_3_with_dataset_expressions' retrieved from /home/airflow/.local/lib/python3.12/site-packages/airflow/example_dags/example_datasets.py
[2025-04-10T16:04:01.236+0000] {logging_mixin.py:190} INFO - [2025-04-10T16:04:01.236+0000] {dag.py:3239} INFO - Sync 10 DAGs
[2025-04-10T16:04:01.262+0000] {logging_mixin.py:190} INFO - [2025-04-10T16:04:01.262+0000] {dag.py:4180} INFO - Setting next_dagrun for conditional_dataset_and_time_based_timetable to 2025-04-09 01:00:00+00:00, run_after=2025-04-09 01:00:00+00:00
[2025-04-10T16:04:01.267+0000] {logging_mixin.py:190} INFO - [2025-04-10T16:04:01.266+0000] {dag.py:4180} INFO - Setting next_dagrun for consume_1_and_2_with_dataset_expressions to None, run_after=None
[2025-04-10T16:04:01.268+0000] {logging_mixin.py:190} INFO - [2025-04-10T16:04:01.268+0000] {dag.py:4180} INFO - Setting next_dagrun for consume_1_or_2_with_dataset_expressions to None, run_after=None
[2025-04-10T16:04:01.270+0000] {logging_mixin.py:190} INFO - [2025-04-10T16:04:01.270+0000] {dag.py:4180} INFO - Setting next_dagrun for consume_1_or_both_2_and_3_with_dataset_expressions to None, run_after=None
[2025-04-10T16:04:01.272+0000] {logging_mixin.py:190} INFO - [2025-04-10T16:04:01.271+0000] {dag.py:4180} INFO - Setting next_dagrun for dataset_consumes_1 to None, run_after=None
[2025-04-10T16:04:01.273+0000] {logging_mixin.py:190} INFO - [2025-04-10T16:04:01.273+0000] {dag.py:4180} INFO - Setting next_dagrun for dataset_consumes_1_and_2 to None, run_after=None
[2025-04-10T16:04:01.274+0000] {logging_mixin.py:190} INFO - [2025-04-10T16:04:01.274+0000] {dag.py:4180} INFO - Setting next_dagrun for dataset_consumes_1_never_scheduled to None, run_after=None
[2025-04-10T16:04:01.276+0000] {logging_mixin.py:190} INFO - [2025-04-10T16:04:01.276+0000] {dag.py:4180} INFO - Setting next_dagrun for dataset_consumes_unknown_never_scheduled to None, run_after=None
[2025-04-10T16:04:01.279+0000] {logging_mixin.py:190} INFO - [2025-04-10T16:04:01.278+0000] {dag.py:4180} INFO - Setting next_dagrun for dataset_produces_1 to 2025-04-09 00:00:00+00:00, run_after=2025-04-10 00:00:00+00:00
[2025-04-10T16:04:01.280+0000] {logging_mixin.py:190} INFO - [2025-04-10T16:04:01.280+0000] {dag.py:4180} INFO - Setting next_dagrun for dataset_produces_2 to None, run_after=None
[2025-04-10T16:04:01.317+0000] {processor.py:208} INFO - Processing /home/airflow/.local/lib/python3.12/site-packages/airflow/example_dags/example_datasets.py took 0.714 seconds
[2025-04-10T16:04:31.377+0000] {processor.py:186} INFO - Started process (PID=356) to work on /home/airflow/.local/lib/python3.12/site-packages/airflow/example_dags/example_datasets.py
[2025-04-10T16:04:31.379+0000] {processor.py:914} INFO - Processing file /home/airflow/.local/lib/python3.12/site-packages/airflow/example_dags/example_datasets.py for tasks to queue
[2025-04-10T16:04:31.381+0000] {logging_mixin.py:190} INFO - [2025-04-10T16:04:31.381+0000] {dagbag.py:588} INFO - Filling up the DagBag from /home/airflow/.local/lib/python3.12/site-packages/airflow/example_dags/example_datasets.py
[2025-04-10T16:04:31.982+0000] {processor.py:925} INFO - DAG(s) 'consume_1_and_2_with_dataset_expressions', 'dataset_produces_2', 'dataset_produces_1', 'dataset_consumes_1_never_scheduled', 'consume_1_or_both_2_and_3_with_dataset_expressions', 'dataset_consumes_1_and_2', 'conditional_dataset_and_time_based_timetable', 'dataset_consumes_1', 'consume_1_or_2_with_dataset_expressions', 'dataset_consumes_unknown_never_scheduled' retrieved from /home/airflow/.local/lib/python3.12/site-packages/airflow/example_dags/example_datasets.py
[2025-04-10T16:04:32.023+0000] {logging_mixin.py:190} INFO - [2025-04-10T16:04:32.023+0000] {dag.py:3239} INFO - Sync 10 DAGs
[2025-04-10T16:04:32.053+0000] {logging_mixin.py:190} INFO - [2025-04-10T16:04:32.053+0000] {dag.py:4180} INFO - Setting next_dagrun for conditional_dataset_and_time_based_timetable to 2025-04-09 01:00:00+00:00, run_after=2025-04-09 01:00:00+00:00
[2025-04-10T16:04:32.057+0000] {logging_mixin.py:190} INFO - [2025-04-10T16:04:32.056+0000] {dag.py:4180} INFO - Setting next_dagrun for consume_1_and_2_with_dataset_expressions to None, run_after=None
[2025-04-10T16:04:32.058+0000] {logging_mixin.py:190} INFO - [2025-04-10T16:04:32.058+0000] {dag.py:4180} INFO - Setting next_dagrun for consume_1_or_2_with_dataset_expressions to None, run_after=None
[2025-04-10T16:04:32.060+0000] {logging_mixin.py:190} INFO - [2025-04-10T16:04:32.060+0000] {dag.py:4180} INFO - Setting next_dagrun for consume_1_or_both_2_and_3_with_dataset_expressions to None, run_after=None
[2025-04-10T16:04:32.061+0000] {logging_mixin.py:190} INFO - [2025-04-10T16:04:32.061+0000] {dag.py:4180} INFO - Setting next_dagrun for dataset_consumes_1 to None, run_after=None
[2025-04-10T16:04:32.063+0000] {logging_mixin.py:190} INFO - [2025-04-10T16:04:32.063+0000] {dag.py:4180} INFO - Setting next_dagrun for dataset_consumes_1_and_2 to None, run_after=None
[2025-04-10T16:04:32.064+0000] {logging_mixin.py:190} INFO - [2025-04-10T16:04:32.064+0000] {dag.py:4180} INFO - Setting next_dagrun for dataset_consumes_1_never_scheduled to None, run_after=None
[2025-04-10T16:04:32.065+0000] {logging_mixin.py:190} INFO - [2025-04-10T16:04:32.065+0000] {dag.py:4180} INFO - Setting next_dagrun for dataset_consumes_unknown_never_scheduled to None, run_after=None
[2025-04-10T16:04:32.067+0000] {logging_mixin.py:190} INFO - [2025-04-10T16:04:32.067+0000] {dag.py:4180} INFO - Setting next_dagrun for dataset_produces_1 to 2025-04-09 00:00:00+00:00, run_after=2025-04-10 00:00:00+00:00
[2025-04-10T16:04:32.069+0000] {logging_mixin.py:190} INFO - [2025-04-10T16:04:32.069+0000] {dag.py:4180} INFO - Setting next_dagrun for dataset_produces_2 to None, run_after=None
[2025-04-10T16:04:32.105+0000] {processor.py:208} INFO - Processing /home/airflow/.local/lib/python3.12/site-packages/airflow/example_dags/example_datasets.py took 0.734 seconds
[2025-04-10T16:05:03.014+0000] {processor.py:186} INFO - Started process (PID=419) to work on /home/airflow/.local/lib/python3.12/site-packages/airflow/example_dags/example_datasets.py
[2025-04-10T16:05:03.022+0000] {processor.py:914} INFO - Processing file /home/airflow/.local/lib/python3.12/site-packages/airflow/example_dags/example_datasets.py for tasks to queue
[2025-04-10T16:05:03.024+0000] {logging_mixin.py:190} INFO - [2025-04-10T16:05:03.024+0000] {dagbag.py:588} INFO - Filling up the DagBag from /home/airflow/.local/lib/python3.12/site-packages/airflow/example_dags/example_datasets.py
[2025-04-10T16:05:03.524+0000] {processor.py:925} INFO - DAG(s) 'dataset_consumes_1_never_scheduled', 'dataset_produces_2', 'conditional_dataset_and_time_based_timetable', 'dataset_consumes_1', 'dataset_produces_1', 'consume_1_and_2_with_dataset_expressions', 'consume_1_or_2_with_dataset_expressions', 'dataset_consumes_1_and_2', 'dataset_consumes_unknown_never_scheduled', 'consume_1_or_both_2_and_3_with_dataset_expressions' retrieved from /home/airflow/.local/lib/python3.12/site-packages/airflow/example_dags/example_datasets.py
[2025-04-10T16:05:03.562+0000] {logging_mixin.py:190} INFO - [2025-04-10T16:05:03.562+0000] {dag.py:3239} INFO - Sync 10 DAGs
[2025-04-10T16:05:03.585+0000] {logging_mixin.py:190} INFO - [2025-04-10T16:05:03.585+0000] {dag.py:4180} INFO - Setting next_dagrun for conditional_dataset_and_time_based_timetable to 2025-04-09 01:00:00+00:00, run_after=2025-04-09 01:00:00+00:00
[2025-04-10T16:05:03.588+0000] {logging_mixin.py:190} INFO - [2025-04-10T16:05:03.588+0000] {dag.py:4180} INFO - Setting next_dagrun for consume_1_and_2_with_dataset_expressions to None, run_after=None
[2025-04-10T16:05:03.591+0000] {logging_mixin.py:190} INFO - [2025-04-10T16:05:03.591+0000] {dag.py:4180} INFO - Setting next_dagrun for consume_1_or_2_with_dataset_expressions to None, run_after=None
[2025-04-10T16:05:03.593+0000] {logging_mixin.py:190} INFO - [2025-04-10T16:05:03.593+0000] {dag.py:4180} INFO - Setting next_dagrun for consume_1_or_both_2_and_3_with_dataset_expressions to None, run_after=None
[2025-04-10T16:05:03.594+0000] {logging_mixin.py:190} INFO - [2025-04-10T16:05:03.594+0000] {dag.py:4180} INFO - Setting next_dagrun for dataset_consumes_1 to None, run_after=None
[2025-04-10T16:05:03.596+0000] {logging_mixin.py:190} INFO - [2025-04-10T16:05:03.595+0000] {dag.py:4180} INFO - Setting next_dagrun for dataset_consumes_1_and_2 to None, run_after=None
[2025-04-10T16:05:03.597+0000] {logging_mixin.py:190} INFO - [2025-04-10T16:05:03.597+0000] {dag.py:4180} INFO - Setting next_dagrun for dataset_consumes_1_never_scheduled to None, run_after=None
[2025-04-10T16:05:03.598+0000] {logging_mixin.py:190} INFO - [2025-04-10T16:05:03.598+0000] {dag.py:4180} INFO - Setting next_dagrun for dataset_consumes_unknown_never_scheduled to None, run_after=None
[2025-04-10T16:05:03.601+0000] {logging_mixin.py:190} INFO - [2025-04-10T16:05:03.600+0000] {dag.py:4180} INFO - Setting next_dagrun for dataset_produces_1 to 2025-04-09 00:00:00+00:00, run_after=2025-04-10 00:00:00+00:00
[2025-04-10T16:05:03.602+0000] {logging_mixin.py:190} INFO - [2025-04-10T16:05:03.602+0000] {dag.py:4180} INFO - Setting next_dagrun for dataset_produces_2 to None, run_after=None
[2025-04-10T16:05:03.633+0000] {processor.py:208} INFO - Processing /home/airflow/.local/lib/python3.12/site-packages/airflow/example_dags/example_datasets.py took 0.625 seconds
[2025-04-10T16:05:34.347+0000] {processor.py:186} INFO - Started process (PID=483) to work on /home/airflow/.local/lib/python3.12/site-packages/airflow/example_dags/example_datasets.py
[2025-04-10T16:05:34.348+0000] {processor.py:914} INFO - Processing file /home/airflow/.local/lib/python3.12/site-packages/airflow/example_dags/example_datasets.py for tasks to queue
[2025-04-10T16:05:34.351+0000] {logging_mixin.py:190} INFO - [2025-04-10T16:05:34.351+0000] {dagbag.py:588} INFO - Filling up the DagBag from /home/airflow/.local/lib/python3.12/site-packages/airflow/example_dags/example_datasets.py
[2025-04-10T16:05:34.948+0000] {processor.py:925} INFO - DAG(s) 'conditional_dataset_and_time_based_timetable', 'dataset_consumes_1_and_2', 'consume_1_or_both_2_and_3_with_dataset_expressions', 'dataset_consumes_1_never_scheduled', 'dataset_produces_2', 'dataset_produces_1', 'consume_1_or_2_with_dataset_expressions', 'dataset_consumes_unknown_never_scheduled', 'consume_1_and_2_with_dataset_expressions', 'dataset_consumes_1' retrieved from /home/airflow/.local/lib/python3.12/site-packages/airflow/example_dags/example_datasets.py
[2025-04-10T16:05:34.991+0000] {logging_mixin.py:190} INFO - [2025-04-10T16:05:34.990+0000] {dag.py:3239} INFO - Sync 10 DAGs
[2025-04-10T16:05:35.018+0000] {logging_mixin.py:190} INFO - [2025-04-10T16:05:35.018+0000] {dag.py:4180} INFO - Setting next_dagrun for conditional_dataset_and_time_based_timetable to 2025-04-09 01:00:00+00:00, run_after=2025-04-09 01:00:00+00:00
[2025-04-10T16:05:35.023+0000] {logging_mixin.py:190} INFO - [2025-04-10T16:05:35.023+0000] {dag.py:4180} INFO - Setting next_dagrun for consume_1_and_2_with_dataset_expressions to None, run_after=None
[2025-04-10T16:05:35.026+0000] {logging_mixin.py:190} INFO - [2025-04-10T16:05:35.026+0000] {dag.py:4180} INFO - Setting next_dagrun for consume_1_or_2_with_dataset_expressions to None, run_after=None
[2025-04-10T16:05:35.029+0000] {logging_mixin.py:190} INFO - [2025-04-10T16:05:35.028+0000] {dag.py:4180} INFO - Setting next_dagrun for consume_1_or_both_2_and_3_with_dataset_expressions to None, run_after=None
[2025-04-10T16:05:35.031+0000] {logging_mixin.py:190} INFO - [2025-04-10T16:05:35.030+0000] {dag.py:4180} INFO - Setting next_dagrun for dataset_consumes_1 to None, run_after=None
[2025-04-10T16:05:35.033+0000] {logging_mixin.py:190} INFO - [2025-04-10T16:05:35.032+0000] {dag.py:4180} INFO - Setting next_dagrun for dataset_consumes_1_and_2 to None, run_after=None
[2025-04-10T16:05:35.036+0000] {logging_mixin.py:190} INFO - [2025-04-10T16:05:35.035+0000] {dag.py:4180} INFO - Setting next_dagrun for dataset_consumes_1_never_scheduled to None, run_after=None
[2025-04-10T16:05:35.038+0000] {logging_mixin.py:190} INFO - [2025-04-10T16:05:35.038+0000] {dag.py:4180} INFO - Setting next_dagrun for dataset_consumes_unknown_never_scheduled to None, run_after=None
[2025-04-10T16:05:35.040+0000] {logging_mixin.py:190} INFO - [2025-04-10T16:05:35.040+0000] {dag.py:4180} INFO - Setting next_dagrun for dataset_produces_1 to 2025-04-09 00:00:00+00:00, run_after=2025-04-10 00:00:00+00:00
[2025-04-10T16:05:35.042+0000] {logging_mixin.py:190} INFO - [2025-04-10T16:05:35.042+0000] {dag.py:4180} INFO - Setting next_dagrun for dataset_produces_2 to None, run_after=None
[2025-04-10T16:05:35.086+0000] {processor.py:208} INFO - Processing /home/airflow/.local/lib/python3.12/site-packages/airflow/example_dags/example_datasets.py took 0.745 seconds
[2025-04-10T16:06:05.423+0000] {processor.py:186} INFO - Started process (PID=550) to work on /home/airflow/.local/lib/python3.12/site-packages/airflow/example_dags/example_datasets.py
[2025-04-10T16:06:05.425+0000] {processor.py:914} INFO - Processing file /home/airflow/.local/lib/python3.12/site-packages/airflow/example_dags/example_datasets.py for tasks to queue
[2025-04-10T16:06:05.428+0000] {logging_mixin.py:190} INFO - [2025-04-10T16:06:05.428+0000] {dagbag.py:588} INFO - Filling up the DagBag from /home/airflow/.local/lib/python3.12/site-packages/airflow/example_dags/example_datasets.py
[2025-04-10T16:06:06.032+0000] {processor.py:925} INFO - DAG(s) 'dataset_produces_2', 'consume_1_or_both_2_and_3_with_dataset_expressions', 'consume_1_or_2_with_dataset_expressions', 'conditional_dataset_and_time_based_timetable', 'dataset_consumes_1', 'dataset_consumes_unknown_never_scheduled', 'dataset_consumes_1_and_2', 'consume_1_and_2_with_dataset_expressions', 'dataset_produces_1', 'dataset_consumes_1_never_scheduled' retrieved from /home/airflow/.local/lib/python3.12/site-packages/airflow/example_dags/example_datasets.py
[2025-04-10T16:06:06.079+0000] {logging_mixin.py:190} INFO - [2025-04-10T16:06:06.079+0000] {dag.py:3239} INFO - Sync 10 DAGs
[2025-04-10T16:06:06.107+0000] {logging_mixin.py:190} INFO - [2025-04-10T16:06:06.107+0000] {dag.py:4180} INFO - Setting next_dagrun for conditional_dataset_and_time_based_timetable to 2025-04-09 01:00:00+00:00, run_after=2025-04-09 01:00:00+00:00
[2025-04-10T16:06:06.112+0000] {logging_mixin.py:190} INFO - [2025-04-10T16:06:06.112+0000] {dag.py:4180} INFO - Setting next_dagrun for consume_1_and_2_with_dataset_expressions to None, run_after=None
[2025-04-10T16:06:06.114+0000] {logging_mixin.py:190} INFO - [2025-04-10T16:06:06.114+0000] {dag.py:4180} INFO - Setting next_dagrun for consume_1_or_2_with_dataset_expressions to None, run_after=None
[2025-04-10T16:06:06.116+0000] {logging_mixin.py:190} INFO - [2025-04-10T16:06:06.116+0000] {dag.py:4180} INFO - Setting next_dagrun for consume_1_or_both_2_and_3_with_dataset_expressions to None, run_after=None
[2025-04-10T16:06:06.117+0000] {logging_mixin.py:190} INFO - [2025-04-10T16:06:06.117+0000] {dag.py:4180} INFO - Setting next_dagrun for dataset_consumes_1 to None, run_after=None
[2025-04-10T16:06:06.119+0000] {logging_mixin.py:190} INFO - [2025-04-10T16:06:06.118+0000] {dag.py:4180} INFO - Setting next_dagrun for dataset_consumes_1_and_2 to None, run_after=None
[2025-04-10T16:06:06.120+0000] {logging_mixin.py:190} INFO - [2025-04-10T16:06:06.120+0000] {dag.py:4180} INFO - Setting next_dagrun for dataset_consumes_1_never_scheduled to None, run_after=None
[2025-04-10T16:06:06.121+0000] {logging_mixin.py:190} INFO - [2025-04-10T16:06:06.121+0000] {dag.py:4180} INFO - Setting next_dagrun for dataset_consumes_unknown_never_scheduled to None, run_after=None
[2025-04-10T16:06:06.124+0000] {logging_mixin.py:190} INFO - [2025-04-10T16:06:06.123+0000] {dag.py:4180} INFO - Setting next_dagrun for dataset_produces_1 to 2025-04-09 00:00:00+00:00, run_after=2025-04-10 00:00:00+00:00
[2025-04-10T16:06:06.125+0000] {logging_mixin.py:190} INFO - [2025-04-10T16:06:06.125+0000] {dag.py:4180} INFO - Setting next_dagrun for dataset_produces_2 to None, run_after=None
[2025-04-10T16:06:06.158+0000] {processor.py:208} INFO - Processing /home/airflow/.local/lib/python3.12/site-packages/airflow/example_dags/example_datasets.py took 0.742 seconds
[2025-04-10T16:06:36.220+0000] {processor.py:186} INFO - Started process (PID=613) to work on /home/airflow/.local/lib/python3.12/site-packages/airflow/example_dags/example_datasets.py
[2025-04-10T16:06:36.221+0000] {processor.py:914} INFO - Processing file /home/airflow/.local/lib/python3.12/site-packages/airflow/example_dags/example_datasets.py for tasks to queue
[2025-04-10T16:06:36.223+0000] {logging_mixin.py:190} INFO - [2025-04-10T16:06:36.223+0000] {dagbag.py:588} INFO - Filling up the DagBag from /home/airflow/.local/lib/python3.12/site-packages/airflow/example_dags/example_datasets.py
[2025-04-10T16:06:36.839+0000] {processor.py:925} INFO - DAG(s) 'dataset_consumes_1_and_2', 'dataset_produces_1', 'dataset_produces_2', 'dataset_consumes_1_never_scheduled', 'dataset_consumes_unknown_never_scheduled', 'consume_1_or_both_2_and_3_with_dataset_expressions', 'dataset_consumes_1', 'consume_1_and_2_with_dataset_expressions', 'conditional_dataset_and_time_based_timetable', 'consume_1_or_2_with_dataset_expressions' retrieved from /home/airflow/.local/lib/python3.12/site-packages/airflow/example_dags/example_datasets.py
[2025-04-10T16:06:36.902+0000] {logging_mixin.py:190} INFO - [2025-04-10T16:06:36.902+0000] {dag.py:3239} INFO - Sync 10 DAGs
[2025-04-10T16:06:36.937+0000] {logging_mixin.py:190} INFO - [2025-04-10T16:06:36.936+0000] {dag.py:4180} INFO - Setting next_dagrun for conditional_dataset_and_time_based_timetable to 2025-04-09 01:00:00+00:00, run_after=2025-04-09 01:00:00+00:00
[2025-04-10T16:06:36.941+0000] {logging_mixin.py:190} INFO - [2025-04-10T16:06:36.941+0000] {dag.py:4180} INFO - Setting next_dagrun for consume_1_and_2_with_dataset_expressions to None, run_after=None
[2025-04-10T16:06:36.944+0000] {logging_mixin.py:190} INFO - [2025-04-10T16:06:36.944+0000] {dag.py:4180} INFO - Setting next_dagrun for consume_1_or_2_with_dataset_expressions to None, run_after=None
[2025-04-10T16:06:36.946+0000] {logging_mixin.py:190} INFO - [2025-04-10T16:06:36.945+0000] {dag.py:4180} INFO - Setting next_dagrun for consume_1_or_both_2_and_3_with_dataset_expressions to None, run_after=None
[2025-04-10T16:06:36.948+0000] {logging_mixin.py:190} INFO - [2025-04-10T16:06:36.947+0000] {dag.py:4180} INFO - Setting next_dagrun for dataset_consumes_1 to None, run_after=None
[2025-04-10T16:06:36.950+0000] {logging_mixin.py:190} INFO - [2025-04-10T16:06:36.950+0000] {dag.py:4180} INFO - Setting next_dagrun for dataset_consumes_1_and_2 to None, run_after=None
[2025-04-10T16:06:36.952+0000] {logging_mixin.py:190} INFO - [2025-04-10T16:06:36.952+0000] {dag.py:4180} INFO - Setting next_dagrun for dataset_consumes_1_never_scheduled to None, run_after=None
[2025-04-10T16:06:36.954+0000] {logging_mixin.py:190} INFO - [2025-04-10T16:06:36.954+0000] {dag.py:4180} INFO - Setting next_dagrun for dataset_consumes_unknown_never_scheduled to None, run_after=None
[2025-04-10T16:06:36.958+0000] {logging_mixin.py:190} INFO - [2025-04-10T16:06:36.957+0000] {dag.py:4180} INFO - Setting next_dagrun for dataset_produces_1 to 2025-04-09 00:00:00+00:00, run_after=2025-04-10 00:00:00+00:00
[2025-04-10T16:06:36.959+0000] {logging_mixin.py:190} INFO - [2025-04-10T16:06:36.959+0000] {dag.py:4180} INFO - Setting next_dagrun for dataset_produces_2 to None, run_after=None
[2025-04-10T16:06:36.994+0000] {processor.py:208} INFO - Processing /home/airflow/.local/lib/python3.12/site-packages/airflow/example_dags/example_datasets.py took 0.780 seconds
[2025-04-10T16:07:07.275+0000] {processor.py:186} INFO - Started process (PID=675) to work on /home/airflow/.local/lib/python3.12/site-packages/airflow/example_dags/example_datasets.py
[2025-04-10T16:07:07.276+0000] {processor.py:914} INFO - Processing file /home/airflow/.local/lib/python3.12/site-packages/airflow/example_dags/example_datasets.py for tasks to queue
[2025-04-10T16:07:07.278+0000] {logging_mixin.py:190} INFO - [2025-04-10T16:07:07.278+0000] {dagbag.py:588} INFO - Filling up the DagBag from /home/airflow/.local/lib/python3.12/site-packages/airflow/example_dags/example_datasets.py
[2025-04-10T16:07:07.860+0000] {processor.py:925} INFO - DAG(s) 'dataset_consumes_1_never_scheduled', 'dataset_produces_2', 'conditional_dataset_and_time_based_timetable', 'consume_1_and_2_with_dataset_expressions', 'consume_1_or_2_with_dataset_expressions', 'consume_1_or_both_2_and_3_with_dataset_expressions', 'dataset_produces_1', 'dataset_consumes_unknown_never_scheduled', 'dataset_consumes_1', 'dataset_consumes_1_and_2' retrieved from /home/airflow/.local/lib/python3.12/site-packages/airflow/example_dags/example_datasets.py
[2025-04-10T16:07:07.905+0000] {logging_mixin.py:190} INFO - [2025-04-10T16:07:07.905+0000] {dag.py:3239} INFO - Sync 10 DAGs
[2025-04-10T16:07:07.932+0000] {logging_mixin.py:190} INFO - [2025-04-10T16:07:07.932+0000] {dag.py:4180} INFO - Setting next_dagrun for conditional_dataset_and_time_based_timetable to 2025-04-09 01:00:00+00:00, run_after=2025-04-09 01:00:00+00:00
[2025-04-10T16:07:07.936+0000] {logging_mixin.py:190} INFO - [2025-04-10T16:07:07.936+0000] {dag.py:4180} INFO - Setting next_dagrun for consume_1_and_2_with_dataset_expressions to None, run_after=None
[2025-04-10T16:07:07.938+0000] {logging_mixin.py:190} INFO - [2025-04-10T16:07:07.937+0000] {dag.py:4180} INFO - Setting next_dagrun for consume_1_or_2_with_dataset_expressions to None, run_after=None
[2025-04-10T16:07:07.939+0000] {logging_mixin.py:190} INFO - [2025-04-10T16:07:07.939+0000] {dag.py:4180} INFO - Setting next_dagrun for consume_1_or_both_2_and_3_with_dataset_expressions to None, run_after=None
[2025-04-10T16:07:07.941+0000] {logging_mixin.py:190} INFO - [2025-04-10T16:07:07.941+0000] {dag.py:4180} INFO - Setting next_dagrun for dataset_consumes_1 to None, run_after=None
[2025-04-10T16:07:07.942+0000] {logging_mixin.py:190} INFO - [2025-04-10T16:07:07.942+0000] {dag.py:4180} INFO - Setting next_dagrun for dataset_consumes_1_and_2 to None, run_after=None
[2025-04-10T16:07:07.944+0000] {logging_mixin.py:190} INFO - [2025-04-10T16:07:07.944+0000] {dag.py:4180} INFO - Setting next_dagrun for dataset_consumes_1_never_scheduled to None, run_after=None
[2025-04-10T16:07:07.946+0000] {logging_mixin.py:190} INFO - [2025-04-10T16:07:07.946+0000] {dag.py:4180} INFO - Setting next_dagrun for dataset_consumes_unknown_never_scheduled to None, run_after=None
[2025-04-10T16:07:07.949+0000] {logging_mixin.py:190} INFO - [2025-04-10T16:07:07.949+0000] {dag.py:4180} INFO - Setting next_dagrun for dataset_produces_1 to 2025-04-09 00:00:00+00:00, run_after=2025-04-10 00:00:00+00:00
[2025-04-10T16:07:07.951+0000] {logging_mixin.py:190} INFO - [2025-04-10T16:07:07.951+0000] {dag.py:4180} INFO - Setting next_dagrun for dataset_produces_2 to None, run_after=None
[2025-04-10T16:07:07.985+0000] {processor.py:208} INFO - Processing /home/airflow/.local/lib/python3.12/site-packages/airflow/example_dags/example_datasets.py took 0.716 seconds
[2025-04-10T16:07:38.401+0000] {processor.py:186} INFO - Started process (PID=738) to work on /home/airflow/.local/lib/python3.12/site-packages/airflow/example_dags/example_datasets.py
[2025-04-10T16:07:38.402+0000] {processor.py:914} INFO - Processing file /home/airflow/.local/lib/python3.12/site-packages/airflow/example_dags/example_datasets.py for tasks to queue
[2025-04-10T16:07:38.404+0000] {logging_mixin.py:190} INFO - [2025-04-10T16:07:38.403+0000] {dagbag.py:588} INFO - Filling up the DagBag from /home/airflow/.local/lib/python3.12/site-packages/airflow/example_dags/example_datasets.py
[2025-04-10T16:07:38.967+0000] {processor.py:925} INFO - DAG(s) 'dataset_produces_1', 'consume_1_or_both_2_and_3_with_dataset_expressions', 'conditional_dataset_and_time_based_timetable', 'consume_1_or_2_with_dataset_expressions', 'dataset_consumes_1_and_2', 'dataset_consumes_1_never_scheduled', 'consume_1_and_2_with_dataset_expressions', 'dataset_consumes_unknown_never_scheduled', 'dataset_produces_2', 'dataset_consumes_1' retrieved from /home/airflow/.local/lib/python3.12/site-packages/airflow/example_dags/example_datasets.py
[2025-04-10T16:07:39.006+0000] {logging_mixin.py:190} INFO - [2025-04-10T16:07:39.006+0000] {dag.py:3239} INFO - Sync 10 DAGs
[2025-04-10T16:07:39.031+0000] {logging_mixin.py:190} INFO - [2025-04-10T16:07:39.031+0000] {dag.py:4180} INFO - Setting next_dagrun for conditional_dataset_and_time_based_timetable to 2025-04-09 01:00:00+00:00, run_after=2025-04-09 01:00:00+00:00
[2025-04-10T16:07:39.035+0000] {logging_mixin.py:190} INFO - [2025-04-10T16:07:39.035+0000] {dag.py:4180} INFO - Setting next_dagrun for consume_1_and_2_with_dataset_expressions to None, run_after=None
[2025-04-10T16:07:39.037+0000] {logging_mixin.py:190} INFO - [2025-04-10T16:07:39.037+0000] {dag.py:4180} INFO - Setting next_dagrun for consume_1_or_2_with_dataset_expressions to None, run_after=None
[2025-04-10T16:07:39.039+0000] {logging_mixin.py:190} INFO - [2025-04-10T16:07:39.038+0000] {dag.py:4180} INFO - Setting next_dagrun for consume_1_or_both_2_and_3_with_dataset_expressions to None, run_after=None
[2025-04-10T16:07:39.040+0000] {logging_mixin.py:190} INFO - [2025-04-10T16:07:39.040+0000] {dag.py:4180} INFO - Setting next_dagrun for dataset_consumes_1 to None, run_after=None
[2025-04-10T16:07:39.041+0000] {logging_mixin.py:190} INFO - [2025-04-10T16:07:39.041+0000] {dag.py:4180} INFO - Setting next_dagrun for dataset_consumes_1_and_2 to None, run_after=None
[2025-04-10T16:07:39.043+0000] {logging_mixin.py:190} INFO - [2025-04-10T16:07:39.043+0000] {dag.py:4180} INFO - Setting next_dagrun for dataset_consumes_1_never_scheduled to None, run_after=None
[2025-04-10T16:07:39.044+0000] {logging_mixin.py:190} INFO - [2025-04-10T16:07:39.044+0000] {dag.py:4180} INFO - Setting next_dagrun for dataset_consumes_unknown_never_scheduled to None, run_after=None
[2025-04-10T16:07:39.047+0000] {logging_mixin.py:190} INFO - [2025-04-10T16:07:39.046+0000] {dag.py:4180} INFO - Setting next_dagrun for dataset_produces_1 to 2025-04-09 00:00:00+00:00, run_after=2025-04-10 00:00:00+00:00
[2025-04-10T16:07:39.048+0000] {logging_mixin.py:190} INFO - [2025-04-10T16:07:39.048+0000] {dag.py:4180} INFO - Setting next_dagrun for dataset_produces_2 to None, run_after=None
[2025-04-10T16:07:39.079+0000] {processor.py:208} INFO - Processing /home/airflow/.local/lib/python3.12/site-packages/airflow/example_dags/example_datasets.py took 0.684 seconds
[2025-04-10T16:08:09.160+0000] {processor.py:186} INFO - Started process (PID=801) to work on /home/airflow/.local/lib/python3.12/site-packages/airflow/example_dags/example_datasets.py
[2025-04-10T16:08:09.161+0000] {processor.py:914} INFO - Processing file /home/airflow/.local/lib/python3.12/site-packages/airflow/example_dags/example_datasets.py for tasks to queue
[2025-04-10T16:08:09.163+0000] {logging_mixin.py:190} INFO - [2025-04-10T16:08:09.163+0000] {dagbag.py:588} INFO - Filling up the DagBag from /home/airflow/.local/lib/python3.12/site-packages/airflow/example_dags/example_datasets.py
[2025-04-10T16:08:09.714+0000] {processor.py:925} INFO - DAG(s) 'consume_1_or_2_with_dataset_expressions', 'dataset_consumes_1_never_scheduled', 'dataset_produces_1', 'consume_1_and_2_with_dataset_expressions', 'dataset_consumes_unknown_never_scheduled', 'consume_1_or_both_2_and_3_with_dataset_expressions', 'dataset_consumes_1_and_2', 'dataset_produces_2', 'conditional_dataset_and_time_based_timetable', 'dataset_consumes_1' retrieved from /home/airflow/.local/lib/python3.12/site-packages/airflow/example_dags/example_datasets.py
[2025-04-10T16:08:09.789+0000] {logging_mixin.py:190} INFO - [2025-04-10T16:08:09.789+0000] {dag.py:3239} INFO - Sync 10 DAGs
[2025-04-10T16:08:09.828+0000] {logging_mixin.py:190} INFO - [2025-04-10T16:08:09.828+0000] {dag.py:4180} INFO - Setting next_dagrun for conditional_dataset_and_time_based_timetable to 2025-04-09 01:00:00+00:00, run_after=2025-04-09 01:00:00+00:00
[2025-04-10T16:08:09.833+0000] {logging_mixin.py:190} INFO - [2025-04-10T16:08:09.833+0000] {dag.py:4180} INFO - Setting next_dagrun for consume_1_and_2_with_dataset_expressions to None, run_after=None
[2025-04-10T16:08:09.835+0000] {logging_mixin.py:190} INFO - [2025-04-10T16:08:09.835+0000] {dag.py:4180} INFO - Setting next_dagrun for consume_1_or_2_with_dataset_expressions to None, run_after=None
[2025-04-10T16:08:09.837+0000] {logging_mixin.py:190} INFO - [2025-04-10T16:08:09.837+0000] {dag.py:4180} INFO - Setting next_dagrun for consume_1_or_both_2_and_3_with_dataset_expressions to None, run_after=None
[2025-04-10T16:08:09.839+0000] {logging_mixin.py:190} INFO - [2025-04-10T16:08:09.839+0000] {dag.py:4180} INFO - Setting next_dagrun for dataset_consumes_1 to None, run_after=None
[2025-04-10T16:08:09.841+0000] {logging_mixin.py:190} INFO - [2025-04-10T16:08:09.841+0000] {dag.py:4180} INFO - Setting next_dagrun for dataset_consumes_1_and_2 to None, run_after=None
[2025-04-10T16:08:09.843+0000] {logging_mixin.py:190} INFO - [2025-04-10T16:08:09.843+0000] {dag.py:4180} INFO - Setting next_dagrun for dataset_consumes_1_never_scheduled to None, run_after=None
[2025-04-10T16:08:09.846+0000] {logging_mixin.py:190} INFO - [2025-04-10T16:08:09.845+0000] {dag.py:4180} INFO - Setting next_dagrun for dataset_consumes_unknown_never_scheduled to None, run_after=None
[2025-04-10T16:08:09.849+0000] {logging_mixin.py:190} INFO - [2025-04-10T16:08:09.849+0000] {dag.py:4180} INFO - Setting next_dagrun for dataset_produces_1 to 2025-04-09 00:00:00+00:00, run_after=2025-04-10 00:00:00+00:00
[2025-04-10T16:08:09.852+0000] {logging_mixin.py:190} INFO - [2025-04-10T16:08:09.851+0000] {dag.py:4180} INFO - Setting next_dagrun for dataset_produces_2 to None, run_after=None
[2025-04-10T16:08:09.892+0000] {processor.py:208} INFO - Processing /home/airflow/.local/lib/python3.12/site-packages/airflow/example_dags/example_datasets.py took 0.738 seconds
[2025-04-10T16:08:40.496+0000] {processor.py:186} INFO - Started process (PID=864) to work on /home/airflow/.local/lib/python3.12/site-packages/airflow/example_dags/example_datasets.py
[2025-04-10T16:08:40.497+0000] {processor.py:914} INFO - Processing file /home/airflow/.local/lib/python3.12/site-packages/airflow/example_dags/example_datasets.py for tasks to queue
[2025-04-10T16:08:40.500+0000] {logging_mixin.py:190} INFO - [2025-04-10T16:08:40.499+0000] {dagbag.py:588} INFO - Filling up the DagBag from /home/airflow/.local/lib/python3.12/site-packages/airflow/example_dags/example_datasets.py
[2025-04-10T16:08:41.094+0000] {processor.py:925} INFO - DAG(s) 'consume_1_or_both_2_and_3_with_dataset_expressions', 'consume_1_and_2_with_dataset_expressions', 'consume_1_or_2_with_dataset_expressions', 'dataset_consumes_1_never_scheduled', 'dataset_consumes_unknown_never_scheduled', 'dataset_produces_1', 'conditional_dataset_and_time_based_timetable', 'dataset_consumes_1', 'dataset_produces_2', 'dataset_consumes_1_and_2' retrieved from /home/airflow/.local/lib/python3.12/site-packages/airflow/example_dags/example_datasets.py
[2025-04-10T16:08:41.132+0000] {logging_mixin.py:190} INFO - [2025-04-10T16:08:41.132+0000] {dag.py:3239} INFO - Sync 10 DAGs
[2025-04-10T16:08:41.158+0000] {logging_mixin.py:190} INFO - [2025-04-10T16:08:41.158+0000] {dag.py:4180} INFO - Setting next_dagrun for conditional_dataset_and_time_based_timetable to 2025-04-09 01:00:00+00:00, run_after=2025-04-09 01:00:00+00:00
[2025-04-10T16:08:41.162+0000] {logging_mixin.py:190} INFO - [2025-04-10T16:08:41.162+0000] {dag.py:4180} INFO - Setting next_dagrun for consume_1_and_2_with_dataset_expressions to None, run_after=None
[2025-04-10T16:08:41.164+0000] {logging_mixin.py:190} INFO - [2025-04-10T16:08:41.164+0000] {dag.py:4180} INFO - Setting next_dagrun for consume_1_or_2_with_dataset_expressions to None, run_after=None
[2025-04-10T16:08:41.165+0000] {logging_mixin.py:190} INFO - [2025-04-10T16:08:41.165+0000] {dag.py:4180} INFO - Setting next_dagrun for consume_1_or_both_2_and_3_with_dataset_expressions to None, run_after=None
[2025-04-10T16:08:41.167+0000] {logging_mixin.py:190} INFO - [2025-04-10T16:08:41.167+0000] {dag.py:4180} INFO - Setting next_dagrun for dataset_consumes_1 to None, run_after=None
[2025-04-10T16:08:41.168+0000] {logging_mixin.py:190} INFO - [2025-04-10T16:08:41.168+0000] {dag.py:4180} INFO - Setting next_dagrun for dataset_consumes_1_and_2 to None, run_after=None
[2025-04-10T16:08:41.170+0000] {logging_mixin.py:190} INFO - [2025-04-10T16:08:41.170+0000] {dag.py:4180} INFO - Setting next_dagrun for dataset_consumes_1_never_scheduled to None, run_after=None
[2025-04-10T16:08:41.172+0000] {logging_mixin.py:190} INFO - [2025-04-10T16:08:41.172+0000] {dag.py:4180} INFO - Setting next_dagrun for dataset_consumes_unknown_never_scheduled to None, run_after=None
[2025-04-10T16:08:41.176+0000] {logging_mixin.py:190} INFO - [2025-04-10T16:08:41.176+0000] {dag.py:4180} INFO - Setting next_dagrun for dataset_produces_1 to 2025-04-09 00:00:00+00:00, run_after=2025-04-10 00:00:00+00:00
[2025-04-10T16:08:41.178+0000] {logging_mixin.py:190} INFO - [2025-04-10T16:08:41.178+0000] {dag.py:4180} INFO - Setting next_dagrun for dataset_produces_2 to None, run_after=None
[2025-04-10T16:08:41.212+0000] {processor.py:208} INFO - Processing /home/airflow/.local/lib/python3.12/site-packages/airflow/example_dags/example_datasets.py took 0.724 seconds
[2025-04-10T16:09:11.402+0000] {processor.py:186} INFO - Started process (PID=927) to work on /home/airflow/.local/lib/python3.12/site-packages/airflow/example_dags/example_datasets.py
[2025-04-10T16:09:11.403+0000] {processor.py:914} INFO - Processing file /home/airflow/.local/lib/python3.12/site-packages/airflow/example_dags/example_datasets.py for tasks to queue
[2025-04-10T16:09:11.405+0000] {logging_mixin.py:190} INFO - [2025-04-10T16:09:11.405+0000] {dagbag.py:588} INFO - Filling up the DagBag from /home/airflow/.local/lib/python3.12/site-packages/airflow/example_dags/example_datasets.py
[2025-04-10T16:09:11.949+0000] {processor.py:925} INFO - DAG(s) 'dataset_consumes_1_never_scheduled', 'dataset_consumes_1', 'dataset_consumes_1_and_2', 'consume_1_and_2_with_dataset_expressions', 'conditional_dataset_and_time_based_timetable', 'consume_1_or_2_with_dataset_expressions', 'consume_1_or_both_2_and_3_with_dataset_expressions', 'dataset_consumes_unknown_never_scheduled', 'dataset_produces_1', 'dataset_produces_2' retrieved from /home/airflow/.local/lib/python3.12/site-packages/airflow/example_dags/example_datasets.py
[2025-04-10T16:09:11.989+0000] {logging_mixin.py:190} INFO - [2025-04-10T16:09:11.989+0000] {dag.py:3239} INFO - Sync 10 DAGs
[2025-04-10T16:09:12.012+0000] {logging_mixin.py:190} INFO - [2025-04-10T16:09:12.012+0000] {dag.py:4180} INFO - Setting next_dagrun for conditional_dataset_and_time_based_timetable to 2025-04-09 01:00:00+00:00, run_after=2025-04-09 01:00:00+00:00
[2025-04-10T16:09:12.016+0000] {logging_mixin.py:190} INFO - [2025-04-10T16:09:12.016+0000] {dag.py:4180} INFO - Setting next_dagrun for consume_1_and_2_with_dataset_expressions to None, run_after=None
[2025-04-10T16:09:12.018+0000] {logging_mixin.py:190} INFO - [2025-04-10T16:09:12.018+0000] {dag.py:4180} INFO - Setting next_dagrun for consume_1_or_2_with_dataset_expressions to None, run_after=None
[2025-04-10T16:09:12.019+0000] {logging_mixin.py:190} INFO - [2025-04-10T16:09:12.019+0000] {dag.py:4180} INFO - Setting next_dagrun for consume_1_or_both_2_and_3_with_dataset_expressions to None, run_after=None
[2025-04-10T16:09:12.020+0000] {logging_mixin.py:190} INFO - [2025-04-10T16:09:12.020+0000] {dag.py:4180} INFO - Setting next_dagrun for dataset_consumes_1 to None, run_after=None
[2025-04-10T16:09:12.022+0000] {logging_mixin.py:190} INFO - [2025-04-10T16:09:12.022+0000] {dag.py:4180} INFO - Setting next_dagrun for dataset_consumes_1_and_2 to None, run_after=None
[2025-04-10T16:09:12.024+0000] {logging_mixin.py:190} INFO - [2025-04-10T16:09:12.023+0000] {dag.py:4180} INFO - Setting next_dagrun for dataset_consumes_1_never_scheduled to None, run_after=None
[2025-04-10T16:09:12.025+0000] {logging_mixin.py:190} INFO - [2025-04-10T16:09:12.025+0000] {dag.py:4180} INFO - Setting next_dagrun for dataset_consumes_unknown_never_scheduled to None, run_after=None
[2025-04-10T16:09:12.028+0000] {logging_mixin.py:190} INFO - [2025-04-10T16:09:12.028+0000] {dag.py:4180} INFO - Setting next_dagrun for dataset_produces_1 to 2025-04-09 00:00:00+00:00, run_after=2025-04-10 00:00:00+00:00
[2025-04-10T16:09:12.029+0000] {logging_mixin.py:190} INFO - [2025-04-10T16:09:12.029+0000] {dag.py:4180} INFO - Setting next_dagrun for dataset_produces_2 to None, run_after=None
[2025-04-10T16:09:12.064+0000] {processor.py:208} INFO - Processing /home/airflow/.local/lib/python3.12/site-packages/airflow/example_dags/example_datasets.py took 0.667 seconds
