[2025-04-10T16:02:23.388+0000] {processor.py:186} INFO - Started process (PID=83) to work on /home/airflow/.local/lib/python3.12/site-packages/airflow/example_dags/example_kubernetes_executor.py
[2025-04-10T16:02:23.389+0000] {processor.py:914} INFO - Processing file /home/airflow/.local/lib/python3.12/site-packages/airflow/example_dags/example_kubernetes_executor.py for tasks to queue
[2025-04-10T16:02:23.391+0000] {logging_mixin.py:190} INFO - [2025-04-10T16:02:23.391+0000] {dagbag.py:588} INFO - Filling up the DagBag from /home/airflow/.local/lib/python3.12/site-packages/airflow/example_dags/example_kubernetes_executor.py
[2025-04-10T16:02:23.408+0000] {processor.py:925} INFO - DAG(s) 'example_kubernetes_executor' retrieved from /home/airflow/.local/lib/python3.12/site-packages/airflow/example_dags/example_kubernetes_executor.py
[2025-04-10T16:02:23.520+0000] {logging_mixin.py:190} INFO - [2025-04-10T16:02:23.520+0000] {override.py:1912} INFO - Created Permission View: can read on DAG:example_kubernetes_executor
[2025-04-10T16:02:23.530+0000] {logging_mixin.py:190} INFO - [2025-04-10T16:02:23.529+0000] {override.py:1912} INFO - Created Permission View: can delete on DAG:example_kubernetes_executor
[2025-04-10T16:02:23.537+0000] {logging_mixin.py:190} INFO - [2025-04-10T16:02:23.536+0000] {override.py:1912} INFO - Created Permission View: can edit on DAG:example_kubernetes_executor
[2025-04-10T16:02:23.547+0000] {logging_mixin.py:190} INFO - [2025-04-10T16:02:23.546+0000] {override.py:1912} INFO - Created Permission View: menu access on DAG Run:example_kubernetes_executor
[2025-04-10T16:02:23.557+0000] {logging_mixin.py:190} INFO - [2025-04-10T16:02:23.557+0000] {override.py:1912} INFO - Created Permission View: can read on DAG Run:example_kubernetes_executor
[2025-04-10T16:02:23.568+0000] {logging_mixin.py:190} INFO - [2025-04-10T16:02:23.567+0000] {override.py:1912} INFO - Created Permission View: can create on DAG Run:example_kubernetes_executor
[2025-04-10T16:02:23.578+0000] {logging_mixin.py:190} INFO - [2025-04-10T16:02:23.578+0000] {override.py:1912} INFO - Created Permission View: can delete on DAG Run:example_kubernetes_executor
[2025-04-10T16:02:23.579+0000] {logging_mixin.py:190} INFO - [2025-04-10T16:02:23.579+0000] {dag.py:3239} INFO - Sync 1 DAGs
[2025-04-10T16:02:23.599+0000] {logging_mixin.py:190} INFO - [2025-04-10T16:02:23.599+0000] {dag.py:3262} INFO - Creating ORM DAG for example_kubernetes_executor
[2025-04-10T16:02:23.600+0000] {logging_mixin.py:190} INFO - [2025-04-10T16:02:23.600+0000] {dag.py:4180} INFO - Setting next_dagrun for example_kubernetes_executor to None, run_after=None
[2025-04-10T16:02:23.623+0000] {processor.py:208} INFO - Processing /home/airflow/.local/lib/python3.12/site-packages/airflow/example_dags/example_kubernetes_executor.py took 0.241 seconds
[2025-04-10T16:02:53.867+0000] {processor.py:186} INFO - Started process (PID=146) to work on /home/airflow/.local/lib/python3.12/site-packages/airflow/example_dags/example_kubernetes_executor.py
[2025-04-10T16:02:53.868+0000] {processor.py:914} INFO - Processing file /home/airflow/.local/lib/python3.12/site-packages/airflow/example_dags/example_kubernetes_executor.py for tasks to queue
[2025-04-10T16:02:53.870+0000] {logging_mixin.py:190} INFO - [2025-04-10T16:02:53.870+0000] {dagbag.py:588} INFO - Filling up the DagBag from /home/airflow/.local/lib/python3.12/site-packages/airflow/example_dags/example_kubernetes_executor.py
[2025-04-10T16:02:53.888+0000] {processor.py:925} INFO - DAG(s) 'example_kubernetes_executor' retrieved from /home/airflow/.local/lib/python3.12/site-packages/airflow/example_dags/example_kubernetes_executor.py
[2025-04-10T16:02:53.918+0000] {logging_mixin.py:190} INFO - [2025-04-10T16:02:53.917+0000] {dag.py:3239} INFO - Sync 1 DAGs
[2025-04-10T16:02:53.936+0000] {logging_mixin.py:190} INFO - [2025-04-10T16:02:53.936+0000] {dag.py:4180} INFO - Setting next_dagrun for example_kubernetes_executor to None, run_after=None
[2025-04-10T16:02:53.954+0000] {processor.py:208} INFO - Processing /home/airflow/.local/lib/python3.12/site-packages/airflow/example_dags/example_kubernetes_executor.py took 0.094 seconds
[2025-04-10T16:03:24.394+0000] {processor.py:186} INFO - Started process (PID=209) to work on /home/airflow/.local/lib/python3.12/site-packages/airflow/example_dags/example_kubernetes_executor.py
[2025-04-10T16:03:24.395+0000] {processor.py:914} INFO - Processing file /home/airflow/.local/lib/python3.12/site-packages/airflow/example_dags/example_kubernetes_executor.py for tasks to queue
[2025-04-10T16:03:24.398+0000] {logging_mixin.py:190} INFO - [2025-04-10T16:03:24.397+0000] {dagbag.py:588} INFO - Filling up the DagBag from /home/airflow/.local/lib/python3.12/site-packages/airflow/example_dags/example_kubernetes_executor.py
[2025-04-10T16:03:24.418+0000] {processor.py:925} INFO - DAG(s) 'example_kubernetes_executor' retrieved from /home/airflow/.local/lib/python3.12/site-packages/airflow/example_dags/example_kubernetes_executor.py
[2025-04-10T16:03:24.445+0000] {logging_mixin.py:190} INFO - [2025-04-10T16:03:24.445+0000] {dag.py:3239} INFO - Sync 1 DAGs
[2025-04-10T16:03:24.462+0000] {logging_mixin.py:190} INFO - [2025-04-10T16:03:24.462+0000] {dag.py:4180} INFO - Setting next_dagrun for example_kubernetes_executor to None, run_after=None
[2025-04-10T16:03:24.480+0000] {processor.py:208} INFO - Processing /home/airflow/.local/lib/python3.12/site-packages/airflow/example_dags/example_kubernetes_executor.py took 0.092 seconds
[2025-04-10T16:03:54.756+0000] {processor.py:186} INFO - Started process (PID=278) to work on /home/airflow/.local/lib/python3.12/site-packages/airflow/example_dags/example_kubernetes_executor.py
[2025-04-10T16:03:54.756+0000] {processor.py:914} INFO - Processing file /home/airflow/.local/lib/python3.12/site-packages/airflow/example_dags/example_kubernetes_executor.py for tasks to queue
[2025-04-10T16:03:54.758+0000] {logging_mixin.py:190} INFO - [2025-04-10T16:03:54.758+0000] {dagbag.py:588} INFO - Filling up the DagBag from /home/airflow/.local/lib/python3.12/site-packages/airflow/example_dags/example_kubernetes_executor.py
[2025-04-10T16:03:54.772+0000] {processor.py:925} INFO - DAG(s) 'example_kubernetes_executor' retrieved from /home/airflow/.local/lib/python3.12/site-packages/airflow/example_dags/example_kubernetes_executor.py
[2025-04-10T16:03:54.794+0000] {logging_mixin.py:190} INFO - [2025-04-10T16:03:54.794+0000] {dag.py:3239} INFO - Sync 1 DAGs
[2025-04-10T16:03:54.809+0000] {logging_mixin.py:190} INFO - [2025-04-10T16:03:54.809+0000] {dag.py:4180} INFO - Setting next_dagrun for example_kubernetes_executor to None, run_after=None
[2025-04-10T16:03:54.827+0000] {processor.py:208} INFO - Processing /home/airflow/.local/lib/python3.12/site-packages/airflow/example_dags/example_kubernetes_executor.py took 0.077 seconds
[2025-04-10T16:04:25.442+0000] {processor.py:186} INFO - Started process (PID=341) to work on /home/airflow/.local/lib/python3.12/site-packages/airflow/example_dags/example_kubernetes_executor.py
[2025-04-10T16:04:25.443+0000] {processor.py:914} INFO - Processing file /home/airflow/.local/lib/python3.12/site-packages/airflow/example_dags/example_kubernetes_executor.py for tasks to queue
[2025-04-10T16:04:25.445+0000] {logging_mixin.py:190} INFO - [2025-04-10T16:04:25.445+0000] {dagbag.py:588} INFO - Filling up the DagBag from /home/airflow/.local/lib/python3.12/site-packages/airflow/example_dags/example_kubernetes_executor.py
[2025-04-10T16:04:25.458+0000] {processor.py:925} INFO - DAG(s) 'example_kubernetes_executor' retrieved from /home/airflow/.local/lib/python3.12/site-packages/airflow/example_dags/example_kubernetes_executor.py
[2025-04-10T16:04:25.480+0000] {logging_mixin.py:190} INFO - [2025-04-10T16:04:25.480+0000] {dag.py:3239} INFO - Sync 1 DAGs
[2025-04-10T16:04:25.499+0000] {logging_mixin.py:190} INFO - [2025-04-10T16:04:25.499+0000] {dag.py:4180} INFO - Setting next_dagrun for example_kubernetes_executor to None, run_after=None
[2025-04-10T16:04:25.517+0000] {processor.py:208} INFO - Processing /home/airflow/.local/lib/python3.12/site-packages/airflow/example_dags/example_kubernetes_executor.py took 0.081 seconds
[2025-04-10T16:04:56.155+0000] {processor.py:186} INFO - Started process (PID=404) to work on /home/airflow/.local/lib/python3.12/site-packages/airflow/example_dags/example_kubernetes_executor.py
[2025-04-10T16:04:56.157+0000] {processor.py:914} INFO - Processing file /home/airflow/.local/lib/python3.12/site-packages/airflow/example_dags/example_kubernetes_executor.py for tasks to queue
[2025-04-10T16:04:56.159+0000] {logging_mixin.py:190} INFO - [2025-04-10T16:04:56.158+0000] {dagbag.py:588} INFO - Filling up the DagBag from /home/airflow/.local/lib/python3.12/site-packages/airflow/example_dags/example_kubernetes_executor.py
[2025-04-10T16:04:56.173+0000] {processor.py:925} INFO - DAG(s) 'example_kubernetes_executor' retrieved from /home/airflow/.local/lib/python3.12/site-packages/airflow/example_dags/example_kubernetes_executor.py
[2025-04-10T16:04:56.196+0000] {logging_mixin.py:190} INFO - [2025-04-10T16:04:56.195+0000] {dag.py:3239} INFO - Sync 1 DAGs
[2025-04-10T16:04:56.210+0000] {logging_mixin.py:190} INFO - [2025-04-10T16:04:56.210+0000] {dag.py:4180} INFO - Setting next_dagrun for example_kubernetes_executor to None, run_after=None
[2025-04-10T16:04:56.227+0000] {processor.py:208} INFO - Processing /home/airflow/.local/lib/python3.12/site-packages/airflow/example_dags/example_kubernetes_executor.py took 0.077 seconds
[2025-04-10T16:05:26.761+0000] {processor.py:186} INFO - Started process (PID=467) to work on /home/airflow/.local/lib/python3.12/site-packages/airflow/example_dags/example_kubernetes_executor.py
[2025-04-10T16:05:26.761+0000] {processor.py:914} INFO - Processing file /home/airflow/.local/lib/python3.12/site-packages/airflow/example_dags/example_kubernetes_executor.py for tasks to queue
[2025-04-10T16:05:26.764+0000] {logging_mixin.py:190} INFO - [2025-04-10T16:05:26.763+0000] {dagbag.py:588} INFO - Filling up the DagBag from /home/airflow/.local/lib/python3.12/site-packages/airflow/example_dags/example_kubernetes_executor.py
[2025-04-10T16:05:26.777+0000] {processor.py:925} INFO - DAG(s) 'example_kubernetes_executor' retrieved from /home/airflow/.local/lib/python3.12/site-packages/airflow/example_dags/example_kubernetes_executor.py
[2025-04-10T16:05:26.801+0000] {logging_mixin.py:190} INFO - [2025-04-10T16:05:26.800+0000] {dag.py:3239} INFO - Sync 1 DAGs
[2025-04-10T16:05:26.816+0000] {logging_mixin.py:190} INFO - [2025-04-10T16:05:26.816+0000] {dag.py:4180} INFO - Setting next_dagrun for example_kubernetes_executor to None, run_after=None
[2025-04-10T16:05:26.834+0000] {processor.py:208} INFO - Processing /home/airflow/.local/lib/python3.12/site-packages/airflow/example_dags/example_kubernetes_executor.py took 0.079 seconds
[2025-04-10T16:05:57.081+0000] {processor.py:186} INFO - Started process (PID=530) to work on /home/airflow/.local/lib/python3.12/site-packages/airflow/example_dags/example_kubernetes_executor.py
[2025-04-10T16:05:57.082+0000] {processor.py:914} INFO - Processing file /home/airflow/.local/lib/python3.12/site-packages/airflow/example_dags/example_kubernetes_executor.py for tasks to queue
[2025-04-10T16:05:57.084+0000] {logging_mixin.py:190} INFO - [2025-04-10T16:05:57.084+0000] {dagbag.py:588} INFO - Filling up the DagBag from /home/airflow/.local/lib/python3.12/site-packages/airflow/example_dags/example_kubernetes_executor.py
[2025-04-10T16:05:57.100+0000] {processor.py:925} INFO - DAG(s) 'example_kubernetes_executor' retrieved from /home/airflow/.local/lib/python3.12/site-packages/airflow/example_dags/example_kubernetes_executor.py
[2025-04-10T16:05:57.126+0000] {logging_mixin.py:190} INFO - [2025-04-10T16:05:57.125+0000] {dag.py:3239} INFO - Sync 1 DAGs
[2025-04-10T16:05:57.141+0000] {logging_mixin.py:190} INFO - [2025-04-10T16:05:57.140+0000] {dag.py:4180} INFO - Setting next_dagrun for example_kubernetes_executor to None, run_after=None
[2025-04-10T16:05:57.158+0000] {processor.py:208} INFO - Processing /home/airflow/.local/lib/python3.12/site-packages/airflow/example_dags/example_kubernetes_executor.py took 0.083 seconds
[2025-04-10T16:06:27.933+0000] {processor.py:186} INFO - Started process (PID=593) to work on /home/airflow/.local/lib/python3.12/site-packages/airflow/example_dags/example_kubernetes_executor.py
[2025-04-10T16:06:27.934+0000] {processor.py:914} INFO - Processing file /home/airflow/.local/lib/python3.12/site-packages/airflow/example_dags/example_kubernetes_executor.py for tasks to queue
[2025-04-10T16:06:27.936+0000] {logging_mixin.py:190} INFO - [2025-04-10T16:06:27.936+0000] {dagbag.py:588} INFO - Filling up the DagBag from /home/airflow/.local/lib/python3.12/site-packages/airflow/example_dags/example_kubernetes_executor.py
[2025-04-10T16:06:27.949+0000] {processor.py:925} INFO - DAG(s) 'example_kubernetes_executor' retrieved from /home/airflow/.local/lib/python3.12/site-packages/airflow/example_dags/example_kubernetes_executor.py
[2025-04-10T16:06:27.971+0000] {logging_mixin.py:190} INFO - [2025-04-10T16:06:27.971+0000] {dag.py:3239} INFO - Sync 1 DAGs
[2025-04-10T16:06:27.985+0000] {logging_mixin.py:190} INFO - [2025-04-10T16:06:27.985+0000] {dag.py:4180} INFO - Setting next_dagrun for example_kubernetes_executor to None, run_after=None
[2025-04-10T16:06:28.002+0000] {processor.py:208} INFO - Processing /home/airflow/.local/lib/python3.12/site-packages/airflow/example_dags/example_kubernetes_executor.py took 0.075 seconds
[2025-04-10T16:06:58.201+0000] {processor.py:186} INFO - Started process (PID=656) to work on /home/airflow/.local/lib/python3.12/site-packages/airflow/example_dags/example_kubernetes_executor.py
[2025-04-10T16:06:58.201+0000] {processor.py:914} INFO - Processing file /home/airflow/.local/lib/python3.12/site-packages/airflow/example_dags/example_kubernetes_executor.py for tasks to queue
[2025-04-10T16:06:58.204+0000] {logging_mixin.py:190} INFO - [2025-04-10T16:06:58.203+0000] {dagbag.py:588} INFO - Filling up the DagBag from /home/airflow/.local/lib/python3.12/site-packages/airflow/example_dags/example_kubernetes_executor.py
[2025-04-10T16:06:58.218+0000] {processor.py:925} INFO - DAG(s) 'example_kubernetes_executor' retrieved from /home/airflow/.local/lib/python3.12/site-packages/airflow/example_dags/example_kubernetes_executor.py
[2025-04-10T16:06:58.241+0000] {logging_mixin.py:190} INFO - [2025-04-10T16:06:58.241+0000] {dag.py:3239} INFO - Sync 1 DAGs
[2025-04-10T16:06:58.256+0000] {logging_mixin.py:190} INFO - [2025-04-10T16:06:58.256+0000] {dag.py:4180} INFO - Setting next_dagrun for example_kubernetes_executor to None, run_after=None
[2025-04-10T16:06:58.274+0000] {processor.py:208} INFO - Processing /home/airflow/.local/lib/python3.12/site-packages/airflow/example_dags/example_kubernetes_executor.py took 0.079 seconds
[2025-04-10T16:07:29.242+0000] {processor.py:186} INFO - Started process (PID=719) to work on /home/airflow/.local/lib/python3.12/site-packages/airflow/example_dags/example_kubernetes_executor.py
[2025-04-10T16:07:29.243+0000] {processor.py:914} INFO - Processing file /home/airflow/.local/lib/python3.12/site-packages/airflow/example_dags/example_kubernetes_executor.py for tasks to queue
[2025-04-10T16:07:29.245+0000] {logging_mixin.py:190} INFO - [2025-04-10T16:07:29.244+0000] {dagbag.py:588} INFO - Filling up the DagBag from /home/airflow/.local/lib/python3.12/site-packages/airflow/example_dags/example_kubernetes_executor.py
[2025-04-10T16:07:29.260+0000] {processor.py:925} INFO - DAG(s) 'example_kubernetes_executor' retrieved from /home/airflow/.local/lib/python3.12/site-packages/airflow/example_dags/example_kubernetes_executor.py
[2025-04-10T16:07:29.284+0000] {logging_mixin.py:190} INFO - [2025-04-10T16:07:29.283+0000] {dag.py:3239} INFO - Sync 1 DAGs
[2025-04-10T16:07:29.300+0000] {logging_mixin.py:190} INFO - [2025-04-10T16:07:29.300+0000] {dag.py:4180} INFO - Setting next_dagrun for example_kubernetes_executor to None, run_after=None
[2025-04-10T16:07:29.318+0000] {processor.py:208} INFO - Processing /home/airflow/.local/lib/python3.12/site-packages/airflow/example_dags/example_kubernetes_executor.py took 0.082 seconds
[2025-04-10T16:08:00.000+0000] {processor.py:186} INFO - Started process (PID=782) to work on /home/airflow/.local/lib/python3.12/site-packages/airflow/example_dags/example_kubernetes_executor.py
[2025-04-10T16:08:00.001+0000] {processor.py:914} INFO - Processing file /home/airflow/.local/lib/python3.12/site-packages/airflow/example_dags/example_kubernetes_executor.py for tasks to queue
[2025-04-10T16:08:00.003+0000] {logging_mixin.py:190} INFO - [2025-04-10T16:08:00.003+0000] {dagbag.py:588} INFO - Filling up the DagBag from /home/airflow/.local/lib/python3.12/site-packages/airflow/example_dags/example_kubernetes_executor.py
[2025-04-10T16:08:00.019+0000] {processor.py:925} INFO - DAG(s) 'example_kubernetes_executor' retrieved from /home/airflow/.local/lib/python3.12/site-packages/airflow/example_dags/example_kubernetes_executor.py
[2025-04-10T16:08:00.043+0000] {logging_mixin.py:190} INFO - [2025-04-10T16:08:00.043+0000] {dag.py:3239} INFO - Sync 1 DAGs
[2025-04-10T16:08:00.060+0000] {logging_mixin.py:190} INFO - [2025-04-10T16:08:00.059+0000] {dag.py:4180} INFO - Setting next_dagrun for example_kubernetes_executor to None, run_after=None
[2025-04-10T16:08:00.081+0000] {processor.py:208} INFO - Processing /home/airflow/.local/lib/python3.12/site-packages/airflow/example_dags/example_kubernetes_executor.py took 0.087 seconds
[2025-04-10T16:08:30.414+0000] {processor.py:186} INFO - Started process (PID=845) to work on /home/airflow/.local/lib/python3.12/site-packages/airflow/example_dags/example_kubernetes_executor.py
[2025-04-10T16:08:30.415+0000] {processor.py:914} INFO - Processing file /home/airflow/.local/lib/python3.12/site-packages/airflow/example_dags/example_kubernetes_executor.py for tasks to queue
[2025-04-10T16:08:30.417+0000] {logging_mixin.py:190} INFO - [2025-04-10T16:08:30.417+0000] {dagbag.py:588} INFO - Filling up the DagBag from /home/airflow/.local/lib/python3.12/site-packages/airflow/example_dags/example_kubernetes_executor.py
[2025-04-10T16:08:30.431+0000] {processor.py:925} INFO - DAG(s) 'example_kubernetes_executor' retrieved from /home/airflow/.local/lib/python3.12/site-packages/airflow/example_dags/example_kubernetes_executor.py
[2025-04-10T16:08:30.457+0000] {logging_mixin.py:190} INFO - [2025-04-10T16:08:30.457+0000] {dag.py:3239} INFO - Sync 1 DAGs
[2025-04-10T16:08:30.475+0000] {logging_mixin.py:190} INFO - [2025-04-10T16:08:30.475+0000] {dag.py:4180} INFO - Setting next_dagrun for example_kubernetes_executor to None, run_after=None
[2025-04-10T16:08:30.494+0000] {processor.py:208} INFO - Processing /home/airflow/.local/lib/python3.12/site-packages/airflow/example_dags/example_kubernetes_executor.py took 0.087 seconds
[2025-04-10T16:09:01.501+0000] {processor.py:186} INFO - Started process (PID=908) to work on /home/airflow/.local/lib/python3.12/site-packages/airflow/example_dags/example_kubernetes_executor.py
[2025-04-10T16:09:01.502+0000] {processor.py:914} INFO - Processing file /home/airflow/.local/lib/python3.12/site-packages/airflow/example_dags/example_kubernetes_executor.py for tasks to queue
[2025-04-10T16:09:01.505+0000] {logging_mixin.py:190} INFO - [2025-04-10T16:09:01.504+0000] {dagbag.py:588} INFO - Filling up the DagBag from /home/airflow/.local/lib/python3.12/site-packages/airflow/example_dags/example_kubernetes_executor.py
[2025-04-10T16:09:01.519+0000] {processor.py:925} INFO - DAG(s) 'example_kubernetes_executor' retrieved from /home/airflow/.local/lib/python3.12/site-packages/airflow/example_dags/example_kubernetes_executor.py
[2025-04-10T16:09:01.544+0000] {logging_mixin.py:190} INFO - [2025-04-10T16:09:01.544+0000] {dag.py:3239} INFO - Sync 1 DAGs
[2025-04-10T16:09:01.559+0000] {logging_mixin.py:190} INFO - [2025-04-10T16:09:01.558+0000] {dag.py:4180} INFO - Setting next_dagrun for example_kubernetes_executor to None, run_after=None
[2025-04-10T16:09:01.577+0000] {processor.py:208} INFO - Processing /home/airflow/.local/lib/python3.12/site-packages/airflow/example_dags/example_kubernetes_executor.py took 0.082 seconds
