[2025-04-10T16:02:31.090+0000] {processor.py:186} INFO - Started process (PID=123) to work on /home/airflow/.local/lib/python3.12/site-packages/airflow/example_dags/example_xcomargs.py
[2025-04-10T16:02:31.091+0000] {processor.py:914} INFO - Processing file /home/airflow/.local/lib/python3.12/site-packages/airflow/example_dags/example_xcomargs.py for tasks to queue
[2025-04-10T16:02:31.095+0000] {logging_mixin.py:190} INFO - [2025-04-10T16:02:31.094+0000] {dagbag.py:588} INFO - Filling up the DagBag from /home/airflow/.local/lib/python3.12/site-packages/airflow/example_dags/example_xcomargs.py
[2025-04-10T16:02:31.108+0000] {processor.py:925} INFO - DAG(s) 'example_xcom_args_with_operators', 'example_xcom_args' retrieved from /home/airflow/.local/lib/python3.12/site-packages/airflow/example_dags/example_xcomargs.py
[2025-04-10T16:02:31.225+0000] {logging_mixin.py:190} INFO - [2025-04-10T16:02:31.224+0000] {override.py:1912} INFO - Created Permission View: can read on DAG:example_xcom_args_with_operators
[2025-04-10T16:02:31.236+0000] {logging_mixin.py:190} INFO - [2025-04-10T16:02:31.236+0000] {override.py:1912} INFO - Created Permission View: can delete on DAG:example_xcom_args_with_operators
[2025-04-10T16:02:31.243+0000] {logging_mixin.py:190} INFO - [2025-04-10T16:02:31.242+0000] {override.py:1912} INFO - Created Permission View: can edit on DAG:example_xcom_args_with_operators
[2025-04-10T16:02:31.250+0000] {logging_mixin.py:190} INFO - [2025-04-10T16:02:31.250+0000] {override.py:1912} INFO - Created Permission View: menu access on DAG Run:example_xcom_args_with_operators
[2025-04-10T16:02:31.258+0000] {logging_mixin.py:190} INFO - [2025-04-10T16:02:31.257+0000] {override.py:1912} INFO - Created Permission View: can read on DAG Run:example_xcom_args_with_operators
[2025-04-10T16:02:31.265+0000] {logging_mixin.py:190} INFO - [2025-04-10T16:02:31.264+0000] {override.py:1912} INFO - Created Permission View: can create on DAG Run:example_xcom_args_with_operators
[2025-04-10T16:02:31.271+0000] {logging_mixin.py:190} INFO - [2025-04-10T16:02:31.271+0000] {override.py:1912} INFO - Created Permission View: can delete on DAG Run:example_xcom_args_with_operators
[2025-04-10T16:02:31.285+0000] {logging_mixin.py:190} INFO - [2025-04-10T16:02:31.285+0000] {override.py:1912} INFO - Created Permission View: can read on DAG:example_xcom_args
[2025-04-10T16:02:31.293+0000] {logging_mixin.py:190} INFO - [2025-04-10T16:02:31.293+0000] {override.py:1912} INFO - Created Permission View: can delete on DAG:example_xcom_args
[2025-04-10T16:02:31.301+0000] {logging_mixin.py:190} INFO - [2025-04-10T16:02:31.301+0000] {override.py:1912} INFO - Created Permission View: can edit on DAG:example_xcom_args
[2025-04-10T16:02:31.310+0000] {logging_mixin.py:190} INFO - [2025-04-10T16:02:31.310+0000] {override.py:1912} INFO - Created Permission View: menu access on DAG Run:example_xcom_args
[2025-04-10T16:02:31.317+0000] {logging_mixin.py:190} INFO - [2025-04-10T16:02:31.317+0000] {override.py:1912} INFO - Created Permission View: can read on DAG Run:example_xcom_args
[2025-04-10T16:02:31.325+0000] {logging_mixin.py:190} INFO - [2025-04-10T16:02:31.324+0000] {override.py:1912} INFO - Created Permission View: can create on DAG Run:example_xcom_args
[2025-04-10T16:02:31.332+0000] {logging_mixin.py:190} INFO - [2025-04-10T16:02:31.331+0000] {override.py:1912} INFO - Created Permission View: can delete on DAG Run:example_xcom_args
[2025-04-10T16:02:31.332+0000] {logging_mixin.py:190} INFO - [2025-04-10T16:02:31.332+0000] {dag.py:3239} INFO - Sync 2 DAGs
[2025-04-10T16:02:31.346+0000] {logging_mixin.py:190} INFO - [2025-04-10T16:02:31.346+0000] {dag.py:3262} INFO - Creating ORM DAG for example_xcom_args_with_operators
[2025-04-10T16:02:31.347+0000] {logging_mixin.py:190} INFO - [2025-04-10T16:02:31.347+0000] {dag.py:3262} INFO - Creating ORM DAG for example_xcom_args
[2025-04-10T16:02:31.347+0000] {logging_mixin.py:190} INFO - [2025-04-10T16:02:31.347+0000] {dag.py:4180} INFO - Setting next_dagrun for example_xcom_args to None, run_after=None
[2025-04-10T16:02:31.348+0000] {logging_mixin.py:190} INFO - [2025-04-10T16:02:31.348+0000] {dag.py:4180} INFO - Setting next_dagrun for example_xcom_args_with_operators to None, run_after=None
[2025-04-10T16:02:31.366+0000] {processor.py:208} INFO - Processing /home/airflow/.local/lib/python3.12/site-packages/airflow/example_dags/example_xcomargs.py took 0.282 seconds
[2025-04-10T16:03:02.079+0000] {processor.py:186} INFO - Started process (PID=186) to work on /home/airflow/.local/lib/python3.12/site-packages/airflow/example_dags/example_xcomargs.py
[2025-04-10T16:03:02.080+0000] {processor.py:914} INFO - Processing file /home/airflow/.local/lib/python3.12/site-packages/airflow/example_dags/example_xcomargs.py for tasks to queue
[2025-04-10T16:03:02.082+0000] {logging_mixin.py:190} INFO - [2025-04-10T16:03:02.082+0000] {dagbag.py:588} INFO - Filling up the DagBag from /home/airflow/.local/lib/python3.12/site-packages/airflow/example_dags/example_xcomargs.py
[2025-04-10T16:03:02.092+0000] {processor.py:925} INFO - DAG(s) 'example_xcom_args', 'example_xcom_args_with_operators' retrieved from /home/airflow/.local/lib/python3.12/site-packages/airflow/example_dags/example_xcomargs.py
[2025-04-10T16:03:02.114+0000] {logging_mixin.py:190} INFO - [2025-04-10T16:03:02.114+0000] {dag.py:3239} INFO - Sync 2 DAGs
[2025-04-10T16:03:02.129+0000] {logging_mixin.py:190} INFO - [2025-04-10T16:03:02.129+0000] {dag.py:4180} INFO - Setting next_dagrun for example_xcom_args to None, run_after=None
[2025-04-10T16:03:02.133+0000] {logging_mixin.py:190} INFO - [2025-04-10T16:03:02.133+0000] {dag.py:4180} INFO - Setting next_dagrun for example_xcom_args_with_operators to None, run_after=None
[2025-04-10T16:03:02.149+0000] {processor.py:208} INFO - Processing /home/airflow/.local/lib/python3.12/site-packages/airflow/example_dags/example_xcomargs.py took 0.076 seconds
[2025-04-10T16:03:32.212+0000] {processor.py:186} INFO - Started process (PID=249) to work on /home/airflow/.local/lib/python3.12/site-packages/airflow/example_dags/example_xcomargs.py
[2025-04-10T16:03:32.213+0000] {processor.py:914} INFO - Processing file /home/airflow/.local/lib/python3.12/site-packages/airflow/example_dags/example_xcomargs.py for tasks to queue
[2025-04-10T16:03:32.216+0000] {logging_mixin.py:190} INFO - [2025-04-10T16:03:32.215+0000] {dagbag.py:588} INFO - Filling up the DagBag from /home/airflow/.local/lib/python3.12/site-packages/airflow/example_dags/example_xcomargs.py
[2025-04-10T16:03:32.227+0000] {processor.py:925} INFO - DAG(s) 'example_xcom_args_with_operators', 'example_xcom_args' retrieved from /home/airflow/.local/lib/python3.12/site-packages/airflow/example_dags/example_xcomargs.py
[2025-04-10T16:03:32.251+0000] {logging_mixin.py:190} INFO - [2025-04-10T16:03:32.250+0000] {dag.py:3239} INFO - Sync 2 DAGs
[2025-04-10T16:03:32.267+0000] {logging_mixin.py:190} INFO - [2025-04-10T16:03:32.267+0000] {dag.py:4180} INFO - Setting next_dagrun for example_xcom_args to None, run_after=None
[2025-04-10T16:03:32.271+0000] {logging_mixin.py:190} INFO - [2025-04-10T16:03:32.271+0000] {dag.py:4180} INFO - Setting next_dagrun for example_xcom_args_with_operators to None, run_after=None
[2025-04-10T16:03:32.289+0000] {processor.py:208} INFO - Processing /home/airflow/.local/lib/python3.12/site-packages/airflow/example_dags/example_xcomargs.py took 0.082 seconds
[2025-04-10T16:04:03.114+0000] {processor.py:186} INFO - Started process (PID=312) to work on /home/airflow/.local/lib/python3.12/site-packages/airflow/example_dags/example_xcomargs.py
[2025-04-10T16:04:03.115+0000] {processor.py:914} INFO - Processing file /home/airflow/.local/lib/python3.12/site-packages/airflow/example_dags/example_xcomargs.py for tasks to queue
[2025-04-10T16:04:03.118+0000] {logging_mixin.py:190} INFO - [2025-04-10T16:04:03.117+0000] {dagbag.py:588} INFO - Filling up the DagBag from /home/airflow/.local/lib/python3.12/site-packages/airflow/example_dags/example_xcomargs.py
[2025-04-10T16:04:03.128+0000] {processor.py:925} INFO - DAG(s) 'example_xcom_args_with_operators', 'example_xcom_args' retrieved from /home/airflow/.local/lib/python3.12/site-packages/airflow/example_dags/example_xcomargs.py
[2025-04-10T16:04:03.150+0000] {logging_mixin.py:190} INFO - [2025-04-10T16:04:03.150+0000] {dag.py:3239} INFO - Sync 2 DAGs
[2025-04-10T16:04:03.166+0000] {logging_mixin.py:190} INFO - [2025-04-10T16:04:03.166+0000] {dag.py:4180} INFO - Setting next_dagrun for example_xcom_args to None, run_after=None
[2025-04-10T16:04:03.170+0000] {logging_mixin.py:190} INFO - [2025-04-10T16:04:03.170+0000] {dag.py:4180} INFO - Setting next_dagrun for example_xcom_args_with_operators to None, run_after=None
[2025-04-10T16:04:03.185+0000] {processor.py:208} INFO - Processing /home/airflow/.local/lib/python3.12/site-packages/airflow/example_dags/example_xcomargs.py took 0.076 seconds
[2025-04-10T16:04:33.899+0000] {processor.py:186} INFO - Started process (PID=375) to work on /home/airflow/.local/lib/python3.12/site-packages/airflow/example_dags/example_xcomargs.py
[2025-04-10T16:04:33.900+0000] {processor.py:914} INFO - Processing file /home/airflow/.local/lib/python3.12/site-packages/airflow/example_dags/example_xcomargs.py for tasks to queue
[2025-04-10T16:04:33.902+0000] {logging_mixin.py:190} INFO - [2025-04-10T16:04:33.902+0000] {dagbag.py:588} INFO - Filling up the DagBag from /home/airflow/.local/lib/python3.12/site-packages/airflow/example_dags/example_xcomargs.py
[2025-04-10T16:04:33.912+0000] {processor.py:925} INFO - DAG(s) 'example_xcom_args_with_operators', 'example_xcom_args' retrieved from /home/airflow/.local/lib/python3.12/site-packages/airflow/example_dags/example_xcomargs.py
[2025-04-10T16:04:33.935+0000] {logging_mixin.py:190} INFO - [2025-04-10T16:04:33.935+0000] {dag.py:3239} INFO - Sync 2 DAGs
[2025-04-10T16:04:33.950+0000] {logging_mixin.py:190} INFO - [2025-04-10T16:04:33.950+0000] {dag.py:4180} INFO - Setting next_dagrun for example_xcom_args to None, run_after=None
[2025-04-10T16:04:33.954+0000] {logging_mixin.py:190} INFO - [2025-04-10T16:04:33.954+0000] {dag.py:4180} INFO - Setting next_dagrun for example_xcom_args_with_operators to None, run_after=None
[2025-04-10T16:04:33.969+0000] {processor.py:208} INFO - Processing /home/airflow/.local/lib/python3.12/site-packages/airflow/example_dags/example_xcomargs.py took 0.075 seconds
[2025-04-10T16:05:05.376+0000] {processor.py:186} INFO - Started process (PID=438) to work on /home/airflow/.local/lib/python3.12/site-packages/airflow/example_dags/example_xcomargs.py
[2025-04-10T16:05:05.377+0000] {processor.py:914} INFO - Processing file /home/airflow/.local/lib/python3.12/site-packages/airflow/example_dags/example_xcomargs.py for tasks to queue
[2025-04-10T16:05:05.379+0000] {logging_mixin.py:190} INFO - [2025-04-10T16:05:05.379+0000] {dagbag.py:588} INFO - Filling up the DagBag from /home/airflow/.local/lib/python3.12/site-packages/airflow/example_dags/example_xcomargs.py
[2025-04-10T16:05:05.390+0000] {processor.py:925} INFO - DAG(s) 'example_xcom_args', 'example_xcom_args_with_operators' retrieved from /home/airflow/.local/lib/python3.12/site-packages/airflow/example_dags/example_xcomargs.py
[2025-04-10T16:05:05.412+0000] {logging_mixin.py:190} INFO - [2025-04-10T16:05:05.412+0000] {dag.py:3239} INFO - Sync 2 DAGs
[2025-04-10T16:05:05.428+0000] {logging_mixin.py:190} INFO - [2025-04-10T16:05:05.428+0000] {dag.py:4180} INFO - Setting next_dagrun for example_xcom_args to None, run_after=None
[2025-04-10T16:05:05.432+0000] {logging_mixin.py:190} INFO - [2025-04-10T16:05:05.432+0000] {dag.py:4180} INFO - Setting next_dagrun for example_xcom_args_with_operators to None, run_after=None
[2025-04-10T16:05:05.449+0000] {processor.py:208} INFO - Processing /home/airflow/.local/lib/python3.12/site-packages/airflow/example_dags/example_xcomargs.py took 0.079 seconds
[2025-04-10T16:05:36.491+0000] {processor.py:186} INFO - Started process (PID=501) to work on /home/airflow/.local/lib/python3.12/site-packages/airflow/example_dags/example_xcomargs.py
[2025-04-10T16:05:36.492+0000] {processor.py:914} INFO - Processing file /home/airflow/.local/lib/python3.12/site-packages/airflow/example_dags/example_xcomargs.py for tasks to queue
[2025-04-10T16:05:36.494+0000] {logging_mixin.py:190} INFO - [2025-04-10T16:05:36.494+0000] {dagbag.py:588} INFO - Filling up the DagBag from /home/airflow/.local/lib/python3.12/site-packages/airflow/example_dags/example_xcomargs.py
[2025-04-10T16:05:36.505+0000] {processor.py:925} INFO - DAG(s) 'example_xcom_args', 'example_xcom_args_with_operators' retrieved from /home/airflow/.local/lib/python3.12/site-packages/airflow/example_dags/example_xcomargs.py
[2025-04-10T16:05:36.528+0000] {logging_mixin.py:190} INFO - [2025-04-10T16:05:36.528+0000] {dag.py:3239} INFO - Sync 2 DAGs
[2025-04-10T16:05:36.545+0000] {logging_mixin.py:190} INFO - [2025-04-10T16:05:36.545+0000] {dag.py:4180} INFO - Setting next_dagrun for example_xcom_args to None, run_after=None
[2025-04-10T16:05:36.550+0000] {logging_mixin.py:190} INFO - [2025-04-10T16:05:36.549+0000] {dag.py:4180} INFO - Setting next_dagrun for example_xcom_args_with_operators to None, run_after=None
[2025-04-10T16:05:36.566+0000] {processor.py:208} INFO - Processing /home/airflow/.local/lib/python3.12/site-packages/airflow/example_dags/example_xcomargs.py took 0.081 seconds
[2025-04-10T16:06:07.634+0000] {processor.py:186} INFO - Started process (PID=564) to work on /home/airflow/.local/lib/python3.12/site-packages/airflow/example_dags/example_xcomargs.py
[2025-04-10T16:06:07.636+0000] {processor.py:914} INFO - Processing file /home/airflow/.local/lib/python3.12/site-packages/airflow/example_dags/example_xcomargs.py for tasks to queue
[2025-04-10T16:06:07.638+0000] {logging_mixin.py:190} INFO - [2025-04-10T16:06:07.638+0000] {dagbag.py:588} INFO - Filling up the DagBag from /home/airflow/.local/lib/python3.12/site-packages/airflow/example_dags/example_xcomargs.py
[2025-04-10T16:06:07.651+0000] {processor.py:925} INFO - DAG(s) 'example_xcom_args_with_operators', 'example_xcom_args' retrieved from /home/airflow/.local/lib/python3.12/site-packages/airflow/example_dags/example_xcomargs.py
[2025-04-10T16:06:07.676+0000] {logging_mixin.py:190} INFO - [2025-04-10T16:06:07.676+0000] {dag.py:3239} INFO - Sync 2 DAGs
[2025-04-10T16:06:07.696+0000] {logging_mixin.py:190} INFO - [2025-04-10T16:06:07.695+0000] {dag.py:4180} INFO - Setting next_dagrun for example_xcom_args to None, run_after=None
[2025-04-10T16:06:07.700+0000] {logging_mixin.py:190} INFO - [2025-04-10T16:06:07.700+0000] {dag.py:4180} INFO - Setting next_dagrun for example_xcom_args_with_operators to None, run_after=None
[2025-04-10T16:06:07.718+0000] {processor.py:208} INFO - Processing /home/airflow/.local/lib/python3.12/site-packages/airflow/example_dags/example_xcomargs.py took 0.090 seconds
[2025-04-10T16:06:38.603+0000] {processor.py:186} INFO - Started process (PID=627) to work on /home/airflow/.local/lib/python3.12/site-packages/airflow/example_dags/example_xcomargs.py
[2025-04-10T16:06:38.604+0000] {processor.py:914} INFO - Processing file /home/airflow/.local/lib/python3.12/site-packages/airflow/example_dags/example_xcomargs.py for tasks to queue
[2025-04-10T16:06:38.607+0000] {logging_mixin.py:190} INFO - [2025-04-10T16:06:38.607+0000] {dagbag.py:588} INFO - Filling up the DagBag from /home/airflow/.local/lib/python3.12/site-packages/airflow/example_dags/example_xcomargs.py
[2025-04-10T16:06:38.617+0000] {processor.py:925} INFO - DAG(s) 'example_xcom_args_with_operators', 'example_xcom_args' retrieved from /home/airflow/.local/lib/python3.12/site-packages/airflow/example_dags/example_xcomargs.py
[2025-04-10T16:06:38.640+0000] {logging_mixin.py:190} INFO - [2025-04-10T16:06:38.639+0000] {dag.py:3239} INFO - Sync 2 DAGs
[2025-04-10T16:06:38.655+0000] {logging_mixin.py:190} INFO - [2025-04-10T16:06:38.655+0000] {dag.py:4180} INFO - Setting next_dagrun for example_xcom_args to None, run_after=None
[2025-04-10T16:06:38.661+0000] {logging_mixin.py:190} INFO - [2025-04-10T16:06:38.660+0000] {dag.py:4180} INFO - Setting next_dagrun for example_xcom_args_with_operators to None, run_after=None
[2025-04-10T16:06:38.678+0000] {processor.py:208} INFO - Processing /home/airflow/.local/lib/python3.12/site-packages/airflow/example_dags/example_xcomargs.py took 0.081 seconds
[2025-04-10T16:07:09.660+0000] {processor.py:186} INFO - Started process (PID=690) to work on /home/airflow/.local/lib/python3.12/site-packages/airflow/example_dags/example_xcomargs.py
[2025-04-10T16:07:09.661+0000] {processor.py:914} INFO - Processing file /home/airflow/.local/lib/python3.12/site-packages/airflow/example_dags/example_xcomargs.py for tasks to queue
[2025-04-10T16:07:09.664+0000] {logging_mixin.py:190} INFO - [2025-04-10T16:07:09.664+0000] {dagbag.py:588} INFO - Filling up the DagBag from /home/airflow/.local/lib/python3.12/site-packages/airflow/example_dags/example_xcomargs.py
[2025-04-10T16:07:09.676+0000] {processor.py:925} INFO - DAG(s) 'example_xcom_args_with_operators', 'example_xcom_args' retrieved from /home/airflow/.local/lib/python3.12/site-packages/airflow/example_dags/example_xcomargs.py
[2025-04-10T16:07:09.704+0000] {logging_mixin.py:190} INFO - [2025-04-10T16:07:09.704+0000] {dag.py:3239} INFO - Sync 2 DAGs
[2025-04-10T16:07:09.726+0000] {logging_mixin.py:190} INFO - [2025-04-10T16:07:09.725+0000] {dag.py:4180} INFO - Setting next_dagrun for example_xcom_args to None, run_after=None
[2025-04-10T16:07:09.730+0000] {logging_mixin.py:190} INFO - [2025-04-10T16:07:09.730+0000] {dag.py:4180} INFO - Setting next_dagrun for example_xcom_args_with_operators to None, run_after=None
[2025-04-10T16:07:09.749+0000] {processor.py:208} INFO - Processing /home/airflow/.local/lib/python3.12/site-packages/airflow/example_dags/example_xcomargs.py took 0.097 seconds
[2025-04-10T16:07:40.614+0000] {processor.py:186} INFO - Started process (PID=753) to work on /home/airflow/.local/lib/python3.12/site-packages/airflow/example_dags/example_xcomargs.py
[2025-04-10T16:07:40.615+0000] {processor.py:914} INFO - Processing file /home/airflow/.local/lib/python3.12/site-packages/airflow/example_dags/example_xcomargs.py for tasks to queue
[2025-04-10T16:07:40.617+0000] {logging_mixin.py:190} INFO - [2025-04-10T16:07:40.617+0000] {dagbag.py:588} INFO - Filling up the DagBag from /home/airflow/.local/lib/python3.12/site-packages/airflow/example_dags/example_xcomargs.py
[2025-04-10T16:07:40.628+0000] {processor.py:925} INFO - DAG(s) 'example_xcom_args', 'example_xcom_args_with_operators' retrieved from /home/airflow/.local/lib/python3.12/site-packages/airflow/example_dags/example_xcomargs.py
[2025-04-10T16:07:40.650+0000] {logging_mixin.py:190} INFO - [2025-04-10T16:07:40.649+0000] {dag.py:3239} INFO - Sync 2 DAGs
[2025-04-10T16:07:40.666+0000] {logging_mixin.py:190} INFO - [2025-04-10T16:07:40.665+0000] {dag.py:4180} INFO - Setting next_dagrun for example_xcom_args to None, run_after=None
[2025-04-10T16:07:40.669+0000] {logging_mixin.py:190} INFO - [2025-04-10T16:07:40.669+0000] {dag.py:4180} INFO - Setting next_dagrun for example_xcom_args_with_operators to None, run_after=None
[2025-04-10T16:07:40.685+0000] {processor.py:208} INFO - Processing /home/airflow/.local/lib/python3.12/site-packages/airflow/example_dags/example_xcomargs.py took 0.076 seconds
[2025-04-10T16:08:11.973+0000] {processor.py:186} INFO - Started process (PID=816) to work on /home/airflow/.local/lib/python3.12/site-packages/airflow/example_dags/example_xcomargs.py
[2025-04-10T16:08:11.975+0000] {processor.py:914} INFO - Processing file /home/airflow/.local/lib/python3.12/site-packages/airflow/example_dags/example_xcomargs.py for tasks to queue
[2025-04-10T16:08:11.977+0000] {logging_mixin.py:190} INFO - [2025-04-10T16:08:11.977+0000] {dagbag.py:588} INFO - Filling up the DagBag from /home/airflow/.local/lib/python3.12/site-packages/airflow/example_dags/example_xcomargs.py
[2025-04-10T16:08:12.003+0000] {processor.py:925} INFO - DAG(s) 'example_xcom_args_with_operators', 'example_xcom_args' retrieved from /home/airflow/.local/lib/python3.12/site-packages/airflow/example_dags/example_xcomargs.py
[2025-04-10T16:08:12.050+0000] {logging_mixin.py:190} INFO - [2025-04-10T16:08:12.050+0000] {dag.py:3239} INFO - Sync 2 DAGs
[2025-04-10T16:08:12.095+0000] {logging_mixin.py:190} INFO - [2025-04-10T16:08:12.095+0000] {dag.py:4180} INFO - Setting next_dagrun for example_xcom_args to None, run_after=None
[2025-04-10T16:08:12.102+0000] {logging_mixin.py:190} INFO - [2025-04-10T16:08:12.102+0000] {dag.py:4180} INFO - Setting next_dagrun for example_xcom_args_with_operators to None, run_after=None
[2025-04-10T16:08:12.129+0000] {processor.py:208} INFO - Processing /home/airflow/.local/lib/python3.12/site-packages/airflow/example_dags/example_xcomargs.py took 0.163 seconds
[2025-04-10T16:08:42.929+0000] {processor.py:186} INFO - Started process (PID=879) to work on /home/airflow/.local/lib/python3.12/site-packages/airflow/example_dags/example_xcomargs.py
[2025-04-10T16:08:42.930+0000] {processor.py:914} INFO - Processing file /home/airflow/.local/lib/python3.12/site-packages/airflow/example_dags/example_xcomargs.py for tasks to queue
[2025-04-10T16:08:42.933+0000] {logging_mixin.py:190} INFO - [2025-04-10T16:08:42.933+0000] {dagbag.py:588} INFO - Filling up the DagBag from /home/airflow/.local/lib/python3.12/site-packages/airflow/example_dags/example_xcomargs.py
[2025-04-10T16:08:42.943+0000] {processor.py:925} INFO - DAG(s) 'example_xcom_args', 'example_xcom_args_with_operators' retrieved from /home/airflow/.local/lib/python3.12/site-packages/airflow/example_dags/example_xcomargs.py
[2025-04-10T16:08:42.966+0000] {logging_mixin.py:190} INFO - [2025-04-10T16:08:42.966+0000] {dag.py:3239} INFO - Sync 2 DAGs
[2025-04-10T16:08:42.983+0000] {logging_mixin.py:190} INFO - [2025-04-10T16:08:42.983+0000] {dag.py:4180} INFO - Setting next_dagrun for example_xcom_args to None, run_after=None
[2025-04-10T16:08:42.987+0000] {logging_mixin.py:190} INFO - [2025-04-10T16:08:42.987+0000] {dag.py:4180} INFO - Setting next_dagrun for example_xcom_args_with_operators to None, run_after=None
[2025-04-10T16:08:43.003+0000] {processor.py:208} INFO - Processing /home/airflow/.local/lib/python3.12/site-packages/airflow/example_dags/example_xcomargs.py took 0.080 seconds
[2025-04-10T16:09:14.121+0000] {processor.py:186} INFO - Started process (PID=942) to work on /home/airflow/.local/lib/python3.12/site-packages/airflow/example_dags/example_xcomargs.py
[2025-04-10T16:09:14.121+0000] {processor.py:914} INFO - Processing file /home/airflow/.local/lib/python3.12/site-packages/airflow/example_dags/example_xcomargs.py for tasks to queue
[2025-04-10T16:09:14.123+0000] {logging_mixin.py:190} INFO - [2025-04-10T16:09:14.123+0000] {dagbag.py:588} INFO - Filling up the DagBag from /home/airflow/.local/lib/python3.12/site-packages/airflow/example_dags/example_xcomargs.py
[2025-04-10T16:09:14.135+0000] {processor.py:925} INFO - DAG(s) 'example_xcom_args_with_operators', 'example_xcom_args' retrieved from /home/airflow/.local/lib/python3.12/site-packages/airflow/example_dags/example_xcomargs.py
[2025-04-10T16:09:14.156+0000] {logging_mixin.py:190} INFO - [2025-04-10T16:09:14.156+0000] {dag.py:3239} INFO - Sync 2 DAGs
[2025-04-10T16:09:14.171+0000] {logging_mixin.py:190} INFO - [2025-04-10T16:09:14.171+0000] {dag.py:4180} INFO - Setting next_dagrun for example_xcom_args to None, run_after=None
[2025-04-10T16:09:14.175+0000] {logging_mixin.py:190} INFO - [2025-04-10T16:09:14.175+0000] {dag.py:4180} INFO - Setting next_dagrun for example_xcom_args_with_operators to None, run_after=None
[2025-04-10T16:09:14.192+0000] {processor.py:208} INFO - Processing /home/airflow/.local/lib/python3.12/site-packages/airflow/example_dags/example_xcomargs.py took 0.077 seconds
