[2025-04-10T16:02:24.221+0000] {processor.py:186} INFO - Started process (PID=88) to work on /home/airflow/.local/lib/python3.12/site-packages/airflow/example_dags/example_python_operator.py
[2025-04-10T16:02:24.223+0000] {processor.py:914} INFO - Processing file /home/airflow/.local/lib/python3.12/site-packages/airflow/example_dags/example_python_operator.py for tasks to queue
[2025-04-10T16:02:24.225+0000] {logging_mixin.py:190} INFO - [2025-04-10T16:02:24.225+0000] {dagbag.py:588} INFO - Filling up the DagBag from /home/airflow/.local/lib/python3.12/site-packages/airflow/example_dags/example_python_operator.py
[2025-04-10T16:02:24.245+0000] {processor.py:925} INFO - DAG(s) 'example_python_operator' retrieved from /home/airflow/.local/lib/python3.12/site-packages/airflow/example_dags/example_python_operator.py
[2025-04-10T16:02:24.396+0000] {logging_mixin.py:190} INFO - [2025-04-10T16:02:24.395+0000] {override.py:1912} INFO - Created Permission View: can read on DAG:example_python_operator
[2025-04-10T16:02:24.407+0000] {logging_mixin.py:190} INFO - [2025-04-10T16:02:24.406+0000] {override.py:1912} INFO - Created Permission View: can delete on DAG:example_python_operator
[2025-04-10T16:02:24.413+0000] {logging_mixin.py:190} INFO - [2025-04-10T16:02:24.413+0000] {override.py:1912} INFO - Created Permission View: can edit on DAG:example_python_operator
[2025-04-10T16:02:24.421+0000] {logging_mixin.py:190} INFO - [2025-04-10T16:02:24.420+0000] {override.py:1912} INFO - Created Permission View: menu access on DAG Run:example_python_operator
[2025-04-10T16:02:24.428+0000] {logging_mixin.py:190} INFO - [2025-04-10T16:02:24.427+0000] {override.py:1912} INFO - Created Permission View: can read on DAG Run:example_python_operator
[2025-04-10T16:02:24.434+0000] {logging_mixin.py:190} INFO - [2025-04-10T16:02:24.434+0000] {override.py:1912} INFO - Created Permission View: can create on DAG Run:example_python_operator
[2025-04-10T16:02:24.442+0000] {logging_mixin.py:190} INFO - [2025-04-10T16:02:24.441+0000] {override.py:1912} INFO - Created Permission View: can delete on DAG Run:example_python_operator
[2025-04-10T16:02:24.442+0000] {logging_mixin.py:190} INFO - [2025-04-10T16:02:24.442+0000] {dag.py:3239} INFO - Sync 1 DAGs
[2025-04-10T16:02:24.457+0000] {logging_mixin.py:190} INFO - [2025-04-10T16:02:24.457+0000] {dag.py:3262} INFO - Creating ORM DAG for example_python_operator
[2025-04-10T16:02:24.458+0000] {logging_mixin.py:190} INFO - [2025-04-10T16:02:24.458+0000] {dag.py:4180} INFO - Setting next_dagrun for example_python_operator to None, run_after=None
[2025-04-10T16:02:24.476+0000] {processor.py:208} INFO - Processing /home/airflow/.local/lib/python3.12/site-packages/airflow/example_dags/example_python_operator.py took 0.262 seconds
[2025-04-10T16:02:55.228+0000] {processor.py:186} INFO - Started process (PID=157) to work on /home/airflow/.local/lib/python3.12/site-packages/airflow/example_dags/example_python_operator.py
[2025-04-10T16:02:55.229+0000] {processor.py:914} INFO - Processing file /home/airflow/.local/lib/python3.12/site-packages/airflow/example_dags/example_python_operator.py for tasks to queue
[2025-04-10T16:02:55.232+0000] {logging_mixin.py:190} INFO - [2025-04-10T16:02:55.231+0000] {dagbag.py:588} INFO - Filling up the DagBag from /home/airflow/.local/lib/python3.12/site-packages/airflow/example_dags/example_python_operator.py
[2025-04-10T16:02:55.244+0000] {processor.py:925} INFO - DAG(s) 'example_python_operator' retrieved from /home/airflow/.local/lib/python3.12/site-packages/airflow/example_dags/example_python_operator.py
[2025-04-10T16:02:55.264+0000] {logging_mixin.py:190} INFO - [2025-04-10T16:02:55.264+0000] {dag.py:3239} INFO - Sync 1 DAGs
[2025-04-10T16:02:55.279+0000] {logging_mixin.py:190} INFO - [2025-04-10T16:02:55.279+0000] {dag.py:4180} INFO - Setting next_dagrun for example_python_operator to None, run_after=None
[2025-04-10T16:02:55.298+0000] {processor.py:208} INFO - Processing /home/airflow/.local/lib/python3.12/site-packages/airflow/example_dags/example_python_operator.py took 0.077 seconds
[2025-04-10T16:03:25.710+0000] {processor.py:186} INFO - Started process (PID=220) to work on /home/airflow/.local/lib/python3.12/site-packages/airflow/example_dags/example_python_operator.py
[2025-04-10T16:03:25.711+0000] {processor.py:914} INFO - Processing file /home/airflow/.local/lib/python3.12/site-packages/airflow/example_dags/example_python_operator.py for tasks to queue
[2025-04-10T16:03:25.714+0000] {logging_mixin.py:190} INFO - [2025-04-10T16:03:25.714+0000] {dagbag.py:588} INFO - Filling up the DagBag from /home/airflow/.local/lib/python3.12/site-packages/airflow/example_dags/example_python_operator.py
[2025-04-10T16:03:25.727+0000] {processor.py:925} INFO - DAG(s) 'example_python_operator' retrieved from /home/airflow/.local/lib/python3.12/site-packages/airflow/example_dags/example_python_operator.py
[2025-04-10T16:03:25.748+0000] {logging_mixin.py:190} INFO - [2025-04-10T16:03:25.748+0000] {dag.py:3239} INFO - Sync 1 DAGs
[2025-04-10T16:03:25.765+0000] {logging_mixin.py:190} INFO - [2025-04-10T16:03:25.764+0000] {dag.py:4180} INFO - Setting next_dagrun for example_python_operator to None, run_after=None
[2025-04-10T16:03:25.788+0000] {processor.py:208} INFO - Processing /home/airflow/.local/lib/python3.12/site-packages/airflow/example_dags/example_python_operator.py took 0.084 seconds
[2025-04-10T16:03:56.077+0000] {processor.py:186} INFO - Started process (PID=283) to work on /home/airflow/.local/lib/python3.12/site-packages/airflow/example_dags/example_python_operator.py
[2025-04-10T16:03:56.077+0000] {processor.py:914} INFO - Processing file /home/airflow/.local/lib/python3.12/site-packages/airflow/example_dags/example_python_operator.py for tasks to queue
[2025-04-10T16:03:56.080+0000] {logging_mixin.py:190} INFO - [2025-04-10T16:03:56.079+0000] {dagbag.py:588} INFO - Filling up the DagBag from /home/airflow/.local/lib/python3.12/site-packages/airflow/example_dags/example_python_operator.py
[2025-04-10T16:03:56.092+0000] {processor.py:925} INFO - DAG(s) 'example_python_operator' retrieved from /home/airflow/.local/lib/python3.12/site-packages/airflow/example_dags/example_python_operator.py
[2025-04-10T16:03:56.111+0000] {logging_mixin.py:190} INFO - [2025-04-10T16:03:56.111+0000] {dag.py:3239} INFO - Sync 1 DAGs
[2025-04-10T16:03:56.127+0000] {logging_mixin.py:190} INFO - [2025-04-10T16:03:56.127+0000] {dag.py:4180} INFO - Setting next_dagrun for example_python_operator to None, run_after=None
[2025-04-10T16:03:56.145+0000] {processor.py:208} INFO - Processing /home/airflow/.local/lib/python3.12/site-packages/airflow/example_dags/example_python_operator.py took 0.074 seconds
[2025-04-10T16:04:26.778+0000] {processor.py:186} INFO - Started process (PID=346) to work on /home/airflow/.local/lib/python3.12/site-packages/airflow/example_dags/example_python_operator.py
[2025-04-10T16:04:26.780+0000] {processor.py:914} INFO - Processing file /home/airflow/.local/lib/python3.12/site-packages/airflow/example_dags/example_python_operator.py for tasks to queue
[2025-04-10T16:04:26.782+0000] {logging_mixin.py:190} INFO - [2025-04-10T16:04:26.782+0000] {dagbag.py:588} INFO - Filling up the DagBag from /home/airflow/.local/lib/python3.12/site-packages/airflow/example_dags/example_python_operator.py
[2025-04-10T16:04:26.794+0000] {processor.py:925} INFO - DAG(s) 'example_python_operator' retrieved from /home/airflow/.local/lib/python3.12/site-packages/airflow/example_dags/example_python_operator.py
[2025-04-10T16:04:26.814+0000] {logging_mixin.py:190} INFO - [2025-04-10T16:04:26.814+0000] {dag.py:3239} INFO - Sync 1 DAGs
[2025-04-10T16:04:26.829+0000] {logging_mixin.py:190} INFO - [2025-04-10T16:04:26.829+0000] {dag.py:4180} INFO - Setting next_dagrun for example_python_operator to None, run_after=None
[2025-04-10T16:04:26.847+0000] {processor.py:208} INFO - Processing /home/airflow/.local/lib/python3.12/site-packages/airflow/example_dags/example_python_operator.py took 0.074 seconds
[2025-04-10T16:04:57.479+0000] {processor.py:186} INFO - Started process (PID=409) to work on /home/airflow/.local/lib/python3.12/site-packages/airflow/example_dags/example_python_operator.py
[2025-04-10T16:04:57.480+0000] {processor.py:914} INFO - Processing file /home/airflow/.local/lib/python3.12/site-packages/airflow/example_dags/example_python_operator.py for tasks to queue
[2025-04-10T16:04:57.482+0000] {logging_mixin.py:190} INFO - [2025-04-10T16:04:57.482+0000] {dagbag.py:588} INFO - Filling up the DagBag from /home/airflow/.local/lib/python3.12/site-packages/airflow/example_dags/example_python_operator.py
[2025-04-10T16:04:57.495+0000] {processor.py:925} INFO - DAG(s) 'example_python_operator' retrieved from /home/airflow/.local/lib/python3.12/site-packages/airflow/example_dags/example_python_operator.py
[2025-04-10T16:04:57.515+0000] {logging_mixin.py:190} INFO - [2025-04-10T16:04:57.515+0000] {dag.py:3239} INFO - Sync 1 DAGs
[2025-04-10T16:04:57.529+0000] {logging_mixin.py:190} INFO - [2025-04-10T16:04:57.529+0000] {dag.py:4180} INFO - Setting next_dagrun for example_python_operator to None, run_after=None
[2025-04-10T16:04:57.547+0000] {processor.py:208} INFO - Processing /home/airflow/.local/lib/python3.12/site-packages/airflow/example_dags/example_python_operator.py took 0.074 seconds
[2025-04-10T16:05:28.058+0000] {processor.py:186} INFO - Started process (PID=472) to work on /home/airflow/.local/lib/python3.12/site-packages/airflow/example_dags/example_python_operator.py
[2025-04-10T16:05:28.059+0000] {processor.py:914} INFO - Processing file /home/airflow/.local/lib/python3.12/site-packages/airflow/example_dags/example_python_operator.py for tasks to queue
[2025-04-10T16:05:28.061+0000] {logging_mixin.py:190} INFO - [2025-04-10T16:05:28.061+0000] {dagbag.py:588} INFO - Filling up the DagBag from /home/airflow/.local/lib/python3.12/site-packages/airflow/example_dags/example_python_operator.py
[2025-04-10T16:05:28.074+0000] {processor.py:925} INFO - DAG(s) 'example_python_operator' retrieved from /home/airflow/.local/lib/python3.12/site-packages/airflow/example_dags/example_python_operator.py
[2025-04-10T16:05:28.094+0000] {logging_mixin.py:190} INFO - [2025-04-10T16:05:28.094+0000] {dag.py:3239} INFO - Sync 1 DAGs
[2025-04-10T16:05:28.110+0000] {logging_mixin.py:190} INFO - [2025-04-10T16:05:28.110+0000] {dag.py:4180} INFO - Setting next_dagrun for example_python_operator to None, run_after=None
[2025-04-10T16:05:28.127+0000] {processor.py:208} INFO - Processing /home/airflow/.local/lib/python3.12/site-packages/airflow/example_dags/example_python_operator.py took 0.076 seconds
[2025-04-10T16:05:58.358+0000] {processor.py:186} INFO - Started process (PID=535) to work on /home/airflow/.local/lib/python3.12/site-packages/airflow/example_dags/example_python_operator.py
[2025-04-10T16:05:58.359+0000] {processor.py:914} INFO - Processing file /home/airflow/.local/lib/python3.12/site-packages/airflow/example_dags/example_python_operator.py for tasks to queue
[2025-04-10T16:05:58.362+0000] {logging_mixin.py:190} INFO - [2025-04-10T16:05:58.361+0000] {dagbag.py:588} INFO - Filling up the DagBag from /home/airflow/.local/lib/python3.12/site-packages/airflow/example_dags/example_python_operator.py
[2025-04-10T16:05:58.376+0000] {processor.py:925} INFO - DAG(s) 'example_python_operator' retrieved from /home/airflow/.local/lib/python3.12/site-packages/airflow/example_dags/example_python_operator.py
[2025-04-10T16:05:58.397+0000] {logging_mixin.py:190} INFO - [2025-04-10T16:05:58.396+0000] {dag.py:3239} INFO - Sync 1 DAGs
[2025-04-10T16:05:58.412+0000] {logging_mixin.py:190} INFO - [2025-04-10T16:05:58.411+0000] {dag.py:4180} INFO - Setting next_dagrun for example_python_operator to None, run_after=None
[2025-04-10T16:05:58.431+0000] {processor.py:208} INFO - Processing /home/airflow/.local/lib/python3.12/site-packages/airflow/example_dags/example_python_operator.py took 0.080 seconds
[2025-04-10T16:06:29.261+0000] {processor.py:186} INFO - Started process (PID=598) to work on /home/airflow/.local/lib/python3.12/site-packages/airflow/example_dags/example_python_operator.py
[2025-04-10T16:06:29.262+0000] {processor.py:914} INFO - Processing file /home/airflow/.local/lib/python3.12/site-packages/airflow/example_dags/example_python_operator.py for tasks to queue
[2025-04-10T16:06:29.264+0000] {logging_mixin.py:190} INFO - [2025-04-10T16:06:29.264+0000] {dagbag.py:588} INFO - Filling up the DagBag from /home/airflow/.local/lib/python3.12/site-packages/airflow/example_dags/example_python_operator.py
[2025-04-10T16:06:29.276+0000] {processor.py:925} INFO - DAG(s) 'example_python_operator' retrieved from /home/airflow/.local/lib/python3.12/site-packages/airflow/example_dags/example_python_operator.py
[2025-04-10T16:06:29.298+0000] {logging_mixin.py:190} INFO - [2025-04-10T16:06:29.298+0000] {dag.py:3239} INFO - Sync 1 DAGs
[2025-04-10T16:06:29.317+0000] {logging_mixin.py:190} INFO - [2025-04-10T16:06:29.317+0000] {dag.py:4180} INFO - Setting next_dagrun for example_python_operator to None, run_after=None
[2025-04-10T16:06:29.339+0000] {processor.py:208} INFO - Processing /home/airflow/.local/lib/python3.12/site-packages/airflow/example_dags/example_python_operator.py took 0.084 seconds
[2025-04-10T16:06:59.474+0000] {processor.py:186} INFO - Started process (PID=661) to work on /home/airflow/.local/lib/python3.12/site-packages/airflow/example_dags/example_python_operator.py
[2025-04-10T16:06:59.475+0000] {processor.py:914} INFO - Processing file /home/airflow/.local/lib/python3.12/site-packages/airflow/example_dags/example_python_operator.py for tasks to queue
[2025-04-10T16:06:59.478+0000] {logging_mixin.py:190} INFO - [2025-04-10T16:06:59.477+0000] {dagbag.py:588} INFO - Filling up the DagBag from /home/airflow/.local/lib/python3.12/site-packages/airflow/example_dags/example_python_operator.py
[2025-04-10T16:06:59.490+0000] {processor.py:925} INFO - DAG(s) 'example_python_operator' retrieved from /home/airflow/.local/lib/python3.12/site-packages/airflow/example_dags/example_python_operator.py
[2025-04-10T16:06:59.509+0000] {logging_mixin.py:190} INFO - [2025-04-10T16:06:59.509+0000] {dag.py:3239} INFO - Sync 1 DAGs
[2025-04-10T16:06:59.524+0000] {logging_mixin.py:190} INFO - [2025-04-10T16:06:59.524+0000] {dag.py:4180} INFO - Setting next_dagrun for example_python_operator to None, run_after=None
[2025-04-10T16:06:59.541+0000] {processor.py:208} INFO - Processing /home/airflow/.local/lib/python3.12/site-packages/airflow/example_dags/example_python_operator.py took 0.073 seconds
[2025-04-10T16:07:30.485+0000] {processor.py:186} INFO - Started process (PID=724) to work on /home/airflow/.local/lib/python3.12/site-packages/airflow/example_dags/example_python_operator.py
[2025-04-10T16:07:30.487+0000] {processor.py:914} INFO - Processing file /home/airflow/.local/lib/python3.12/site-packages/airflow/example_dags/example_python_operator.py for tasks to queue
[2025-04-10T16:07:30.489+0000] {logging_mixin.py:190} INFO - [2025-04-10T16:07:30.489+0000] {dagbag.py:588} INFO - Filling up the DagBag from /home/airflow/.local/lib/python3.12/site-packages/airflow/example_dags/example_python_operator.py
[2025-04-10T16:07:30.504+0000] {processor.py:925} INFO - DAG(s) 'example_python_operator' retrieved from /home/airflow/.local/lib/python3.12/site-packages/airflow/example_dags/example_python_operator.py
[2025-04-10T16:07:30.526+0000] {logging_mixin.py:190} INFO - [2025-04-10T16:07:30.526+0000] {dag.py:3239} INFO - Sync 1 DAGs
[2025-04-10T16:07:30.546+0000] {logging_mixin.py:190} INFO - [2025-04-10T16:07:30.546+0000] {dag.py:4180} INFO - Setting next_dagrun for example_python_operator to None, run_after=None
[2025-04-10T16:07:30.568+0000] {processor.py:208} INFO - Processing /home/airflow/.local/lib/python3.12/site-packages/airflow/example_dags/example_python_operator.py took 0.090 seconds
[2025-04-10T16:08:01.332+0000] {processor.py:186} INFO - Started process (PID=787) to work on /home/airflow/.local/lib/python3.12/site-packages/airflow/example_dags/example_python_operator.py
[2025-04-10T16:08:01.333+0000] {processor.py:914} INFO - Processing file /home/airflow/.local/lib/python3.12/site-packages/airflow/example_dags/example_python_operator.py for tasks to queue
[2025-04-10T16:08:01.336+0000] {logging_mixin.py:190} INFO - [2025-04-10T16:08:01.335+0000] {dagbag.py:588} INFO - Filling up the DagBag from /home/airflow/.local/lib/python3.12/site-packages/airflow/example_dags/example_python_operator.py
[2025-04-10T16:08:01.352+0000] {processor.py:925} INFO - DAG(s) 'example_python_operator' retrieved from /home/airflow/.local/lib/python3.12/site-packages/airflow/example_dags/example_python_operator.py
[2025-04-10T16:08:01.376+0000] {logging_mixin.py:190} INFO - [2025-04-10T16:08:01.375+0000] {dag.py:3239} INFO - Sync 1 DAGs
[2025-04-10T16:08:01.397+0000] {logging_mixin.py:190} INFO - [2025-04-10T16:08:01.397+0000] {dag.py:4180} INFO - Setting next_dagrun for example_python_operator to None, run_after=None
[2025-04-10T16:08:01.423+0000] {processor.py:208} INFO - Processing /home/airflow/.local/lib/python3.12/site-packages/airflow/example_dags/example_python_operator.py took 0.101 seconds
[2025-04-10T16:08:31.724+0000] {processor.py:186} INFO - Started process (PID=850) to work on /home/airflow/.local/lib/python3.12/site-packages/airflow/example_dags/example_python_operator.py
[2025-04-10T16:08:31.725+0000] {processor.py:914} INFO - Processing file /home/airflow/.local/lib/python3.12/site-packages/airflow/example_dags/example_python_operator.py for tasks to queue
[2025-04-10T16:08:31.729+0000] {logging_mixin.py:190} INFO - [2025-04-10T16:08:31.728+0000] {dagbag.py:588} INFO - Filling up the DagBag from /home/airflow/.local/lib/python3.12/site-packages/airflow/example_dags/example_python_operator.py
[2025-04-10T16:08:31.745+0000] {processor.py:925} INFO - DAG(s) 'example_python_operator' retrieved from /home/airflow/.local/lib/python3.12/site-packages/airflow/example_dags/example_python_operator.py
[2025-04-10T16:08:31.769+0000] {logging_mixin.py:190} INFO - [2025-04-10T16:08:31.768+0000] {dag.py:3239} INFO - Sync 1 DAGs
[2025-04-10T16:08:31.784+0000] {logging_mixin.py:190} INFO - [2025-04-10T16:08:31.784+0000] {dag.py:4180} INFO - Setting next_dagrun for example_python_operator to None, run_after=None
[2025-04-10T16:08:31.805+0000] {processor.py:208} INFO - Processing /home/airflow/.local/lib/python3.12/site-packages/airflow/example_dags/example_python_operator.py took 0.087 seconds
[2025-04-10T16:09:02.724+0000] {processor.py:186} INFO - Started process (PID=913) to work on /home/airflow/.local/lib/python3.12/site-packages/airflow/example_dags/example_python_operator.py
[2025-04-10T16:09:02.725+0000] {processor.py:914} INFO - Processing file /home/airflow/.local/lib/python3.12/site-packages/airflow/example_dags/example_python_operator.py for tasks to queue
[2025-04-10T16:09:02.727+0000] {logging_mixin.py:190} INFO - [2025-04-10T16:09:02.727+0000] {dagbag.py:588} INFO - Filling up the DagBag from /home/airflow/.local/lib/python3.12/site-packages/airflow/example_dags/example_python_operator.py
[2025-04-10T16:09:02.739+0000] {processor.py:925} INFO - DAG(s) 'example_python_operator' retrieved from /home/airflow/.local/lib/python3.12/site-packages/airflow/example_dags/example_python_operator.py
[2025-04-10T16:09:02.760+0000] {logging_mixin.py:190} INFO - [2025-04-10T16:09:02.760+0000] {dag.py:3239} INFO - Sync 1 DAGs
[2025-04-10T16:09:02.774+0000] {logging_mixin.py:190} INFO - [2025-04-10T16:09:02.774+0000] {dag.py:4180} INFO - Setting next_dagrun for example_python_operator to None, run_after=None
[2025-04-10T16:09:02.792+0000] {processor.py:208} INFO - Processing /home/airflow/.local/lib/python3.12/site-packages/airflow/example_dags/example_python_operator.py took 0.073 seconds
