[2025-04-10T16:02:23.677+0000] {processor.py:186} INFO - Started process (PID=85) to work on /home/airflow/.local/lib/python3.12/site-packages/airflow/example_dags/example_short_circuit_operator.py
[2025-04-10T16:02:23.679+0000] {processor.py:914} INFO - Processing file /home/airflow/.local/lib/python3.12/site-packages/airflow/example_dags/example_short_circuit_operator.py for tasks to queue
[2025-04-10T16:02:23.682+0000] {logging_mixin.py:190} INFO - [2025-04-10T16:02:23.681+0000] {dagbag.py:588} INFO - Filling up the DagBag from /home/airflow/.local/lib/python3.12/site-packages/airflow/example_dags/example_short_circuit_operator.py
[2025-04-10T16:02:23.703+0000] {processor.py:925} INFO - DAG(s) 'example_short_circuit_operator' retrieved from /home/airflow/.local/lib/python3.12/site-packages/airflow/example_dags/example_short_circuit_operator.py
[2025-04-10T16:02:23.881+0000] {logging_mixin.py:190} INFO - [2025-04-10T16:02:23.880+0000] {override.py:1912} INFO - Created Permission View: can read on DAG:example_short_circuit_operator
[2025-04-10T16:02:23.893+0000] {logging_mixin.py:190} INFO - [2025-04-10T16:02:23.893+0000] {override.py:1912} INFO - Created Permission View: can delete on DAG:example_short_circuit_operator
[2025-04-10T16:02:23.901+0000] {logging_mixin.py:190} INFO - [2025-04-10T16:02:23.900+0000] {override.py:1912} INFO - Created Permission View: can edit on DAG:example_short_circuit_operator
[2025-04-10T16:02:23.911+0000] {logging_mixin.py:190} INFO - [2025-04-10T16:02:23.910+0000] {override.py:1912} INFO - Created Permission View: menu access on DAG Run:example_short_circuit_operator
[2025-04-10T16:02:23.919+0000] {logging_mixin.py:190} INFO - [2025-04-10T16:02:23.918+0000] {override.py:1912} INFO - Created Permission View: can read on DAG Run:example_short_circuit_operator
[2025-04-10T16:02:23.926+0000] {logging_mixin.py:190} INFO - [2025-04-10T16:02:23.925+0000] {override.py:1912} INFO - Created Permission View: can create on DAG Run:example_short_circuit_operator
[2025-04-10T16:02:23.934+0000] {logging_mixin.py:190} INFO - [2025-04-10T16:02:23.934+0000] {override.py:1912} INFO - Created Permission View: can delete on DAG Run:example_short_circuit_operator
[2025-04-10T16:02:23.935+0000] {logging_mixin.py:190} INFO - [2025-04-10T16:02:23.935+0000] {dag.py:3239} INFO - Sync 1 DAGs
[2025-04-10T16:02:23.954+0000] {logging_mixin.py:190} INFO - [2025-04-10T16:02:23.954+0000] {dag.py:3262} INFO - Creating ORM DAG for example_short_circuit_operator
[2025-04-10T16:02:23.956+0000] {logging_mixin.py:190} INFO - [2025-04-10T16:02:23.955+0000] {dag.py:4180} INFO - Setting next_dagrun for example_short_circuit_operator to None, run_after=None
[2025-04-10T16:02:23.974+0000] {processor.py:208} INFO - Processing /home/airflow/.local/lib/python3.12/site-packages/airflow/example_dags/example_short_circuit_operator.py took 0.306 seconds
[2025-04-10T16:02:54.106+0000] {processor.py:186} INFO - Started process (PID=148) to work on /home/airflow/.local/lib/python3.12/site-packages/airflow/example_dags/example_short_circuit_operator.py
[2025-04-10T16:02:54.107+0000] {processor.py:914} INFO - Processing file /home/airflow/.local/lib/python3.12/site-packages/airflow/example_dags/example_short_circuit_operator.py for tasks to queue
[2025-04-10T16:02:54.109+0000] {logging_mixin.py:190} INFO - [2025-04-10T16:02:54.109+0000] {dagbag.py:588} INFO - Filling up the DagBag from /home/airflow/.local/lib/python3.12/site-packages/airflow/example_dags/example_short_circuit_operator.py
[2025-04-10T16:02:54.118+0000] {processor.py:925} INFO - DAG(s) 'example_short_circuit_operator' retrieved from /home/airflow/.local/lib/python3.12/site-packages/airflow/example_dags/example_short_circuit_operator.py
[2025-04-10T16:02:54.141+0000] {logging_mixin.py:190} INFO - [2025-04-10T16:02:54.140+0000] {dag.py:3239} INFO - Sync 1 DAGs
[2025-04-10T16:02:54.155+0000] {logging_mixin.py:190} INFO - [2025-04-10T16:02:54.155+0000] {dag.py:4180} INFO - Setting next_dagrun for example_short_circuit_operator to None, run_after=None
[2025-04-10T16:02:54.175+0000] {processor.py:208} INFO - Processing /home/airflow/.local/lib/python3.12/site-packages/airflow/example_dags/example_short_circuit_operator.py took 0.076 seconds
[2025-04-10T16:03:24.513+0000] {processor.py:186} INFO - Started process (PID=217) to work on /home/airflow/.local/lib/python3.12/site-packages/airflow/example_dags/example_short_circuit_operator.py
[2025-04-10T16:03:24.514+0000] {processor.py:914} INFO - Processing file /home/airflow/.local/lib/python3.12/site-packages/airflow/example_dags/example_short_circuit_operator.py for tasks to queue
[2025-04-10T16:03:24.516+0000] {logging_mixin.py:190} INFO - [2025-04-10T16:03:24.516+0000] {dagbag.py:588} INFO - Filling up the DagBag from /home/airflow/.local/lib/python3.12/site-packages/airflow/example_dags/example_short_circuit_operator.py
[2025-04-10T16:03:24.524+0000] {processor.py:925} INFO - DAG(s) 'example_short_circuit_operator' retrieved from /home/airflow/.local/lib/python3.12/site-packages/airflow/example_dags/example_short_circuit_operator.py
[2025-04-10T16:03:24.547+0000] {logging_mixin.py:190} INFO - [2025-04-10T16:03:24.547+0000] {dag.py:3239} INFO - Sync 1 DAGs
[2025-04-10T16:03:24.561+0000] {logging_mixin.py:190} INFO - [2025-04-10T16:03:24.561+0000] {dag.py:4180} INFO - Setting next_dagrun for example_short_circuit_operator to None, run_after=None
[2025-04-10T16:03:24.580+0000] {processor.py:208} INFO - Processing /home/airflow/.local/lib/python3.12/site-packages/airflow/example_dags/example_short_circuit_operator.py took 0.074 seconds
[2025-04-10T16:03:54.974+0000] {processor.py:186} INFO - Started process (PID=280) to work on /home/airflow/.local/lib/python3.12/site-packages/airflow/example_dags/example_short_circuit_operator.py
[2025-04-10T16:03:54.975+0000] {processor.py:914} INFO - Processing file /home/airflow/.local/lib/python3.12/site-packages/airflow/example_dags/example_short_circuit_operator.py for tasks to queue
[2025-04-10T16:03:54.977+0000] {logging_mixin.py:190} INFO - [2025-04-10T16:03:54.977+0000] {dagbag.py:588} INFO - Filling up the DagBag from /home/airflow/.local/lib/python3.12/site-packages/airflow/example_dags/example_short_circuit_operator.py
[2025-04-10T16:03:54.985+0000] {processor.py:925} INFO - DAG(s) 'example_short_circuit_operator' retrieved from /home/airflow/.local/lib/python3.12/site-packages/airflow/example_dags/example_short_circuit_operator.py
[2025-04-10T16:03:55.007+0000] {logging_mixin.py:190} INFO - [2025-04-10T16:03:55.007+0000] {dag.py:3239} INFO - Sync 1 DAGs
[2025-04-10T16:03:55.022+0000] {logging_mixin.py:190} INFO - [2025-04-10T16:03:55.021+0000] {dag.py:4180} INFO - Setting next_dagrun for example_short_circuit_operator to None, run_after=None
[2025-04-10T16:03:55.039+0000] {processor.py:208} INFO - Processing /home/airflow/.local/lib/python3.12/site-packages/airflow/example_dags/example_short_circuit_operator.py took 0.071 seconds
[2025-04-10T16:04:25.663+0000] {processor.py:186} INFO - Started process (PID=343) to work on /home/airflow/.local/lib/python3.12/site-packages/airflow/example_dags/example_short_circuit_operator.py
[2025-04-10T16:04:25.665+0000] {processor.py:914} INFO - Processing file /home/airflow/.local/lib/python3.12/site-packages/airflow/example_dags/example_short_circuit_operator.py for tasks to queue
[2025-04-10T16:04:25.667+0000] {logging_mixin.py:190} INFO - [2025-04-10T16:04:25.667+0000] {dagbag.py:588} INFO - Filling up the DagBag from /home/airflow/.local/lib/python3.12/site-packages/airflow/example_dags/example_short_circuit_operator.py
[2025-04-10T16:04:25.675+0000] {processor.py:925} INFO - DAG(s) 'example_short_circuit_operator' retrieved from /home/airflow/.local/lib/python3.12/site-packages/airflow/example_dags/example_short_circuit_operator.py
[2025-04-10T16:04:25.697+0000] {logging_mixin.py:190} INFO - [2025-04-10T16:04:25.697+0000] {dag.py:3239} INFO - Sync 1 DAGs
[2025-04-10T16:04:25.711+0000] {logging_mixin.py:190} INFO - [2025-04-10T16:04:25.711+0000] {dag.py:4180} INFO - Setting next_dagrun for example_short_circuit_operator to None, run_after=None
[2025-04-10T16:04:25.729+0000] {processor.py:208} INFO - Processing /home/airflow/.local/lib/python3.12/site-packages/airflow/example_dags/example_short_circuit_operator.py took 0.072 seconds
[2025-04-10T16:04:56.369+0000] {processor.py:186} INFO - Started process (PID=406) to work on /home/airflow/.local/lib/python3.12/site-packages/airflow/example_dags/example_short_circuit_operator.py
[2025-04-10T16:04:56.370+0000] {processor.py:914} INFO - Processing file /home/airflow/.local/lib/python3.12/site-packages/airflow/example_dags/example_short_circuit_operator.py for tasks to queue
[2025-04-10T16:04:56.372+0000] {logging_mixin.py:190} INFO - [2025-04-10T16:04:56.372+0000] {dagbag.py:588} INFO - Filling up the DagBag from /home/airflow/.local/lib/python3.12/site-packages/airflow/example_dags/example_short_circuit_operator.py
[2025-04-10T16:04:56.381+0000] {processor.py:925} INFO - DAG(s) 'example_short_circuit_operator' retrieved from /home/airflow/.local/lib/python3.12/site-packages/airflow/example_dags/example_short_circuit_operator.py
[2025-04-10T16:04:56.402+0000] {logging_mixin.py:190} INFO - [2025-04-10T16:04:56.402+0000] {dag.py:3239} INFO - Sync 1 DAGs
[2025-04-10T16:04:56.416+0000] {logging_mixin.py:190} INFO - [2025-04-10T16:04:56.415+0000] {dag.py:4180} INFO - Setting next_dagrun for example_short_circuit_operator to None, run_after=None
[2025-04-10T16:04:56.433+0000] {processor.py:208} INFO - Processing /home/airflow/.local/lib/python3.12/site-packages/airflow/example_dags/example_short_circuit_operator.py took 0.070 seconds
[2025-04-10T16:05:26.863+0000] {processor.py:186} INFO - Started process (PID=469) to work on /home/airflow/.local/lib/python3.12/site-packages/airflow/example_dags/example_short_circuit_operator.py
[2025-04-10T16:05:26.864+0000] {processor.py:914} INFO - Processing file /home/airflow/.local/lib/python3.12/site-packages/airflow/example_dags/example_short_circuit_operator.py for tasks to queue
[2025-04-10T16:05:26.866+0000] {logging_mixin.py:190} INFO - [2025-04-10T16:05:26.866+0000] {dagbag.py:588} INFO - Filling up the DagBag from /home/airflow/.local/lib/python3.12/site-packages/airflow/example_dags/example_short_circuit_operator.py
[2025-04-10T16:05:26.874+0000] {processor.py:925} INFO - DAG(s) 'example_short_circuit_operator' retrieved from /home/airflow/.local/lib/python3.12/site-packages/airflow/example_dags/example_short_circuit_operator.py
[2025-04-10T16:05:26.895+0000] {logging_mixin.py:190} INFO - [2025-04-10T16:05:26.895+0000] {dag.py:3239} INFO - Sync 1 DAGs
[2025-04-10T16:05:26.909+0000] {logging_mixin.py:190} INFO - [2025-04-10T16:05:26.909+0000] {dag.py:4180} INFO - Setting next_dagrun for example_short_circuit_operator to None, run_after=None
[2025-04-10T16:05:26.926+0000] {processor.py:208} INFO - Processing /home/airflow/.local/lib/python3.12/site-packages/airflow/example_dags/example_short_circuit_operator.py took 0.069 seconds
[2025-04-10T16:05:57.187+0000] {processor.py:186} INFO - Started process (PID=532) to work on /home/airflow/.local/lib/python3.12/site-packages/airflow/example_dags/example_short_circuit_operator.py
[2025-04-10T16:05:57.188+0000] {processor.py:914} INFO - Processing file /home/airflow/.local/lib/python3.12/site-packages/airflow/example_dags/example_short_circuit_operator.py for tasks to queue
[2025-04-10T16:05:57.190+0000] {logging_mixin.py:190} INFO - [2025-04-10T16:05:57.189+0000] {dagbag.py:588} INFO - Filling up the DagBag from /home/airflow/.local/lib/python3.12/site-packages/airflow/example_dags/example_short_circuit_operator.py
[2025-04-10T16:05:57.199+0000] {processor.py:925} INFO - DAG(s) 'example_short_circuit_operator' retrieved from /home/airflow/.local/lib/python3.12/site-packages/airflow/example_dags/example_short_circuit_operator.py
[2025-04-10T16:05:57.221+0000] {logging_mixin.py:190} INFO - [2025-04-10T16:05:57.221+0000] {dag.py:3239} INFO - Sync 1 DAGs
[2025-04-10T16:05:57.236+0000] {logging_mixin.py:190} INFO - [2025-04-10T16:05:57.236+0000] {dag.py:4180} INFO - Setting next_dagrun for example_short_circuit_operator to None, run_after=None
[2025-04-10T16:05:57.252+0000] {processor.py:208} INFO - Processing /home/airflow/.local/lib/python3.12/site-packages/airflow/example_dags/example_short_circuit_operator.py took 0.071 seconds
[2025-04-10T16:06:28.153+0000] {processor.py:186} INFO - Started process (PID=595) to work on /home/airflow/.local/lib/python3.12/site-packages/airflow/example_dags/example_short_circuit_operator.py
[2025-04-10T16:06:28.154+0000] {processor.py:914} INFO - Processing file /home/airflow/.local/lib/python3.12/site-packages/airflow/example_dags/example_short_circuit_operator.py for tasks to queue
[2025-04-10T16:06:28.156+0000] {logging_mixin.py:190} INFO - [2025-04-10T16:06:28.156+0000] {dagbag.py:588} INFO - Filling up the DagBag from /home/airflow/.local/lib/python3.12/site-packages/airflow/example_dags/example_short_circuit_operator.py
[2025-04-10T16:06:28.165+0000] {processor.py:925} INFO - DAG(s) 'example_short_circuit_operator' retrieved from /home/airflow/.local/lib/python3.12/site-packages/airflow/example_dags/example_short_circuit_operator.py
[2025-04-10T16:06:28.187+0000] {logging_mixin.py:190} INFO - [2025-04-10T16:06:28.187+0000] {dag.py:3239} INFO - Sync 1 DAGs
[2025-04-10T16:06:28.202+0000] {logging_mixin.py:190} INFO - [2025-04-10T16:06:28.202+0000] {dag.py:4180} INFO - Setting next_dagrun for example_short_circuit_operator to None, run_after=None
[2025-04-10T16:06:28.220+0000] {processor.py:208} INFO - Processing /home/airflow/.local/lib/python3.12/site-packages/airflow/example_dags/example_short_circuit_operator.py took 0.073 seconds
[2025-04-10T16:06:58.305+0000] {processor.py:186} INFO - Started process (PID=658) to work on /home/airflow/.local/lib/python3.12/site-packages/airflow/example_dags/example_short_circuit_operator.py
[2025-04-10T16:06:58.306+0000] {processor.py:914} INFO - Processing file /home/airflow/.local/lib/python3.12/site-packages/airflow/example_dags/example_short_circuit_operator.py for tasks to queue
[2025-04-10T16:06:58.308+0000] {logging_mixin.py:190} INFO - [2025-04-10T16:06:58.308+0000] {dagbag.py:588} INFO - Filling up the DagBag from /home/airflow/.local/lib/python3.12/site-packages/airflow/example_dags/example_short_circuit_operator.py
[2025-04-10T16:06:58.317+0000] {processor.py:925} INFO - DAG(s) 'example_short_circuit_operator' retrieved from /home/airflow/.local/lib/python3.12/site-packages/airflow/example_dags/example_short_circuit_operator.py
[2025-04-10T16:06:58.338+0000] {logging_mixin.py:190} INFO - [2025-04-10T16:06:58.338+0000] {dag.py:3239} INFO - Sync 1 DAGs
[2025-04-10T16:06:58.353+0000] {logging_mixin.py:190} INFO - [2025-04-10T16:06:58.353+0000] {dag.py:4180} INFO - Setting next_dagrun for example_short_circuit_operator to None, run_after=None
[2025-04-10T16:06:58.371+0000] {processor.py:208} INFO - Processing /home/airflow/.local/lib/python3.12/site-packages/airflow/example_dags/example_short_circuit_operator.py took 0.072 seconds
[2025-04-10T16:07:29.352+0000] {processor.py:186} INFO - Started process (PID=721) to work on /home/airflow/.local/lib/python3.12/site-packages/airflow/example_dags/example_short_circuit_operator.py
[2025-04-10T16:07:29.353+0000] {processor.py:914} INFO - Processing file /home/airflow/.local/lib/python3.12/site-packages/airflow/example_dags/example_short_circuit_operator.py for tasks to queue
[2025-04-10T16:07:29.355+0000] {logging_mixin.py:190} INFO - [2025-04-10T16:07:29.355+0000] {dagbag.py:588} INFO - Filling up the DagBag from /home/airflow/.local/lib/python3.12/site-packages/airflow/example_dags/example_short_circuit_operator.py
[2025-04-10T16:07:29.363+0000] {processor.py:925} INFO - DAG(s) 'example_short_circuit_operator' retrieved from /home/airflow/.local/lib/python3.12/site-packages/airflow/example_dags/example_short_circuit_operator.py
[2025-04-10T16:07:29.386+0000] {logging_mixin.py:190} INFO - [2025-04-10T16:07:29.385+0000] {dag.py:3239} INFO - Sync 1 DAGs
[2025-04-10T16:07:29.402+0000] {logging_mixin.py:190} INFO - [2025-04-10T16:07:29.402+0000] {dag.py:4180} INFO - Setting next_dagrun for example_short_circuit_operator to None, run_after=None
[2025-04-10T16:07:29.423+0000] {processor.py:208} INFO - Processing /home/airflow/.local/lib/python3.12/site-packages/airflow/example_dags/example_short_circuit_operator.py took 0.077 seconds
[2025-04-10T16:08:00.115+0000] {processor.py:186} INFO - Started process (PID=784) to work on /home/airflow/.local/lib/python3.12/site-packages/airflow/example_dags/example_short_circuit_operator.py
[2025-04-10T16:08:00.116+0000] {processor.py:914} INFO - Processing file /home/airflow/.local/lib/python3.12/site-packages/airflow/example_dags/example_short_circuit_operator.py for tasks to queue
[2025-04-10T16:08:00.118+0000] {logging_mixin.py:190} INFO - [2025-04-10T16:08:00.118+0000] {dagbag.py:588} INFO - Filling up the DagBag from /home/airflow/.local/lib/python3.12/site-packages/airflow/example_dags/example_short_circuit_operator.py
[2025-04-10T16:08:00.127+0000] {processor.py:925} INFO - DAG(s) 'example_short_circuit_operator' retrieved from /home/airflow/.local/lib/python3.12/site-packages/airflow/example_dags/example_short_circuit_operator.py
[2025-04-10T16:08:00.151+0000] {logging_mixin.py:190} INFO - [2025-04-10T16:08:00.151+0000] {dag.py:3239} INFO - Sync 1 DAGs
[2025-04-10T16:08:00.168+0000] {logging_mixin.py:190} INFO - [2025-04-10T16:08:00.168+0000] {dag.py:4180} INFO - Setting next_dagrun for example_short_circuit_operator to None, run_after=None
[2025-04-10T16:08:00.186+0000] {processor.py:208} INFO - Processing /home/airflow/.local/lib/python3.12/site-packages/airflow/example_dags/example_short_circuit_operator.py took 0.078 seconds
[2025-04-10T16:08:30.525+0000] {processor.py:186} INFO - Started process (PID=847) to work on /home/airflow/.local/lib/python3.12/site-packages/airflow/example_dags/example_short_circuit_operator.py
[2025-04-10T16:08:30.526+0000] {processor.py:914} INFO - Processing file /home/airflow/.local/lib/python3.12/site-packages/airflow/example_dags/example_short_circuit_operator.py for tasks to queue
[2025-04-10T16:08:30.528+0000] {logging_mixin.py:190} INFO - [2025-04-10T16:08:30.528+0000] {dagbag.py:588} INFO - Filling up the DagBag from /home/airflow/.local/lib/python3.12/site-packages/airflow/example_dags/example_short_circuit_operator.py
[2025-04-10T16:08:30.537+0000] {processor.py:925} INFO - DAG(s) 'example_short_circuit_operator' retrieved from /home/airflow/.local/lib/python3.12/site-packages/airflow/example_dags/example_short_circuit_operator.py
[2025-04-10T16:08:30.559+0000] {logging_mixin.py:190} INFO - [2025-04-10T16:08:30.559+0000] {dag.py:3239} INFO - Sync 1 DAGs
[2025-04-10T16:08:30.573+0000] {logging_mixin.py:190} INFO - [2025-04-10T16:08:30.573+0000] {dag.py:4180} INFO - Setting next_dagrun for example_short_circuit_operator to None, run_after=None
[2025-04-10T16:08:30.591+0000] {processor.py:208} INFO - Processing /home/airflow/.local/lib/python3.12/site-packages/airflow/example_dags/example_short_circuit_operator.py took 0.072 seconds
[2025-04-10T16:09:01.611+0000] {processor.py:186} INFO - Started process (PID=910) to work on /home/airflow/.local/lib/python3.12/site-packages/airflow/example_dags/example_short_circuit_operator.py
[2025-04-10T16:09:01.612+0000] {processor.py:914} INFO - Processing file /home/airflow/.local/lib/python3.12/site-packages/airflow/example_dags/example_short_circuit_operator.py for tasks to queue
[2025-04-10T16:09:01.614+0000] {logging_mixin.py:190} INFO - [2025-04-10T16:09:01.614+0000] {dagbag.py:588} INFO - Filling up the DagBag from /home/airflow/.local/lib/python3.12/site-packages/airflow/example_dags/example_short_circuit_operator.py
[2025-04-10T16:09:01.622+0000] {processor.py:925} INFO - DAG(s) 'example_short_circuit_operator' retrieved from /home/airflow/.local/lib/python3.12/site-packages/airflow/example_dags/example_short_circuit_operator.py
[2025-04-10T16:09:01.645+0000] {logging_mixin.py:190} INFO - [2025-04-10T16:09:01.645+0000] {dag.py:3239} INFO - Sync 1 DAGs
[2025-04-10T16:09:01.660+0000] {logging_mixin.py:190} INFO - [2025-04-10T16:09:01.659+0000] {dag.py:4180} INFO - Setting next_dagrun for example_short_circuit_operator to None, run_after=None
[2025-04-10T16:09:01.678+0000] {processor.py:208} INFO - Processing /home/airflow/.local/lib/python3.12/site-packages/airflow/example_dags/example_short_circuit_operator.py took 0.072 seconds
