[2025-04-10T16:02:25.177+0000] {processor.py:186} INFO - Started process (PID=101) to work on /home/airflow/.local/lib/python3.12/site-packages/airflow/example_dags/example_trigger_controller_dag.py
[2025-04-10T16:02:25.178+0000] {processor.py:914} INFO - Processing file /home/airflow/.local/lib/python3.12/site-packages/airflow/example_dags/example_trigger_controller_dag.py for tasks to queue
[2025-04-10T16:02:25.181+0000] {logging_mixin.py:190} INFO - [2025-04-10T16:02:25.181+0000] {dagbag.py:588} INFO - Filling up the DagBag from /home/airflow/.local/lib/python3.12/site-packages/airflow/example_dags/example_trigger_controller_dag.py
[2025-04-10T16:02:25.190+0000] {processor.py:925} INFO - DAG(s) 'example_trigger_controller_dag' retrieved from /home/airflow/.local/lib/python3.12/site-packages/airflow/example_dags/example_trigger_controller_dag.py
[2025-04-10T16:02:25.329+0000] {logging_mixin.py:190} INFO - [2025-04-10T16:02:25.329+0000] {override.py:1912} INFO - Created Permission View: can read on DAG:example_trigger_controller_dag
[2025-04-10T16:02:25.341+0000] {logging_mixin.py:190} INFO - [2025-04-10T16:02:25.341+0000] {override.py:1912} INFO - Created Permission View: can delete on DAG:example_trigger_controller_dag
[2025-04-10T16:02:25.351+0000] {logging_mixin.py:190} INFO - [2025-04-10T16:02:25.350+0000] {override.py:1912} INFO - Created Permission View: can edit on DAG:example_trigger_controller_dag
[2025-04-10T16:02:25.359+0000] {logging_mixin.py:190} INFO - [2025-04-10T16:02:25.359+0000] {override.py:1912} INFO - Created Permission View: menu access on DAG Run:example_trigger_controller_dag
[2025-04-10T16:02:25.373+0000] {logging_mixin.py:190} INFO - [2025-04-10T16:02:25.373+0000] {override.py:1912} INFO - Created Permission View: can read on DAG Run:example_trigger_controller_dag
[2025-04-10T16:02:25.382+0000] {logging_mixin.py:190} INFO - [2025-04-10T16:02:25.381+0000] {override.py:1912} INFO - Created Permission View: can create on DAG Run:example_trigger_controller_dag
[2025-04-10T16:02:25.390+0000] {logging_mixin.py:190} INFO - [2025-04-10T16:02:25.390+0000] {override.py:1912} INFO - Created Permission View: can delete on DAG Run:example_trigger_controller_dag
[2025-04-10T16:02:25.391+0000] {logging_mixin.py:190} INFO - [2025-04-10T16:02:25.391+0000] {dag.py:3239} INFO - Sync 1 DAGs
[2025-04-10T16:02:25.405+0000] {logging_mixin.py:190} INFO - [2025-04-10T16:02:25.404+0000] {dag.py:3262} INFO - Creating ORM DAG for example_trigger_controller_dag
[2025-04-10T16:02:25.416+0000] {logging_mixin.py:190} INFO - [2025-04-10T16:02:25.416+0000] {dag.py:4180} INFO - Setting next_dagrun for example_trigger_controller_dag to 2021-01-01 00:00:00+00:00, run_after=2021-01-01 00:00:00+00:00
[2025-04-10T16:02:25.435+0000] {processor.py:208} INFO - Processing /home/airflow/.local/lib/python3.12/site-packages/airflow/example_dags/example_trigger_controller_dag.py took 0.265 seconds
[2025-04-10T16:02:55.592+0000] {processor.py:186} INFO - Started process (PID=164) to work on /home/airflow/.local/lib/python3.12/site-packages/airflow/example_dags/example_trigger_controller_dag.py
[2025-04-10T16:02:55.593+0000] {processor.py:914} INFO - Processing file /home/airflow/.local/lib/python3.12/site-packages/airflow/example_dags/example_trigger_controller_dag.py for tasks to queue
[2025-04-10T16:02:55.595+0000] {logging_mixin.py:190} INFO - [2025-04-10T16:02:55.595+0000] {dagbag.py:588} INFO - Filling up the DagBag from /home/airflow/.local/lib/python3.12/site-packages/airflow/example_dags/example_trigger_controller_dag.py
[2025-04-10T16:02:55.602+0000] {processor.py:925} INFO - DAG(s) 'example_trigger_controller_dag' retrieved from /home/airflow/.local/lib/python3.12/site-packages/airflow/example_dags/example_trigger_controller_dag.py
[2025-04-10T16:02:55.619+0000] {logging_mixin.py:190} INFO - [2025-04-10T16:02:55.619+0000] {dag.py:3239} INFO - Sync 1 DAGs
[2025-04-10T16:02:55.642+0000] {logging_mixin.py:190} INFO - [2025-04-10T16:02:55.642+0000] {dag.py:4180} INFO - Setting next_dagrun for example_trigger_controller_dag to 2021-01-01 00:00:00+00:00, run_after=2021-01-01 00:00:00+00:00
[2025-04-10T16:02:55.662+0000] {processor.py:208} INFO - Processing /home/airflow/.local/lib/python3.12/site-packages/airflow/example_dags/example_trigger_controller_dag.py took 0.076 seconds
[2025-04-10T16:03:26.097+0000] {processor.py:186} INFO - Started process (PID=227) to work on /home/airflow/.local/lib/python3.12/site-packages/airflow/example_dags/example_trigger_controller_dag.py
[2025-04-10T16:03:26.098+0000] {processor.py:914} INFO - Processing file /home/airflow/.local/lib/python3.12/site-packages/airflow/example_dags/example_trigger_controller_dag.py for tasks to queue
[2025-04-10T16:03:26.101+0000] {logging_mixin.py:190} INFO - [2025-04-10T16:03:26.100+0000] {dagbag.py:588} INFO - Filling up the DagBag from /home/airflow/.local/lib/python3.12/site-packages/airflow/example_dags/example_trigger_controller_dag.py
[2025-04-10T16:03:26.108+0000] {processor.py:925} INFO - DAG(s) 'example_trigger_controller_dag' retrieved from /home/airflow/.local/lib/python3.12/site-packages/airflow/example_dags/example_trigger_controller_dag.py
[2025-04-10T16:03:26.125+0000] {logging_mixin.py:190} INFO - [2025-04-10T16:03:26.125+0000] {dag.py:3239} INFO - Sync 1 DAGs
[2025-04-10T16:03:26.150+0000] {logging_mixin.py:190} INFO - [2025-04-10T16:03:26.150+0000] {dag.py:4180} INFO - Setting next_dagrun for example_trigger_controller_dag to 2021-01-01 00:00:00+00:00, run_after=2021-01-01 00:00:00+00:00
[2025-04-10T16:03:26.168+0000] {processor.py:208} INFO - Processing /home/airflow/.local/lib/python3.12/site-packages/airflow/example_dags/example_trigger_controller_dag.py took 0.076 seconds
[2025-04-10T16:03:56.434+0000] {processor.py:186} INFO - Started process (PID=290) to work on /home/airflow/.local/lib/python3.12/site-packages/airflow/example_dags/example_trigger_controller_dag.py
[2025-04-10T16:03:56.435+0000] {processor.py:914} INFO - Processing file /home/airflow/.local/lib/python3.12/site-packages/airflow/example_dags/example_trigger_controller_dag.py for tasks to queue
[2025-04-10T16:03:56.437+0000] {logging_mixin.py:190} INFO - [2025-04-10T16:03:56.437+0000] {dagbag.py:588} INFO - Filling up the DagBag from /home/airflow/.local/lib/python3.12/site-packages/airflow/example_dags/example_trigger_controller_dag.py
[2025-04-10T16:03:56.444+0000] {processor.py:925} INFO - DAG(s) 'example_trigger_controller_dag' retrieved from /home/airflow/.local/lib/python3.12/site-packages/airflow/example_dags/example_trigger_controller_dag.py
[2025-04-10T16:03:56.463+0000] {logging_mixin.py:190} INFO - [2025-04-10T16:03:56.463+0000] {dag.py:3239} INFO - Sync 1 DAGs
[2025-04-10T16:03:56.487+0000] {logging_mixin.py:190} INFO - [2025-04-10T16:03:56.486+0000] {dag.py:4180} INFO - Setting next_dagrun for example_trigger_controller_dag to 2021-01-01 00:00:00+00:00, run_after=2021-01-01 00:00:00+00:00
[2025-04-10T16:03:56.504+0000] {processor.py:208} INFO - Processing /home/airflow/.local/lib/python3.12/site-packages/airflow/example_dags/example_trigger_controller_dag.py took 0.076 seconds
[2025-04-10T16:04:27.141+0000] {processor.py:186} INFO - Started process (PID=353) to work on /home/airflow/.local/lib/python3.12/site-packages/airflow/example_dags/example_trigger_controller_dag.py
[2025-04-10T16:04:27.142+0000] {processor.py:914} INFO - Processing file /home/airflow/.local/lib/python3.12/site-packages/airflow/example_dags/example_trigger_controller_dag.py for tasks to queue
[2025-04-10T16:04:27.145+0000] {logging_mixin.py:190} INFO - [2025-04-10T16:04:27.145+0000] {dagbag.py:588} INFO - Filling up the DagBag from /home/airflow/.local/lib/python3.12/site-packages/airflow/example_dags/example_trigger_controller_dag.py
[2025-04-10T16:04:27.152+0000] {processor.py:925} INFO - DAG(s) 'example_trigger_controller_dag' retrieved from /home/airflow/.local/lib/python3.12/site-packages/airflow/example_dags/example_trigger_controller_dag.py
[2025-04-10T16:04:27.171+0000] {logging_mixin.py:190} INFO - [2025-04-10T16:04:27.170+0000] {dag.py:3239} INFO - Sync 1 DAGs
[2025-04-10T16:04:27.195+0000] {logging_mixin.py:190} INFO - [2025-04-10T16:04:27.195+0000] {dag.py:4180} INFO - Setting next_dagrun for example_trigger_controller_dag to 2021-01-01 00:00:00+00:00, run_after=2021-01-01 00:00:00+00:00
[2025-04-10T16:04:27.213+0000] {processor.py:208} INFO - Processing /home/airflow/.local/lib/python3.12/site-packages/airflow/example_dags/example_trigger_controller_dag.py took 0.078 seconds
[2025-04-10T16:04:57.838+0000] {processor.py:186} INFO - Started process (PID=416) to work on /home/airflow/.local/lib/python3.12/site-packages/airflow/example_dags/example_trigger_controller_dag.py
[2025-04-10T16:04:57.839+0000] {processor.py:914} INFO - Processing file /home/airflow/.local/lib/python3.12/site-packages/airflow/example_dags/example_trigger_controller_dag.py for tasks to queue
[2025-04-10T16:04:57.841+0000] {logging_mixin.py:190} INFO - [2025-04-10T16:04:57.841+0000] {dagbag.py:588} INFO - Filling up the DagBag from /home/airflow/.local/lib/python3.12/site-packages/airflow/example_dags/example_trigger_controller_dag.py
[2025-04-10T16:04:57.848+0000] {processor.py:925} INFO - DAG(s) 'example_trigger_controller_dag' retrieved from /home/airflow/.local/lib/python3.12/site-packages/airflow/example_dags/example_trigger_controller_dag.py
[2025-04-10T16:04:57.865+0000] {logging_mixin.py:190} INFO - [2025-04-10T16:04:57.864+0000] {dag.py:3239} INFO - Sync 1 DAGs
[2025-04-10T16:04:57.888+0000] {logging_mixin.py:190} INFO - [2025-04-10T16:04:57.888+0000] {dag.py:4180} INFO - Setting next_dagrun for example_trigger_controller_dag to 2021-01-01 00:00:00+00:00, run_after=2021-01-01 00:00:00+00:00
[2025-04-10T16:04:57.906+0000] {processor.py:208} INFO - Processing /home/airflow/.local/lib/python3.12/site-packages/airflow/example_dags/example_trigger_controller_dag.py took 0.073 seconds
[2025-04-10T16:05:28.397+0000] {processor.py:186} INFO - Started process (PID=479) to work on /home/airflow/.local/lib/python3.12/site-packages/airflow/example_dags/example_trigger_controller_dag.py
[2025-04-10T16:05:28.398+0000] {processor.py:914} INFO - Processing file /home/airflow/.local/lib/python3.12/site-packages/airflow/example_dags/example_trigger_controller_dag.py for tasks to queue
[2025-04-10T16:05:28.400+0000] {logging_mixin.py:190} INFO - [2025-04-10T16:05:28.400+0000] {dagbag.py:588} INFO - Filling up the DagBag from /home/airflow/.local/lib/python3.12/site-packages/airflow/example_dags/example_trigger_controller_dag.py
[2025-04-10T16:05:28.406+0000] {processor.py:925} INFO - DAG(s) 'example_trigger_controller_dag' retrieved from /home/airflow/.local/lib/python3.12/site-packages/airflow/example_dags/example_trigger_controller_dag.py
[2025-04-10T16:05:28.427+0000] {logging_mixin.py:190} INFO - [2025-04-10T16:05:28.426+0000] {dag.py:3239} INFO - Sync 1 DAGs
[2025-04-10T16:05:28.464+0000] {logging_mixin.py:190} INFO - [2025-04-10T16:05:28.464+0000] {dag.py:4180} INFO - Setting next_dagrun for example_trigger_controller_dag to 2021-01-01 00:00:00+00:00, run_after=2021-01-01 00:00:00+00:00
[2025-04-10T16:05:28.486+0000] {processor.py:208} INFO - Processing /home/airflow/.local/lib/python3.12/site-packages/airflow/example_dags/example_trigger_controller_dag.py took 0.095 seconds
[2025-04-10T16:05:58.766+0000] {processor.py:186} INFO - Started process (PID=542) to work on /home/airflow/.local/lib/python3.12/site-packages/airflow/example_dags/example_trigger_controller_dag.py
[2025-04-10T16:05:58.767+0000] {processor.py:914} INFO - Processing file /home/airflow/.local/lib/python3.12/site-packages/airflow/example_dags/example_trigger_controller_dag.py for tasks to queue
[2025-04-10T16:05:58.770+0000] {logging_mixin.py:190} INFO - [2025-04-10T16:05:58.770+0000] {dagbag.py:588} INFO - Filling up the DagBag from /home/airflow/.local/lib/python3.12/site-packages/airflow/example_dags/example_trigger_controller_dag.py
[2025-04-10T16:05:58.777+0000] {processor.py:925} INFO - DAG(s) 'example_trigger_controller_dag' retrieved from /home/airflow/.local/lib/python3.12/site-packages/airflow/example_dags/example_trigger_controller_dag.py
[2025-04-10T16:05:58.796+0000] {logging_mixin.py:190} INFO - [2025-04-10T16:05:58.796+0000] {dag.py:3239} INFO - Sync 1 DAGs
[2025-04-10T16:05:58.822+0000] {logging_mixin.py:190} INFO - [2025-04-10T16:05:58.822+0000] {dag.py:4180} INFO - Setting next_dagrun for example_trigger_controller_dag to 2021-01-01 00:00:00+00:00, run_after=2021-01-01 00:00:00+00:00
[2025-04-10T16:05:58.840+0000] {processor.py:208} INFO - Processing /home/airflow/.local/lib/python3.12/site-packages/airflow/example_dags/example_trigger_controller_dag.py took 0.081 seconds
[2025-04-10T16:06:29.626+0000] {processor.py:186} INFO - Started process (PID=605) to work on /home/airflow/.local/lib/python3.12/site-packages/airflow/example_dags/example_trigger_controller_dag.py
[2025-04-10T16:06:29.627+0000] {processor.py:914} INFO - Processing file /home/airflow/.local/lib/python3.12/site-packages/airflow/example_dags/example_trigger_controller_dag.py for tasks to queue
[2025-04-10T16:06:29.629+0000] {logging_mixin.py:190} INFO - [2025-04-10T16:06:29.629+0000] {dagbag.py:588} INFO - Filling up the DagBag from /home/airflow/.local/lib/python3.12/site-packages/airflow/example_dags/example_trigger_controller_dag.py
[2025-04-10T16:06:29.636+0000] {processor.py:925} INFO - DAG(s) 'example_trigger_controller_dag' retrieved from /home/airflow/.local/lib/python3.12/site-packages/airflow/example_dags/example_trigger_controller_dag.py
[2025-04-10T16:06:29.653+0000] {logging_mixin.py:190} INFO - [2025-04-10T16:06:29.653+0000] {dag.py:3239} INFO - Sync 1 DAGs
[2025-04-10T16:06:29.676+0000] {logging_mixin.py:190} INFO - [2025-04-10T16:06:29.676+0000] {dag.py:4180} INFO - Setting next_dagrun for example_trigger_controller_dag to 2021-01-01 00:00:00+00:00, run_after=2021-01-01 00:00:00+00:00
[2025-04-10T16:06:29.694+0000] {processor.py:208} INFO - Processing /home/airflow/.local/lib/python3.12/site-packages/airflow/example_dags/example_trigger_controller_dag.py took 0.074 seconds
[2025-04-10T16:06:59.829+0000] {processor.py:186} INFO - Started process (PID=668) to work on /home/airflow/.local/lib/python3.12/site-packages/airflow/example_dags/example_trigger_controller_dag.py
[2025-04-10T16:06:59.830+0000] {processor.py:914} INFO - Processing file /home/airflow/.local/lib/python3.12/site-packages/airflow/example_dags/example_trigger_controller_dag.py for tasks to queue
[2025-04-10T16:06:59.833+0000] {logging_mixin.py:190} INFO - [2025-04-10T16:06:59.832+0000] {dagbag.py:588} INFO - Filling up the DagBag from /home/airflow/.local/lib/python3.12/site-packages/airflow/example_dags/example_trigger_controller_dag.py
[2025-04-10T16:06:59.839+0000] {processor.py:925} INFO - DAG(s) 'example_trigger_controller_dag' retrieved from /home/airflow/.local/lib/python3.12/site-packages/airflow/example_dags/example_trigger_controller_dag.py
[2025-04-10T16:06:59.857+0000] {logging_mixin.py:190} INFO - [2025-04-10T16:06:59.857+0000] {dag.py:3239} INFO - Sync 1 DAGs
[2025-04-10T16:06:59.880+0000] {logging_mixin.py:190} INFO - [2025-04-10T16:06:59.880+0000] {dag.py:4180} INFO - Setting next_dagrun for example_trigger_controller_dag to 2021-01-01 00:00:00+00:00, run_after=2021-01-01 00:00:00+00:00
[2025-04-10T16:06:59.897+0000] {processor.py:208} INFO - Processing /home/airflow/.local/lib/python3.12/site-packages/airflow/example_dags/example_trigger_controller_dag.py took 0.074 seconds
[2025-04-10T16:07:30.916+0000] {processor.py:186} INFO - Started process (PID=731) to work on /home/airflow/.local/lib/python3.12/site-packages/airflow/example_dags/example_trigger_controller_dag.py
[2025-04-10T16:07:30.917+0000] {processor.py:914} INFO - Processing file /home/airflow/.local/lib/python3.12/site-packages/airflow/example_dags/example_trigger_controller_dag.py for tasks to queue
[2025-04-10T16:07:30.919+0000] {logging_mixin.py:190} INFO - [2025-04-10T16:07:30.919+0000] {dagbag.py:588} INFO - Filling up the DagBag from /home/airflow/.local/lib/python3.12/site-packages/airflow/example_dags/example_trigger_controller_dag.py
[2025-04-10T16:07:30.926+0000] {processor.py:925} INFO - DAG(s) 'example_trigger_controller_dag' retrieved from /home/airflow/.local/lib/python3.12/site-packages/airflow/example_dags/example_trigger_controller_dag.py
[2025-04-10T16:07:30.946+0000] {logging_mixin.py:190} INFO - [2025-04-10T16:07:30.945+0000] {dag.py:3239} INFO - Sync 1 DAGs
[2025-04-10T16:07:30.970+0000] {logging_mixin.py:190} INFO - [2025-04-10T16:07:30.970+0000] {dag.py:4180} INFO - Setting next_dagrun for example_trigger_controller_dag to 2021-01-01 00:00:00+00:00, run_after=2021-01-01 00:00:00+00:00
[2025-04-10T16:07:30.988+0000] {processor.py:208} INFO - Processing /home/airflow/.local/lib/python3.12/site-packages/airflow/example_dags/example_trigger_controller_dag.py took 0.079 seconds
[2025-04-10T16:08:01.742+0000] {processor.py:186} INFO - Started process (PID=794) to work on /home/airflow/.local/lib/python3.12/site-packages/airflow/example_dags/example_trigger_controller_dag.py
[2025-04-10T16:08:01.743+0000] {processor.py:914} INFO - Processing file /home/airflow/.local/lib/python3.12/site-packages/airflow/example_dags/example_trigger_controller_dag.py for tasks to queue
[2025-04-10T16:08:01.745+0000] {logging_mixin.py:190} INFO - [2025-04-10T16:08:01.745+0000] {dagbag.py:588} INFO - Filling up the DagBag from /home/airflow/.local/lib/python3.12/site-packages/airflow/example_dags/example_trigger_controller_dag.py
[2025-04-10T16:08:01.753+0000] {processor.py:925} INFO - DAG(s) 'example_trigger_controller_dag' retrieved from /home/airflow/.local/lib/python3.12/site-packages/airflow/example_dags/example_trigger_controller_dag.py
[2025-04-10T16:08:01.774+0000] {logging_mixin.py:190} INFO - [2025-04-10T16:08:01.774+0000] {dag.py:3239} INFO - Sync 1 DAGs
[2025-04-10T16:08:01.805+0000] {logging_mixin.py:190} INFO - [2025-04-10T16:08:01.804+0000] {dag.py:4180} INFO - Setting next_dagrun for example_trigger_controller_dag to 2021-01-01 00:00:00+00:00, run_after=2021-01-01 00:00:00+00:00
[2025-04-10T16:08:01.826+0000] {processor.py:208} INFO - Processing /home/airflow/.local/lib/python3.12/site-packages/airflow/example_dags/example_trigger_controller_dag.py took 0.090 seconds
[2025-04-10T16:08:32.156+0000] {processor.py:186} INFO - Started process (PID=857) to work on /home/airflow/.local/lib/python3.12/site-packages/airflow/example_dags/example_trigger_controller_dag.py
[2025-04-10T16:08:32.158+0000] {processor.py:914} INFO - Processing file /home/airflow/.local/lib/python3.12/site-packages/airflow/example_dags/example_trigger_controller_dag.py for tasks to queue
[2025-04-10T16:08:32.160+0000] {logging_mixin.py:190} INFO - [2025-04-10T16:08:32.160+0000] {dagbag.py:588} INFO - Filling up the DagBag from /home/airflow/.local/lib/python3.12/site-packages/airflow/example_dags/example_trigger_controller_dag.py
[2025-04-10T16:08:32.169+0000] {processor.py:925} INFO - DAG(s) 'example_trigger_controller_dag' retrieved from /home/airflow/.local/lib/python3.12/site-packages/airflow/example_dags/example_trigger_controller_dag.py
[2025-04-10T16:08:32.189+0000] {logging_mixin.py:190} INFO - [2025-04-10T16:08:32.189+0000] {dag.py:3239} INFO - Sync 1 DAGs
[2025-04-10T16:08:32.215+0000] {logging_mixin.py:190} INFO - [2025-04-10T16:08:32.215+0000] {dag.py:4180} INFO - Setting next_dagrun for example_trigger_controller_dag to 2021-01-01 00:00:00+00:00, run_after=2021-01-01 00:00:00+00:00
[2025-04-10T16:08:32.234+0000] {processor.py:208} INFO - Processing /home/airflow/.local/lib/python3.12/site-packages/airflow/example_dags/example_trigger_controller_dag.py took 0.085 seconds
[2025-04-10T16:09:03.077+0000] {processor.py:186} INFO - Started process (PID=920) to work on /home/airflow/.local/lib/python3.12/site-packages/airflow/example_dags/example_trigger_controller_dag.py
[2025-04-10T16:09:03.078+0000] {processor.py:914} INFO - Processing file /home/airflow/.local/lib/python3.12/site-packages/airflow/example_dags/example_trigger_controller_dag.py for tasks to queue
[2025-04-10T16:09:03.080+0000] {logging_mixin.py:190} INFO - [2025-04-10T16:09:03.080+0000] {dagbag.py:588} INFO - Filling up the DagBag from /home/airflow/.local/lib/python3.12/site-packages/airflow/example_dags/example_trigger_controller_dag.py
[2025-04-10T16:09:03.087+0000] {processor.py:925} INFO - DAG(s) 'example_trigger_controller_dag' retrieved from /home/airflow/.local/lib/python3.12/site-packages/airflow/example_dags/example_trigger_controller_dag.py
[2025-04-10T16:09:03.104+0000] {logging_mixin.py:190} INFO - [2025-04-10T16:09:03.104+0000] {dag.py:3239} INFO - Sync 1 DAGs
[2025-04-10T16:09:03.127+0000] {logging_mixin.py:190} INFO - [2025-04-10T16:09:03.127+0000] {dag.py:4180} INFO - Setting next_dagrun for example_trigger_controller_dag to 2021-01-01 00:00:00+00:00, run_after=2021-01-01 00:00:00+00:00
[2025-04-10T16:09:03.144+0000] {processor.py:208} INFO - Processing /home/airflow/.local/lib/python3.12/site-packages/airflow/example_dags/example_trigger_controller_dag.py took 0.073 seconds
