[2025-05-23T18:58:18.403+0000] {local_task_job_runner.py:123} INFO - ::group::Pre task execution logs
[2025-05-23T18:58:18.424+0000] {taskinstance.py:2614} INFO - Dependencies all met for dep_context=non-requeueable deps ti=<TaskInstance: crypto_etl_pipeline.extract_data manual__2025-05-23T18:58:16.103854+00:00 [queued]>
[2025-05-23T18:58:18.432+0000] {taskinstance.py:2614} INFO - Dependencies all met for dep_context=requeueable deps ti=<TaskInstance: crypto_etl_pipeline.extract_data manual__2025-05-23T18:58:16.103854+00:00 [queued]>
[2025-05-23T18:58:18.432+0000] {taskinstance.py:2867} INFO - Starting attempt 1 of 1
[2025-05-23T18:58:18.446+0000] {taskinstance.py:2890} INFO - Executing <Task(PythonOperator): extract_data> on 2025-05-23 18:58:16.103854+00:00
[2025-05-23T18:58:18.452+0000] {warnings.py:112} WARNING - /home/***/.local/lib/python3.12/site-packages/***/task/task_runner/standard_task_runner.py:70: DeprecationWarning: This process (pid=424) is multi-threaded, use of fork() may lead to deadlocks in the child.
  pid = os.fork()

[2025-05-23T18:58:18.453+0000] {standard_task_runner.py:72} INFO - Started process 426 to run task
[2025-05-23T18:58:18.454+0000] {standard_task_runner.py:104} INFO - Running: ['***', 'tasks', 'run', 'crypto_etl_pipeline', 'extract_data', 'manual__2025-05-23T18:58:16.103854+00:00', '--job-id', '183', '--raw', '--subdir', 'DAGS_FOLDER/crypto_etl_dag.py', '--cfg-path', '/tmp/tmp87cm5q_y']
[2025-05-23T18:58:18.455+0000] {standard_task_runner.py:105} INFO - Job 183: Subtask extract_data
[2025-05-23T18:58:18.502+0000] {task_command.py:467} INFO - Running <TaskInstance: crypto_etl_pipeline.extract_data manual__2025-05-23T18:58:16.103854+00:00 [running]> on host ede6358c2bd0
[2025-05-23T18:58:18.570+0000] {taskinstance.py:3134} INFO - Exporting env vars: AIRFLOW_CTX_DAG_OWNER='***' AIRFLOW_CTX_DAG_ID='crypto_etl_pipeline' AIRFLOW_CTX_TASK_ID='extract_data' AIRFLOW_CTX_EXECUTION_DATE='2025-05-23T18:58:16.103854+00:00' AIRFLOW_CTX_TRY_NUMBER='1' AIRFLOW_CTX_DAG_RUN_ID='manual__2025-05-23T18:58:16.103854+00:00'
[2025-05-23T18:58:18.572+0000] {logging_mixin.py:190} INFO - Task instance is in running state
[2025-05-23T18:58:18.572+0000] {logging_mixin.py:190} INFO -  Previous state of the Task instance: queued
[2025-05-23T18:58:18.572+0000] {logging_mixin.py:190} INFO - Current task name:extract_data state:running start_date:2025-05-23 18:58:18.425322+00:00
[2025-05-23T18:58:18.573+0000] {logging_mixin.py:190} INFO - Dag name:crypto_etl_pipeline and current dag run status:running
[2025-05-23T18:58:18.573+0000] {taskinstance.py:732} INFO - ::endgroup::
[2025-05-23T18:58:21.212+0000] {logging_mixin.py:190} INFO -                       datetime crypto currency          price
0   2025-05-23T18:58:18.625520    BTC      USD  108846.310000
1   2025-05-23T18:58:18.789814    BTC      BRL  615644.887372
2   2025-05-23T18:58:18.951799    ETH      USD    2559.170000
3   2025-05-23T18:58:19.134903    ETH      BRL   14474.904353
4   2025-05-23T18:58:19.312010   USDT      USD       1.000235
5   2025-05-23T18:58:19.479507   USDT      BRL       5.657423
6   2025-05-23T18:58:19.640425    BNB      USD     667.522945
7   2025-05-23T18:58:19.810101    BNB      BRL    3775.572073
8   2025-05-23T18:58:19.969234    XRP      USD       2.349850
9   2025-05-23T18:58:20.161262    XRP      BRL      13.294365
10  2025-05-23T18:58:20.317614   DOGE      USD       0.233115
11  2025-05-23T18:58:20.500893   DOGE      BRL       1.318520
12  2025-05-23T18:58:20.661792    SOL      USD     178.670000
13  2025-05-23T18:58:20.850667    SOL      BRL    1010.461072
14  2025-05-23T18:58:21.017815    DOT      USD       4.698000
15  2025-05-23T18:58:21.201224    DOT      BRL      26.563842
[2025-05-23T18:58:21.219+0000] {logging_mixin.py:190} INFO - Dados extraídos com sucesso!
[2025-05-23T18:58:21.219+0000] {python.py:240} INFO - Done. Returned value was: None
[2025-05-23T18:58:21.402+0000] {taskinstance.py:341} INFO - ::group::Post task execution logs
[2025-05-23T18:58:21.403+0000] {taskinstance.py:353} INFO - Marking task as SUCCESS. dag_id=crypto_etl_pipeline, task_id=extract_data, run_id=manual__2025-05-23T18:58:16.103854+00:00, execution_date=20250523T185816, start_date=20250523T185818, end_date=20250523T185821
[2025-05-23T18:58:21.427+0000] {logging_mixin.py:190} INFO - Task instance in success state
[2025-05-23T18:58:21.428+0000] {logging_mixin.py:190} INFO -  Previous state of the Task instance: running
[2025-05-23T18:58:21.428+0000] {logging_mixin.py:190} INFO - Dag name:crypto_etl_pipeline queued_at:2025-05-23 18:58:16.115494+00:00
[2025-05-23T18:58:21.429+0000] {logging_mixin.py:190} INFO - Task hostname:ede6358c2bd0 operator:PythonOperator
[2025-05-23T18:58:21.479+0000] {local_task_job_runner.py:266} INFO - Task exited with return code 0
[2025-05-23T18:58:21.507+0000] {taskinstance.py:3901} INFO - 1 downstream tasks scheduled from follow-on schedule check
[2025-05-23T18:58:21.509+0000] {local_task_job_runner.py:245} INFO - ::endgroup::
