[2025-05-23T18:56:42.448+0000] {local_task_job_runner.py:123} INFO - ::group::Pre task execution logs
[2025-05-23T18:56:42.469+0000] {taskinstance.py:2614} INFO - Dependencies all met for dep_context=non-requeueable deps ti=<TaskInstance: crypto_etl_pipeline.extract_data manual__2025-05-23T18:56:40.446994+00:00 [queued]>
[2025-05-23T18:56:42.477+0000] {taskinstance.py:2614} INFO - Dependencies all met for dep_context=requeueable deps ti=<TaskInstance: crypto_etl_pipeline.extract_data manual__2025-05-23T18:56:40.446994+00:00 [queued]>
[2025-05-23T18:56:42.477+0000] {taskinstance.py:2867} INFO - Starting attempt 1 of 1
[2025-05-23T18:56:42.491+0000] {taskinstance.py:2890} INFO - Executing <Task(PythonOperator): extract_data> on 2025-05-23 18:56:40.446994+00:00
[2025-05-23T18:56:42.497+0000] {warnings.py:112} WARNING - /home/***/.local/lib/python3.12/site-packages/***/task/task_runner/standard_task_runner.py:70: DeprecationWarning: This process (pid=391) is multi-threaded, use of fork() may lead to deadlocks in the child.
  pid = os.fork()

[2025-05-23T18:56:42.498+0000] {standard_task_runner.py:72} INFO - Started process 393 to run task
[2025-05-23T18:56:42.499+0000] {standard_task_runner.py:104} INFO - Running: ['***', 'tasks', 'run', 'crypto_etl_pipeline', 'extract_data', 'manual__2025-05-23T18:56:40.446994+00:00', '--job-id', '180', '--raw', '--subdir', 'DAGS_FOLDER/crypto_etl_dag.py', '--cfg-path', '/tmp/tmpxp28viah']
[2025-05-23T18:56:42.500+0000] {standard_task_runner.py:105} INFO - Job 180: Subtask extract_data
[2025-05-23T18:56:42.542+0000] {task_command.py:467} INFO - Running <TaskInstance: crypto_etl_pipeline.extract_data manual__2025-05-23T18:56:40.446994+00:00 [running]> on host ede6358c2bd0
[2025-05-23T18:56:42.609+0000] {taskinstance.py:3134} INFO - Exporting env vars: AIRFLOW_CTX_DAG_OWNER='***' AIRFLOW_CTX_DAG_ID='crypto_etl_pipeline' AIRFLOW_CTX_TASK_ID='extract_data' AIRFLOW_CTX_EXECUTION_DATE='2025-05-23T18:56:40.446994+00:00' AIRFLOW_CTX_TRY_NUMBER='1' AIRFLOW_CTX_DAG_RUN_ID='manual__2025-05-23T18:56:40.446994+00:00'
[2025-05-23T18:56:42.610+0000] {logging_mixin.py:190} INFO - Task instance is in running state
[2025-05-23T18:56:42.610+0000] {logging_mixin.py:190} INFO -  Previous state of the Task instance: queued
[2025-05-23T18:56:42.611+0000] {logging_mixin.py:190} INFO - Current task name:extract_data state:running start_date:2025-05-23 18:56:42.470308+00:00
[2025-05-23T18:56:42.611+0000] {logging_mixin.py:190} INFO - Dag name:crypto_etl_pipeline and current dag run status:running
[2025-05-23T18:56:42.611+0000] {taskinstance.py:732} INFO - ::endgroup::
[2025-05-23T18:56:45.842+0000] {logging_mixin.py:190} INFO -                       datetime crypto currency          price
0   2025-05-23T18:56:42.659287    BTC      USD  108876.525000
1   2025-05-23T18:56:42.869442    BTC      BRL  615732.198366
2   2025-05-23T18:56:43.034056    ETH      USD    2561.425000
3   2025-05-23T18:56:43.256063    ETH      BRL   14488.900611
4   2025-05-23T18:56:43.421013   USDT      USD       1.000235
5   2025-05-23T18:56:43.648897   USDT      BRL       5.656759
6   2025-05-23T18:56:43.839933    BNB      USD     667.850868
7   2025-05-23T18:56:44.027914    BNB      BRL    3776.921086
8   2025-05-23T18:56:44.201188    XRP      USD       2.354150
9   2025-05-23T18:56:44.367168    XRP      BRL      13.313731
10  2025-05-23T18:56:44.534750   DOGE      USD       0.233445
11  2025-05-23T18:56:44.695999   DOGE      BRL       1.320204
12  2025-05-23T18:56:44.856194    SOL      USD     179.005000
13  2025-05-23T18:56:45.252819    SOL      BRL    1012.180584
14  2025-05-23T18:56:45.649388    DOT      USD       4.706000
15  2025-05-23T18:56:45.829196    DOT      BRL      26.603143
[2025-05-23T18:56:45.849+0000] {logging_mixin.py:190} INFO - Dados extraídos com sucesso!
[2025-05-23T18:56:45.849+0000] {python.py:240} INFO - Done. Returned value was: None
[2025-05-23T18:56:46.020+0000] {taskinstance.py:341} INFO - ::group::Post task execution logs
[2025-05-23T18:56:46.021+0000] {taskinstance.py:353} INFO - Marking task as SUCCESS. dag_id=crypto_etl_pipeline, task_id=extract_data, run_id=manual__2025-05-23T18:56:40.446994+00:00, execution_date=20250523T185640, start_date=20250523T185642, end_date=20250523T185646
[2025-05-23T18:56:46.041+0000] {logging_mixin.py:190} INFO - Task instance in success state
[2025-05-23T18:56:46.042+0000] {logging_mixin.py:190} INFO -  Previous state of the Task instance: running
[2025-05-23T18:56:46.043+0000] {logging_mixin.py:190} INFO - Dag name:crypto_etl_pipeline queued_at:2025-05-23 18:56:40.454443+00:00
[2025-05-23T18:56:46.043+0000] {logging_mixin.py:190} INFO - Task hostname:ede6358c2bd0 operator:PythonOperator
[2025-05-23T18:56:46.087+0000] {local_task_job_runner.py:266} INFO - Task exited with return code 0
[2025-05-23T18:56:46.115+0000] {taskinstance.py:3901} INFO - 1 downstream tasks scheduled from follow-on schedule check
[2025-05-23T18:56:46.117+0000] {local_task_job_runner.py:245} INFO - ::endgroup::
