[2025-05-23T19:12:27.019+0000] {local_task_job_runner.py:123} INFO - ::group::Pre task execution logs
[2025-05-23T19:12:27.035+0000] {taskinstance.py:2614} INFO - Dependencies all met for dep_context=non-requeueable deps ti=<TaskInstance: crypto_etl_pipeline.extract_data manual__2025-05-23T19:12:24.656199+00:00 [queued]>
[2025-05-23T19:12:27.043+0000] {taskinstance.py:2614} INFO - Dependencies all met for dep_context=requeueable deps ti=<TaskInstance: crypto_etl_pipeline.extract_data manual__2025-05-23T19:12:24.656199+00:00 [queued]>
[2025-05-23T19:12:27.043+0000] {taskinstance.py:2867} INFO - Starting attempt 1 of 1
[2025-05-23T19:12:27.056+0000] {taskinstance.py:2890} INFO - Executing <Task(PythonOperator): extract_data> on 2025-05-23 19:12:24.656199+00:00
[2025-05-23T19:12:27.062+0000] {warnings.py:112} WARNING - /home/***/.local/lib/python3.12/site-packages/***/task/task_runner/standard_task_runner.py:70: DeprecationWarning: This process (pid=152) is multi-threaded, use of fork() may lead to deadlocks in the child.
  pid = os.fork()

[2025-05-23T19:12:27.063+0000] {standard_task_runner.py:72} INFO - Started process 154 to run task
[2025-05-23T19:12:27.064+0000] {standard_task_runner.py:104} INFO - Running: ['***', 'tasks', 'run', 'crypto_etl_pipeline', 'extract_data', 'manual__2025-05-23T19:12:24.656199+00:00', '--job-id', '200', '--raw', '--subdir', 'DAGS_FOLDER/crypto_etl_dag.py', '--cfg-path', '/tmp/tmp_ps03mgx']
[2025-05-23T19:12:27.065+0000] {standard_task_runner.py:105} INFO - Job 200: Subtask extract_data
[2025-05-23T19:12:27.105+0000] {task_command.py:467} INFO - Running <TaskInstance: crypto_etl_pipeline.extract_data manual__2025-05-23T19:12:24.656199+00:00 [running]> on host aa19ac71657a
[2025-05-23T19:12:27.190+0000] {taskinstance.py:3134} INFO - Exporting env vars: AIRFLOW_CTX_DAG_OWNER='***' AIRFLOW_CTX_DAG_ID='crypto_etl_pipeline' AIRFLOW_CTX_TASK_ID='extract_data' AIRFLOW_CTX_EXECUTION_DATE='2025-05-23T19:12:24.656199+00:00' AIRFLOW_CTX_TRY_NUMBER='1' AIRFLOW_CTX_DAG_RUN_ID='manual__2025-05-23T19:12:24.656199+00:00'
[2025-05-23T19:12:27.192+0000] {logging_mixin.py:190} INFO - Task instance is in running state
[2025-05-23T19:12:27.192+0000] {logging_mixin.py:190} INFO -  Previous state of the Task instance: queued
[2025-05-23T19:12:27.192+0000] {logging_mixin.py:190} INFO - Current task name:extract_data state:running start_date:2025-05-23 19:12:27.035664+00:00
[2025-05-23T19:12:27.193+0000] {logging_mixin.py:190} INFO - Dag name:crypto_etl_pipeline and current dag run status:running
[2025-05-23T19:12:27.193+0000] {taskinstance.py:732} INFO - ::endgroup::
[2025-05-23T19:12:30.900+0000] {logging_mixin.py:190} INFO -                       datetime crypto currency          price
0   2025-05-23T19:12:27.379443    BTC      USD  109081.345000
1   2025-05-23T19:12:27.567079    BTC      BRL  616226.697428
2   2025-05-23T19:12:27.740179    ETH      USD    2571.535000
3   2025-05-23T19:12:27.920004    ETH      BRL   14529.308602
4   2025-05-23T19:12:28.083556   USDT      USD       1.000235
5   2025-05-23T19:12:28.268009   USDT      BRL       5.650568
6   2025-05-23T19:12:28.453254    BNB      USD     666.864174
7   2025-05-23T19:12:28.670366    BNB      BRL    3767.520281
8   2025-05-23T19:12:29.064618    XRP      USD       2.359550
9   2025-05-23T19:12:29.451053    XRP      BRL      13.333637
10  2025-05-23T19:12:29.852515   DOGE      USD       0.234515
11  2025-05-23T19:12:30.014113   DOGE      BRL       1.324918
12  2025-05-23T19:12:30.166323    SOL      USD     180.000000
13  2025-05-23T19:12:30.358486    SOL      BRL    1016.929200
14  2025-05-23T19:12:30.692215    DOT      USD       4.726000
15  2025-05-23T19:12:30.888752    DOT      BRL      26.700041
[2025-05-23T19:12:30.905+0000] {logging_mixin.py:190} INFO - Dados extraídos com sucesso!
[2025-05-23T19:12:30.906+0000] {python.py:240} INFO - Done. Returned value was: None
[2025-05-23T19:12:30.916+0000] {taskinstance.py:341} INFO - ::group::Post task execution logs
[2025-05-23T19:12:30.917+0000] {taskinstance.py:353} INFO - Marking task as SUCCESS. dag_id=crypto_etl_pipeline, task_id=extract_data, run_id=manual__2025-05-23T19:12:24.656199+00:00, execution_date=20250523T191224, start_date=20250523T191227, end_date=20250523T191230
[2025-05-23T19:12:30.948+0000] {logging_mixin.py:190} INFO - Task instance in success state
[2025-05-23T19:12:30.949+0000] {logging_mixin.py:190} INFO -  Previous state of the Task instance: running
[2025-05-23T19:12:30.949+0000] {logging_mixin.py:190} INFO - Dag name:crypto_etl_pipeline queued_at:2025-05-23 19:12:24.670389+00:00
[2025-05-23T19:12:30.950+0000] {logging_mixin.py:190} INFO - Task hostname:aa19ac71657a operator:PythonOperator
[2025-05-23T19:12:30.971+0000] {local_task_job_runner.py:266} INFO - Task exited with return code 0
[2025-05-23T19:12:30.997+0000] {taskinstance.py:3901} INFO - 1 downstream tasks scheduled from follow-on schedule check
[2025-05-23T19:12:30.999+0000] {local_task_job_runner.py:245} INFO - ::endgroup::
