[2025-05-23T19:03:34.172+0000] {local_task_job_runner.py:123} INFO - ::group::Pre task execution logs
[2025-05-23T19:03:34.197+0000] {taskinstance.py:2614} INFO - Dependencies all met for dep_context=non-requeueable deps ti=<TaskInstance: crypto_etl_pipeline.extract_data manual__2025-05-23T19:03:32.175131+00:00 [queued]>
[2025-05-23T19:03:34.207+0000] {taskinstance.py:2614} INFO - Dependencies all met for dep_context=requeueable deps ti=<TaskInstance: crypto_etl_pipeline.extract_data manual__2025-05-23T19:03:32.175131+00:00 [queued]>
[2025-05-23T19:03:34.208+0000] {taskinstance.py:2867} INFO - Starting attempt 1 of 1
[2025-05-23T19:03:34.227+0000] {taskinstance.py:2890} INFO - Executing <Task(PythonOperator): extract_data> on 2025-05-23 19:03:32.175131+00:00
[2025-05-23T19:03:34.233+0000] {warnings.py:112} WARNING - /home/***/.local/lib/python3.12/site-packages/***/task/task_runner/standard_task_runner.py:70: DeprecationWarning: This process (pid=519) is multi-threaded, use of fork() may lead to deadlocks in the child.
  pid = os.fork()

[2025-05-23T19:03:34.235+0000] {standard_task_runner.py:72} INFO - Started process 521 to run task
[2025-05-23T19:03:34.235+0000] {standard_task_runner.py:104} INFO - Running: ['***', 'tasks', 'run', 'crypto_etl_pipeline', 'extract_data', 'manual__2025-05-23T19:03:32.175131+00:00', '--job-id', '189', '--raw', '--subdir', 'DAGS_FOLDER/crypto_etl_dag.py', '--cfg-path', '/tmp/tmplwcgu2pl']
[2025-05-23T19:03:34.236+0000] {standard_task_runner.py:105} INFO - Job 189: Subtask extract_data
[2025-05-23T19:03:34.315+0000] {task_command.py:467} INFO - Running <TaskInstance: crypto_etl_pipeline.extract_data manual__2025-05-23T19:03:32.175131+00:00 [running]> on host ede6358c2bd0
[2025-05-23T19:03:34.401+0000] {taskinstance.py:3134} INFO - Exporting env vars: AIRFLOW_CTX_DAG_OWNER='***' AIRFLOW_CTX_DAG_ID='crypto_etl_pipeline' AIRFLOW_CTX_TASK_ID='extract_data' AIRFLOW_CTX_EXECUTION_DATE='2025-05-23T19:03:32.175131+00:00' AIRFLOW_CTX_TRY_NUMBER='1' AIRFLOW_CTX_DAG_RUN_ID='manual__2025-05-23T19:03:32.175131+00:00'
[2025-05-23T19:03:34.403+0000] {logging_mixin.py:190} INFO - Task instance is in running state
[2025-05-23T19:03:34.403+0000] {logging_mixin.py:190} INFO -  Previous state of the Task instance: queued
[2025-05-23T19:03:34.403+0000] {logging_mixin.py:190} INFO - Current task name:extract_data state:running start_date:2025-05-23 19:03:34.198146+00:00
[2025-05-23T19:03:34.404+0000] {logging_mixin.py:190} INFO - Dag name:crypto_etl_pipeline and current dag run status:running
[2025-05-23T19:03:34.404+0000] {taskinstance.py:732} INFO - ::endgroup::
[2025-05-23T19:03:37.322+0000] {logging_mixin.py:190} INFO -                       datetime crypto currency          price
0   2025-05-23T19:03:34.461827    BTC      USD  108764.170000
1   2025-05-23T19:03:34.865343    BTC      BRL  615037.733994
2   2025-05-23T19:03:35.038593    ETH      USD    2559.670000
3   2025-05-23T19:03:35.206617    ETH      BRL   14472.629784
4   2025-05-23T19:03:35.369095   USDT      USD       1.000235
5   2025-05-23T19:03:35.543282   USDT      BRL       5.655042
6   2025-05-23T19:03:35.708613    BNB      USD     667.380212
7   2025-05-23T19:03:35.893127    BNB      BRL    3773.176398
8   2025-05-23T19:03:36.059648    XRP      USD       2.349950
9   2025-05-23T19:03:36.250839    XRP      BRL      13.286792
10  2025-05-23T19:03:36.410926   DOGE      USD       0.233180
11  2025-05-23T19:03:36.598429   DOGE      BRL       1.318333
12  2025-05-23T19:03:36.764012    SOL      USD     178.965000
13  2025-05-23T19:03:36.949222    SOL      BRL    1011.929879
14  2025-05-23T19:03:37.126749    DOT      USD       4.699000
15  2025-05-23T19:03:37.310046    DOT      BRL      26.566799
[2025-05-23T19:03:37.328+0000] {logging_mixin.py:190} INFO - Dados extraídos com sucesso!
[2025-05-23T19:03:37.329+0000] {python.py:240} INFO - Done. Returned value was: None
[2025-05-23T19:03:37.492+0000] {taskinstance.py:341} INFO - ::group::Post task execution logs
[2025-05-23T19:03:37.493+0000] {taskinstance.py:353} INFO - Marking task as SUCCESS. dag_id=crypto_etl_pipeline, task_id=extract_data, run_id=manual__2025-05-23T19:03:32.175131+00:00, execution_date=20250523T190332, start_date=20250523T190334, end_date=20250523T190337
[2025-05-23T19:03:37.514+0000] {logging_mixin.py:190} INFO - Task instance in success state
[2025-05-23T19:03:37.515+0000] {logging_mixin.py:190} INFO -  Previous state of the Task instance: running
[2025-05-23T19:03:37.516+0000] {logging_mixin.py:190} INFO - Dag name:crypto_etl_pipeline queued_at:2025-05-23 19:03:32.192473+00:00
[2025-05-23T19:03:37.516+0000] {logging_mixin.py:190} INFO - Task hostname:ede6358c2bd0 operator:PythonOperator
[2025-05-23T19:03:37.540+0000] {local_task_job_runner.py:266} INFO - Task exited with return code 0
[2025-05-23T19:03:37.564+0000] {taskinstance.py:3901} INFO - 1 downstream tasks scheduled from follow-on schedule check
[2025-05-23T19:03:37.566+0000] {local_task_job_runner.py:245} INFO - ::endgroup::
