[2025-05-23T19:09:16.909+0000] {local_task_job_runner.py:123} INFO - ::group::Pre task execution logs
[2025-05-23T19:09:17.058+0000] {taskinstance.py:2614} INFO - Dependencies all met for dep_context=non-requeueable deps ti=<TaskInstance: crypto_etl_pipeline.extract_data manual__2025-05-23T19:09:12.500361+00:00 [queued]>
[2025-05-23T19:09:17.066+0000] {taskinstance.py:2614} INFO - Dependencies all met for dep_context=requeueable deps ti=<TaskInstance: crypto_etl_pipeline.extract_data manual__2025-05-23T19:09:12.500361+00:00 [queued]>
[2025-05-23T19:09:17.066+0000] {taskinstance.py:2867} INFO - Starting attempt 1 of 1
[2025-05-23T19:09:17.080+0000] {taskinstance.py:2890} INFO - Executing <Task(PythonOperator): extract_data> on 2025-05-23 19:09:12.500361+00:00
[2025-05-23T19:09:17.085+0000] {warnings.py:112} WARNING - /home/***/.local/lib/python3.12/site-packages/***/task/task_runner/standard_task_runner.py:70: DeprecationWarning: This process (pid=86) is multi-threaded, use of fork() may lead to deadlocks in the child.
  pid = os.fork()

[2025-05-23T19:09:17.087+0000] {standard_task_runner.py:72} INFO - Started process 88 to run task
[2025-05-23T19:09:17.087+0000] {standard_task_runner.py:104} INFO - Running: ['***', 'tasks', 'run', 'crypto_etl_pipeline', 'extract_data', 'manual__2025-05-23T19:09:12.500361+00:00', '--job-id', '194', '--raw', '--subdir', 'DAGS_FOLDER/crypto_etl_dag.py', '--cfg-path', '/tmp/tmpi4z99ge4']
[2025-05-23T19:09:17.088+0000] {standard_task_runner.py:105} INFO - Job 194: Subtask extract_data
[2025-05-23T19:09:17.134+0000] {task_command.py:467} INFO - Running <TaskInstance: crypto_etl_pipeline.extract_data manual__2025-05-23T19:09:12.500361+00:00 [running]> on host aa19ac71657a
[2025-05-23T19:09:17.202+0000] {taskinstance.py:3134} INFO - Exporting env vars: AIRFLOW_CTX_DAG_OWNER='***' AIRFLOW_CTX_DAG_ID='crypto_etl_pipeline' AIRFLOW_CTX_TASK_ID='extract_data' AIRFLOW_CTX_EXECUTION_DATE='2025-05-23T19:09:12.500361+00:00' AIRFLOW_CTX_TRY_NUMBER='1' AIRFLOW_CTX_DAG_RUN_ID='manual__2025-05-23T19:09:12.500361+00:00'
[2025-05-23T19:09:17.204+0000] {logging_mixin.py:190} INFO - Task instance is in running state
[2025-05-23T19:09:17.204+0000] {logging_mixin.py:190} INFO -  Previous state of the Task instance: queued
[2025-05-23T19:09:17.205+0000] {logging_mixin.py:190} INFO - Current task name:extract_data state:running start_date:2025-05-23 19:09:17.059306+00:00
[2025-05-23T19:09:17.205+0000] {logging_mixin.py:190} INFO - Dag name:crypto_etl_pipeline and current dag run status:running
[2025-05-23T19:09:17.206+0000] {taskinstance.py:732} INFO - ::endgroup::
[2025-05-23T19:09:20.050+0000] {logging_mixin.py:190} INFO -                       datetime crypto currency          price
0   2025-05-23T19:09:17.257437    BTC      USD  109002.900000
1   2025-05-23T19:09:17.675004    BTC      BRL  616236.663489
2   2025-05-23T19:09:17.835919    ETH      USD    2569.845000
3   2025-05-23T19:09:18.016789    ETH      BRL   14526.390235
4   2025-05-23T19:09:18.179730   USDT      USD       1.000235
5   2025-05-23T19:09:18.369814   USDT      BRL       5.653961
6   2025-05-23T19:09:18.536811    BNB      USD     666.943571
7   2025-05-23T19:09:18.719267    BNB      BRL    3769.987131
8   2025-05-23T19:09:18.887036    XRP      USD       2.358600
9   2025-05-23T19:09:19.045442    XRP      BRL      13.332300
10  2025-05-23T19:09:19.206131   DOGE      USD       0.234425
11  2025-05-23T19:09:19.370173   DOGE      BRL       1.325203
12  2025-05-23T19:09:19.552675    SOL      USD     179.815000
13  2025-05-23T19:09:19.710117    SOL      BRL    1016.343384
14  2025-05-23T19:09:19.874197    DOT      USD       4.721000
15  2025-05-23T19:09:20.035919    DOT      BRL      26.686080
[2025-05-23T19:09:20.058+0000] {logging_mixin.py:190} INFO - Dados extraídos com sucesso!
[2025-05-23T19:09:20.059+0000] {python.py:240} INFO - Done. Returned value was: None
[2025-05-23T19:09:20.067+0000] {taskinstance.py:341} INFO - ::group::Post task execution logs
[2025-05-23T19:09:20.068+0000] {taskinstance.py:353} INFO - Marking task as SUCCESS. dag_id=crypto_etl_pipeline, task_id=extract_data, run_id=manual__2025-05-23T19:09:12.500361+00:00, execution_date=20250523T190912, start_date=20250523T190917, end_date=20250523T190920
[2025-05-23T19:09:20.367+0000] {logging_mixin.py:190} INFO - Task instance in success state
[2025-05-23T19:09:20.369+0000] {logging_mixin.py:190} INFO -  Previous state of the Task instance: running
[2025-05-23T19:09:20.369+0000] {logging_mixin.py:190} INFO - Dag name:crypto_etl_pipeline queued_at:2025-05-23 19:09:12.511300+00:00
[2025-05-23T19:09:20.370+0000] {logging_mixin.py:190} INFO - Task hostname:aa19ac71657a operator:PythonOperator
[2025-05-23T19:09:20.395+0000] {local_task_job_runner.py:266} INFO - Task exited with return code 0
[2025-05-23T19:09:20.429+0000] {taskinstance.py:3901} INFO - 1 downstream tasks scheduled from follow-on schedule check
[2025-05-23T19:09:20.432+0000] {local_task_job_runner.py:245} INFO - ::endgroup::
