[2025-04-10T16:02:27.928+0000] {processor.py:186} INFO - Started process (PID=108) to work on /home/airflow/.local/lib/python3.12/site-packages/airflow/example_dags/example_branch_labels.py
[2025-04-10T16:02:27.929+0000] {processor.py:914} INFO - Processing file /home/airflow/.local/lib/python3.12/site-packages/airflow/example_dags/example_branch_labels.py for tasks to queue
[2025-04-10T16:02:27.932+0000] {logging_mixin.py:190} INFO - [2025-04-10T16:02:27.932+0000] {dagbag.py:588} INFO - Filling up the DagBag from /home/airflow/.local/lib/python3.12/site-packages/airflow/example_dags/example_branch_labels.py
[2025-04-10T16:02:27.945+0000] {processor.py:925} INFO - DAG(s) 'example_branch_labels' retrieved from /home/airflow/.local/lib/python3.12/site-packages/airflow/example_dags/example_branch_labels.py
[2025-04-10T16:02:28.046+0000] {logging_mixin.py:190} INFO - [2025-04-10T16:02:28.046+0000] {override.py:1912} INFO - Created Permission View: can read on DAG:example_branch_labels
[2025-04-10T16:02:28.057+0000] {logging_mixin.py:190} INFO - [2025-04-10T16:02:28.056+0000] {override.py:1912} INFO - Created Permission View: can delete on DAG:example_branch_labels
[2025-04-10T16:02:28.063+0000] {logging_mixin.py:190} INFO - [2025-04-10T16:02:28.063+0000] {override.py:1912} INFO - Created Permission View: can edit on DAG:example_branch_labels
[2025-04-10T16:02:28.070+0000] {logging_mixin.py:190} INFO - [2025-04-10T16:02:28.069+0000] {override.py:1912} INFO - Created Permission View: menu access on DAG Run:example_branch_labels
[2025-04-10T16:02:28.075+0000] {logging_mixin.py:190} INFO - [2025-04-10T16:02:28.075+0000] {override.py:1912} INFO - Created Permission View: can read on DAG Run:example_branch_labels
[2025-04-10T16:02:28.082+0000] {logging_mixin.py:190} INFO - [2025-04-10T16:02:28.082+0000] {override.py:1912} INFO - Created Permission View: can create on DAG Run:example_branch_labels
[2025-04-10T16:02:28.088+0000] {logging_mixin.py:190} INFO - [2025-04-10T16:02:28.088+0000] {override.py:1912} INFO - Created Permission View: can delete on DAG Run:example_branch_labels
[2025-04-10T16:02:28.089+0000] {logging_mixin.py:190} INFO - [2025-04-10T16:02:28.089+0000] {dag.py:3239} INFO - Sync 1 DAGs
[2025-04-10T16:02:28.102+0000] {logging_mixin.py:190} INFO - [2025-04-10T16:02:28.101+0000] {dag.py:3262} INFO - Creating ORM DAG for example_branch_labels
[2025-04-10T16:02:28.113+0000] {logging_mixin.py:190} INFO - [2025-04-10T16:02:28.113+0000] {dag.py:4180} INFO - Setting next_dagrun for example_branch_labels to 2025-04-09 00:00:00+00:00, run_after=2025-04-10 00:00:00+00:00
[2025-04-10T16:02:28.126+0000] {processor.py:208} INFO - Processing /home/airflow/.local/lib/python3.12/site-packages/airflow/example_dags/example_branch_labels.py took 0.204 seconds
[2025-04-10T16:02:58.526+0000] {processor.py:186} INFO - Started process (PID=170) to work on /home/airflow/.local/lib/python3.12/site-packages/airflow/example_dags/example_branch_labels.py
[2025-04-10T16:02:58.527+0000] {processor.py:914} INFO - Processing file /home/airflow/.local/lib/python3.12/site-packages/airflow/example_dags/example_branch_labels.py for tasks to queue
[2025-04-10T16:02:58.529+0000] {logging_mixin.py:190} INFO - [2025-04-10T16:02:58.529+0000] {dagbag.py:588} INFO - Filling up the DagBag from /home/airflow/.local/lib/python3.12/site-packages/airflow/example_dags/example_branch_labels.py
[2025-04-10T16:02:58.539+0000] {processor.py:925} INFO - DAG(s) 'example_branch_labels' retrieved from /home/airflow/.local/lib/python3.12/site-packages/airflow/example_dags/example_branch_labels.py
[2025-04-10T16:02:58.560+0000] {logging_mixin.py:190} INFO - [2025-04-10T16:02:58.559+0000] {dag.py:3239} INFO - Sync 1 DAGs
[2025-04-10T16:02:58.585+0000] {logging_mixin.py:190} INFO - [2025-04-10T16:02:58.585+0000] {dag.py:4180} INFO - Setting next_dagrun for example_branch_labels to 2025-04-09 00:00:00+00:00, run_after=2025-04-10 00:00:00+00:00
[2025-04-10T16:02:58.604+0000] {processor.py:208} INFO - Processing /home/airflow/.local/lib/python3.12/site-packages/airflow/example_dags/example_branch_labels.py took 0.084 seconds
[2025-04-10T16:03:30.027+0000] {processor.py:186} INFO - Started process (PID=233) to work on /home/airflow/.local/lib/python3.12/site-packages/airflow/example_dags/example_branch_labels.py
[2025-04-10T16:03:30.028+0000] {processor.py:914} INFO - Processing file /home/airflow/.local/lib/python3.12/site-packages/airflow/example_dags/example_branch_labels.py for tasks to queue
[2025-04-10T16:03:30.030+0000] {logging_mixin.py:190} INFO - [2025-04-10T16:03:30.030+0000] {dagbag.py:588} INFO - Filling up the DagBag from /home/airflow/.local/lib/python3.12/site-packages/airflow/example_dags/example_branch_labels.py
[2025-04-10T16:03:30.041+0000] {processor.py:925} INFO - DAG(s) 'example_branch_labels' retrieved from /home/airflow/.local/lib/python3.12/site-packages/airflow/example_dags/example_branch_labels.py
[2025-04-10T16:03:30.061+0000] {logging_mixin.py:190} INFO - [2025-04-10T16:03:30.061+0000] {dag.py:3239} INFO - Sync 1 DAGs
[2025-04-10T16:03:30.086+0000] {logging_mixin.py:190} INFO - [2025-04-10T16:03:30.086+0000] {dag.py:4180} INFO - Setting next_dagrun for example_branch_labels to 2025-04-09 00:00:00+00:00, run_after=2025-04-10 00:00:00+00:00
[2025-04-10T16:03:30.104+0000] {processor.py:208} INFO - Processing /home/airflow/.local/lib/python3.12/site-packages/airflow/example_dags/example_branch_labels.py took 0.083 seconds
[2025-04-10T16:04:01.355+0000] {processor.py:186} INFO - Started process (PID=296) to work on /home/airflow/.local/lib/python3.12/site-packages/airflow/example_dags/example_branch_labels.py
[2025-04-10T16:04:01.356+0000] {processor.py:914} INFO - Processing file /home/airflow/.local/lib/python3.12/site-packages/airflow/example_dags/example_branch_labels.py for tasks to queue
[2025-04-10T16:04:01.359+0000] {logging_mixin.py:190} INFO - [2025-04-10T16:04:01.358+0000] {dagbag.py:588} INFO - Filling up the DagBag from /home/airflow/.local/lib/python3.12/site-packages/airflow/example_dags/example_branch_labels.py
[2025-04-10T16:04:01.370+0000] {processor.py:925} INFO - DAG(s) 'example_branch_labels' retrieved from /home/airflow/.local/lib/python3.12/site-packages/airflow/example_dags/example_branch_labels.py
[2025-04-10T16:04:01.392+0000] {logging_mixin.py:190} INFO - [2025-04-10T16:04:01.392+0000] {dag.py:3239} INFO - Sync 1 DAGs
[2025-04-10T16:04:01.418+0000] {logging_mixin.py:190} INFO - [2025-04-10T16:04:01.418+0000] {dag.py:4180} INFO - Setting next_dagrun for example_branch_labels to 2025-04-09 00:00:00+00:00, run_after=2025-04-10 00:00:00+00:00
[2025-04-10T16:04:01.437+0000] {processor.py:208} INFO - Processing /home/airflow/.local/lib/python3.12/site-packages/airflow/example_dags/example_branch_labels.py took 0.090 seconds
[2025-04-10T16:04:32.160+0000] {processor.py:186} INFO - Started process (PID=359) to work on /home/airflow/.local/lib/python3.12/site-packages/airflow/example_dags/example_branch_labels.py
[2025-04-10T16:04:32.162+0000] {processor.py:914} INFO - Processing file /home/airflow/.local/lib/python3.12/site-packages/airflow/example_dags/example_branch_labels.py for tasks to queue
[2025-04-10T16:04:32.165+0000] {logging_mixin.py:190} INFO - [2025-04-10T16:04:32.164+0000] {dagbag.py:588} INFO - Filling up the DagBag from /home/airflow/.local/lib/python3.12/site-packages/airflow/example_dags/example_branch_labels.py
[2025-04-10T16:04:32.177+0000] {processor.py:925} INFO - DAG(s) 'example_branch_labels' retrieved from /home/airflow/.local/lib/python3.12/site-packages/airflow/example_dags/example_branch_labels.py
[2025-04-10T16:04:32.198+0000] {logging_mixin.py:190} INFO - [2025-04-10T16:04:32.198+0000] {dag.py:3239} INFO - Sync 1 DAGs
[2025-04-10T16:04:32.231+0000] {logging_mixin.py:190} INFO - [2025-04-10T16:04:32.231+0000] {dag.py:4180} INFO - Setting next_dagrun for example_branch_labels to 2025-04-09 00:00:00+00:00, run_after=2025-04-10 00:00:00+00:00
[2025-04-10T16:04:32.250+0000] {processor.py:208} INFO - Processing /home/airflow/.local/lib/python3.12/site-packages/airflow/example_dags/example_branch_labels.py took 0.098 seconds
[2025-04-10T16:05:03.668+0000] {processor.py:186} INFO - Started process (PID=422) to work on /home/airflow/.local/lib/python3.12/site-packages/airflow/example_dags/example_branch_labels.py
[2025-04-10T16:05:03.669+0000] {processor.py:914} INFO - Processing file /home/airflow/.local/lib/python3.12/site-packages/airflow/example_dags/example_branch_labels.py for tasks to queue
[2025-04-10T16:05:03.671+0000] {logging_mixin.py:190} INFO - [2025-04-10T16:05:03.671+0000] {dagbag.py:588} INFO - Filling up the DagBag from /home/airflow/.local/lib/python3.12/site-packages/airflow/example_dags/example_branch_labels.py
[2025-04-10T16:05:03.681+0000] {processor.py:925} INFO - DAG(s) 'example_branch_labels' retrieved from /home/airflow/.local/lib/python3.12/site-packages/airflow/example_dags/example_branch_labels.py
[2025-04-10T16:05:03.700+0000] {logging_mixin.py:190} INFO - [2025-04-10T16:05:03.700+0000] {dag.py:3239} INFO - Sync 1 DAGs
[2025-04-10T16:05:03.724+0000] {logging_mixin.py:190} INFO - [2025-04-10T16:05:03.724+0000] {dag.py:4180} INFO - Setting next_dagrun for example_branch_labels to 2025-04-09 00:00:00+00:00, run_after=2025-04-10 00:00:00+00:00
[2025-04-10T16:05:03.741+0000] {processor.py:208} INFO - Processing /home/airflow/.local/lib/python3.12/site-packages/airflow/example_dags/example_branch_labels.py took 0.079 seconds
[2025-04-10T16:05:34.449+0000] {processor.py:186} INFO - Started process (PID=485) to work on /home/airflow/.local/lib/python3.12/site-packages/airflow/example_dags/example_branch_labels.py
[2025-04-10T16:05:34.450+0000] {processor.py:914} INFO - Processing file /home/airflow/.local/lib/python3.12/site-packages/airflow/example_dags/example_branch_labels.py for tasks to queue
[2025-04-10T16:05:34.452+0000] {logging_mixin.py:190} INFO - [2025-04-10T16:05:34.452+0000] {dagbag.py:588} INFO - Filling up the DagBag from /home/airflow/.local/lib/python3.12/site-packages/airflow/example_dags/example_branch_labels.py
[2025-04-10T16:05:34.463+0000] {processor.py:925} INFO - DAG(s) 'example_branch_labels' retrieved from /home/airflow/.local/lib/python3.12/site-packages/airflow/example_dags/example_branch_labels.py
[2025-04-10T16:05:34.484+0000] {logging_mixin.py:190} INFO - [2025-04-10T16:05:34.484+0000] {dag.py:3239} INFO - Sync 1 DAGs
[2025-04-10T16:05:34.508+0000] {logging_mixin.py:190} INFO - [2025-04-10T16:05:34.508+0000] {dag.py:4180} INFO - Setting next_dagrun for example_branch_labels to 2025-04-09 00:00:00+00:00, run_after=2025-04-10 00:00:00+00:00
[2025-04-10T16:05:34.525+0000] {processor.py:208} INFO - Processing /home/airflow/.local/lib/python3.12/site-packages/airflow/example_dags/example_branch_labels.py took 0.083 seconds
[2025-04-10T16:06:05.066+0000] {processor.py:186} INFO - Started process (PID=547) to work on /home/airflow/.local/lib/python3.12/site-packages/airflow/example_dags/example_branch_labels.py
[2025-04-10T16:06:05.067+0000] {processor.py:914} INFO - Processing file /home/airflow/.local/lib/python3.12/site-packages/airflow/example_dags/example_branch_labels.py for tasks to queue
[2025-04-10T16:06:05.069+0000] {logging_mixin.py:190} INFO - [2025-04-10T16:06:05.069+0000] {dagbag.py:588} INFO - Filling up the DagBag from /home/airflow/.local/lib/python3.12/site-packages/airflow/example_dags/example_branch_labels.py
[2025-04-10T16:06:05.082+0000] {processor.py:925} INFO - DAG(s) 'example_branch_labels' retrieved from /home/airflow/.local/lib/python3.12/site-packages/airflow/example_dags/example_branch_labels.py
[2025-04-10T16:06:05.100+0000] {logging_mixin.py:190} INFO - [2025-04-10T16:06:05.100+0000] {dag.py:3239} INFO - Sync 1 DAGs
[2025-04-10T16:06:05.125+0000] {logging_mixin.py:190} INFO - [2025-04-10T16:06:05.124+0000] {dag.py:4180} INFO - Setting next_dagrun for example_branch_labels to 2025-04-09 00:00:00+00:00, run_after=2025-04-10 00:00:00+00:00
[2025-04-10T16:06:05.143+0000] {processor.py:208} INFO - Processing /home/airflow/.local/lib/python3.12/site-packages/airflow/example_dags/example_branch_labels.py took 0.083 seconds
[2025-04-10T16:06:35.910+0000] {processor.py:186} INFO - Started process (PID=610) to work on /home/airflow/.local/lib/python3.12/site-packages/airflow/example_dags/example_branch_labels.py
[2025-04-10T16:06:35.911+0000] {processor.py:914} INFO - Processing file /home/airflow/.local/lib/python3.12/site-packages/airflow/example_dags/example_branch_labels.py for tasks to queue
[2025-04-10T16:06:35.913+0000] {logging_mixin.py:190} INFO - [2025-04-10T16:06:35.913+0000] {dagbag.py:588} INFO - Filling up the DagBag from /home/airflow/.local/lib/python3.12/site-packages/airflow/example_dags/example_branch_labels.py
[2025-04-10T16:06:35.922+0000] {processor.py:925} INFO - DAG(s) 'example_branch_labels' retrieved from /home/airflow/.local/lib/python3.12/site-packages/airflow/example_dags/example_branch_labels.py
[2025-04-10T16:06:35.941+0000] {logging_mixin.py:190} INFO - [2025-04-10T16:06:35.941+0000] {dag.py:3239} INFO - Sync 1 DAGs
[2025-04-10T16:06:35.966+0000] {logging_mixin.py:190} INFO - [2025-04-10T16:06:35.965+0000] {dag.py:4180} INFO - Setting next_dagrun for example_branch_labels to 2025-04-09 00:00:00+00:00, run_after=2025-04-10 00:00:00+00:00
[2025-04-10T16:06:35.983+0000] {processor.py:208} INFO - Processing /home/airflow/.local/lib/python3.12/site-packages/airflow/example_dags/example_branch_labels.py took 0.079 seconds
[2025-04-10T16:07:06.024+0000] {processor.py:186} INFO - Started process (PID=672) to work on /home/airflow/.local/lib/python3.12/site-packages/airflow/example_dags/example_branch_labels.py
[2025-04-10T16:07:06.025+0000] {processor.py:914} INFO - Processing file /home/airflow/.local/lib/python3.12/site-packages/airflow/example_dags/example_branch_labels.py for tasks to queue
[2025-04-10T16:07:06.027+0000] {logging_mixin.py:190} INFO - [2025-04-10T16:07:06.027+0000] {dagbag.py:588} INFO - Filling up the DagBag from /home/airflow/.local/lib/python3.12/site-packages/airflow/example_dags/example_branch_labels.py
[2025-04-10T16:07:06.038+0000] {processor.py:925} INFO - DAG(s) 'example_branch_labels' retrieved from /home/airflow/.local/lib/python3.12/site-packages/airflow/example_dags/example_branch_labels.py
[2025-04-10T16:07:06.061+0000] {logging_mixin.py:190} INFO - [2025-04-10T16:07:06.061+0000] {dag.py:3239} INFO - Sync 1 DAGs
[2025-04-10T16:07:06.092+0000] {logging_mixin.py:190} INFO - [2025-04-10T16:07:06.091+0000] {dag.py:4180} INFO - Setting next_dagrun for example_branch_labels to 2025-04-09 00:00:00+00:00, run_after=2025-04-10 00:00:00+00:00
[2025-04-10T16:07:06.114+0000] {processor.py:208} INFO - Processing /home/airflow/.local/lib/python3.12/site-packages/airflow/example_dags/example_branch_labels.py took 0.096 seconds
[2025-04-10T16:07:36.157+0000] {processor.py:186} INFO - Started process (PID=735) to work on /home/airflow/.local/lib/python3.12/site-packages/airflow/example_dags/example_branch_labels.py
[2025-04-10T16:07:36.158+0000] {processor.py:914} INFO - Processing file /home/airflow/.local/lib/python3.12/site-packages/airflow/example_dags/example_branch_labels.py for tasks to queue
[2025-04-10T16:07:36.160+0000] {logging_mixin.py:190} INFO - [2025-04-10T16:07:36.160+0000] {dagbag.py:588} INFO - Filling up the DagBag from /home/airflow/.local/lib/python3.12/site-packages/airflow/example_dags/example_branch_labels.py
[2025-04-10T16:07:36.170+0000] {processor.py:925} INFO - DAG(s) 'example_branch_labels' retrieved from /home/airflow/.local/lib/python3.12/site-packages/airflow/example_dags/example_branch_labels.py
[2025-04-10T16:07:36.190+0000] {logging_mixin.py:190} INFO - [2025-04-10T16:07:36.190+0000] {dag.py:3239} INFO - Sync 1 DAGs
[2025-04-10T16:07:36.216+0000] {logging_mixin.py:190} INFO - [2025-04-10T16:07:36.216+0000] {dag.py:4180} INFO - Setting next_dagrun for example_branch_labels to 2025-04-09 00:00:00+00:00, run_after=2025-04-10 00:00:00+00:00
[2025-04-10T16:07:36.237+0000] {processor.py:208} INFO - Processing /home/airflow/.local/lib/python3.12/site-packages/airflow/example_dags/example_branch_labels.py took 0.086 seconds
[2025-04-10T16:08:06.947+0000] {processor.py:186} INFO - Started process (PID=798) to work on /home/airflow/.local/lib/python3.12/site-packages/airflow/example_dags/example_branch_labels.py
[2025-04-10T16:08:06.948+0000] {processor.py:914} INFO - Processing file /home/airflow/.local/lib/python3.12/site-packages/airflow/example_dags/example_branch_labels.py for tasks to queue
[2025-04-10T16:08:06.950+0000] {logging_mixin.py:190} INFO - [2025-04-10T16:08:06.950+0000] {dagbag.py:588} INFO - Filling up the DagBag from /home/airflow/.local/lib/python3.12/site-packages/airflow/example_dags/example_branch_labels.py
[2025-04-10T16:08:06.959+0000] {processor.py:925} INFO - DAG(s) 'example_branch_labels' retrieved from /home/airflow/.local/lib/python3.12/site-packages/airflow/example_dags/example_branch_labels.py
[2025-04-10T16:08:06.978+0000] {logging_mixin.py:190} INFO - [2025-04-10T16:08:06.977+0000] {dag.py:3239} INFO - Sync 1 DAGs
[2025-04-10T16:08:07.003+0000] {logging_mixin.py:190} INFO - [2025-04-10T16:08:07.002+0000] {dag.py:4180} INFO - Setting next_dagrun for example_branch_labels to 2025-04-09 00:00:00+00:00, run_after=2025-04-10 00:00:00+00:00
[2025-04-10T16:08:07.020+0000] {processor.py:208} INFO - Processing /home/airflow/.local/lib/python3.12/site-packages/airflow/example_dags/example_branch_labels.py took 0.079 seconds
[2025-04-10T16:08:37.347+0000] {processor.py:186} INFO - Started process (PID=861) to work on /home/airflow/.local/lib/python3.12/site-packages/airflow/example_dags/example_branch_labels.py
[2025-04-10T16:08:37.348+0000] {processor.py:914} INFO - Processing file /home/airflow/.local/lib/python3.12/site-packages/airflow/example_dags/example_branch_labels.py for tasks to queue
[2025-04-10T16:08:37.351+0000] {logging_mixin.py:190} INFO - [2025-04-10T16:08:37.350+0000] {dagbag.py:588} INFO - Filling up the DagBag from /home/airflow/.local/lib/python3.12/site-packages/airflow/example_dags/example_branch_labels.py
[2025-04-10T16:08:37.360+0000] {processor.py:925} INFO - DAG(s) 'example_branch_labels' retrieved from /home/airflow/.local/lib/python3.12/site-packages/airflow/example_dags/example_branch_labels.py
[2025-04-10T16:08:37.379+0000] {logging_mixin.py:190} INFO - [2025-04-10T16:08:37.379+0000] {dag.py:3239} INFO - Sync 1 DAGs
[2025-04-10T16:08:37.406+0000] {logging_mixin.py:190} INFO - [2025-04-10T16:08:37.406+0000] {dag.py:4180} INFO - Setting next_dagrun for example_branch_labels to 2025-04-09 00:00:00+00:00, run_after=2025-04-10 00:00:00+00:00
[2025-04-10T16:08:37.427+0000] {processor.py:208} INFO - Processing /home/airflow/.local/lib/python3.12/site-packages/airflow/example_dags/example_branch_labels.py took 0.086 seconds
[2025-04-10T16:09:08.262+0000] {processor.py:186} INFO - Started process (PID=924) to work on /home/airflow/.local/lib/python3.12/site-packages/airflow/example_dags/example_branch_labels.py
[2025-04-10T16:09:08.263+0000] {processor.py:914} INFO - Processing file /home/airflow/.local/lib/python3.12/site-packages/airflow/example_dags/example_branch_labels.py for tasks to queue
[2025-04-10T16:09:08.266+0000] {logging_mixin.py:190} INFO - [2025-04-10T16:09:08.266+0000] {dagbag.py:588} INFO - Filling up the DagBag from /home/airflow/.local/lib/python3.12/site-packages/airflow/example_dags/example_branch_labels.py
[2025-04-10T16:09:08.278+0000] {processor.py:925} INFO - DAG(s) 'example_branch_labels' retrieved from /home/airflow/.local/lib/python3.12/site-packages/airflow/example_dags/example_branch_labels.py
[2025-04-10T16:09:08.298+0000] {logging_mixin.py:190} INFO - [2025-04-10T16:09:08.298+0000] {dag.py:3239} INFO - Sync 1 DAGs
[2025-04-10T16:09:08.325+0000] {logging_mixin.py:190} INFO - [2025-04-10T16:09:08.325+0000] {dag.py:4180} INFO - Setting next_dagrun for example_branch_labels to 2025-04-09 00:00:00+00:00, run_after=2025-04-10 00:00:00+00:00
[2025-04-10T16:09:08.344+0000] {processor.py:208} INFO - Processing /home/airflow/.local/lib/python3.12/site-packages/airflow/example_dags/example_branch_labels.py took 0.089 seconds
