[2025-04-10T16:02:23.290+0000] {processor.py:186} INFO - Started process (PID=82) to work on /home/airflow/.local/lib/python3.12/site-packages/airflow/example_dags/example_task_group_decorator.py
[2025-04-10T16:02:23.291+0000] {processor.py:914} INFO - Processing file /home/airflow/.local/lib/python3.12/site-packages/airflow/example_dags/example_task_group_decorator.py for tasks to queue
[2025-04-10T16:02:23.293+0000] {logging_mixin.py:190} INFO - [2025-04-10T16:02:23.293+0000] {dagbag.py:588} INFO - Filling up the DagBag from /home/airflow/.local/lib/python3.12/site-packages/airflow/example_dags/example_task_group_decorator.py
[2025-04-10T16:02:23.311+0000] {processor.py:925} INFO - DAG(s) 'example_task_group_decorator' retrieved from /home/airflow/.local/lib/python3.12/site-packages/airflow/example_dags/example_task_group_decorator.py
[2025-04-10T16:02:23.424+0000] {logging_mixin.py:190} INFO - [2025-04-10T16:02:23.424+0000] {override.py:1912} INFO - Created Permission View: can read on DAG:example_task_group_decorator
[2025-04-10T16:02:23.434+0000] {logging_mixin.py:190} INFO - [2025-04-10T16:02:23.433+0000] {override.py:1912} INFO - Created Permission View: can delete on DAG:example_task_group_decorator
[2025-04-10T16:02:23.440+0000] {logging_mixin.py:190} INFO - [2025-04-10T16:02:23.440+0000] {override.py:1912} INFO - Created Permission View: can edit on DAG:example_task_group_decorator
[2025-04-10T16:02:23.447+0000] {logging_mixin.py:190} INFO - [2025-04-10T16:02:23.447+0000] {override.py:1912} INFO - Created Permission View: menu access on DAG Run:example_task_group_decorator
[2025-04-10T16:02:23.453+0000] {logging_mixin.py:190} INFO - [2025-04-10T16:02:23.453+0000] {override.py:1912} INFO - Created Permission View: can read on DAG Run:example_task_group_decorator
[2025-04-10T16:02:23.460+0000] {logging_mixin.py:190} INFO - [2025-04-10T16:02:23.460+0000] {override.py:1912} INFO - Created Permission View: can create on DAG Run:example_task_group_decorator
[2025-04-10T16:02:23.466+0000] {logging_mixin.py:190} INFO - [2025-04-10T16:02:23.466+0000] {override.py:1912} INFO - Created Permission View: can delete on DAG Run:example_task_group_decorator
[2025-04-10T16:02:23.466+0000] {logging_mixin.py:190} INFO - [2025-04-10T16:02:23.466+0000] {dag.py:3239} INFO - Sync 1 DAGs
[2025-04-10T16:02:23.480+0000] {logging_mixin.py:190} INFO - [2025-04-10T16:02:23.480+0000] {dag.py:3262} INFO - Creating ORM DAG for example_task_group_decorator
[2025-04-10T16:02:23.481+0000] {logging_mixin.py:190} INFO - [2025-04-10T16:02:23.481+0000] {dag.py:4180} INFO - Setting next_dagrun for example_task_group_decorator to None, run_after=None
[2025-04-10T16:02:23.497+0000] {processor.py:208} INFO - Processing /home/airflow/.local/lib/python3.12/site-packages/airflow/example_dags/example_task_group_decorator.py took 0.214 seconds
[2025-04-10T16:02:53.743+0000] {processor.py:186} INFO - Started process (PID=145) to work on /home/airflow/.local/lib/python3.12/site-packages/airflow/example_dags/example_task_group_decorator.py
[2025-04-10T16:02:53.744+0000] {processor.py:914} INFO - Processing file /home/airflow/.local/lib/python3.12/site-packages/airflow/example_dags/example_task_group_decorator.py for tasks to queue
[2025-04-10T16:02:53.747+0000] {logging_mixin.py:190} INFO - [2025-04-10T16:02:53.746+0000] {dagbag.py:588} INFO - Filling up the DagBag from /home/airflow/.local/lib/python3.12/site-packages/airflow/example_dags/example_task_group_decorator.py
[2025-04-10T16:02:53.763+0000] {processor.py:925} INFO - DAG(s) 'example_task_group_decorator' retrieved from /home/airflow/.local/lib/python3.12/site-packages/airflow/example_dags/example_task_group_decorator.py
[2025-04-10T16:02:53.789+0000] {logging_mixin.py:190} INFO - [2025-04-10T16:02:53.789+0000] {dag.py:3239} INFO - Sync 1 DAGs
[2025-04-10T16:02:53.807+0000] {logging_mixin.py:190} INFO - [2025-04-10T16:02:53.807+0000] {dag.py:4180} INFO - Setting next_dagrun for example_task_group_decorator to None, run_after=None
[2025-04-10T16:02:53.827+0000] {processor.py:208} INFO - Processing /home/airflow/.local/lib/python3.12/site-packages/airflow/example_dags/example_task_group_decorator.py took 0.090 seconds
[2025-04-10T16:03:24.370+0000] {processor.py:186} INFO - Started process (PID=208) to work on /home/airflow/.local/lib/python3.12/site-packages/airflow/example_dags/example_task_group_decorator.py
[2025-04-10T16:03:24.371+0000] {processor.py:914} INFO - Processing file /home/airflow/.local/lib/python3.12/site-packages/airflow/example_dags/example_task_group_decorator.py for tasks to queue
[2025-04-10T16:03:24.374+0000] {logging_mixin.py:190} INFO - [2025-04-10T16:03:24.373+0000] {dagbag.py:588} INFO - Filling up the DagBag from /home/airflow/.local/lib/python3.12/site-packages/airflow/example_dags/example_task_group_decorator.py
[2025-04-10T16:03:24.393+0000] {processor.py:925} INFO - DAG(s) 'example_task_group_decorator' retrieved from /home/airflow/.local/lib/python3.12/site-packages/airflow/example_dags/example_task_group_decorator.py
[2025-04-10T16:03:24.424+0000] {logging_mixin.py:190} INFO - [2025-04-10T16:03:24.424+0000] {dag.py:3239} INFO - Sync 1 DAGs
[2025-04-10T16:03:24.443+0000] {logging_mixin.py:190} INFO - [2025-04-10T16:03:24.443+0000] {dag.py:4180} INFO - Setting next_dagrun for example_task_group_decorator to None, run_after=None
[2025-04-10T16:03:24.462+0000] {processor.py:208} INFO - Processing /home/airflow/.local/lib/python3.12/site-packages/airflow/example_dags/example_task_group_decorator.py took 0.098 seconds
[2025-04-10T16:03:54.753+0000] {processor.py:186} INFO - Started process (PID=277) to work on /home/airflow/.local/lib/python3.12/site-packages/airflow/example_dags/example_task_group_decorator.py
[2025-04-10T16:03:54.754+0000] {processor.py:914} INFO - Processing file /home/airflow/.local/lib/python3.12/site-packages/airflow/example_dags/example_task_group_decorator.py for tasks to queue
[2025-04-10T16:03:54.756+0000] {logging_mixin.py:190} INFO - [2025-04-10T16:03:54.756+0000] {dagbag.py:588} INFO - Filling up the DagBag from /home/airflow/.local/lib/python3.12/site-packages/airflow/example_dags/example_task_group_decorator.py
[2025-04-10T16:03:54.771+0000] {processor.py:925} INFO - DAG(s) 'example_task_group_decorator' retrieved from /home/airflow/.local/lib/python3.12/site-packages/airflow/example_dags/example_task_group_decorator.py
[2025-04-10T16:03:54.795+0000] {logging_mixin.py:190} INFO - [2025-04-10T16:03:54.795+0000] {dag.py:3239} INFO - Sync 1 DAGs
[2025-04-10T16:03:54.809+0000] {logging_mixin.py:190} INFO - [2025-04-10T16:03:54.809+0000] {dag.py:4180} INFO - Setting next_dagrun for example_task_group_decorator to None, run_after=None
[2025-04-10T16:03:54.826+0000] {processor.py:208} INFO - Processing /home/airflow/.local/lib/python3.12/site-packages/airflow/example_dags/example_task_group_decorator.py took 0.078 seconds
[2025-04-10T16:04:25.440+0000] {processor.py:186} INFO - Started process (PID=340) to work on /home/airflow/.local/lib/python3.12/site-packages/airflow/example_dags/example_task_group_decorator.py
[2025-04-10T16:04:25.441+0000] {processor.py:914} INFO - Processing file /home/airflow/.local/lib/python3.12/site-packages/airflow/example_dags/example_task_group_decorator.py for tasks to queue
[2025-04-10T16:04:25.444+0000] {logging_mixin.py:190} INFO - [2025-04-10T16:04:25.443+0000] {dagbag.py:588} INFO - Filling up the DagBag from /home/airflow/.local/lib/python3.12/site-packages/airflow/example_dags/example_task_group_decorator.py
[2025-04-10T16:04:25.458+0000] {processor.py:925} INFO - DAG(s) 'example_task_group_decorator' retrieved from /home/airflow/.local/lib/python3.12/site-packages/airflow/example_dags/example_task_group_decorator.py
[2025-04-10T16:04:25.481+0000] {logging_mixin.py:190} INFO - [2025-04-10T16:04:25.481+0000] {dag.py:3239} INFO - Sync 1 DAGs
[2025-04-10T16:04:25.495+0000] {logging_mixin.py:190} INFO - [2025-04-10T16:04:25.495+0000] {dag.py:4180} INFO - Setting next_dagrun for example_task_group_decorator to None, run_after=None
[2025-04-10T16:04:25.513+0000] {processor.py:208} INFO - Processing /home/airflow/.local/lib/python3.12/site-packages/airflow/example_dags/example_task_group_decorator.py took 0.079 seconds
[2025-04-10T16:04:56.152+0000] {processor.py:186} INFO - Started process (PID=403) to work on /home/airflow/.local/lib/python3.12/site-packages/airflow/example_dags/example_task_group_decorator.py
[2025-04-10T16:04:56.154+0000] {processor.py:914} INFO - Processing file /home/airflow/.local/lib/python3.12/site-packages/airflow/example_dags/example_task_group_decorator.py for tasks to queue
[2025-04-10T16:04:56.156+0000] {logging_mixin.py:190} INFO - [2025-04-10T16:04:56.155+0000] {dagbag.py:588} INFO - Filling up the DagBag from /home/airflow/.local/lib/python3.12/site-packages/airflow/example_dags/example_task_group_decorator.py
[2025-04-10T16:04:56.171+0000] {processor.py:925} INFO - DAG(s) 'example_task_group_decorator' retrieved from /home/airflow/.local/lib/python3.12/site-packages/airflow/example_dags/example_task_group_decorator.py
[2025-04-10T16:04:56.194+0000] {logging_mixin.py:190} INFO - [2025-04-10T16:04:56.194+0000] {dag.py:3239} INFO - Sync 1 DAGs
[2025-04-10T16:04:56.209+0000] {logging_mixin.py:190} INFO - [2025-04-10T16:04:56.208+0000] {dag.py:4180} INFO - Setting next_dagrun for example_task_group_decorator to None, run_after=None
[2025-04-10T16:04:56.225+0000] {processor.py:208} INFO - Processing /home/airflow/.local/lib/python3.12/site-packages/airflow/example_dags/example_task_group_decorator.py took 0.079 seconds
[2025-04-10T16:05:26.742+0000] {processor.py:186} INFO - Started process (PID=466) to work on /home/airflow/.local/lib/python3.12/site-packages/airflow/example_dags/example_task_group_decorator.py
[2025-04-10T16:05:26.742+0000] {processor.py:914} INFO - Processing file /home/airflow/.local/lib/python3.12/site-packages/airflow/example_dags/example_task_group_decorator.py for tasks to queue
[2025-04-10T16:05:26.745+0000] {logging_mixin.py:190} INFO - [2025-04-10T16:05:26.744+0000] {dagbag.py:588} INFO - Filling up the DagBag from /home/airflow/.local/lib/python3.12/site-packages/airflow/example_dags/example_task_group_decorator.py
[2025-04-10T16:05:26.759+0000] {processor.py:925} INFO - DAG(s) 'example_task_group_decorator' retrieved from /home/airflow/.local/lib/python3.12/site-packages/airflow/example_dags/example_task_group_decorator.py
[2025-04-10T16:05:26.782+0000] {logging_mixin.py:190} INFO - [2025-04-10T16:05:26.782+0000] {dag.py:3239} INFO - Sync 1 DAGs
[2025-04-10T16:05:26.796+0000] {logging_mixin.py:190} INFO - [2025-04-10T16:05:26.795+0000] {dag.py:4180} INFO - Setting next_dagrun for example_task_group_decorator to None, run_after=None
[2025-04-10T16:05:26.812+0000] {processor.py:208} INFO - Processing /home/airflow/.local/lib/python3.12/site-packages/airflow/example_dags/example_task_group_decorator.py took 0.076 seconds
[2025-04-10T16:05:57.021+0000] {processor.py:186} INFO - Started process (PID=529) to work on /home/airflow/.local/lib/python3.12/site-packages/airflow/example_dags/example_task_group_decorator.py
[2025-04-10T16:05:57.023+0000] {processor.py:914} INFO - Processing file /home/airflow/.local/lib/python3.12/site-packages/airflow/example_dags/example_task_group_decorator.py for tasks to queue
[2025-04-10T16:05:57.025+0000] {logging_mixin.py:190} INFO - [2025-04-10T16:05:57.025+0000] {dagbag.py:588} INFO - Filling up the DagBag from /home/airflow/.local/lib/python3.12/site-packages/airflow/example_dags/example_task_group_decorator.py
[2025-04-10T16:05:57.041+0000] {processor.py:925} INFO - DAG(s) 'example_task_group_decorator' retrieved from /home/airflow/.local/lib/python3.12/site-packages/airflow/example_dags/example_task_group_decorator.py
[2025-04-10T16:05:57.065+0000] {logging_mixin.py:190} INFO - [2025-04-10T16:05:57.065+0000] {dag.py:3239} INFO - Sync 1 DAGs
[2025-04-10T16:05:57.080+0000] {logging_mixin.py:190} INFO - [2025-04-10T16:05:57.080+0000] {dag.py:4180} INFO - Setting next_dagrun for example_task_group_decorator to None, run_after=None
[2025-04-10T16:05:57.098+0000] {processor.py:208} INFO - Processing /home/airflow/.local/lib/python3.12/site-packages/airflow/example_dags/example_task_group_decorator.py took 0.082 seconds
[2025-04-10T16:06:27.932+0000] {processor.py:186} INFO - Started process (PID=592) to work on /home/airflow/.local/lib/python3.12/site-packages/airflow/example_dags/example_task_group_decorator.py
[2025-04-10T16:06:27.933+0000] {processor.py:914} INFO - Processing file /home/airflow/.local/lib/python3.12/site-packages/airflow/example_dags/example_task_group_decorator.py for tasks to queue
[2025-04-10T16:06:27.935+0000] {logging_mixin.py:190} INFO - [2025-04-10T16:06:27.935+0000] {dagbag.py:588} INFO - Filling up the DagBag from /home/airflow/.local/lib/python3.12/site-packages/airflow/example_dags/example_task_group_decorator.py
[2025-04-10T16:06:27.950+0000] {processor.py:925} INFO - DAG(s) 'example_task_group_decorator' retrieved from /home/airflow/.local/lib/python3.12/site-packages/airflow/example_dags/example_task_group_decorator.py
[2025-04-10T16:06:27.973+0000] {logging_mixin.py:190} INFO - [2025-04-10T16:06:27.972+0000] {dag.py:3239} INFO - Sync 1 DAGs
[2025-04-10T16:06:27.987+0000] {logging_mixin.py:190} INFO - [2025-04-10T16:06:27.986+0000] {dag.py:4180} INFO - Setting next_dagrun for example_task_group_decorator to None, run_after=None
[2025-04-10T16:06:28.004+0000] {processor.py:208} INFO - Processing /home/airflow/.local/lib/python3.12/site-packages/airflow/example_dags/example_task_group_decorator.py took 0.077 seconds
[2025-04-10T16:06:58.157+0000] {processor.py:186} INFO - Started process (PID=655) to work on /home/airflow/.local/lib/python3.12/site-packages/airflow/example_dags/example_task_group_decorator.py
[2025-04-10T16:06:58.158+0000] {processor.py:914} INFO - Processing file /home/airflow/.local/lib/python3.12/site-packages/airflow/example_dags/example_task_group_decorator.py for tasks to queue
[2025-04-10T16:06:58.160+0000] {logging_mixin.py:190} INFO - [2025-04-10T16:06:58.159+0000] {dagbag.py:588} INFO - Filling up the DagBag from /home/airflow/.local/lib/python3.12/site-packages/airflow/example_dags/example_task_group_decorator.py
[2025-04-10T16:06:58.175+0000] {processor.py:925} INFO - DAG(s) 'example_task_group_decorator' retrieved from /home/airflow/.local/lib/python3.12/site-packages/airflow/example_dags/example_task_group_decorator.py
[2025-04-10T16:06:58.200+0000] {logging_mixin.py:190} INFO - [2025-04-10T16:06:58.200+0000] {dag.py:3239} INFO - Sync 1 DAGs
[2025-04-10T16:06:58.215+0000] {logging_mixin.py:190} INFO - [2025-04-10T16:06:58.215+0000] {dag.py:4180} INFO - Setting next_dagrun for example_task_group_decorator to None, run_after=None
[2025-04-10T16:06:58.233+0000] {processor.py:208} INFO - Processing /home/airflow/.local/lib/python3.12/site-packages/airflow/example_dags/example_task_group_decorator.py took 0.082 seconds
[2025-04-10T16:07:29.125+0000] {processor.py:186} INFO - Started process (PID=718) to work on /home/airflow/.local/lib/python3.12/site-packages/airflow/example_dags/example_task_group_decorator.py
[2025-04-10T16:07:29.126+0000] {processor.py:914} INFO - Processing file /home/airflow/.local/lib/python3.12/site-packages/airflow/example_dags/example_task_group_decorator.py for tasks to queue
[2025-04-10T16:07:29.129+0000] {logging_mixin.py:190} INFO - [2025-04-10T16:07:29.128+0000] {dagbag.py:588} INFO - Filling up the DagBag from /home/airflow/.local/lib/python3.12/site-packages/airflow/example_dags/example_task_group_decorator.py
[2025-04-10T16:07:29.145+0000] {processor.py:925} INFO - DAG(s) 'example_task_group_decorator' retrieved from /home/airflow/.local/lib/python3.12/site-packages/airflow/example_dags/example_task_group_decorator.py
[2025-04-10T16:07:29.170+0000] {logging_mixin.py:190} INFO - [2025-04-10T16:07:29.170+0000] {dag.py:3239} INFO - Sync 1 DAGs
[2025-04-10T16:07:29.187+0000] {logging_mixin.py:190} INFO - [2025-04-10T16:07:29.187+0000] {dag.py:4180} INFO - Setting next_dagrun for example_task_group_decorator to None, run_after=None
[2025-04-10T16:07:29.206+0000] {processor.py:208} INFO - Processing /home/airflow/.local/lib/python3.12/site-packages/airflow/example_dags/example_task_group_decorator.py took 0.087 seconds
[2025-04-10T16:07:59.949+0000] {processor.py:186} INFO - Started process (PID=781) to work on /home/airflow/.local/lib/python3.12/site-packages/airflow/example_dags/example_task_group_decorator.py
[2025-04-10T16:07:59.950+0000] {processor.py:914} INFO - Processing file /home/airflow/.local/lib/python3.12/site-packages/airflow/example_dags/example_task_group_decorator.py for tasks to queue
[2025-04-10T16:07:59.953+0000] {logging_mixin.py:190} INFO - [2025-04-10T16:07:59.953+0000] {dagbag.py:588} INFO - Filling up the DagBag from /home/airflow/.local/lib/python3.12/site-packages/airflow/example_dags/example_task_group_decorator.py
[2025-04-10T16:07:59.976+0000] {processor.py:925} INFO - DAG(s) 'example_task_group_decorator' retrieved from /home/airflow/.local/lib/python3.12/site-packages/airflow/example_dags/example_task_group_decorator.py
[2025-04-10T16:08:00.004+0000] {logging_mixin.py:190} INFO - [2025-04-10T16:08:00.004+0000] {dag.py:3239} INFO - Sync 1 DAGs
[2025-04-10T16:08:00.020+0000] {logging_mixin.py:190} INFO - [2025-04-10T16:08:00.020+0000] {dag.py:4180} INFO - Setting next_dagrun for example_task_group_decorator to None, run_after=None
[2025-04-10T16:08:00.040+0000] {processor.py:208} INFO - Processing /home/airflow/.local/lib/python3.12/site-packages/airflow/example_dags/example_task_group_decorator.py took 0.097 seconds
[2025-04-10T16:08:30.383+0000] {processor.py:186} INFO - Started process (PID=844) to work on /home/airflow/.local/lib/python3.12/site-packages/airflow/example_dags/example_task_group_decorator.py
[2025-04-10T16:08:30.384+0000] {processor.py:914} INFO - Processing file /home/airflow/.local/lib/python3.12/site-packages/airflow/example_dags/example_task_group_decorator.py for tasks to queue
[2025-04-10T16:08:30.387+0000] {logging_mixin.py:190} INFO - [2025-04-10T16:08:30.386+0000] {dagbag.py:588} INFO - Filling up the DagBag from /home/airflow/.local/lib/python3.12/site-packages/airflow/example_dags/example_task_group_decorator.py
[2025-04-10T16:08:30.403+0000] {processor.py:925} INFO - DAG(s) 'example_task_group_decorator' retrieved from /home/airflow/.local/lib/python3.12/site-packages/airflow/example_dags/example_task_group_decorator.py
[2025-04-10T16:08:30.427+0000] {logging_mixin.py:190} INFO - [2025-04-10T16:08:30.427+0000] {dag.py:3239} INFO - Sync 1 DAGs
[2025-04-10T16:08:30.443+0000] {logging_mixin.py:190} INFO - [2025-04-10T16:08:30.442+0000] {dag.py:4180} INFO - Setting next_dagrun for example_task_group_decorator to None, run_after=None
[2025-04-10T16:08:30.464+0000] {processor.py:208} INFO - Processing /home/airflow/.local/lib/python3.12/site-packages/airflow/example_dags/example_task_group_decorator.py took 0.088 seconds
[2025-04-10T16:09:01.380+0000] {processor.py:186} INFO - Started process (PID=907) to work on /home/airflow/.local/lib/python3.12/site-packages/airflow/example_dags/example_task_group_decorator.py
[2025-04-10T16:09:01.381+0000] {processor.py:914} INFO - Processing file /home/airflow/.local/lib/python3.12/site-packages/airflow/example_dags/example_task_group_decorator.py for tasks to queue
[2025-04-10T16:09:01.383+0000] {logging_mixin.py:190} INFO - [2025-04-10T16:09:01.383+0000] {dagbag.py:588} INFO - Filling up the DagBag from /home/airflow/.local/lib/python3.12/site-packages/airflow/example_dags/example_task_group_decorator.py
[2025-04-10T16:09:01.402+0000] {processor.py:925} INFO - DAG(s) 'example_task_group_decorator' retrieved from /home/airflow/.local/lib/python3.12/site-packages/airflow/example_dags/example_task_group_decorator.py
[2025-04-10T16:09:01.429+0000] {logging_mixin.py:190} INFO - [2025-04-10T16:09:01.429+0000] {dag.py:3239} INFO - Sync 1 DAGs
[2025-04-10T16:09:01.444+0000] {logging_mixin.py:190} INFO - [2025-04-10T16:09:01.444+0000] {dag.py:4180} INFO - Setting next_dagrun for example_task_group_decorator to None, run_after=None
[2025-04-10T16:09:01.465+0000] {processor.py:208} INFO - Processing /home/airflow/.local/lib/python3.12/site-packages/airflow/example_dags/example_task_group_decorator.py took 0.092 seconds
