[2025-04-10T16:02:23.155+0000] {processor.py:186} INFO - Started process (PID=81) to work on /home/airflow/.local/lib/python3.12/site-packages/airflow/example_dags/example_setup_teardown.py
[2025-04-10T16:02:23.156+0000] {processor.py:914} INFO - Processing file /home/airflow/.local/lib/python3.12/site-packages/airflow/example_dags/example_setup_teardown.py for tasks to queue
[2025-04-10T16:02:23.159+0000] {logging_mixin.py:190} INFO - [2025-04-10T16:02:23.158+0000] {dagbag.py:588} INFO - Filling up the DagBag from /home/airflow/.local/lib/python3.12/site-packages/airflow/example_dags/example_setup_teardown.py
[2025-04-10T16:02:23.168+0000] {processor.py:925} INFO - DAG(s) 'example_setup_teardown' retrieved from /home/airflow/.local/lib/python3.12/site-packages/airflow/example_dags/example_setup_teardown.py
[2025-04-10T16:02:23.282+0000] {logging_mixin.py:190} INFO - [2025-04-10T16:02:23.281+0000] {override.py:1912} INFO - Created Permission View: can read on DAG:example_setup_teardown
[2025-04-10T16:02:23.292+0000] {logging_mixin.py:190} INFO - [2025-04-10T16:02:23.292+0000] {override.py:1912} INFO - Created Permission View: can delete on DAG:example_setup_teardown
[2025-04-10T16:02:23.298+0000] {logging_mixin.py:190} INFO - [2025-04-10T16:02:23.298+0000] {override.py:1912} INFO - Created Permission View: can edit on DAG:example_setup_teardown
[2025-04-10T16:02:23.305+0000] {logging_mixin.py:190} INFO - [2025-04-10T16:02:23.305+0000] {override.py:1912} INFO - Created Permission View: menu access on DAG Run:example_setup_teardown
[2025-04-10T16:02:23.312+0000] {logging_mixin.py:190} INFO - [2025-04-10T16:02:23.311+0000] {override.py:1912} INFO - Created Permission View: can read on DAG Run:example_setup_teardown
[2025-04-10T16:02:23.318+0000] {logging_mixin.py:190} INFO - [2025-04-10T16:02:23.318+0000] {override.py:1912} INFO - Created Permission View: can create on DAG Run:example_setup_teardown
[2025-04-10T16:02:23.324+0000] {logging_mixin.py:190} INFO - [2025-04-10T16:02:23.324+0000] {override.py:1912} INFO - Created Permission View: can delete on DAG Run:example_setup_teardown
[2025-04-10T16:02:23.325+0000] {logging_mixin.py:190} INFO - [2025-04-10T16:02:23.325+0000] {dag.py:3239} INFO - Sync 1 DAGs
[2025-04-10T16:02:23.338+0000] {logging_mixin.py:190} INFO - [2025-04-10T16:02:23.338+0000] {dag.py:3262} INFO - Creating ORM DAG for example_setup_teardown
[2025-04-10T16:02:23.339+0000] {logging_mixin.py:190} INFO - [2025-04-10T16:02:23.339+0000] {dag.py:4180} INFO - Setting next_dagrun for example_setup_teardown to None, run_after=None
[2025-04-10T16:02:23.356+0000] {processor.py:208} INFO - Processing /home/airflow/.local/lib/python3.12/site-packages/airflow/example_dags/example_setup_teardown.py took 0.207 seconds
[2025-04-10T16:02:53.644+0000] {processor.py:186} INFO - Started process (PID=144) to work on /home/airflow/.local/lib/python3.12/site-packages/airflow/example_dags/example_setup_teardown.py
[2025-04-10T16:02:53.645+0000] {processor.py:914} INFO - Processing file /home/airflow/.local/lib/python3.12/site-packages/airflow/example_dags/example_setup_teardown.py for tasks to queue
[2025-04-10T16:02:53.647+0000] {logging_mixin.py:190} INFO - [2025-04-10T16:02:53.647+0000] {dagbag.py:588} INFO - Filling up the DagBag from /home/airflow/.local/lib/python3.12/site-packages/airflow/example_dags/example_setup_teardown.py
[2025-04-10T16:02:53.655+0000] {processor.py:925} INFO - DAG(s) 'example_setup_teardown' retrieved from /home/airflow/.local/lib/python3.12/site-packages/airflow/example_dags/example_setup_teardown.py
[2025-04-10T16:02:53.675+0000] {logging_mixin.py:190} INFO - [2025-04-10T16:02:53.675+0000] {dag.py:3239} INFO - Sync 1 DAGs
[2025-04-10T16:02:53.690+0000] {logging_mixin.py:190} INFO - [2025-04-10T16:02:53.690+0000] {dag.py:4180} INFO - Setting next_dagrun for example_setup_teardown to None, run_after=None
[2025-04-10T16:02:53.709+0000] {processor.py:208} INFO - Processing /home/airflow/.local/lib/python3.12/site-packages/airflow/example_dags/example_setup_teardown.py took 0.070 seconds
[2025-04-10T16:03:24.286+0000] {processor.py:186} INFO - Started process (PID=207) to work on /home/airflow/.local/lib/python3.12/site-packages/airflow/example_dags/example_setup_teardown.py
[2025-04-10T16:03:24.287+0000] {processor.py:914} INFO - Processing file /home/airflow/.local/lib/python3.12/site-packages/airflow/example_dags/example_setup_teardown.py for tasks to queue
[2025-04-10T16:03:24.289+0000] {logging_mixin.py:190} INFO - [2025-04-10T16:03:24.289+0000] {dagbag.py:588} INFO - Filling up the DagBag from /home/airflow/.local/lib/python3.12/site-packages/airflow/example_dags/example_setup_teardown.py
[2025-04-10T16:03:24.298+0000] {processor.py:925} INFO - DAG(s) 'example_setup_teardown' retrieved from /home/airflow/.local/lib/python3.12/site-packages/airflow/example_dags/example_setup_teardown.py
[2025-04-10T16:03:24.318+0000] {logging_mixin.py:190} INFO - [2025-04-10T16:03:24.318+0000] {dag.py:3239} INFO - Sync 1 DAGs
[2025-04-10T16:03:24.334+0000] {logging_mixin.py:190} INFO - [2025-04-10T16:03:24.334+0000] {dag.py:4180} INFO - Setting next_dagrun for example_setup_teardown to None, run_after=None
[2025-04-10T16:03:24.357+0000] {processor.py:208} INFO - Processing /home/airflow/.local/lib/python3.12/site-packages/airflow/example_dags/example_setup_teardown.py took 0.078 seconds
[2025-04-10T16:03:54.653+0000] {processor.py:186} INFO - Started process (PID=276) to work on /home/airflow/.local/lib/python3.12/site-packages/airflow/example_dags/example_setup_teardown.py
[2025-04-10T16:03:54.654+0000] {processor.py:914} INFO - Processing file /home/airflow/.local/lib/python3.12/site-packages/airflow/example_dags/example_setup_teardown.py for tasks to queue
[2025-04-10T16:03:54.656+0000] {logging_mixin.py:190} INFO - [2025-04-10T16:03:54.656+0000] {dagbag.py:588} INFO - Filling up the DagBag from /home/airflow/.local/lib/python3.12/site-packages/airflow/example_dags/example_setup_teardown.py
[2025-04-10T16:03:54.665+0000] {processor.py:925} INFO - DAG(s) 'example_setup_teardown' retrieved from /home/airflow/.local/lib/python3.12/site-packages/airflow/example_dags/example_setup_teardown.py
[2025-04-10T16:03:54.685+0000] {logging_mixin.py:190} INFO - [2025-04-10T16:03:54.685+0000] {dag.py:3239} INFO - Sync 1 DAGs
[2025-04-10T16:03:54.701+0000] {logging_mixin.py:190} INFO - [2025-04-10T16:03:54.700+0000] {dag.py:4180} INFO - Setting next_dagrun for example_setup_teardown to None, run_after=None
[2025-04-10T16:03:54.719+0000] {processor.py:208} INFO - Processing /home/airflow/.local/lib/python3.12/site-packages/airflow/example_dags/example_setup_teardown.py took 0.072 seconds
[2025-04-10T16:04:25.344+0000] {processor.py:186} INFO - Started process (PID=339) to work on /home/airflow/.local/lib/python3.12/site-packages/airflow/example_dags/example_setup_teardown.py
[2025-04-10T16:04:25.345+0000] {processor.py:914} INFO - Processing file /home/airflow/.local/lib/python3.12/site-packages/airflow/example_dags/example_setup_teardown.py for tasks to queue
[2025-04-10T16:04:25.347+0000] {logging_mixin.py:190} INFO - [2025-04-10T16:04:25.347+0000] {dagbag.py:588} INFO - Filling up the DagBag from /home/airflow/.local/lib/python3.12/site-packages/airflow/example_dags/example_setup_teardown.py
[2025-04-10T16:04:25.355+0000] {processor.py:925} INFO - DAG(s) 'example_setup_teardown' retrieved from /home/airflow/.local/lib/python3.12/site-packages/airflow/example_dags/example_setup_teardown.py
[2025-04-10T16:04:25.374+0000] {logging_mixin.py:190} INFO - [2025-04-10T16:04:25.373+0000] {dag.py:3239} INFO - Sync 1 DAGs
[2025-04-10T16:04:25.388+0000] {logging_mixin.py:190} INFO - [2025-04-10T16:04:25.388+0000] {dag.py:4180} INFO - Setting next_dagrun for example_setup_teardown to None, run_after=None
[2025-04-10T16:04:25.406+0000] {processor.py:208} INFO - Processing /home/airflow/.local/lib/python3.12/site-packages/airflow/example_dags/example_setup_teardown.py took 0.068 seconds
[2025-04-10T16:04:56.061+0000] {processor.py:186} INFO - Started process (PID=402) to work on /home/airflow/.local/lib/python3.12/site-packages/airflow/example_dags/example_setup_teardown.py
[2025-04-10T16:04:56.062+0000] {processor.py:914} INFO - Processing file /home/airflow/.local/lib/python3.12/site-packages/airflow/example_dags/example_setup_teardown.py for tasks to queue
[2025-04-10T16:04:56.064+0000] {logging_mixin.py:190} INFO - [2025-04-10T16:04:56.064+0000] {dagbag.py:588} INFO - Filling up the DagBag from /home/airflow/.local/lib/python3.12/site-packages/airflow/example_dags/example_setup_teardown.py
[2025-04-10T16:04:56.072+0000] {processor.py:925} INFO - DAG(s) 'example_setup_teardown' retrieved from /home/airflow/.local/lib/python3.12/site-packages/airflow/example_dags/example_setup_teardown.py
[2025-04-10T16:04:56.090+0000] {logging_mixin.py:190} INFO - [2025-04-10T16:04:56.089+0000] {dag.py:3239} INFO - Sync 1 DAGs
[2025-04-10T16:04:56.104+0000] {logging_mixin.py:190} INFO - [2025-04-10T16:04:56.103+0000] {dag.py:4180} INFO - Setting next_dagrun for example_setup_teardown to None, run_after=None
[2025-04-10T16:04:56.120+0000] {processor.py:208} INFO - Processing /home/airflow/.local/lib/python3.12/site-packages/airflow/example_dags/example_setup_teardown.py took 0.065 seconds
[2025-04-10T16:05:26.670+0000] {processor.py:186} INFO - Started process (PID=465) to work on /home/airflow/.local/lib/python3.12/site-packages/airflow/example_dags/example_setup_teardown.py
[2025-04-10T16:05:26.671+0000] {processor.py:914} INFO - Processing file /home/airflow/.local/lib/python3.12/site-packages/airflow/example_dags/example_setup_teardown.py for tasks to queue
[2025-04-10T16:05:26.673+0000] {logging_mixin.py:190} INFO - [2025-04-10T16:05:26.673+0000] {dagbag.py:588} INFO - Filling up the DagBag from /home/airflow/.local/lib/python3.12/site-packages/airflow/example_dags/example_setup_teardown.py
[2025-04-10T16:05:26.681+0000] {processor.py:925} INFO - DAG(s) 'example_setup_teardown' retrieved from /home/airflow/.local/lib/python3.12/site-packages/airflow/example_dags/example_setup_teardown.py
[2025-04-10T16:05:26.700+0000] {logging_mixin.py:190} INFO - [2025-04-10T16:05:26.700+0000] {dag.py:3239} INFO - Sync 1 DAGs
[2025-04-10T16:05:26.714+0000] {logging_mixin.py:190} INFO - [2025-04-10T16:05:26.714+0000] {dag.py:4180} INFO - Setting next_dagrun for example_setup_teardown to None, run_after=None
[2025-04-10T16:05:26.731+0000] {processor.py:208} INFO - Processing /home/airflow/.local/lib/python3.12/site-packages/airflow/example_dags/example_setup_teardown.py took 0.067 seconds
[2025-04-10T16:05:56.979+0000] {processor.py:186} INFO - Started process (PID=528) to work on /home/airflow/.local/lib/python3.12/site-packages/airflow/example_dags/example_setup_teardown.py
[2025-04-10T16:05:56.980+0000] {processor.py:914} INFO - Processing file /home/airflow/.local/lib/python3.12/site-packages/airflow/example_dags/example_setup_teardown.py for tasks to queue
[2025-04-10T16:05:56.983+0000] {logging_mixin.py:190} INFO - [2025-04-10T16:05:56.983+0000] {dagbag.py:588} INFO - Filling up the DagBag from /home/airflow/.local/lib/python3.12/site-packages/airflow/example_dags/example_setup_teardown.py
[2025-04-10T16:05:56.994+0000] {processor.py:925} INFO - DAG(s) 'example_setup_teardown' retrieved from /home/airflow/.local/lib/python3.12/site-packages/airflow/example_dags/example_setup_teardown.py
[2025-04-10T16:05:57.015+0000] {logging_mixin.py:190} INFO - [2025-04-10T16:05:57.015+0000] {dag.py:3239} INFO - Sync 1 DAGs
[2025-04-10T16:05:57.030+0000] {logging_mixin.py:190} INFO - [2025-04-10T16:05:57.030+0000] {dag.py:4180} INFO - Setting next_dagrun for example_setup_teardown to None, run_after=None
[2025-04-10T16:05:57.050+0000] {processor.py:208} INFO - Processing /home/airflow/.local/lib/python3.12/site-packages/airflow/example_dags/example_setup_teardown.py took 0.079 seconds
[2025-04-10T16:06:27.838+0000] {processor.py:186} INFO - Started process (PID=591) to work on /home/airflow/.local/lib/python3.12/site-packages/airflow/example_dags/example_setup_teardown.py
[2025-04-10T16:06:27.839+0000] {processor.py:914} INFO - Processing file /home/airflow/.local/lib/python3.12/site-packages/airflow/example_dags/example_setup_teardown.py for tasks to queue
[2025-04-10T16:06:27.841+0000] {logging_mixin.py:190} INFO - [2025-04-10T16:06:27.841+0000] {dagbag.py:588} INFO - Filling up the DagBag from /home/airflow/.local/lib/python3.12/site-packages/airflow/example_dags/example_setup_teardown.py
[2025-04-10T16:06:27.849+0000] {processor.py:925} INFO - DAG(s) 'example_setup_teardown' retrieved from /home/airflow/.local/lib/python3.12/site-packages/airflow/example_dags/example_setup_teardown.py
[2025-04-10T16:06:27.867+0000] {logging_mixin.py:190} INFO - [2025-04-10T16:06:27.867+0000] {dag.py:3239} INFO - Sync 1 DAGs
[2025-04-10T16:06:27.881+0000] {logging_mixin.py:190} INFO - [2025-04-10T16:06:27.881+0000] {dag.py:4180} INFO - Setting next_dagrun for example_setup_teardown to None, run_after=None
[2025-04-10T16:06:27.898+0000] {processor.py:208} INFO - Processing /home/airflow/.local/lib/python3.12/site-packages/airflow/example_dags/example_setup_teardown.py took 0.066 seconds
[2025-04-10T16:06:58.100+0000] {processor.py:186} INFO - Started process (PID=654) to work on /home/airflow/.local/lib/python3.12/site-packages/airflow/example_dags/example_setup_teardown.py
[2025-04-10T16:06:58.101+0000] {processor.py:914} INFO - Processing file /home/airflow/.local/lib/python3.12/site-packages/airflow/example_dags/example_setup_teardown.py for tasks to queue
[2025-04-10T16:06:58.103+0000] {logging_mixin.py:190} INFO - [2025-04-10T16:06:58.103+0000] {dagbag.py:588} INFO - Filling up the DagBag from /home/airflow/.local/lib/python3.12/site-packages/airflow/example_dags/example_setup_teardown.py
[2025-04-10T16:06:58.112+0000] {processor.py:925} INFO - DAG(s) 'example_setup_teardown' retrieved from /home/airflow/.local/lib/python3.12/site-packages/airflow/example_dags/example_setup_teardown.py
[2025-04-10T16:06:58.135+0000] {logging_mixin.py:190} INFO - [2025-04-10T16:06:58.135+0000] {dag.py:3239} INFO - Sync 1 DAGs
[2025-04-10T16:06:58.152+0000] {logging_mixin.py:190} INFO - [2025-04-10T16:06:58.152+0000] {dag.py:4180} INFO - Setting next_dagrun for example_setup_teardown to None, run_after=None
[2025-04-10T16:06:58.170+0000] {processor.py:208} INFO - Processing /home/airflow/.local/lib/python3.12/site-packages/airflow/example_dags/example_setup_teardown.py took 0.076 seconds
[2025-04-10T16:07:29.019+0000] {processor.py:186} INFO - Started process (PID=717) to work on /home/airflow/.local/lib/python3.12/site-packages/airflow/example_dags/example_setup_teardown.py
[2025-04-10T16:07:29.020+0000] {processor.py:914} INFO - Processing file /home/airflow/.local/lib/python3.12/site-packages/airflow/example_dags/example_setup_teardown.py for tasks to queue
[2025-04-10T16:07:29.022+0000] {logging_mixin.py:190} INFO - [2025-04-10T16:07:29.022+0000] {dagbag.py:588} INFO - Filling up the DagBag from /home/airflow/.local/lib/python3.12/site-packages/airflow/example_dags/example_setup_teardown.py
[2025-04-10T16:07:29.032+0000] {processor.py:925} INFO - DAG(s) 'example_setup_teardown' retrieved from /home/airflow/.local/lib/python3.12/site-packages/airflow/example_dags/example_setup_teardown.py
[2025-04-10T16:07:29.052+0000] {logging_mixin.py:190} INFO - [2025-04-10T16:07:29.051+0000] {dag.py:3239} INFO - Sync 1 DAGs
[2025-04-10T16:07:29.067+0000] {logging_mixin.py:190} INFO - [2025-04-10T16:07:29.067+0000] {dag.py:4180} INFO - Setting next_dagrun for example_setup_teardown to None, run_after=None
[2025-04-10T16:07:29.088+0000] {processor.py:208} INFO - Processing /home/airflow/.local/lib/python3.12/site-packages/airflow/example_dags/example_setup_teardown.py took 0.075 seconds
[2025-04-10T16:07:59.887+0000] {processor.py:186} INFO - Started process (PID=780) to work on /home/airflow/.local/lib/python3.12/site-packages/airflow/example_dags/example_setup_teardown.py
[2025-04-10T16:07:59.889+0000] {processor.py:914} INFO - Processing file /home/airflow/.local/lib/python3.12/site-packages/airflow/example_dags/example_setup_teardown.py for tasks to queue
[2025-04-10T16:07:59.891+0000] {logging_mixin.py:190} INFO - [2025-04-10T16:07:59.891+0000] {dagbag.py:588} INFO - Filling up the DagBag from /home/airflow/.local/lib/python3.12/site-packages/airflow/example_dags/example_setup_teardown.py
[2025-04-10T16:07:59.901+0000] {processor.py:925} INFO - DAG(s) 'example_setup_teardown' retrieved from /home/airflow/.local/lib/python3.12/site-packages/airflow/example_dags/example_setup_teardown.py
[2025-04-10T16:07:59.921+0000] {logging_mixin.py:190} INFO - [2025-04-10T16:07:59.921+0000] {dag.py:3239} INFO - Sync 1 DAGs
[2025-04-10T16:07:59.943+0000] {logging_mixin.py:190} INFO - [2025-04-10T16:07:59.943+0000] {dag.py:4180} INFO - Setting next_dagrun for example_setup_teardown to None, run_after=None
[2025-04-10T16:07:59.965+0000] {processor.py:208} INFO - Processing /home/airflow/.local/lib/python3.12/site-packages/airflow/example_dags/example_setup_teardown.py took 0.084 seconds
[2025-04-10T16:08:30.316+0000] {processor.py:186} INFO - Started process (PID=843) to work on /home/airflow/.local/lib/python3.12/site-packages/airflow/example_dags/example_setup_teardown.py
[2025-04-10T16:08:30.317+0000] {processor.py:914} INFO - Processing file /home/airflow/.local/lib/python3.12/site-packages/airflow/example_dags/example_setup_teardown.py for tasks to queue
[2025-04-10T16:08:30.319+0000] {logging_mixin.py:190} INFO - [2025-04-10T16:08:30.319+0000] {dagbag.py:588} INFO - Filling up the DagBag from /home/airflow/.local/lib/python3.12/site-packages/airflow/example_dags/example_setup_teardown.py
[2025-04-10T16:08:30.328+0000] {processor.py:925} INFO - DAG(s) 'example_setup_teardown' retrieved from /home/airflow/.local/lib/python3.12/site-packages/airflow/example_dags/example_setup_teardown.py
[2025-04-10T16:08:30.347+0000] {logging_mixin.py:190} INFO - [2025-04-10T16:08:30.346+0000] {dag.py:3239} INFO - Sync 1 DAGs
[2025-04-10T16:08:30.361+0000] {logging_mixin.py:190} INFO - [2025-04-10T16:08:30.361+0000] {dag.py:4180} INFO - Setting next_dagrun for example_setup_teardown to None, run_after=None
[2025-04-10T16:08:30.380+0000] {processor.py:208} INFO - Processing /home/airflow/.local/lib/python3.12/site-packages/airflow/example_dags/example_setup_teardown.py took 0.070 seconds
[2025-04-10T16:09:01.260+0000] {processor.py:186} INFO - Started process (PID=906) to work on /home/airflow/.local/lib/python3.12/site-packages/airflow/example_dags/example_setup_teardown.py
[2025-04-10T16:09:01.261+0000] {processor.py:914} INFO - Processing file /home/airflow/.local/lib/python3.12/site-packages/airflow/example_dags/example_setup_teardown.py for tasks to queue
[2025-04-10T16:09:01.263+0000] {logging_mixin.py:190} INFO - [2025-04-10T16:09:01.263+0000] {dagbag.py:588} INFO - Filling up the DagBag from /home/airflow/.local/lib/python3.12/site-packages/airflow/example_dags/example_setup_teardown.py
[2025-04-10T16:09:01.271+0000] {processor.py:925} INFO - DAG(s) 'example_setup_teardown' retrieved from /home/airflow/.local/lib/python3.12/site-packages/airflow/example_dags/example_setup_teardown.py
[2025-04-10T16:09:01.291+0000] {logging_mixin.py:190} INFO - [2025-04-10T16:09:01.291+0000] {dag.py:3239} INFO - Sync 1 DAGs
[2025-04-10T16:09:01.310+0000] {logging_mixin.py:190} INFO - [2025-04-10T16:09:01.309+0000] {dag.py:4180} INFO - Setting next_dagrun for example_setup_teardown to None, run_after=None
[2025-04-10T16:09:01.334+0000] {processor.py:208} INFO - Processing /home/airflow/.local/lib/python3.12/site-packages/airflow/example_dags/example_setup_teardown.py took 0.080 seconds
