[2025-04-10T16:02:30.626+0000] {processor.py:186} INFO - Started process (PID=120) to work on /home/airflow/.local/lib/python3.12/site-packages/airflow/example_dags/example_setup_teardown_taskflow.py
[2025-04-10T16:02:30.627+0000] {processor.py:914} INFO - Processing file /home/airflow/.local/lib/python3.12/site-packages/airflow/example_dags/example_setup_teardown_taskflow.py for tasks to queue
[2025-04-10T16:02:30.630+0000] {logging_mixin.py:190} INFO - [2025-04-10T16:02:30.630+0000] {dagbag.py:588} INFO - Filling up the DagBag from /home/airflow/.local/lib/python3.12/site-packages/airflow/example_dags/example_setup_teardown_taskflow.py
[2025-04-10T16:02:30.645+0000] {processor.py:925} INFO - DAG(s) 'example_setup_teardown_taskflow' retrieved from /home/airflow/.local/lib/python3.12/site-packages/airflow/example_dags/example_setup_teardown_taskflow.py
[2025-04-10T16:02:30.836+0000] {logging_mixin.py:190} INFO - [2025-04-10T16:02:30.835+0000] {override.py:1912} INFO - Created Permission View: can read on DAG:example_setup_teardown_taskflow
[2025-04-10T16:02:30.861+0000] {logging_mixin.py:190} INFO - [2025-04-10T16:02:30.861+0000] {override.py:1912} INFO - Created Permission View: can delete on DAG:example_setup_teardown_taskflow
[2025-04-10T16:02:30.870+0000] {logging_mixin.py:190} INFO - [2025-04-10T16:02:30.869+0000] {override.py:1912} INFO - Created Permission View: can edit on DAG:example_setup_teardown_taskflow
[2025-04-10T16:02:30.876+0000] {logging_mixin.py:190} INFO - [2025-04-10T16:02:30.876+0000] {override.py:1912} INFO - Created Permission View: menu access on DAG Run:example_setup_teardown_taskflow
[2025-04-10T16:02:30.884+0000] {logging_mixin.py:190} INFO - [2025-04-10T16:02:30.883+0000] {override.py:1912} INFO - Created Permission View: can read on DAG Run:example_setup_teardown_taskflow
[2025-04-10T16:02:30.891+0000] {logging_mixin.py:190} INFO - [2025-04-10T16:02:30.890+0000] {override.py:1912} INFO - Created Permission View: can create on DAG Run:example_setup_teardown_taskflow
[2025-04-10T16:02:30.897+0000] {logging_mixin.py:190} INFO - [2025-04-10T16:02:30.897+0000] {override.py:1912} INFO - Created Permission View: can delete on DAG Run:example_setup_teardown_taskflow
[2025-04-10T16:02:30.898+0000] {logging_mixin.py:190} INFO - [2025-04-10T16:02:30.898+0000] {dag.py:3239} INFO - Sync 1 DAGs
[2025-04-10T16:02:30.912+0000] {logging_mixin.py:190} INFO - [2025-04-10T16:02:30.912+0000] {dag.py:3262} INFO - Creating ORM DAG for example_setup_teardown_taskflow
[2025-04-10T16:02:30.913+0000] {logging_mixin.py:190} INFO - [2025-04-10T16:02:30.913+0000] {dag.py:4180} INFO - Setting next_dagrun for example_setup_teardown_taskflow to None, run_after=None
[2025-04-10T16:02:30.930+0000] {processor.py:208} INFO - Processing /home/airflow/.local/lib/python3.12/site-packages/airflow/example_dags/example_setup_teardown_taskflow.py took 0.311 seconds
[2025-04-10T16:03:01.871+0000] {processor.py:186} INFO - Started process (PID=183) to work on /home/airflow/.local/lib/python3.12/site-packages/airflow/example_dags/example_setup_teardown_taskflow.py
[2025-04-10T16:03:01.872+0000] {processor.py:914} INFO - Processing file /home/airflow/.local/lib/python3.12/site-packages/airflow/example_dags/example_setup_teardown_taskflow.py for tasks to queue
[2025-04-10T16:03:01.874+0000] {logging_mixin.py:190} INFO - [2025-04-10T16:03:01.874+0000] {dagbag.py:588} INFO - Filling up the DagBag from /home/airflow/.local/lib/python3.12/site-packages/airflow/example_dags/example_setup_teardown_taskflow.py
[2025-04-10T16:03:01.884+0000] {processor.py:925} INFO - DAG(s) 'example_setup_teardown_taskflow' retrieved from /home/airflow/.local/lib/python3.12/site-packages/airflow/example_dags/example_setup_teardown_taskflow.py
[2025-04-10T16:03:01.905+0000] {logging_mixin.py:190} INFO - [2025-04-10T16:03:01.905+0000] {dag.py:3239} INFO - Sync 1 DAGs
[2025-04-10T16:03:01.920+0000] {logging_mixin.py:190} INFO - [2025-04-10T16:03:01.920+0000] {dag.py:4180} INFO - Setting next_dagrun for example_setup_teardown_taskflow to None, run_after=None
[2025-04-10T16:03:01.950+0000] {processor.py:208} INFO - Processing /home/airflow/.local/lib/python3.12/site-packages/airflow/example_dags/example_setup_teardown_taskflow.py took 0.085 seconds
[2025-04-10T16:03:32.006+0000] {processor.py:186} INFO - Started process (PID=246) to work on /home/airflow/.local/lib/python3.12/site-packages/airflow/example_dags/example_setup_teardown_taskflow.py
[2025-04-10T16:03:32.007+0000] {processor.py:914} INFO - Processing file /home/airflow/.local/lib/python3.12/site-packages/airflow/example_dags/example_setup_teardown_taskflow.py for tasks to queue
[2025-04-10T16:03:32.009+0000] {logging_mixin.py:190} INFO - [2025-04-10T16:03:32.009+0000] {dagbag.py:588} INFO - Filling up the DagBag from /home/airflow/.local/lib/python3.12/site-packages/airflow/example_dags/example_setup_teardown_taskflow.py
[2025-04-10T16:03:32.019+0000] {processor.py:925} INFO - DAG(s) 'example_setup_teardown_taskflow' retrieved from /home/airflow/.local/lib/python3.12/site-packages/airflow/example_dags/example_setup_teardown_taskflow.py
[2025-04-10T16:03:32.042+0000] {logging_mixin.py:190} INFO - [2025-04-10T16:03:32.041+0000] {dag.py:3239} INFO - Sync 1 DAGs
[2025-04-10T16:03:32.057+0000] {logging_mixin.py:190} INFO - [2025-04-10T16:03:32.057+0000] {dag.py:4180} INFO - Setting next_dagrun for example_setup_teardown_taskflow to None, run_after=None
[2025-04-10T16:03:32.077+0000] {processor.py:208} INFO - Processing /home/airflow/.local/lib/python3.12/site-packages/airflow/example_dags/example_setup_teardown_taskflow.py took 0.077 seconds
[2025-04-10T16:04:02.969+0000] {processor.py:186} INFO - Started process (PID=309) to work on /home/airflow/.local/lib/python3.12/site-packages/airflow/example_dags/example_setup_teardown_taskflow.py
[2025-04-10T16:04:02.970+0000] {processor.py:914} INFO - Processing file /home/airflow/.local/lib/python3.12/site-packages/airflow/example_dags/example_setup_teardown_taskflow.py for tasks to queue
[2025-04-10T16:04:02.972+0000] {logging_mixin.py:190} INFO - [2025-04-10T16:04:02.972+0000] {dagbag.py:588} INFO - Filling up the DagBag from /home/airflow/.local/lib/python3.12/site-packages/airflow/example_dags/example_setup_teardown_taskflow.py
[2025-04-10T16:04:02.983+0000] {processor.py:925} INFO - DAG(s) 'example_setup_teardown_taskflow' retrieved from /home/airflow/.local/lib/python3.12/site-packages/airflow/example_dags/example_setup_teardown_taskflow.py
[2025-04-10T16:04:03.004+0000] {logging_mixin.py:190} INFO - [2025-04-10T16:04:03.004+0000] {dag.py:3239} INFO - Sync 1 DAGs
[2025-04-10T16:04:03.019+0000] {logging_mixin.py:190} INFO - [2025-04-10T16:04:03.018+0000] {dag.py:4180} INFO - Setting next_dagrun for example_setup_teardown_taskflow to None, run_after=None
[2025-04-10T16:04:03.037+0000] {processor.py:208} INFO - Processing /home/airflow/.local/lib/python3.12/site-packages/airflow/example_dags/example_setup_teardown_taskflow.py took 0.074 seconds
[2025-04-10T16:04:33.773+0000] {processor.py:186} INFO - Started process (PID=372) to work on /home/airflow/.local/lib/python3.12/site-packages/airflow/example_dags/example_setup_teardown_taskflow.py
[2025-04-10T16:04:33.774+0000] {processor.py:914} INFO - Processing file /home/airflow/.local/lib/python3.12/site-packages/airflow/example_dags/example_setup_teardown_taskflow.py for tasks to queue
[2025-04-10T16:04:33.777+0000] {logging_mixin.py:190} INFO - [2025-04-10T16:04:33.776+0000] {dagbag.py:588} INFO - Filling up the DagBag from /home/airflow/.local/lib/python3.12/site-packages/airflow/example_dags/example_setup_teardown_taskflow.py
[2025-04-10T16:04:33.788+0000] {processor.py:925} INFO - DAG(s) 'example_setup_teardown_taskflow' retrieved from /home/airflow/.local/lib/python3.12/site-packages/airflow/example_dags/example_setup_teardown_taskflow.py
[2025-04-10T16:04:33.808+0000] {logging_mixin.py:190} INFO - [2025-04-10T16:04:33.808+0000] {dag.py:3239} INFO - Sync 1 DAGs
[2025-04-10T16:04:33.823+0000] {logging_mixin.py:190} INFO - [2025-04-10T16:04:33.822+0000] {dag.py:4180} INFO - Setting next_dagrun for example_setup_teardown_taskflow to None, run_after=None
[2025-04-10T16:04:33.840+0000] {processor.py:208} INFO - Processing /home/airflow/.local/lib/python3.12/site-packages/airflow/example_dags/example_setup_teardown_taskflow.py took 0.073 seconds
[2025-04-10T16:05:05.233+0000] {processor.py:186} INFO - Started process (PID=435) to work on /home/airflow/.local/lib/python3.12/site-packages/airflow/example_dags/example_setup_teardown_taskflow.py
[2025-04-10T16:05:05.235+0000] {processor.py:914} INFO - Processing file /home/airflow/.local/lib/python3.12/site-packages/airflow/example_dags/example_setup_teardown_taskflow.py for tasks to queue
[2025-04-10T16:05:05.237+0000] {logging_mixin.py:190} INFO - [2025-04-10T16:05:05.237+0000] {dagbag.py:588} INFO - Filling up the DagBag from /home/airflow/.local/lib/python3.12/site-packages/airflow/example_dags/example_setup_teardown_taskflow.py
[2025-04-10T16:05:05.248+0000] {processor.py:925} INFO - DAG(s) 'example_setup_teardown_taskflow' retrieved from /home/airflow/.local/lib/python3.12/site-packages/airflow/example_dags/example_setup_teardown_taskflow.py
[2025-04-10T16:05:05.271+0000] {logging_mixin.py:190} INFO - [2025-04-10T16:05:05.270+0000] {dag.py:3239} INFO - Sync 1 DAGs
[2025-04-10T16:05:05.287+0000] {logging_mixin.py:190} INFO - [2025-04-10T16:05:05.287+0000] {dag.py:4180} INFO - Setting next_dagrun for example_setup_teardown_taskflow to None, run_after=None
[2025-04-10T16:05:05.307+0000] {processor.py:208} INFO - Processing /home/airflow/.local/lib/python3.12/site-packages/airflow/example_dags/example_setup_teardown_taskflow.py took 0.080 seconds
[2025-04-10T16:05:36.353+0000] {processor.py:186} INFO - Started process (PID=498) to work on /home/airflow/.local/lib/python3.12/site-packages/airflow/example_dags/example_setup_teardown_taskflow.py
[2025-04-10T16:05:36.354+0000] {processor.py:914} INFO - Processing file /home/airflow/.local/lib/python3.12/site-packages/airflow/example_dags/example_setup_teardown_taskflow.py for tasks to queue
[2025-04-10T16:05:36.357+0000] {logging_mixin.py:190} INFO - [2025-04-10T16:05:36.356+0000] {dagbag.py:588} INFO - Filling up the DagBag from /home/airflow/.local/lib/python3.12/site-packages/airflow/example_dags/example_setup_teardown_taskflow.py
[2025-04-10T16:05:36.371+0000] {processor.py:925} INFO - DAG(s) 'example_setup_teardown_taskflow' retrieved from /home/airflow/.local/lib/python3.12/site-packages/airflow/example_dags/example_setup_teardown_taskflow.py
[2025-04-10T16:05:36.393+0000] {logging_mixin.py:190} INFO - [2025-04-10T16:05:36.393+0000] {dag.py:3239} INFO - Sync 1 DAGs
[2025-04-10T16:05:36.408+0000] {logging_mixin.py:190} INFO - [2025-04-10T16:05:36.408+0000] {dag.py:4180} INFO - Setting next_dagrun for example_setup_teardown_taskflow to None, run_after=None
[2025-04-10T16:05:36.427+0000] {processor.py:208} INFO - Processing /home/airflow/.local/lib/python3.12/site-packages/airflow/example_dags/example_setup_teardown_taskflow.py took 0.081 seconds
[2025-04-10T16:06:07.463+0000] {processor.py:186} INFO - Started process (PID=561) to work on /home/airflow/.local/lib/python3.12/site-packages/airflow/example_dags/example_setup_teardown_taskflow.py
[2025-04-10T16:06:07.464+0000] {processor.py:914} INFO - Processing file /home/airflow/.local/lib/python3.12/site-packages/airflow/example_dags/example_setup_teardown_taskflow.py for tasks to queue
[2025-04-10T16:06:07.467+0000] {logging_mixin.py:190} INFO - [2025-04-10T16:06:07.467+0000] {dagbag.py:588} INFO - Filling up the DagBag from /home/airflow/.local/lib/python3.12/site-packages/airflow/example_dags/example_setup_teardown_taskflow.py
[2025-04-10T16:06:07.479+0000] {processor.py:925} INFO - DAG(s) 'example_setup_teardown_taskflow' retrieved from /home/airflow/.local/lib/python3.12/site-packages/airflow/example_dags/example_setup_teardown_taskflow.py
[2025-04-10T16:06:07.501+0000] {logging_mixin.py:190} INFO - [2025-04-10T16:06:07.500+0000] {dag.py:3239} INFO - Sync 1 DAGs
[2025-04-10T16:06:07.519+0000] {logging_mixin.py:190} INFO - [2025-04-10T16:06:07.519+0000] {dag.py:4180} INFO - Setting next_dagrun for example_setup_teardown_taskflow to None, run_after=None
[2025-04-10T16:06:07.541+0000] {processor.py:208} INFO - Processing /home/airflow/.local/lib/python3.12/site-packages/airflow/example_dags/example_setup_teardown_taskflow.py took 0.083 seconds
[2025-04-10T16:06:38.336+0000] {processor.py:186} INFO - Started process (PID=624) to work on /home/airflow/.local/lib/python3.12/site-packages/airflow/example_dags/example_setup_teardown_taskflow.py
[2025-04-10T16:06:38.337+0000] {processor.py:914} INFO - Processing file /home/airflow/.local/lib/python3.12/site-packages/airflow/example_dags/example_setup_teardown_taskflow.py for tasks to queue
[2025-04-10T16:06:38.339+0000] {logging_mixin.py:190} INFO - [2025-04-10T16:06:38.339+0000] {dagbag.py:588} INFO - Filling up the DagBag from /home/airflow/.local/lib/python3.12/site-packages/airflow/example_dags/example_setup_teardown_taskflow.py
[2025-04-10T16:06:38.351+0000] {processor.py:925} INFO - DAG(s) 'example_setup_teardown_taskflow' retrieved from /home/airflow/.local/lib/python3.12/site-packages/airflow/example_dags/example_setup_teardown_taskflow.py
[2025-04-10T16:06:38.373+0000] {logging_mixin.py:190} INFO - [2025-04-10T16:06:38.373+0000] {dag.py:3239} INFO - Sync 1 DAGs
[2025-04-10T16:06:38.388+0000] {logging_mixin.py:190} INFO - [2025-04-10T16:06:38.388+0000] {dag.py:4180} INFO - Setting next_dagrun for example_setup_teardown_taskflow to None, run_after=None
[2025-04-10T16:06:38.411+0000] {processor.py:208} INFO - Processing /home/airflow/.local/lib/python3.12/site-packages/airflow/example_dags/example_setup_teardown_taskflow.py took 0.081 seconds
[2025-04-10T16:07:09.495+0000] {processor.py:186} INFO - Started process (PID=687) to work on /home/airflow/.local/lib/python3.12/site-packages/airflow/example_dags/example_setup_teardown_taskflow.py
[2025-04-10T16:07:09.496+0000] {processor.py:914} INFO - Processing file /home/airflow/.local/lib/python3.12/site-packages/airflow/example_dags/example_setup_teardown_taskflow.py for tasks to queue
[2025-04-10T16:07:09.499+0000] {logging_mixin.py:190} INFO - [2025-04-10T16:07:09.498+0000] {dagbag.py:588} INFO - Filling up the DagBag from /home/airflow/.local/lib/python3.12/site-packages/airflow/example_dags/example_setup_teardown_taskflow.py
[2025-04-10T16:07:09.511+0000] {processor.py:925} INFO - DAG(s) 'example_setup_teardown_taskflow' retrieved from /home/airflow/.local/lib/python3.12/site-packages/airflow/example_dags/example_setup_teardown_taskflow.py
[2025-04-10T16:07:09.538+0000] {logging_mixin.py:190} INFO - [2025-04-10T16:07:09.538+0000] {dag.py:3239} INFO - Sync 1 DAGs
[2025-04-10T16:07:09.557+0000] {logging_mixin.py:190} INFO - [2025-04-10T16:07:09.556+0000] {dag.py:4180} INFO - Setting next_dagrun for example_setup_teardown_taskflow to None, run_after=None
[2025-04-10T16:07:09.577+0000] {processor.py:208} INFO - Processing /home/airflow/.local/lib/python3.12/site-packages/airflow/example_dags/example_setup_teardown_taskflow.py took 0.089 seconds
[2025-04-10T16:07:40.414+0000] {processor.py:186} INFO - Started process (PID=750) to work on /home/airflow/.local/lib/python3.12/site-packages/airflow/example_dags/example_setup_teardown_taskflow.py
[2025-04-10T16:07:40.414+0000] {processor.py:914} INFO - Processing file /home/airflow/.local/lib/python3.12/site-packages/airflow/example_dags/example_setup_teardown_taskflow.py for tasks to queue
[2025-04-10T16:07:40.417+0000] {logging_mixin.py:190} INFO - [2025-04-10T16:07:40.416+0000] {dagbag.py:588} INFO - Filling up the DagBag from /home/airflow/.local/lib/python3.12/site-packages/airflow/example_dags/example_setup_teardown_taskflow.py
[2025-04-10T16:07:40.430+0000] {processor.py:925} INFO - DAG(s) 'example_setup_teardown_taskflow' retrieved from /home/airflow/.local/lib/python3.12/site-packages/airflow/example_dags/example_setup_teardown_taskflow.py
[2025-04-10T16:07:40.451+0000] {logging_mixin.py:190} INFO - [2025-04-10T16:07:40.451+0000] {dag.py:3239} INFO - Sync 1 DAGs
[2025-04-10T16:07:40.466+0000] {logging_mixin.py:190} INFO - [2025-04-10T16:07:40.466+0000] {dag.py:4180} INFO - Setting next_dagrun for example_setup_teardown_taskflow to None, run_after=None
[2025-04-10T16:07:40.484+0000] {processor.py:208} INFO - Processing /home/airflow/.local/lib/python3.12/site-packages/airflow/example_dags/example_setup_teardown_taskflow.py took 0.076 seconds
[2025-04-10T16:08:11.781+0000] {processor.py:186} INFO - Started process (PID=813) to work on /home/airflow/.local/lib/python3.12/site-packages/airflow/example_dags/example_setup_teardown_taskflow.py
[2025-04-10T16:08:11.782+0000] {processor.py:914} INFO - Processing file /home/airflow/.local/lib/python3.12/site-packages/airflow/example_dags/example_setup_teardown_taskflow.py for tasks to queue
[2025-04-10T16:08:11.785+0000] {logging_mixin.py:190} INFO - [2025-04-10T16:08:11.784+0000] {dagbag.py:588} INFO - Filling up the DagBag from /home/airflow/.local/lib/python3.12/site-packages/airflow/example_dags/example_setup_teardown_taskflow.py
[2025-04-10T16:08:11.800+0000] {processor.py:925} INFO - DAG(s) 'example_setup_teardown_taskflow' retrieved from /home/airflow/.local/lib/python3.12/site-packages/airflow/example_dags/example_setup_teardown_taskflow.py
[2025-04-10T16:08:11.830+0000] {logging_mixin.py:190} INFO - [2025-04-10T16:08:11.830+0000] {dag.py:3239} INFO - Sync 1 DAGs
[2025-04-10T16:08:11.853+0000] {logging_mixin.py:190} INFO - [2025-04-10T16:08:11.853+0000] {dag.py:4180} INFO - Setting next_dagrun for example_setup_teardown_taskflow to None, run_after=None
[2025-04-10T16:08:11.885+0000] {processor.py:208} INFO - Processing /home/airflow/.local/lib/python3.12/site-packages/airflow/example_dags/example_setup_teardown_taskflow.py took 0.113 seconds
[2025-04-10T16:08:42.629+0000] {processor.py:186} INFO - Started process (PID=876) to work on /home/airflow/.local/lib/python3.12/site-packages/airflow/example_dags/example_setup_teardown_taskflow.py
[2025-04-10T16:08:42.631+0000] {processor.py:914} INFO - Processing file /home/airflow/.local/lib/python3.12/site-packages/airflow/example_dags/example_setup_teardown_taskflow.py for tasks to queue
[2025-04-10T16:08:42.633+0000] {logging_mixin.py:190} INFO - [2025-04-10T16:08:42.633+0000] {dagbag.py:588} INFO - Filling up the DagBag from /home/airflow/.local/lib/python3.12/site-packages/airflow/example_dags/example_setup_teardown_taskflow.py
[2025-04-10T16:08:42.643+0000] {processor.py:925} INFO - DAG(s) 'example_setup_teardown_taskflow' retrieved from /home/airflow/.local/lib/python3.12/site-packages/airflow/example_dags/example_setup_teardown_taskflow.py
[2025-04-10T16:08:42.663+0000] {logging_mixin.py:190} INFO - [2025-04-10T16:08:42.663+0000] {dag.py:3239} INFO - Sync 1 DAGs
[2025-04-10T16:08:42.678+0000] {logging_mixin.py:190} INFO - [2025-04-10T16:08:42.678+0000] {dag.py:4180} INFO - Setting next_dagrun for example_setup_teardown_taskflow to None, run_after=None
[2025-04-10T16:08:42.698+0000] {processor.py:208} INFO - Processing /home/airflow/.local/lib/python3.12/site-packages/airflow/example_dags/example_setup_teardown_taskflow.py took 0.075 seconds
[2025-04-10T16:09:13.207+0000] {processor.py:186} INFO - Started process (PID=938) to work on /home/airflow/.local/lib/python3.12/site-packages/airflow/example_dags/example_setup_teardown_taskflow.py
[2025-04-10T16:09:13.207+0000] {processor.py:914} INFO - Processing file /home/airflow/.local/lib/python3.12/site-packages/airflow/example_dags/example_setup_teardown_taskflow.py for tasks to queue
[2025-04-10T16:09:13.210+0000] {logging_mixin.py:190} INFO - [2025-04-10T16:09:13.209+0000] {dagbag.py:588} INFO - Filling up the DagBag from /home/airflow/.local/lib/python3.12/site-packages/airflow/example_dags/example_setup_teardown_taskflow.py
[2025-04-10T16:09:13.221+0000] {processor.py:925} INFO - DAG(s) 'example_setup_teardown_taskflow' retrieved from /home/airflow/.local/lib/python3.12/site-packages/airflow/example_dags/example_setup_teardown_taskflow.py
[2025-04-10T16:09:13.243+0000] {logging_mixin.py:190} INFO - [2025-04-10T16:09:13.243+0000] {dag.py:3239} INFO - Sync 1 DAGs
[2025-04-10T16:09:13.258+0000] {logging_mixin.py:190} INFO - [2025-04-10T16:09:13.258+0000] {dag.py:4180} INFO - Setting next_dagrun for example_setup_teardown_taskflow to None, run_after=None
[2025-04-10T16:09:13.278+0000] {processor.py:208} INFO - Processing /home/airflow/.local/lib/python3.12/site-packages/airflow/example_dags/example_setup_teardown_taskflow.py took 0.078 seconds
