[2025-04-10T16:02:27.770+0000] {processor.py:186} INFO - Started process (PID=107) to work on /home/airflow/.local/lib/python3.12/site-packages/airflow/example_dags/example_inlet_event_extra.py
[2025-04-10T16:02:27.771+0000] {processor.py:914} INFO - Processing file /home/airflow/.local/lib/python3.12/site-packages/airflow/example_dags/example_inlet_event_extra.py for tasks to queue
[2025-04-10T16:02:27.774+0000] {logging_mixin.py:190} INFO - [2025-04-10T16:02:27.773+0000] {dagbag.py:588} INFO - Filling up the DagBag from /home/airflow/.local/lib/python3.12/site-packages/airflow/example_dags/example_inlet_event_extra.py
[2025-04-10T16:02:28.391+0000] {processor.py:925} INFO - DAG(s) 'read_dataset_event', 'read_dataset_event_from_classic' retrieved from /home/airflow/.local/lib/python3.12/site-packages/airflow/example_dags/example_inlet_event_extra.py
[2025-04-10T16:02:28.505+0000] {logging_mixin.py:190} INFO - [2025-04-10T16:02:28.504+0000] {override.py:1912} INFO - Created Permission View: can read on DAG:read_dataset_event
[2025-04-10T16:02:28.515+0000] {logging_mixin.py:190} INFO - [2025-04-10T16:02:28.515+0000] {override.py:1912} INFO - Created Permission View: can delete on DAG:read_dataset_event
[2025-04-10T16:02:28.522+0000] {logging_mixin.py:190} INFO - [2025-04-10T16:02:28.521+0000] {override.py:1912} INFO - Created Permission View: can edit on DAG:read_dataset_event
[2025-04-10T16:02:28.529+0000] {logging_mixin.py:190} INFO - [2025-04-10T16:02:28.529+0000] {override.py:1912} INFO - Created Permission View: menu access on DAG Run:read_dataset_event
[2025-04-10T16:02:28.536+0000] {logging_mixin.py:190} INFO - [2025-04-10T16:02:28.536+0000] {override.py:1912} INFO - Created Permission View: can read on DAG Run:read_dataset_event
[2025-04-10T16:02:28.542+0000] {logging_mixin.py:190} INFO - [2025-04-10T16:02:28.542+0000] {override.py:1912} INFO - Created Permission View: can create on DAG Run:read_dataset_event
[2025-04-10T16:02:28.549+0000] {logging_mixin.py:190} INFO - [2025-04-10T16:02:28.548+0000] {override.py:1912} INFO - Created Permission View: can delete on DAG Run:read_dataset_event
[2025-04-10T16:02:28.560+0000] {logging_mixin.py:190} INFO - [2025-04-10T16:02:28.560+0000] {override.py:1912} INFO - Created Permission View: can read on DAG:read_dataset_event_from_classic
[2025-04-10T16:02:28.567+0000] {logging_mixin.py:190} INFO - [2025-04-10T16:02:28.567+0000] {override.py:1912} INFO - Created Permission View: can delete on DAG:read_dataset_event_from_classic
[2025-04-10T16:02:28.573+0000] {logging_mixin.py:190} INFO - [2025-04-10T16:02:28.572+0000] {override.py:1912} INFO - Created Permission View: can edit on DAG:read_dataset_event_from_classic
[2025-04-10T16:02:28.580+0000] {logging_mixin.py:190} INFO - [2025-04-10T16:02:28.580+0000] {override.py:1912} INFO - Created Permission View: menu access on DAG Run:read_dataset_event_from_classic
[2025-04-10T16:02:28.586+0000] {logging_mixin.py:190} INFO - [2025-04-10T16:02:28.586+0000] {override.py:1912} INFO - Created Permission View: can read on DAG Run:read_dataset_event_from_classic
[2025-04-10T16:02:28.593+0000] {logging_mixin.py:190} INFO - [2025-04-10T16:02:28.592+0000] {override.py:1912} INFO - Created Permission View: can create on DAG Run:read_dataset_event_from_classic
[2025-04-10T16:02:28.599+0000] {logging_mixin.py:190} INFO - [2025-04-10T16:02:28.599+0000] {override.py:1912} INFO - Created Permission View: can delete on DAG Run:read_dataset_event_from_classic
[2025-04-10T16:02:28.600+0000] {logging_mixin.py:190} INFO - [2025-04-10T16:02:28.600+0000] {dag.py:3239} INFO - Sync 2 DAGs
[2025-04-10T16:02:28.614+0000] {logging_mixin.py:190} INFO - [2025-04-10T16:02:28.614+0000] {dag.py:3262} INFO - Creating ORM DAG for read_dataset_event_from_classic
[2025-04-10T16:02:28.615+0000] {logging_mixin.py:190} INFO - [2025-04-10T16:02:28.615+0000] {dag.py:3262} INFO - Creating ORM DAG for read_dataset_event
[2025-04-10T16:02:28.627+0000] {logging_mixin.py:190} INFO - [2025-04-10T16:02:28.627+0000] {dag.py:4180} INFO - Setting next_dagrun for read_dataset_event to 2025-04-09 00:00:00+00:00, run_after=2025-04-10 00:00:00+00:00
[2025-04-10T16:02:28.630+0000] {logging_mixin.py:190} INFO - [2025-04-10T16:02:28.630+0000] {dag.py:4180} INFO - Setting next_dagrun for read_dataset_event_from_classic to 2025-04-09 00:00:00+00:00, run_after=2025-04-10 00:00:00+00:00
[2025-04-10T16:02:28.647+0000] {processor.py:208} INFO - Processing /home/airflow/.local/lib/python3.12/site-packages/airflow/example_dags/example_inlet_event_extra.py took 0.884 seconds
[2025-04-10T16:02:58.740+0000] {processor.py:186} INFO - Started process (PID=173) to work on /home/airflow/.local/lib/python3.12/site-packages/airflow/example_dags/example_inlet_event_extra.py
[2025-04-10T16:02:58.741+0000] {processor.py:914} INFO - Processing file /home/airflow/.local/lib/python3.12/site-packages/airflow/example_dags/example_inlet_event_extra.py for tasks to queue
[2025-04-10T16:02:58.744+0000] {logging_mixin.py:190} INFO - [2025-04-10T16:02:58.744+0000] {dagbag.py:588} INFO - Filling up the DagBag from /home/airflow/.local/lib/python3.12/site-packages/airflow/example_dags/example_inlet_event_extra.py
[2025-04-10T16:02:59.315+0000] {processor.py:925} INFO - DAG(s) 'read_dataset_event', 'read_dataset_event_from_classic' retrieved from /home/airflow/.local/lib/python3.12/site-packages/airflow/example_dags/example_inlet_event_extra.py
[2025-04-10T16:02:59.336+0000] {logging_mixin.py:190} INFO - [2025-04-10T16:02:59.336+0000] {dag.py:3239} INFO - Sync 2 DAGs
[2025-04-10T16:02:59.363+0000] {logging_mixin.py:190} INFO - [2025-04-10T16:02:59.363+0000] {dag.py:4180} INFO - Setting next_dagrun for read_dataset_event to 2025-04-09 00:00:00+00:00, run_after=2025-04-10 00:00:00+00:00
[2025-04-10T16:02:59.370+0000] {logging_mixin.py:190} INFO - [2025-04-10T16:02:59.370+0000] {dag.py:4180} INFO - Setting next_dagrun for read_dataset_event_from_classic to 2025-04-09 00:00:00+00:00, run_after=2025-04-10 00:00:00+00:00
[2025-04-10T16:02:59.387+0000] {processor.py:208} INFO - Processing /home/airflow/.local/lib/python3.12/site-packages/airflow/example_dags/example_inlet_event_extra.py took 0.653 seconds
[2025-04-10T16:03:30.193+0000] {processor.py:186} INFO - Started process (PID=236) to work on /home/airflow/.local/lib/python3.12/site-packages/airflow/example_dags/example_inlet_event_extra.py
[2025-04-10T16:03:30.195+0000] {processor.py:914} INFO - Processing file /home/airflow/.local/lib/python3.12/site-packages/airflow/example_dags/example_inlet_event_extra.py for tasks to queue
[2025-04-10T16:03:30.198+0000] {logging_mixin.py:190} INFO - [2025-04-10T16:03:30.197+0000] {dagbag.py:588} INFO - Filling up the DagBag from /home/airflow/.local/lib/python3.12/site-packages/airflow/example_dags/example_inlet_event_extra.py
[2025-04-10T16:03:30.776+0000] {processor.py:925} INFO - DAG(s) 'read_dataset_event', 'read_dataset_event_from_classic' retrieved from /home/airflow/.local/lib/python3.12/site-packages/airflow/example_dags/example_inlet_event_extra.py
[2025-04-10T16:03:30.795+0000] {logging_mixin.py:190} INFO - [2025-04-10T16:03:30.795+0000] {dag.py:3239} INFO - Sync 2 DAGs
[2025-04-10T16:03:30.821+0000] {logging_mixin.py:190} INFO - [2025-04-10T16:03:30.821+0000] {dag.py:4180} INFO - Setting next_dagrun for read_dataset_event to 2025-04-09 00:00:00+00:00, run_after=2025-04-10 00:00:00+00:00
[2025-04-10T16:03:30.827+0000] {logging_mixin.py:190} INFO - [2025-04-10T16:03:30.827+0000] {dag.py:4180} INFO - Setting next_dagrun for read_dataset_event_from_classic to 2025-04-09 00:00:00+00:00, run_after=2025-04-10 00:00:00+00:00
[2025-04-10T16:03:30.845+0000] {processor.py:208} INFO - Processing /home/airflow/.local/lib/python3.12/site-packages/airflow/example_dags/example_inlet_event_extra.py took 0.660 seconds
[2025-04-10T16:04:01.518+0000] {processor.py:186} INFO - Started process (PID=299) to work on /home/airflow/.local/lib/python3.12/site-packages/airflow/example_dags/example_inlet_event_extra.py
[2025-04-10T16:04:01.519+0000] {processor.py:914} INFO - Processing file /home/airflow/.local/lib/python3.12/site-packages/airflow/example_dags/example_inlet_event_extra.py for tasks to queue
[2025-04-10T16:04:01.522+0000] {logging_mixin.py:190} INFO - [2025-04-10T16:04:01.521+0000] {dagbag.py:588} INFO - Filling up the DagBag from /home/airflow/.local/lib/python3.12/site-packages/airflow/example_dags/example_inlet_event_extra.py
[2025-04-10T16:04:02.115+0000] {processor.py:925} INFO - DAG(s) 'read_dataset_event_from_classic', 'read_dataset_event' retrieved from /home/airflow/.local/lib/python3.12/site-packages/airflow/example_dags/example_inlet_event_extra.py
[2025-04-10T16:04:02.136+0000] {logging_mixin.py:190} INFO - [2025-04-10T16:04:02.136+0000] {dag.py:3239} INFO - Sync 2 DAGs
[2025-04-10T16:04:02.165+0000] {logging_mixin.py:190} INFO - [2025-04-10T16:04:02.165+0000] {dag.py:4180} INFO - Setting next_dagrun for read_dataset_event to 2025-04-09 00:00:00+00:00, run_after=2025-04-10 00:00:00+00:00
[2025-04-10T16:04:02.171+0000] {logging_mixin.py:190} INFO - [2025-04-10T16:04:02.171+0000] {dag.py:4180} INFO - Setting next_dagrun for read_dataset_event_from_classic to 2025-04-09 00:00:00+00:00, run_after=2025-04-10 00:00:00+00:00
[2025-04-10T16:04:02.188+0000] {processor.py:208} INFO - Processing /home/airflow/.local/lib/python3.12/site-packages/airflow/example_dags/example_inlet_event_extra.py took 0.676 seconds
[2025-04-10T16:04:32.356+0000] {processor.py:186} INFO - Started process (PID=362) to work on /home/airflow/.local/lib/python3.12/site-packages/airflow/example_dags/example_inlet_event_extra.py
[2025-04-10T16:04:32.357+0000] {processor.py:914} INFO - Processing file /home/airflow/.local/lib/python3.12/site-packages/airflow/example_dags/example_inlet_event_extra.py for tasks to queue
[2025-04-10T16:04:32.360+0000] {logging_mixin.py:190} INFO - [2025-04-10T16:04:32.360+0000] {dagbag.py:588} INFO - Filling up the DagBag from /home/airflow/.local/lib/python3.12/site-packages/airflow/example_dags/example_inlet_event_extra.py
[2025-04-10T16:04:32.947+0000] {processor.py:925} INFO - DAG(s) 'read_dataset_event_from_classic', 'read_dataset_event' retrieved from /home/airflow/.local/lib/python3.12/site-packages/airflow/example_dags/example_inlet_event_extra.py
[2025-04-10T16:04:32.966+0000] {logging_mixin.py:190} INFO - [2025-04-10T16:04:32.966+0000] {dag.py:3239} INFO - Sync 2 DAGs
[2025-04-10T16:04:32.993+0000] {logging_mixin.py:190} INFO - [2025-04-10T16:04:32.992+0000] {dag.py:4180} INFO - Setting next_dagrun for read_dataset_event to 2025-04-09 00:00:00+00:00, run_after=2025-04-10 00:00:00+00:00
[2025-04-10T16:04:32.998+0000] {logging_mixin.py:190} INFO - [2025-04-10T16:04:32.998+0000] {dag.py:4180} INFO - Setting next_dagrun for read_dataset_event_from_classic to 2025-04-09 00:00:00+00:00, run_after=2025-04-10 00:00:00+00:00
[2025-04-10T16:04:33.014+0000] {processor.py:208} INFO - Processing /home/airflow/.local/lib/python3.12/site-packages/airflow/example_dags/example_inlet_event_extra.py took 0.665 seconds
[2025-04-10T16:05:03.831+0000] {processor.py:186} INFO - Started process (PID=425) to work on /home/airflow/.local/lib/python3.12/site-packages/airflow/example_dags/example_inlet_event_extra.py
[2025-04-10T16:05:03.832+0000] {processor.py:914} INFO - Processing file /home/airflow/.local/lib/python3.12/site-packages/airflow/example_dags/example_inlet_event_extra.py for tasks to queue
[2025-04-10T16:05:03.834+0000] {logging_mixin.py:190} INFO - [2025-04-10T16:05:03.834+0000] {dagbag.py:588} INFO - Filling up the DagBag from /home/airflow/.local/lib/python3.12/site-packages/airflow/example_dags/example_inlet_event_extra.py
[2025-04-10T16:05:04.370+0000] {processor.py:925} INFO - DAG(s) 'read_dataset_event', 'read_dataset_event_from_classic' retrieved from /home/airflow/.local/lib/python3.12/site-packages/airflow/example_dags/example_inlet_event_extra.py
[2025-04-10T16:05:04.388+0000] {logging_mixin.py:190} INFO - [2025-04-10T16:05:04.387+0000] {dag.py:3239} INFO - Sync 2 DAGs
[2025-04-10T16:05:04.410+0000] {logging_mixin.py:190} INFO - [2025-04-10T16:05:04.410+0000] {dag.py:4180} INFO - Setting next_dagrun for read_dataset_event to 2025-04-09 00:00:00+00:00, run_after=2025-04-10 00:00:00+00:00
[2025-04-10T16:05:04.415+0000] {logging_mixin.py:190} INFO - [2025-04-10T16:05:04.415+0000] {dag.py:4180} INFO - Setting next_dagrun for read_dataset_event_from_classic to 2025-04-09 00:00:00+00:00, run_after=2025-04-10 00:00:00+00:00
[2025-04-10T16:05:04.431+0000] {processor.py:208} INFO - Processing /home/airflow/.local/lib/python3.12/site-packages/airflow/example_dags/example_inlet_event_extra.py took 0.607 seconds
[2025-04-10T16:05:34.753+0000] {processor.py:186} INFO - Started process (PID=488) to work on /home/airflow/.local/lib/python3.12/site-packages/airflow/example_dags/example_inlet_event_extra.py
[2025-04-10T16:05:34.754+0000] {processor.py:914} INFO - Processing file /home/airflow/.local/lib/python3.12/site-packages/airflow/example_dags/example_inlet_event_extra.py for tasks to queue
[2025-04-10T16:05:34.757+0000] {logging_mixin.py:190} INFO - [2025-04-10T16:05:34.757+0000] {dagbag.py:588} INFO - Filling up the DagBag from /home/airflow/.local/lib/python3.12/site-packages/airflow/example_dags/example_inlet_event_extra.py
[2025-04-10T16:05:35.389+0000] {processor.py:925} INFO - DAG(s) 'read_dataset_event_from_classic', 'read_dataset_event' retrieved from /home/airflow/.local/lib/python3.12/site-packages/airflow/example_dags/example_inlet_event_extra.py
[2025-04-10T16:05:35.407+0000] {logging_mixin.py:190} INFO - [2025-04-10T16:05:35.407+0000] {dag.py:3239} INFO - Sync 2 DAGs
[2025-04-10T16:05:35.433+0000] {logging_mixin.py:190} INFO - [2025-04-10T16:05:35.433+0000] {dag.py:4180} INFO - Setting next_dagrun for read_dataset_event to 2025-04-09 00:00:00+00:00, run_after=2025-04-10 00:00:00+00:00
[2025-04-10T16:05:35.438+0000] {logging_mixin.py:190} INFO - [2025-04-10T16:05:35.438+0000] {dag.py:4180} INFO - Setting next_dagrun for read_dataset_event_from_classic to 2025-04-09 00:00:00+00:00, run_after=2025-04-10 00:00:00+00:00
[2025-04-10T16:05:35.452+0000] {processor.py:208} INFO - Processing /home/airflow/.local/lib/python3.12/site-packages/airflow/example_dags/example_inlet_event_extra.py took 0.705 seconds
[2025-04-10T16:06:05.742+0000] {processor.py:186} INFO - Started process (PID=551) to work on /home/airflow/.local/lib/python3.12/site-packages/airflow/example_dags/example_inlet_event_extra.py
[2025-04-10T16:06:05.743+0000] {processor.py:914} INFO - Processing file /home/airflow/.local/lib/python3.12/site-packages/airflow/example_dags/example_inlet_event_extra.py for tasks to queue
[2025-04-10T16:06:05.745+0000] {logging_mixin.py:190} INFO - [2025-04-10T16:06:05.745+0000] {dagbag.py:588} INFO - Filling up the DagBag from /home/airflow/.local/lib/python3.12/site-packages/airflow/example_dags/example_inlet_event_extra.py
[2025-04-10T16:06:06.305+0000] {processor.py:925} INFO - DAG(s) 'read_dataset_event', 'read_dataset_event_from_classic' retrieved from /home/airflow/.local/lib/python3.12/site-packages/airflow/example_dags/example_inlet_event_extra.py
[2025-04-10T16:06:06.325+0000] {logging_mixin.py:190} INFO - [2025-04-10T16:06:06.325+0000] {dag.py:3239} INFO - Sync 2 DAGs
[2025-04-10T16:06:06.348+0000] {logging_mixin.py:190} INFO - [2025-04-10T16:06:06.348+0000] {dag.py:4180} INFO - Setting next_dagrun for read_dataset_event to 2025-04-09 00:00:00+00:00, run_after=2025-04-10 00:00:00+00:00
[2025-04-10T16:06:06.354+0000] {logging_mixin.py:190} INFO - [2025-04-10T16:06:06.354+0000] {dag.py:4180} INFO - Setting next_dagrun for read_dataset_event_from_classic to 2025-04-09 00:00:00+00:00, run_after=2025-04-10 00:00:00+00:00
[2025-04-10T16:06:06.369+0000] {processor.py:208} INFO - Processing /home/airflow/.local/lib/python3.12/site-packages/airflow/example_dags/example_inlet_event_extra.py took 0.636 seconds
[2025-04-10T16:06:36.453+0000] {processor.py:186} INFO - Started process (PID=614) to work on /home/airflow/.local/lib/python3.12/site-packages/airflow/example_dags/example_inlet_event_extra.py
[2025-04-10T16:06:36.454+0000] {processor.py:914} INFO - Processing file /home/airflow/.local/lib/python3.12/site-packages/airflow/example_dags/example_inlet_event_extra.py for tasks to queue
[2025-04-10T16:06:36.456+0000] {logging_mixin.py:190} INFO - [2025-04-10T16:06:36.456+0000] {dagbag.py:588} INFO - Filling up the DagBag from /home/airflow/.local/lib/python3.12/site-packages/airflow/example_dags/example_inlet_event_extra.py
[2025-04-10T16:06:37.095+0000] {processor.py:925} INFO - DAG(s) 'read_dataset_event_from_classic', 'read_dataset_event' retrieved from /home/airflow/.local/lib/python3.12/site-packages/airflow/example_dags/example_inlet_event_extra.py
[2025-04-10T16:06:37.115+0000] {logging_mixin.py:190} INFO - [2025-04-10T16:06:37.114+0000] {dag.py:3239} INFO - Sync 2 DAGs
[2025-04-10T16:06:37.142+0000] {logging_mixin.py:190} INFO - [2025-04-10T16:06:37.142+0000] {dag.py:4180} INFO - Setting next_dagrun for read_dataset_event to 2025-04-09 00:00:00+00:00, run_after=2025-04-10 00:00:00+00:00
[2025-04-10T16:06:37.148+0000] {logging_mixin.py:190} INFO - [2025-04-10T16:06:37.147+0000] {dag.py:4180} INFO - Setting next_dagrun for read_dataset_event_from_classic to 2025-04-09 00:00:00+00:00, run_after=2025-04-10 00:00:00+00:00
[2025-04-10T16:06:37.168+0000] {processor.py:208} INFO - Processing /home/airflow/.local/lib/python3.12/site-packages/airflow/example_dags/example_inlet_event_extra.py took 0.720 seconds
[2025-04-10T16:07:07.961+0000] {processor.py:186} INFO - Started process (PID=677) to work on /home/airflow/.local/lib/python3.12/site-packages/airflow/example_dags/example_inlet_event_extra.py
[2025-04-10T16:07:07.962+0000] {processor.py:914} INFO - Processing file /home/airflow/.local/lib/python3.12/site-packages/airflow/example_dags/example_inlet_event_extra.py for tasks to queue
[2025-04-10T16:07:07.965+0000] {logging_mixin.py:190} INFO - [2025-04-10T16:07:07.964+0000] {dagbag.py:588} INFO - Filling up the DagBag from /home/airflow/.local/lib/python3.12/site-packages/airflow/example_dags/example_inlet_event_extra.py
[2025-04-10T16:07:08.549+0000] {processor.py:925} INFO - DAG(s) 'read_dataset_event', 'read_dataset_event_from_classic' retrieved from /home/airflow/.local/lib/python3.12/site-packages/airflow/example_dags/example_inlet_event_extra.py
[2025-04-10T16:07:08.569+0000] {logging_mixin.py:190} INFO - [2025-04-10T16:07:08.569+0000] {dag.py:3239} INFO - Sync 2 DAGs
[2025-04-10T16:07:08.595+0000] {logging_mixin.py:190} INFO - [2025-04-10T16:07:08.595+0000] {dag.py:4180} INFO - Setting next_dagrun for read_dataset_event to 2025-04-09 00:00:00+00:00, run_after=2025-04-10 00:00:00+00:00
[2025-04-10T16:07:08.601+0000] {logging_mixin.py:190} INFO - [2025-04-10T16:07:08.600+0000] {dag.py:4180} INFO - Setting next_dagrun for read_dataset_event_from_classic to 2025-04-09 00:00:00+00:00, run_after=2025-04-10 00:00:00+00:00
[2025-04-10T16:07:08.624+0000] {processor.py:208} INFO - Processing /home/airflow/.local/lib/python3.12/site-packages/airflow/example_dags/example_inlet_event_extra.py took 0.669 seconds
[2025-04-10T16:07:39.114+0000] {processor.py:186} INFO - Started process (PID=741) to work on /home/airflow/.local/lib/python3.12/site-packages/airflow/example_dags/example_inlet_event_extra.py
[2025-04-10T16:07:39.115+0000] {processor.py:914} INFO - Processing file /home/airflow/.local/lib/python3.12/site-packages/airflow/example_dags/example_inlet_event_extra.py for tasks to queue
[2025-04-10T16:07:39.117+0000] {logging_mixin.py:190} INFO - [2025-04-10T16:07:39.117+0000] {dagbag.py:588} INFO - Filling up the DagBag from /home/airflow/.local/lib/python3.12/site-packages/airflow/example_dags/example_inlet_event_extra.py
[2025-04-10T16:07:39.703+0000] {processor.py:925} INFO - DAG(s) 'read_dataset_event', 'read_dataset_event_from_classic' retrieved from /home/airflow/.local/lib/python3.12/site-packages/airflow/example_dags/example_inlet_event_extra.py
[2025-04-10T16:07:39.721+0000] {logging_mixin.py:190} INFO - [2025-04-10T16:07:39.721+0000] {dag.py:3239} INFO - Sync 2 DAGs
[2025-04-10T16:07:39.744+0000] {logging_mixin.py:190} INFO - [2025-04-10T16:07:39.744+0000] {dag.py:4180} INFO - Setting next_dagrun for read_dataset_event to 2025-04-09 00:00:00+00:00, run_after=2025-04-10 00:00:00+00:00
[2025-04-10T16:07:39.751+0000] {logging_mixin.py:190} INFO - [2025-04-10T16:07:39.751+0000] {dag.py:4180} INFO - Setting next_dagrun for read_dataset_event_from_classic to 2025-04-09 00:00:00+00:00, run_after=2025-04-10 00:00:00+00:00
[2025-04-10T16:07:39.765+0000] {processor.py:208} INFO - Processing /home/airflow/.local/lib/python3.12/site-packages/airflow/example_dags/example_inlet_event_extra.py took 0.657 seconds
[2025-04-10T16:08:09.881+0000] {processor.py:186} INFO - Started process (PID=803) to work on /home/airflow/.local/lib/python3.12/site-packages/airflow/example_dags/example_inlet_event_extra.py
[2025-04-10T16:08:09.883+0000] {processor.py:914} INFO - Processing file /home/airflow/.local/lib/python3.12/site-packages/airflow/example_dags/example_inlet_event_extra.py for tasks to queue
[2025-04-10T16:08:09.885+0000] {logging_mixin.py:190} INFO - [2025-04-10T16:08:09.885+0000] {dagbag.py:588} INFO - Filling up the DagBag from /home/airflow/.local/lib/python3.12/site-packages/airflow/example_dags/example_inlet_event_extra.py
[2025-04-10T16:08:10.561+0000] {processor.py:925} INFO - DAG(s) 'read_dataset_event_from_classic', 'read_dataset_event' retrieved from /home/airflow/.local/lib/python3.12/site-packages/airflow/example_dags/example_inlet_event_extra.py
[2025-04-10T16:08:10.593+0000] {logging_mixin.py:190} INFO - [2025-04-10T16:08:10.593+0000] {dag.py:3239} INFO - Sync 2 DAGs
[2025-04-10T16:08:10.627+0000] {logging_mixin.py:190} INFO - [2025-04-10T16:08:10.627+0000] {dag.py:4180} INFO - Setting next_dagrun for read_dataset_event to 2025-04-09 00:00:00+00:00, run_after=2025-04-10 00:00:00+00:00
[2025-04-10T16:08:10.636+0000] {logging_mixin.py:190} INFO - [2025-04-10T16:08:10.636+0000] {dag.py:4180} INFO - Setting next_dagrun for read_dataset_event_from_classic to 2025-04-09 00:00:00+00:00, run_after=2025-04-10 00:00:00+00:00
[2025-04-10T16:08:10.659+0000] {processor.py:208} INFO - Processing /home/airflow/.local/lib/python3.12/site-packages/airflow/example_dags/example_inlet_event_extra.py took 0.786 seconds
[2025-04-10T16:08:41.191+0000] {processor.py:186} INFO - Started process (PID=866) to work on /home/airflow/.local/lib/python3.12/site-packages/airflow/example_dags/example_inlet_event_extra.py
[2025-04-10T16:08:41.192+0000] {processor.py:914} INFO - Processing file /home/airflow/.local/lib/python3.12/site-packages/airflow/example_dags/example_inlet_event_extra.py for tasks to queue
[2025-04-10T16:08:41.194+0000] {logging_mixin.py:190} INFO - [2025-04-10T16:08:41.194+0000] {dagbag.py:588} INFO - Filling up the DagBag from /home/airflow/.local/lib/python3.12/site-packages/airflow/example_dags/example_inlet_event_extra.py
[2025-04-10T16:08:41.757+0000] {processor.py:925} INFO - DAG(s) 'read_dataset_event_from_classic', 'read_dataset_event' retrieved from /home/airflow/.local/lib/python3.12/site-packages/airflow/example_dags/example_inlet_event_extra.py
[2025-04-10T16:08:41.775+0000] {logging_mixin.py:190} INFO - [2025-04-10T16:08:41.775+0000] {dag.py:3239} INFO - Sync 2 DAGs
[2025-04-10T16:08:41.797+0000] {logging_mixin.py:190} INFO - [2025-04-10T16:08:41.797+0000] {dag.py:4180} INFO - Setting next_dagrun for read_dataset_event to 2025-04-09 00:00:00+00:00, run_after=2025-04-10 00:00:00+00:00
[2025-04-10T16:08:41.802+0000] {logging_mixin.py:190} INFO - [2025-04-10T16:08:41.802+0000] {dag.py:4180} INFO - Setting next_dagrun for read_dataset_event_from_classic to 2025-04-09 00:00:00+00:00, run_after=2025-04-10 00:00:00+00:00
[2025-04-10T16:08:41.822+0000] {processor.py:208} INFO - Processing /home/airflow/.local/lib/python3.12/site-packages/airflow/example_dags/example_inlet_event_extra.py took 0.638 seconds
[2025-04-10T16:09:12.043+0000] {processor.py:186} INFO - Started process (PID=929) to work on /home/airflow/.local/lib/python3.12/site-packages/airflow/example_dags/example_inlet_event_extra.py
[2025-04-10T16:09:12.044+0000] {processor.py:914} INFO - Processing file /home/airflow/.local/lib/python3.12/site-packages/airflow/example_dags/example_inlet_event_extra.py for tasks to queue
[2025-04-10T16:09:12.046+0000] {logging_mixin.py:190} INFO - [2025-04-10T16:09:12.046+0000] {dagbag.py:588} INFO - Filling up the DagBag from /home/airflow/.local/lib/python3.12/site-packages/airflow/example_dags/example_inlet_event_extra.py
[2025-04-10T16:09:12.608+0000] {processor.py:925} INFO - DAG(s) 'read_dataset_event_from_classic', 'read_dataset_event' retrieved from /home/airflow/.local/lib/python3.12/site-packages/airflow/example_dags/example_inlet_event_extra.py
[2025-04-10T16:09:12.628+0000] {logging_mixin.py:190} INFO - [2025-04-10T16:09:12.628+0000] {dag.py:3239} INFO - Sync 2 DAGs
[2025-04-10T16:09:12.653+0000] {logging_mixin.py:190} INFO - [2025-04-10T16:09:12.653+0000] {dag.py:4180} INFO - Setting next_dagrun for read_dataset_event to 2025-04-09 00:00:00+00:00, run_after=2025-04-10 00:00:00+00:00
[2025-04-10T16:09:12.659+0000] {logging_mixin.py:190} INFO - [2025-04-10T16:09:12.658+0000] {dag.py:4180} INFO - Setting next_dagrun for read_dataset_event_from_classic to 2025-04-09 00:00:00+00:00, run_after=2025-04-10 00:00:00+00:00
[2025-04-10T16:09:12.674+0000] {processor.py:208} INFO - Processing /home/airflow/.local/lib/python3.12/site-packages/airflow/example_dags/example_inlet_event_extra.py took 0.638 seconds
