[2025-04-10T16:02:30.963+0000] {processor.py:186} INFO - Started process (PID=122) to work on /home/airflow/.local/lib/python3.12/site-packages/airflow/example_dags/example_display_name.py
[2025-04-10T16:02:30.964+0000] {processor.py:914} INFO - Processing file /home/airflow/.local/lib/python3.12/site-packages/airflow/example_dags/example_display_name.py for tasks to queue
[2025-04-10T16:02:30.967+0000] {logging_mixin.py:190} INFO - [2025-04-10T16:02:30.966+0000] {dagbag.py:588} INFO - Filling up the DagBag from /home/airflow/.local/lib/python3.12/site-packages/airflow/example_dags/example_display_name.py
[2025-04-10T16:02:30.975+0000] {processor.py:925} INFO - DAG(s) 'example_display_name' retrieved from /home/airflow/.local/lib/python3.12/site-packages/airflow/example_dags/example_display_name.py
[2025-04-10T16:02:31.103+0000] {logging_mixin.py:190} INFO - [2025-04-10T16:02:31.103+0000] {override.py:1912} INFO - Created Permission View: can read on DAG:example_display_name
[2025-04-10T16:02:31.114+0000] {logging_mixin.py:190} INFO - [2025-04-10T16:02:31.113+0000] {override.py:1912} INFO - Created Permission View: can delete on DAG:example_display_name
[2025-04-10T16:02:31.122+0000] {logging_mixin.py:190} INFO - [2025-04-10T16:02:31.122+0000] {override.py:1912} INFO - Created Permission View: can edit on DAG:example_display_name
[2025-04-10T16:02:31.129+0000] {logging_mixin.py:190} INFO - [2025-04-10T16:02:31.129+0000] {override.py:1912} INFO - Created Permission View: menu access on DAG Run:example_display_name
[2025-04-10T16:02:31.138+0000] {logging_mixin.py:190} INFO - [2025-04-10T16:02:31.138+0000] {override.py:1912} INFO - Created Permission View: can read on DAG Run:example_display_name
[2025-04-10T16:02:31.145+0000] {logging_mixin.py:190} INFO - [2025-04-10T16:02:31.145+0000] {override.py:1912} INFO - Created Permission View: can create on DAG Run:example_display_name
[2025-04-10T16:02:31.151+0000] {logging_mixin.py:190} INFO - [2025-04-10T16:02:31.151+0000] {override.py:1912} INFO - Created Permission View: can delete on DAG Run:example_display_name
[2025-04-10T16:02:31.152+0000] {logging_mixin.py:190} INFO - [2025-04-10T16:02:31.152+0000] {dag.py:3239} INFO - Sync 1 DAGs
[2025-04-10T16:02:31.169+0000] {logging_mixin.py:190} INFO - [2025-04-10T16:02:31.169+0000] {dag.py:3262} INFO - Creating ORM DAG for example_display_name
[2025-04-10T16:02:31.170+0000] {logging_mixin.py:190} INFO - [2025-04-10T16:02:31.170+0000] {dag.py:4180} INFO - Setting next_dagrun for example_display_name to None, run_after=None
[2025-04-10T16:02:31.187+0000] {processor.py:208} INFO - Processing /home/airflow/.local/lib/python3.12/site-packages/airflow/example_dags/example_display_name.py took 0.230 seconds
[2025-04-10T16:03:01.983+0000] {processor.py:186} INFO - Started process (PID=185) to work on /home/airflow/.local/lib/python3.12/site-packages/airflow/example_dags/example_display_name.py
[2025-04-10T16:03:01.984+0000] {processor.py:914} INFO - Processing file /home/airflow/.local/lib/python3.12/site-packages/airflow/example_dags/example_display_name.py for tasks to queue
[2025-04-10T16:03:01.987+0000] {logging_mixin.py:190} INFO - [2025-04-10T16:03:01.986+0000] {dagbag.py:588} INFO - Filling up the DagBag from /home/airflow/.local/lib/python3.12/site-packages/airflow/example_dags/example_display_name.py
[2025-04-10T16:03:01.994+0000] {processor.py:925} INFO - DAG(s) 'example_display_name' retrieved from /home/airflow/.local/lib/python3.12/site-packages/airflow/example_dags/example_display_name.py
[2025-04-10T16:03:02.011+0000] {logging_mixin.py:190} INFO - [2025-04-10T16:03:02.011+0000] {dag.py:3239} INFO - Sync 1 DAGs
[2025-04-10T16:03:02.026+0000] {logging_mixin.py:190} INFO - [2025-04-10T16:03:02.026+0000] {dag.py:4180} INFO - Setting next_dagrun for example_display_name to None, run_after=None
[2025-04-10T16:03:02.045+0000] {processor.py:208} INFO - Processing /home/airflow/.local/lib/python3.12/site-packages/airflow/example_dags/example_display_name.py took 0.067 seconds
[2025-04-10T16:03:32.212+0000] {processor.py:186} INFO - Started process (PID=248) to work on /home/airflow/.local/lib/python3.12/site-packages/airflow/example_dags/example_display_name.py
[2025-04-10T16:03:32.213+0000] {processor.py:914} INFO - Processing file /home/airflow/.local/lib/python3.12/site-packages/airflow/example_dags/example_display_name.py for tasks to queue
[2025-04-10T16:03:32.216+0000] {logging_mixin.py:190} INFO - [2025-04-10T16:03:32.215+0000] {dagbag.py:588} INFO - Filling up the DagBag from /home/airflow/.local/lib/python3.12/site-packages/airflow/example_dags/example_display_name.py
[2025-04-10T16:03:32.223+0000] {processor.py:925} INFO - DAG(s) 'example_display_name' retrieved from /home/airflow/.local/lib/python3.12/site-packages/airflow/example_dags/example_display_name.py
[2025-04-10T16:03:32.241+0000] {logging_mixin.py:190} INFO - [2025-04-10T16:03:32.241+0000] {dag.py:3239} INFO - Sync 1 DAGs
[2025-04-10T16:03:32.255+0000] {logging_mixin.py:190} INFO - [2025-04-10T16:03:32.255+0000] {dag.py:4180} INFO - Setting next_dagrun for example_display_name to None, run_after=None
[2025-04-10T16:03:32.274+0000] {processor.py:208} INFO - Processing /home/airflow/.local/lib/python3.12/site-packages/airflow/example_dags/example_display_name.py took 0.068 seconds
[2025-04-10T16:04:03.067+0000] {processor.py:186} INFO - Started process (PID=311) to work on /home/airflow/.local/lib/python3.12/site-packages/airflow/example_dags/example_display_name.py
[2025-04-10T16:04:03.068+0000] {processor.py:914} INFO - Processing file /home/airflow/.local/lib/python3.12/site-packages/airflow/example_dags/example_display_name.py for tasks to queue
[2025-04-10T16:04:03.070+0000] {logging_mixin.py:190} INFO - [2025-04-10T16:04:03.070+0000] {dagbag.py:588} INFO - Filling up the DagBag from /home/airflow/.local/lib/python3.12/site-packages/airflow/example_dags/example_display_name.py
[2025-04-10T16:04:03.080+0000] {processor.py:925} INFO - DAG(s) 'example_display_name' retrieved from /home/airflow/.local/lib/python3.12/site-packages/airflow/example_dags/example_display_name.py
[2025-04-10T16:04:03.101+0000] {logging_mixin.py:190} INFO - [2025-04-10T16:04:03.100+0000] {dag.py:3239} INFO - Sync 1 DAGs
[2025-04-10T16:04:03.117+0000] {logging_mixin.py:190} INFO - [2025-04-10T16:04:03.116+0000] {dag.py:4180} INFO - Setting next_dagrun for example_display_name to None, run_after=None
[2025-04-10T16:04:03.136+0000] {processor.py:208} INFO - Processing /home/airflow/.local/lib/python3.12/site-packages/airflow/example_dags/example_display_name.py took 0.076 seconds
[2025-04-10T16:04:33.870+0000] {processor.py:186} INFO - Started process (PID=374) to work on /home/airflow/.local/lib/python3.12/site-packages/airflow/example_dags/example_display_name.py
[2025-04-10T16:04:33.871+0000] {processor.py:914} INFO - Processing file /home/airflow/.local/lib/python3.12/site-packages/airflow/example_dags/example_display_name.py for tasks to queue
[2025-04-10T16:04:33.873+0000] {logging_mixin.py:190} INFO - [2025-04-10T16:04:33.873+0000] {dagbag.py:588} INFO - Filling up the DagBag from /home/airflow/.local/lib/python3.12/site-packages/airflow/example_dags/example_display_name.py
[2025-04-10T16:04:33.881+0000] {processor.py:925} INFO - DAG(s) 'example_display_name' retrieved from /home/airflow/.local/lib/python3.12/site-packages/airflow/example_dags/example_display_name.py
[2025-04-10T16:04:33.898+0000] {logging_mixin.py:190} INFO - [2025-04-10T16:04:33.898+0000] {dag.py:3239} INFO - Sync 1 DAGs
[2025-04-10T16:04:33.912+0000] {logging_mixin.py:190} INFO - [2025-04-10T16:04:33.912+0000] {dag.py:4180} INFO - Setting next_dagrun for example_display_name to None, run_after=None
[2025-04-10T16:04:33.929+0000] {processor.py:208} INFO - Processing /home/airflow/.local/lib/python3.12/site-packages/airflow/example_dags/example_display_name.py took 0.065 seconds
[2025-04-10T16:05:05.337+0000] {processor.py:186} INFO - Started process (PID=437) to work on /home/airflow/.local/lib/python3.12/site-packages/airflow/example_dags/example_display_name.py
[2025-04-10T16:05:05.338+0000] {processor.py:914} INFO - Processing file /home/airflow/.local/lib/python3.12/site-packages/airflow/example_dags/example_display_name.py for tasks to queue
[2025-04-10T16:05:05.341+0000] {logging_mixin.py:190} INFO - [2025-04-10T16:05:05.340+0000] {dagbag.py:588} INFO - Filling up the DagBag from /home/airflow/.local/lib/python3.12/site-packages/airflow/example_dags/example_display_name.py
[2025-04-10T16:05:05.348+0000] {processor.py:925} INFO - DAG(s) 'example_display_name' retrieved from /home/airflow/.local/lib/python3.12/site-packages/airflow/example_dags/example_display_name.py
[2025-04-10T16:05:05.366+0000] {logging_mixin.py:190} INFO - [2025-04-10T16:05:05.366+0000] {dag.py:3239} INFO - Sync 1 DAGs
[2025-04-10T16:05:05.382+0000] {logging_mixin.py:190} INFO - [2025-04-10T16:05:05.381+0000] {dag.py:4180} INFO - Setting next_dagrun for example_display_name to None, run_after=None
[2025-04-10T16:05:05.400+0000] {processor.py:208} INFO - Processing /home/airflow/.local/lib/python3.12/site-packages/airflow/example_dags/example_display_name.py took 0.069 seconds
[2025-04-10T16:05:36.456+0000] {processor.py:186} INFO - Started process (PID=500) to work on /home/airflow/.local/lib/python3.12/site-packages/airflow/example_dags/example_display_name.py
[2025-04-10T16:05:36.457+0000] {processor.py:914} INFO - Processing file /home/airflow/.local/lib/python3.12/site-packages/airflow/example_dags/example_display_name.py for tasks to queue
[2025-04-10T16:05:36.460+0000] {logging_mixin.py:190} INFO - [2025-04-10T16:05:36.459+0000] {dagbag.py:588} INFO - Filling up the DagBag from /home/airflow/.local/lib/python3.12/site-packages/airflow/example_dags/example_display_name.py
[2025-04-10T16:05:36.468+0000] {processor.py:925} INFO - DAG(s) 'example_display_name' retrieved from /home/airflow/.local/lib/python3.12/site-packages/airflow/example_dags/example_display_name.py
[2025-04-10T16:05:36.486+0000] {logging_mixin.py:190} INFO - [2025-04-10T16:05:36.486+0000] {dag.py:3239} INFO - Sync 1 DAGs
[2025-04-10T16:05:36.500+0000] {logging_mixin.py:190} INFO - [2025-04-10T16:05:36.500+0000] {dag.py:4180} INFO - Setting next_dagrun for example_display_name to None, run_after=None
[2025-04-10T16:05:36.521+0000] {processor.py:208} INFO - Processing /home/airflow/.local/lib/python3.12/site-packages/airflow/example_dags/example_display_name.py took 0.071 seconds
[2025-04-10T16:06:07.571+0000] {processor.py:186} INFO - Started process (PID=563) to work on /home/airflow/.local/lib/python3.12/site-packages/airflow/example_dags/example_display_name.py
[2025-04-10T16:06:07.572+0000] {processor.py:914} INFO - Processing file /home/airflow/.local/lib/python3.12/site-packages/airflow/example_dags/example_display_name.py for tasks to queue
[2025-04-10T16:06:07.575+0000] {logging_mixin.py:190} INFO - [2025-04-10T16:06:07.574+0000] {dagbag.py:588} INFO - Filling up the DagBag from /home/airflow/.local/lib/python3.12/site-packages/airflow/example_dags/example_display_name.py
[2025-04-10T16:06:07.584+0000] {processor.py:925} INFO - DAG(s) 'example_display_name' retrieved from /home/airflow/.local/lib/python3.12/site-packages/airflow/example_dags/example_display_name.py
[2025-04-10T16:06:07.606+0000] {logging_mixin.py:190} INFO - [2025-04-10T16:06:07.605+0000] {dag.py:3239} INFO - Sync 1 DAGs
[2025-04-10T16:06:07.623+0000] {logging_mixin.py:190} INFO - [2025-04-10T16:06:07.623+0000] {dag.py:4180} INFO - Setting next_dagrun for example_display_name to None, run_after=None
[2025-04-10T16:06:07.644+0000] {processor.py:208} INFO - Processing /home/airflow/.local/lib/python3.12/site-packages/airflow/example_dags/example_display_name.py took 0.078 seconds
[2025-04-10T16:06:38.601+0000] {processor.py:186} INFO - Started process (PID=626) to work on /home/airflow/.local/lib/python3.12/site-packages/airflow/example_dags/example_display_name.py
[2025-04-10T16:06:38.602+0000] {processor.py:914} INFO - Processing file /home/airflow/.local/lib/python3.12/site-packages/airflow/example_dags/example_display_name.py for tasks to queue
[2025-04-10T16:06:38.605+0000] {logging_mixin.py:190} INFO - [2025-04-10T16:06:38.604+0000] {dagbag.py:588} INFO - Filling up the DagBag from /home/airflow/.local/lib/python3.12/site-packages/airflow/example_dags/example_display_name.py
[2025-04-10T16:06:38.613+0000] {processor.py:925} INFO - DAG(s) 'example_display_name' retrieved from /home/airflow/.local/lib/python3.12/site-packages/airflow/example_dags/example_display_name.py
[2025-04-10T16:06:38.632+0000] {logging_mixin.py:190} INFO - [2025-04-10T16:06:38.631+0000] {dag.py:3239} INFO - Sync 1 DAGs
[2025-04-10T16:06:38.646+0000] {logging_mixin.py:190} INFO - [2025-04-10T16:06:38.646+0000] {dag.py:4180} INFO - Setting next_dagrun for example_display_name to None, run_after=None
[2025-04-10T16:06:38.666+0000] {processor.py:208} INFO - Processing /home/airflow/.local/lib/python3.12/site-packages/airflow/example_dags/example_display_name.py took 0.070 seconds
[2025-04-10T16:07:09.612+0000] {processor.py:186} INFO - Started process (PID=689) to work on /home/airflow/.local/lib/python3.12/site-packages/airflow/example_dags/example_display_name.py
[2025-04-10T16:07:09.613+0000] {processor.py:914} INFO - Processing file /home/airflow/.local/lib/python3.12/site-packages/airflow/example_dags/example_display_name.py for tasks to queue
[2025-04-10T16:07:09.615+0000] {logging_mixin.py:190} INFO - [2025-04-10T16:07:09.615+0000] {dagbag.py:588} INFO - Filling up the DagBag from /home/airflow/.local/lib/python3.12/site-packages/airflow/example_dags/example_display_name.py
[2025-04-10T16:07:09.627+0000] {processor.py:925} INFO - DAG(s) 'example_display_name' retrieved from /home/airflow/.local/lib/python3.12/site-packages/airflow/example_dags/example_display_name.py
[2025-04-10T16:07:09.652+0000] {logging_mixin.py:190} INFO - [2025-04-10T16:07:09.652+0000] {dag.py:3239} INFO - Sync 1 DAGs
[2025-04-10T16:07:09.671+0000] {logging_mixin.py:190} INFO - [2025-04-10T16:07:09.671+0000] {dag.py:4180} INFO - Setting next_dagrun for example_display_name to None, run_after=None
[2025-04-10T16:07:09.693+0000] {processor.py:208} INFO - Processing /home/airflow/.local/lib/python3.12/site-packages/airflow/example_dags/example_display_name.py took 0.089 seconds
[2025-04-10T16:07:40.586+0000] {processor.py:186} INFO - Started process (PID=752) to work on /home/airflow/.local/lib/python3.12/site-packages/airflow/example_dags/example_display_name.py
[2025-04-10T16:07:40.587+0000] {processor.py:914} INFO - Processing file /home/airflow/.local/lib/python3.12/site-packages/airflow/example_dags/example_display_name.py for tasks to queue
[2025-04-10T16:07:40.590+0000] {logging_mixin.py:190} INFO - [2025-04-10T16:07:40.589+0000] {dagbag.py:588} INFO - Filling up the DagBag from /home/airflow/.local/lib/python3.12/site-packages/airflow/example_dags/example_display_name.py
[2025-04-10T16:07:40.599+0000] {processor.py:925} INFO - DAG(s) 'example_display_name' retrieved from /home/airflow/.local/lib/python3.12/site-packages/airflow/example_dags/example_display_name.py
[2025-04-10T16:07:40.615+0000] {logging_mixin.py:190} INFO - [2025-04-10T16:07:40.615+0000] {dag.py:3239} INFO - Sync 1 DAGs
[2025-04-10T16:07:40.629+0000] {logging_mixin.py:190} INFO - [2025-04-10T16:07:40.629+0000] {dag.py:4180} INFO - Setting next_dagrun for example_display_name to None, run_after=None
[2025-04-10T16:07:40.646+0000] {processor.py:208} INFO - Processing /home/airflow/.local/lib/python3.12/site-packages/airflow/example_dags/example_display_name.py took 0.066 seconds
[2025-04-10T16:08:11.926+0000] {processor.py:186} INFO - Started process (PID=815) to work on /home/airflow/.local/lib/python3.12/site-packages/airflow/example_dags/example_display_name.py
[2025-04-10T16:08:11.927+0000] {processor.py:914} INFO - Processing file /home/airflow/.local/lib/python3.12/site-packages/airflow/example_dags/example_display_name.py for tasks to queue
[2025-04-10T16:08:11.931+0000] {logging_mixin.py:190} INFO - [2025-04-10T16:08:11.930+0000] {dagbag.py:588} INFO - Filling up the DagBag from /home/airflow/.local/lib/python3.12/site-packages/airflow/example_dags/example_display_name.py
[2025-04-10T16:08:11.940+0000] {processor.py:925} INFO - DAG(s) 'example_display_name' retrieved from /home/airflow/.local/lib/python3.12/site-packages/airflow/example_dags/example_display_name.py
[2025-04-10T16:08:11.966+0000] {logging_mixin.py:190} INFO - [2025-04-10T16:08:11.966+0000] {dag.py:3239} INFO - Sync 1 DAGs
[2025-04-10T16:08:11.995+0000] {logging_mixin.py:190} INFO - [2025-04-10T16:08:11.994+0000] {dag.py:4180} INFO - Setting next_dagrun for example_display_name to None, run_after=None
[2025-04-10T16:08:12.049+0000] {processor.py:208} INFO - Processing /home/airflow/.local/lib/python3.12/site-packages/airflow/example_dags/example_display_name.py took 0.132 seconds
[2025-04-10T16:08:42.832+0000] {processor.py:186} INFO - Started process (PID=878) to work on /home/airflow/.local/lib/python3.12/site-packages/airflow/example_dags/example_display_name.py
[2025-04-10T16:08:42.834+0000] {processor.py:914} INFO - Processing file /home/airflow/.local/lib/python3.12/site-packages/airflow/example_dags/example_display_name.py for tasks to queue
[2025-04-10T16:08:42.836+0000] {logging_mixin.py:190} INFO - [2025-04-10T16:08:42.835+0000] {dagbag.py:588} INFO - Filling up the DagBag from /home/airflow/.local/lib/python3.12/site-packages/airflow/example_dags/example_display_name.py
[2025-04-10T16:08:42.843+0000] {processor.py:925} INFO - DAG(s) 'example_display_name' retrieved from /home/airflow/.local/lib/python3.12/site-packages/airflow/example_dags/example_display_name.py
[2025-04-10T16:08:42.861+0000] {logging_mixin.py:190} INFO - [2025-04-10T16:08:42.861+0000] {dag.py:3239} INFO - Sync 1 DAGs
[2025-04-10T16:08:42.876+0000] {logging_mixin.py:190} INFO - [2025-04-10T16:08:42.876+0000] {dag.py:4180} INFO - Setting next_dagrun for example_display_name to None, run_after=None
[2025-04-10T16:08:42.894+0000] {processor.py:208} INFO - Processing /home/airflow/.local/lib/python3.12/site-packages/airflow/example_dags/example_display_name.py took 0.068 seconds
[2025-04-10T16:09:14.014+0000] {processor.py:186} INFO - Started process (PID=941) to work on /home/airflow/.local/lib/python3.12/site-packages/airflow/example_dags/example_display_name.py
[2025-04-10T16:09:14.015+0000] {processor.py:914} INFO - Processing file /home/airflow/.local/lib/python3.12/site-packages/airflow/example_dags/example_display_name.py for tasks to queue
[2025-04-10T16:09:14.018+0000] {logging_mixin.py:190} INFO - [2025-04-10T16:09:14.017+0000] {dagbag.py:588} INFO - Filling up the DagBag from /home/airflow/.local/lib/python3.12/site-packages/airflow/example_dags/example_display_name.py
[2025-04-10T16:09:14.026+0000] {processor.py:925} INFO - DAG(s) 'example_display_name' retrieved from /home/airflow/.local/lib/python3.12/site-packages/airflow/example_dags/example_display_name.py
[2025-04-10T16:09:14.047+0000] {logging_mixin.py:190} INFO - [2025-04-10T16:09:14.047+0000] {dag.py:3239} INFO - Sync 1 DAGs
[2025-04-10T16:09:14.070+0000] {logging_mixin.py:190} INFO - [2025-04-10T16:09:14.069+0000] {dag.py:4180} INFO - Setting next_dagrun for example_display_name to None, run_after=None
[2025-04-10T16:09:14.091+0000] {processor.py:208} INFO - Processing /home/airflow/.local/lib/python3.12/site-packages/airflow/example_dags/example_display_name.py took 0.083 seconds
