[2025-04-10T16:02:29.635+0000] {processor.py:186} INFO - Started process (PID=113) to work on /home/airflow/.local/lib/python3.12/site-packages/airflow/example_dags/tutorial_objectstorage.py
[2025-04-10T16:02:29.636+0000] {processor.py:914} INFO - Processing file /home/airflow/.local/lib/python3.12/site-packages/airflow/example_dags/tutorial_objectstorage.py for tasks to queue
[2025-04-10T16:02:29.638+0000] {logging_mixin.py:190} INFO - [2025-04-10T16:02:29.638+0000] {dagbag.py:588} INFO - Filling up the DagBag from /home/airflow/.local/lib/python3.12/site-packages/airflow/example_dags/tutorial_objectstorage.py
[2025-04-10T16:02:29.650+0000] {processor.py:925} INFO - DAG(s) 'tutorial_objectstorage' retrieved from /home/airflow/.local/lib/python3.12/site-packages/airflow/example_dags/tutorial_objectstorage.py
[2025-04-10T16:02:29.754+0000] {logging_mixin.py:190} INFO - [2025-04-10T16:02:29.753+0000] {override.py:1912} INFO - Created Permission View: can read on DAG:tutorial_objectstorage
[2025-04-10T16:02:29.764+0000] {logging_mixin.py:190} INFO - [2025-04-10T16:02:29.764+0000] {override.py:1912} INFO - Created Permission View: can delete on DAG:tutorial_objectstorage
[2025-04-10T16:02:29.770+0000] {logging_mixin.py:190} INFO - [2025-04-10T16:02:29.770+0000] {override.py:1912} INFO - Created Permission View: can edit on DAG:tutorial_objectstorage
[2025-04-10T16:02:29.777+0000] {logging_mixin.py:190} INFO - [2025-04-10T16:02:29.777+0000] {override.py:1912} INFO - Created Permission View: menu access on DAG Run:tutorial_objectstorage
[2025-04-10T16:02:29.783+0000] {logging_mixin.py:190} INFO - [2025-04-10T16:02:29.783+0000] {override.py:1912} INFO - Created Permission View: can read on DAG Run:tutorial_objectstorage
[2025-04-10T16:02:29.789+0000] {logging_mixin.py:190} INFO - [2025-04-10T16:02:29.789+0000] {override.py:1912} INFO - Created Permission View: can create on DAG Run:tutorial_objectstorage
[2025-04-10T16:02:29.796+0000] {logging_mixin.py:190} INFO - [2025-04-10T16:02:29.796+0000] {override.py:1912} INFO - Created Permission View: can delete on DAG Run:tutorial_objectstorage
[2025-04-10T16:02:29.797+0000] {logging_mixin.py:190} INFO - [2025-04-10T16:02:29.797+0000] {dag.py:3239} INFO - Sync 1 DAGs
[2025-04-10T16:02:29.811+0000] {logging_mixin.py:190} INFO - [2025-04-10T16:02:29.811+0000] {dag.py:3262} INFO - Creating ORM DAG for tutorial_objectstorage
[2025-04-10T16:02:29.812+0000] {logging_mixin.py:190} INFO - [2025-04-10T16:02:29.812+0000] {dag.py:4180} INFO - Setting next_dagrun for tutorial_objectstorage to None, run_after=None
[2025-04-10T16:02:29.829+0000] {processor.py:208} INFO - Processing /home/airflow/.local/lib/python3.12/site-packages/airflow/example_dags/tutorial_objectstorage.py took 0.201 seconds
[2025-04-10T16:03:00.493+0000] {processor.py:186} INFO - Started process (PID=176) to work on /home/airflow/.local/lib/python3.12/site-packages/airflow/example_dags/tutorial_objectstorage.py
[2025-04-10T16:03:00.495+0000] {processor.py:914} INFO - Processing file /home/airflow/.local/lib/python3.12/site-packages/airflow/example_dags/tutorial_objectstorage.py for tasks to queue
[2025-04-10T16:03:00.498+0000] {logging_mixin.py:190} INFO - [2025-04-10T16:03:00.497+0000] {dagbag.py:588} INFO - Filling up the DagBag from /home/airflow/.local/lib/python3.12/site-packages/airflow/example_dags/tutorial_objectstorage.py
[2025-04-10T16:03:00.509+0000] {processor.py:925} INFO - DAG(s) 'tutorial_objectstorage' retrieved from /home/airflow/.local/lib/python3.12/site-packages/airflow/example_dags/tutorial_objectstorage.py
[2025-04-10T16:03:00.528+0000] {logging_mixin.py:190} INFO - [2025-04-10T16:03:00.528+0000] {dag.py:3239} INFO - Sync 1 DAGs
[2025-04-10T16:03:00.544+0000] {logging_mixin.py:190} INFO - [2025-04-10T16:03:00.544+0000] {dag.py:4180} INFO - Setting next_dagrun for tutorial_objectstorage to None, run_after=None
[2025-04-10T16:03:00.564+0000] {processor.py:208} INFO - Processing /home/airflow/.local/lib/python3.12/site-packages/airflow/example_dags/tutorial_objectstorage.py took 0.076 seconds
[2025-04-10T16:03:31.562+0000] {processor.py:186} INFO - Started process (PID=239) to work on /home/airflow/.local/lib/python3.12/site-packages/airflow/example_dags/tutorial_objectstorage.py
[2025-04-10T16:03:31.563+0000] {processor.py:914} INFO - Processing file /home/airflow/.local/lib/python3.12/site-packages/airflow/example_dags/tutorial_objectstorage.py for tasks to queue
[2025-04-10T16:03:31.566+0000] {logging_mixin.py:190} INFO - [2025-04-10T16:03:31.565+0000] {dagbag.py:588} INFO - Filling up the DagBag from /home/airflow/.local/lib/python3.12/site-packages/airflow/example_dags/tutorial_objectstorage.py
[2025-04-10T16:03:31.574+0000] {processor.py:925} INFO - DAG(s) 'tutorial_objectstorage' retrieved from /home/airflow/.local/lib/python3.12/site-packages/airflow/example_dags/tutorial_objectstorage.py
[2025-04-10T16:03:31.593+0000] {logging_mixin.py:190} INFO - [2025-04-10T16:03:31.592+0000] {dag.py:3239} INFO - Sync 1 DAGs
[2025-04-10T16:03:31.607+0000] {logging_mixin.py:190} INFO - [2025-04-10T16:03:31.607+0000] {dag.py:4180} INFO - Setting next_dagrun for tutorial_objectstorage to None, run_after=None
[2025-04-10T16:03:31.625+0000] {processor.py:208} INFO - Processing /home/airflow/.local/lib/python3.12/site-packages/airflow/example_dags/tutorial_objectstorage.py took 0.069 seconds
[2025-04-10T16:04:02.276+0000] {processor.py:186} INFO - Started process (PID=302) to work on /home/airflow/.local/lib/python3.12/site-packages/airflow/example_dags/tutorial_objectstorage.py
[2025-04-10T16:04:02.278+0000] {processor.py:914} INFO - Processing file /home/airflow/.local/lib/python3.12/site-packages/airflow/example_dags/tutorial_objectstorage.py for tasks to queue
[2025-04-10T16:04:02.280+0000] {logging_mixin.py:190} INFO - [2025-04-10T16:04:02.280+0000] {dagbag.py:588} INFO - Filling up the DagBag from /home/airflow/.local/lib/python3.12/site-packages/airflow/example_dags/tutorial_objectstorage.py
[2025-04-10T16:04:02.291+0000] {processor.py:925} INFO - DAG(s) 'tutorial_objectstorage' retrieved from /home/airflow/.local/lib/python3.12/site-packages/airflow/example_dags/tutorial_objectstorage.py
[2025-04-10T16:04:02.309+0000] {logging_mixin.py:190} INFO - [2025-04-10T16:04:02.309+0000] {dag.py:3239} INFO - Sync 1 DAGs
[2025-04-10T16:04:02.325+0000] {logging_mixin.py:190} INFO - [2025-04-10T16:04:02.325+0000] {dag.py:4180} INFO - Setting next_dagrun for tutorial_objectstorage to None, run_after=None
[2025-04-10T16:04:02.344+0000] {processor.py:208} INFO - Processing /home/airflow/.local/lib/python3.12/site-packages/airflow/example_dags/tutorial_objectstorage.py took 0.074 seconds
[2025-04-10T16:04:33.078+0000] {processor.py:186} INFO - Started process (PID=365) to work on /home/airflow/.local/lib/python3.12/site-packages/airflow/example_dags/tutorial_objectstorage.py
[2025-04-10T16:04:33.079+0000] {processor.py:914} INFO - Processing file /home/airflow/.local/lib/python3.12/site-packages/airflow/example_dags/tutorial_objectstorage.py for tasks to queue
[2025-04-10T16:04:33.081+0000] {logging_mixin.py:190} INFO - [2025-04-10T16:04:33.081+0000] {dagbag.py:588} INFO - Filling up the DagBag from /home/airflow/.local/lib/python3.12/site-packages/airflow/example_dags/tutorial_objectstorage.py
[2025-04-10T16:04:33.090+0000] {processor.py:925} INFO - DAG(s) 'tutorial_objectstorage' retrieved from /home/airflow/.local/lib/python3.12/site-packages/airflow/example_dags/tutorial_objectstorage.py
[2025-04-10T16:04:33.108+0000] {logging_mixin.py:190} INFO - [2025-04-10T16:04:33.108+0000] {dag.py:3239} INFO - Sync 1 DAGs
[2025-04-10T16:04:33.123+0000] {logging_mixin.py:190} INFO - [2025-04-10T16:04:33.122+0000] {dag.py:4180} INFO - Setting next_dagrun for tutorial_objectstorage to None, run_after=None
[2025-04-10T16:04:33.141+0000] {processor.py:208} INFO - Processing /home/airflow/.local/lib/python3.12/site-packages/airflow/example_dags/tutorial_objectstorage.py took 0.069 seconds
[2025-04-10T16:05:04.531+0000] {processor.py:186} INFO - Started process (PID=428) to work on /home/airflow/.local/lib/python3.12/site-packages/airflow/example_dags/tutorial_objectstorage.py
[2025-04-10T16:05:04.533+0000] {processor.py:914} INFO - Processing file /home/airflow/.local/lib/python3.12/site-packages/airflow/example_dags/tutorial_objectstorage.py for tasks to queue
[2025-04-10T16:05:04.535+0000] {logging_mixin.py:190} INFO - [2025-04-10T16:05:04.534+0000] {dagbag.py:588} INFO - Filling up the DagBag from /home/airflow/.local/lib/python3.12/site-packages/airflow/example_dags/tutorial_objectstorage.py
[2025-04-10T16:05:04.544+0000] {processor.py:925} INFO - DAG(s) 'tutorial_objectstorage' retrieved from /home/airflow/.local/lib/python3.12/site-packages/airflow/example_dags/tutorial_objectstorage.py
[2025-04-10T16:05:04.563+0000] {logging_mixin.py:190} INFO - [2025-04-10T16:05:04.563+0000] {dag.py:3239} INFO - Sync 1 DAGs
[2025-04-10T16:05:04.580+0000] {logging_mixin.py:190} INFO - [2025-04-10T16:05:04.579+0000] {dag.py:4180} INFO - Setting next_dagrun for tutorial_objectstorage to None, run_after=None
[2025-04-10T16:05:04.603+0000] {processor.py:208} INFO - Processing /home/airflow/.local/lib/python3.12/site-packages/airflow/example_dags/tutorial_objectstorage.py took 0.078 seconds
[2025-04-10T16:05:35.486+0000] {processor.py:186} INFO - Started process (PID=490) to work on /home/airflow/.local/lib/python3.12/site-packages/airflow/example_dags/tutorial_objectstorage.py
[2025-04-10T16:05:35.487+0000] {processor.py:914} INFO - Processing file /home/airflow/.local/lib/python3.12/site-packages/airflow/example_dags/tutorial_objectstorage.py for tasks to queue
[2025-04-10T16:05:35.490+0000] {logging_mixin.py:190} INFO - [2025-04-10T16:05:35.490+0000] {dagbag.py:588} INFO - Filling up the DagBag from /home/airflow/.local/lib/python3.12/site-packages/airflow/example_dags/tutorial_objectstorage.py
[2025-04-10T16:05:35.499+0000] {processor.py:925} INFO - DAG(s) 'tutorial_objectstorage' retrieved from /home/airflow/.local/lib/python3.12/site-packages/airflow/example_dags/tutorial_objectstorage.py
[2025-04-10T16:05:35.517+0000] {logging_mixin.py:190} INFO - [2025-04-10T16:05:35.516+0000] {dag.py:3239} INFO - Sync 1 DAGs
[2025-04-10T16:05:35.531+0000] {logging_mixin.py:190} INFO - [2025-04-10T16:05:35.531+0000] {dag.py:4180} INFO - Setting next_dagrun for tutorial_objectstorage to None, run_after=None
[2025-04-10T16:05:35.549+0000] {processor.py:208} INFO - Processing /home/airflow/.local/lib/python3.12/site-packages/airflow/example_dags/tutorial_objectstorage.py took 0.068 seconds
[2025-04-10T16:06:06.197+0000] {processor.py:186} INFO - Started process (PID=552) to work on /home/airflow/.local/lib/python3.12/site-packages/airflow/example_dags/tutorial_objectstorage.py
[2025-04-10T16:06:06.198+0000] {processor.py:914} INFO - Processing file /home/airflow/.local/lib/python3.12/site-packages/airflow/example_dags/tutorial_objectstorage.py for tasks to queue
[2025-04-10T16:06:06.201+0000] {logging_mixin.py:190} INFO - [2025-04-10T16:06:06.200+0000] {dagbag.py:588} INFO - Filling up the DagBag from /home/airflow/.local/lib/python3.12/site-packages/airflow/example_dags/tutorial_objectstorage.py
[2025-04-10T16:06:06.210+0000] {processor.py:925} INFO - DAG(s) 'tutorial_objectstorage' retrieved from /home/airflow/.local/lib/python3.12/site-packages/airflow/example_dags/tutorial_objectstorage.py
[2025-04-10T16:06:06.230+0000] {logging_mixin.py:190} INFO - [2025-04-10T16:06:06.229+0000] {dag.py:3239} INFO - Sync 1 DAGs
[2025-04-10T16:06:06.244+0000] {logging_mixin.py:190} INFO - [2025-04-10T16:06:06.244+0000] {dag.py:4180} INFO - Setting next_dagrun for tutorial_objectstorage to None, run_after=None
[2025-04-10T16:06:06.264+0000] {processor.py:208} INFO - Processing /home/airflow/.local/lib/python3.12/site-packages/airflow/example_dags/tutorial_objectstorage.py took 0.073 seconds
[2025-04-10T16:06:37.031+0000] {processor.py:186} INFO - Started process (PID=615) to work on /home/airflow/.local/lib/python3.12/site-packages/airflow/example_dags/tutorial_objectstorage.py
[2025-04-10T16:06:37.032+0000] {processor.py:914} INFO - Processing file /home/airflow/.local/lib/python3.12/site-packages/airflow/example_dags/tutorial_objectstorage.py for tasks to queue
[2025-04-10T16:06:37.035+0000] {logging_mixin.py:190} INFO - [2025-04-10T16:06:37.034+0000] {dagbag.py:588} INFO - Filling up the DagBag from /home/airflow/.local/lib/python3.12/site-packages/airflow/example_dags/tutorial_objectstorage.py
[2025-04-10T16:06:37.046+0000] {processor.py:925} INFO - DAG(s) 'tutorial_objectstorage' retrieved from /home/airflow/.local/lib/python3.12/site-packages/airflow/example_dags/tutorial_objectstorage.py
[2025-04-10T16:06:37.067+0000] {logging_mixin.py:190} INFO - [2025-04-10T16:06:37.067+0000] {dag.py:3239} INFO - Sync 1 DAGs
[2025-04-10T16:06:37.082+0000] {logging_mixin.py:190} INFO - [2025-04-10T16:06:37.082+0000] {dag.py:4180} INFO - Setting next_dagrun for tutorial_objectstorage to None, run_after=None
[2025-04-10T16:06:37.102+0000] {processor.py:208} INFO - Processing /home/airflow/.local/lib/python3.12/site-packages/airflow/example_dags/tutorial_objectstorage.py took 0.080 seconds
[2025-04-10T16:07:08.022+0000] {processor.py:186} INFO - Started process (PID=678) to work on /home/airflow/.local/lib/python3.12/site-packages/airflow/example_dags/tutorial_objectstorage.py
[2025-04-10T16:07:08.023+0000] {processor.py:914} INFO - Processing file /home/airflow/.local/lib/python3.12/site-packages/airflow/example_dags/tutorial_objectstorage.py for tasks to queue
[2025-04-10T16:07:08.026+0000] {logging_mixin.py:190} INFO - [2025-04-10T16:07:08.025+0000] {dagbag.py:588} INFO - Filling up the DagBag from /home/airflow/.local/lib/python3.12/site-packages/airflow/example_dags/tutorial_objectstorage.py
[2025-04-10T16:07:08.036+0000] {processor.py:925} INFO - DAG(s) 'tutorial_objectstorage' retrieved from /home/airflow/.local/lib/python3.12/site-packages/airflow/example_dags/tutorial_objectstorage.py
[2025-04-10T16:07:08.055+0000] {logging_mixin.py:190} INFO - [2025-04-10T16:07:08.055+0000] {dag.py:3239} INFO - Sync 1 DAGs
[2025-04-10T16:07:08.070+0000] {logging_mixin.py:190} INFO - [2025-04-10T16:07:08.069+0000] {dag.py:4180} INFO - Setting next_dagrun for tutorial_objectstorage to None, run_after=None
[2025-04-10T16:07:08.091+0000] {processor.py:208} INFO - Processing /home/airflow/.local/lib/python3.12/site-packages/airflow/example_dags/tutorial_objectstorage.py took 0.075 seconds
[2025-04-10T16:07:39.081+0000] {processor.py:186} INFO - Started process (PID=740) to work on /home/airflow/.local/lib/python3.12/site-packages/airflow/example_dags/tutorial_objectstorage.py
[2025-04-10T16:07:39.081+0000] {processor.py:914} INFO - Processing file /home/airflow/.local/lib/python3.12/site-packages/airflow/example_dags/tutorial_objectstorage.py for tasks to queue
[2025-04-10T16:07:39.084+0000] {logging_mixin.py:190} INFO - [2025-04-10T16:07:39.083+0000] {dagbag.py:588} INFO - Filling up the DagBag from /home/airflow/.local/lib/python3.12/site-packages/airflow/example_dags/tutorial_objectstorage.py
[2025-04-10T16:07:39.093+0000] {processor.py:925} INFO - DAG(s) 'tutorial_objectstorage' retrieved from /home/airflow/.local/lib/python3.12/site-packages/airflow/example_dags/tutorial_objectstorage.py
[2025-04-10T16:07:39.111+0000] {logging_mixin.py:190} INFO - [2025-04-10T16:07:39.111+0000] {dag.py:3239} INFO - Sync 1 DAGs
[2025-04-10T16:07:39.126+0000] {logging_mixin.py:190} INFO - [2025-04-10T16:07:39.126+0000] {dag.py:4180} INFO - Setting next_dagrun for tutorial_objectstorage to None, run_after=None
[2025-04-10T16:07:39.143+0000] {processor.py:208} INFO - Processing /home/airflow/.local/lib/python3.12/site-packages/airflow/example_dags/tutorial_objectstorage.py took 0.068 seconds
[2025-04-10T16:08:10.709+0000] {processor.py:186} INFO - Started process (PID=805) to work on /home/airflow/.local/lib/python3.12/site-packages/airflow/example_dags/tutorial_objectstorage.py
[2025-04-10T16:08:10.711+0000] {processor.py:914} INFO - Processing file /home/airflow/.local/lib/python3.12/site-packages/airflow/example_dags/tutorial_objectstorage.py for tasks to queue
[2025-04-10T16:08:10.715+0000] {logging_mixin.py:190} INFO - [2025-04-10T16:08:10.714+0000] {dagbag.py:588} INFO - Filling up the DagBag from /home/airflow/.local/lib/python3.12/site-packages/airflow/example_dags/tutorial_objectstorage.py
[2025-04-10T16:08:10.729+0000] {processor.py:925} INFO - DAG(s) 'tutorial_objectstorage' retrieved from /home/airflow/.local/lib/python3.12/site-packages/airflow/example_dags/tutorial_objectstorage.py
[2025-04-10T16:08:10.757+0000] {logging_mixin.py:190} INFO - [2025-04-10T16:08:10.757+0000] {dag.py:3239} INFO - Sync 1 DAGs
[2025-04-10T16:08:10.781+0000] {logging_mixin.py:190} INFO - [2025-04-10T16:08:10.780+0000] {dag.py:4180} INFO - Setting next_dagrun for tutorial_objectstorage to None, run_after=None
[2025-04-10T16:08:10.810+0000] {processor.py:208} INFO - Processing /home/airflow/.local/lib/python3.12/site-packages/airflow/example_dags/tutorial_objectstorage.py took 0.111 seconds
[2025-04-10T16:08:41.856+0000] {processor.py:186} INFO - Started process (PID=868) to work on /home/airflow/.local/lib/python3.12/site-packages/airflow/example_dags/tutorial_objectstorage.py
[2025-04-10T16:08:41.857+0000] {processor.py:914} INFO - Processing file /home/airflow/.local/lib/python3.12/site-packages/airflow/example_dags/tutorial_objectstorage.py for tasks to queue
[2025-04-10T16:08:41.860+0000] {logging_mixin.py:190} INFO - [2025-04-10T16:08:41.859+0000] {dagbag.py:588} INFO - Filling up the DagBag from /home/airflow/.local/lib/python3.12/site-packages/airflow/example_dags/tutorial_objectstorage.py
[2025-04-10T16:08:41.869+0000] {processor.py:925} INFO - DAG(s) 'tutorial_objectstorage' retrieved from /home/airflow/.local/lib/python3.12/site-packages/airflow/example_dags/tutorial_objectstorage.py
[2025-04-10T16:08:41.887+0000] {logging_mixin.py:190} INFO - [2025-04-10T16:08:41.887+0000] {dag.py:3239} INFO - Sync 1 DAGs
[2025-04-10T16:08:41.903+0000] {logging_mixin.py:190} INFO - [2025-04-10T16:08:41.902+0000] {dag.py:4180} INFO - Setting next_dagrun for tutorial_objectstorage to None, run_after=None
[2025-04-10T16:08:41.922+0000] {processor.py:208} INFO - Processing /home/airflow/.local/lib/python3.12/site-packages/airflow/example_dags/tutorial_objectstorage.py took 0.071 seconds
[2025-04-10T16:09:12.712+0000] {processor.py:186} INFO - Started process (PID=931) to work on /home/airflow/.local/lib/python3.12/site-packages/airflow/example_dags/tutorial_objectstorage.py
[2025-04-10T16:09:12.714+0000] {processor.py:914} INFO - Processing file /home/airflow/.local/lib/python3.12/site-packages/airflow/example_dags/tutorial_objectstorage.py for tasks to queue
[2025-04-10T16:09:12.716+0000] {logging_mixin.py:190} INFO - [2025-04-10T16:09:12.716+0000] {dagbag.py:588} INFO - Filling up the DagBag from /home/airflow/.local/lib/python3.12/site-packages/airflow/example_dags/tutorial_objectstorage.py
[2025-04-10T16:09:12.726+0000] {processor.py:925} INFO - DAG(s) 'tutorial_objectstorage' retrieved from /home/airflow/.local/lib/python3.12/site-packages/airflow/example_dags/tutorial_objectstorage.py
[2025-04-10T16:09:12.746+0000] {logging_mixin.py:190} INFO - [2025-04-10T16:09:12.745+0000] {dag.py:3239} INFO - Sync 1 DAGs
[2025-04-10T16:09:12.762+0000] {logging_mixin.py:190} INFO - [2025-04-10T16:09:12.762+0000] {dag.py:4180} INFO - Setting next_dagrun for tutorial_objectstorage to None, run_after=None
[2025-04-10T16:09:12.783+0000] {processor.py:208} INFO - Processing /home/airflow/.local/lib/python3.12/site-packages/airflow/example_dags/tutorial_objectstorage.py took 0.077 seconds
