[2025-04-10T16:02:21.625+0000] {processor.py:186} INFO - Started process (PID=71) to work on /home/airflow/.local/lib/python3.12/site-packages/airflow/example_dags/tutorial.py
[2025-04-10T16:02:21.626+0000] {processor.py:914} INFO - Processing file /home/airflow/.local/lib/python3.12/site-packages/airflow/example_dags/tutorial.py for tasks to queue
[2025-04-10T16:02:21.630+0000] {logging_mixin.py:190} INFO - [2025-04-10T16:02:21.630+0000] {dagbag.py:588} INFO - Filling up the DagBag from /home/airflow/.local/lib/python3.12/site-packages/airflow/example_dags/tutorial.py
[2025-04-10T16:02:21.640+0000] {processor.py:925} INFO - DAG(s) 'tutorial' retrieved from /home/airflow/.local/lib/python3.12/site-packages/airflow/example_dags/tutorial.py
[2025-04-10T16:02:21.782+0000] {logging_mixin.py:190} INFO - [2025-04-10T16:02:21.781+0000] {override.py:1912} INFO - Created Permission View: can read on DAG:tutorial
[2025-04-10T16:02:21.792+0000] {logging_mixin.py:190} INFO - [2025-04-10T16:02:21.792+0000] {override.py:1912} INFO - Created Permission View: can delete on DAG:tutorial
[2025-04-10T16:02:21.798+0000] {logging_mixin.py:190} INFO - [2025-04-10T16:02:21.798+0000] {override.py:1912} INFO - Created Permission View: can edit on DAG:tutorial
[2025-04-10T16:02:21.805+0000] {logging_mixin.py:190} INFO - [2025-04-10T16:02:21.805+0000] {override.py:1912} INFO - Created Permission View: menu access on DAG Run:tutorial
[2025-04-10T16:02:21.812+0000] {logging_mixin.py:190} INFO - [2025-04-10T16:02:21.811+0000] {override.py:1912} INFO - Created Permission View: can read on DAG Run:tutorial
[2025-04-10T16:02:21.819+0000] {logging_mixin.py:190} INFO - [2025-04-10T16:02:21.819+0000] {override.py:1912} INFO - Created Permission View: can create on DAG Run:tutorial
[2025-04-10T16:02:21.826+0000] {logging_mixin.py:190} INFO - [2025-04-10T16:02:21.826+0000] {override.py:1912} INFO - Created Permission View: can delete on DAG Run:tutorial
[2025-04-10T16:02:21.826+0000] {logging_mixin.py:190} INFO - [2025-04-10T16:02:21.826+0000] {dag.py:3239} INFO - Sync 1 DAGs
[2025-04-10T16:02:21.839+0000] {logging_mixin.py:190} INFO - [2025-04-10T16:02:21.839+0000] {dag.py:3262} INFO - Creating ORM DAG for tutorial
[2025-04-10T16:02:21.850+0000] {logging_mixin.py:190} INFO - [2025-04-10T16:02:21.850+0000] {dag.py:4180} INFO - Setting next_dagrun for tutorial to 2025-04-09 00:00:00+00:00, run_after=2025-04-10 00:00:00+00:00
[2025-04-10T16:02:21.871+0000] {processor.py:208} INFO - Processing /home/airflow/.local/lib/python3.12/site-packages/airflow/example_dags/tutorial.py took 0.252 seconds
[2025-04-10T16:02:51.933+0000] {processor.py:186} INFO - Started process (PID=134) to work on /home/airflow/.local/lib/python3.12/site-packages/airflow/example_dags/tutorial.py
[2025-04-10T16:02:51.934+0000] {processor.py:914} INFO - Processing file /home/airflow/.local/lib/python3.12/site-packages/airflow/example_dags/tutorial.py for tasks to queue
[2025-04-10T16:02:51.936+0000] {logging_mixin.py:190} INFO - [2025-04-10T16:02:51.936+0000] {dagbag.py:588} INFO - Filling up the DagBag from /home/airflow/.local/lib/python3.12/site-packages/airflow/example_dags/tutorial.py
[2025-04-10T16:02:51.944+0000] {processor.py:925} INFO - DAG(s) 'tutorial' retrieved from /home/airflow/.local/lib/python3.12/site-packages/airflow/example_dags/tutorial.py
[2025-04-10T16:02:51.963+0000] {logging_mixin.py:190} INFO - [2025-04-10T16:02:51.962+0000] {dag.py:3239} INFO - Sync 1 DAGs
[2025-04-10T16:02:51.987+0000] {logging_mixin.py:190} INFO - [2025-04-10T16:02:51.987+0000] {dag.py:4180} INFO - Setting next_dagrun for tutorial to 2025-04-09 00:00:00+00:00, run_after=2025-04-10 00:00:00+00:00
[2025-04-10T16:02:52.005+0000] {processor.py:208} INFO - Processing /home/airflow/.local/lib/python3.12/site-packages/airflow/example_dags/tutorial.py took 0.078 seconds
[2025-04-10T16:03:22.569+0000] {processor.py:186} INFO - Started process (PID=197) to work on /home/airflow/.local/lib/python3.12/site-packages/airflow/example_dags/tutorial.py
[2025-04-10T16:03:22.570+0000] {processor.py:914} INFO - Processing file /home/airflow/.local/lib/python3.12/site-packages/airflow/example_dags/tutorial.py for tasks to queue
[2025-04-10T16:03:22.573+0000] {logging_mixin.py:190} INFO - [2025-04-10T16:03:22.572+0000] {dagbag.py:588} INFO - Filling up the DagBag from /home/airflow/.local/lib/python3.12/site-packages/airflow/example_dags/tutorial.py
[2025-04-10T16:03:22.581+0000] {processor.py:925} INFO - DAG(s) 'tutorial' retrieved from /home/airflow/.local/lib/python3.12/site-packages/airflow/example_dags/tutorial.py
[2025-04-10T16:03:22.602+0000] {logging_mixin.py:190} INFO - [2025-04-10T16:03:22.602+0000] {dag.py:3239} INFO - Sync 1 DAGs
[2025-04-10T16:03:22.625+0000] {logging_mixin.py:190} INFO - [2025-04-10T16:03:22.625+0000] {dag.py:4180} INFO - Setting next_dagrun for tutorial to 2025-04-09 00:00:00+00:00, run_after=2025-04-10 00:00:00+00:00
[2025-04-10T16:03:22.644+0000] {processor.py:208} INFO - Processing /home/airflow/.local/lib/python3.12/site-packages/airflow/example_dags/tutorial.py took 0.081 seconds
[2025-04-10T16:03:52.778+0000] {processor.py:186} INFO - Started process (PID=260) to work on /home/airflow/.local/lib/python3.12/site-packages/airflow/example_dags/tutorial.py
[2025-04-10T16:03:52.779+0000] {processor.py:914} INFO - Processing file /home/airflow/.local/lib/python3.12/site-packages/airflow/example_dags/tutorial.py for tasks to queue
[2025-04-10T16:03:52.782+0000] {logging_mixin.py:190} INFO - [2025-04-10T16:03:52.782+0000] {dagbag.py:588} INFO - Filling up the DagBag from /home/airflow/.local/lib/python3.12/site-packages/airflow/example_dags/tutorial.py
[2025-04-10T16:03:52.793+0000] {processor.py:925} INFO - DAG(s) 'tutorial' retrieved from /home/airflow/.local/lib/python3.12/site-packages/airflow/example_dags/tutorial.py
[2025-04-10T16:03:52.813+0000] {logging_mixin.py:190} INFO - [2025-04-10T16:03:52.812+0000] {dag.py:3239} INFO - Sync 1 DAGs
[2025-04-10T16:03:52.838+0000] {logging_mixin.py:190} INFO - [2025-04-10T16:03:52.837+0000] {dag.py:4180} INFO - Setting next_dagrun for tutorial to 2025-04-09 00:00:00+00:00, run_after=2025-04-10 00:00:00+00:00
[2025-04-10T16:03:52.857+0000] {processor.py:208} INFO - Processing /home/airflow/.local/lib/python3.12/site-packages/airflow/example_dags/tutorial.py took 0.086 seconds
[2025-04-10T16:04:23.634+0000] {processor.py:186} INFO - Started process (PID=323) to work on /home/airflow/.local/lib/python3.12/site-packages/airflow/example_dags/tutorial.py
[2025-04-10T16:04:23.635+0000] {processor.py:914} INFO - Processing file /home/airflow/.local/lib/python3.12/site-packages/airflow/example_dags/tutorial.py for tasks to queue
[2025-04-10T16:04:23.638+0000] {logging_mixin.py:190} INFO - [2025-04-10T16:04:23.637+0000] {dagbag.py:588} INFO - Filling up the DagBag from /home/airflow/.local/lib/python3.12/site-packages/airflow/example_dags/tutorial.py
[2025-04-10T16:04:23.645+0000] {processor.py:925} INFO - DAG(s) 'tutorial' retrieved from /home/airflow/.local/lib/python3.12/site-packages/airflow/example_dags/tutorial.py
[2025-04-10T16:04:23.669+0000] {logging_mixin.py:190} INFO - [2025-04-10T16:04:23.669+0000] {dag.py:3239} INFO - Sync 1 DAGs
[2025-04-10T16:04:23.700+0000] {logging_mixin.py:190} INFO - [2025-04-10T16:04:23.700+0000] {dag.py:4180} INFO - Setting next_dagrun for tutorial to 2025-04-09 00:00:00+00:00, run_after=2025-04-10 00:00:00+00:00
[2025-04-10T16:04:23.720+0000] {processor.py:208} INFO - Processing /home/airflow/.local/lib/python3.12/site-packages/airflow/example_dags/tutorial.py took 0.091 seconds
[2025-04-10T16:04:54.415+0000] {processor.py:186} INFO - Started process (PID=386) to work on /home/airflow/.local/lib/python3.12/site-packages/airflow/example_dags/tutorial.py
[2025-04-10T16:04:54.416+0000] {processor.py:914} INFO - Processing file /home/airflow/.local/lib/python3.12/site-packages/airflow/example_dags/tutorial.py for tasks to queue
[2025-04-10T16:04:54.419+0000] {logging_mixin.py:190} INFO - [2025-04-10T16:04:54.418+0000] {dagbag.py:588} INFO - Filling up the DagBag from /home/airflow/.local/lib/python3.12/site-packages/airflow/example_dags/tutorial.py
[2025-04-10T16:04:54.426+0000] {processor.py:925} INFO - DAG(s) 'tutorial' retrieved from /home/airflow/.local/lib/python3.12/site-packages/airflow/example_dags/tutorial.py
[2025-04-10T16:04:54.445+0000] {logging_mixin.py:190} INFO - [2025-04-10T16:04:54.444+0000] {dag.py:3239} INFO - Sync 1 DAGs
[2025-04-10T16:04:54.467+0000] {logging_mixin.py:190} INFO - [2025-04-10T16:04:54.466+0000] {dag.py:4180} INFO - Setting next_dagrun for tutorial to 2025-04-09 00:00:00+00:00, run_after=2025-04-10 00:00:00+00:00
[2025-04-10T16:04:54.484+0000] {processor.py:208} INFO - Processing /home/airflow/.local/lib/python3.12/site-packages/airflow/example_dags/tutorial.py took 0.074 seconds
[2025-04-10T16:05:24.967+0000] {processor.py:186} INFO - Started process (PID=455) to work on /home/airflow/.local/lib/python3.12/site-packages/airflow/example_dags/tutorial.py
[2025-04-10T16:05:24.968+0000] {processor.py:914} INFO - Processing file /home/airflow/.local/lib/python3.12/site-packages/airflow/example_dags/tutorial.py for tasks to queue
[2025-04-10T16:05:24.970+0000] {logging_mixin.py:190} INFO - [2025-04-10T16:05:24.970+0000] {dagbag.py:588} INFO - Filling up the DagBag from /home/airflow/.local/lib/python3.12/site-packages/airflow/example_dags/tutorial.py
[2025-04-10T16:05:24.977+0000] {processor.py:925} INFO - DAG(s) 'tutorial' retrieved from /home/airflow/.local/lib/python3.12/site-packages/airflow/example_dags/tutorial.py
[2025-04-10T16:05:24.995+0000] {logging_mixin.py:190} INFO - [2025-04-10T16:05:24.995+0000] {dag.py:3239} INFO - Sync 1 DAGs
[2025-04-10T16:05:25.017+0000] {logging_mixin.py:190} INFO - [2025-04-10T16:05:25.017+0000] {dag.py:4180} INFO - Setting next_dagrun for tutorial to 2025-04-09 00:00:00+00:00, run_after=2025-04-10 00:00:00+00:00
[2025-04-10T16:05:25.041+0000] {processor.py:208} INFO - Processing /home/airflow/.local/lib/python3.12/site-packages/airflow/example_dags/tutorial.py took 0.080 seconds
[2025-04-10T16:05:56.023+0000] {processor.py:186} INFO - Started process (PID=518) to work on /home/airflow/.local/lib/python3.12/site-packages/airflow/example_dags/tutorial.py
[2025-04-10T16:05:56.024+0000] {processor.py:914} INFO - Processing file /home/airflow/.local/lib/python3.12/site-packages/airflow/example_dags/tutorial.py for tasks to queue
[2025-04-10T16:05:56.028+0000] {logging_mixin.py:190} INFO - [2025-04-10T16:05:56.027+0000] {dagbag.py:588} INFO - Filling up the DagBag from /home/airflow/.local/lib/python3.12/site-packages/airflow/example_dags/tutorial.py
[2025-04-10T16:05:56.039+0000] {processor.py:925} INFO - DAG(s) 'tutorial' retrieved from /home/airflow/.local/lib/python3.12/site-packages/airflow/example_dags/tutorial.py
[2025-04-10T16:05:56.066+0000] {logging_mixin.py:190} INFO - [2025-04-10T16:05:56.066+0000] {dag.py:3239} INFO - Sync 1 DAGs
[2025-04-10T16:05:56.091+0000] {logging_mixin.py:190} INFO - [2025-04-10T16:05:56.091+0000] {dag.py:4180} INFO - Setting next_dagrun for tutorial to 2025-04-09 00:00:00+00:00, run_after=2025-04-10 00:00:00+00:00
[2025-04-10T16:05:56.111+0000] {processor.py:208} INFO - Processing /home/airflow/.local/lib/python3.12/site-packages/airflow/example_dags/tutorial.py took 0.094 seconds
[2025-04-10T16:06:26.183+0000] {processor.py:186} INFO - Started process (PID=581) to work on /home/airflow/.local/lib/python3.12/site-packages/airflow/example_dags/tutorial.py
[2025-04-10T16:06:26.184+0000] {processor.py:914} INFO - Processing file /home/airflow/.local/lib/python3.12/site-packages/airflow/example_dags/tutorial.py for tasks to queue
[2025-04-10T16:06:26.186+0000] {logging_mixin.py:190} INFO - [2025-04-10T16:06:26.185+0000] {dagbag.py:588} INFO - Filling up the DagBag from /home/airflow/.local/lib/python3.12/site-packages/airflow/example_dags/tutorial.py
[2025-04-10T16:06:26.193+0000] {processor.py:925} INFO - DAG(s) 'tutorial' retrieved from /home/airflow/.local/lib/python3.12/site-packages/airflow/example_dags/tutorial.py
[2025-04-10T16:06:26.211+0000] {logging_mixin.py:190} INFO - [2025-04-10T16:06:26.211+0000] {dag.py:3239} INFO - Sync 1 DAGs
[2025-04-10T16:06:26.234+0000] {logging_mixin.py:190} INFO - [2025-04-10T16:06:26.234+0000] {dag.py:4180} INFO - Setting next_dagrun for tutorial to 2025-04-09 00:00:00+00:00, run_after=2025-04-10 00:00:00+00:00
[2025-04-10T16:06:26.251+0000] {processor.py:208} INFO - Processing /home/airflow/.local/lib/python3.12/site-packages/airflow/example_dags/tutorial.py took 0.073 seconds
[2025-04-10T16:06:57.241+0000] {processor.py:186} INFO - Started process (PID=644) to work on /home/airflow/.local/lib/python3.12/site-packages/airflow/example_dags/tutorial.py
[2025-04-10T16:06:57.242+0000] {processor.py:914} INFO - Processing file /home/airflow/.local/lib/python3.12/site-packages/airflow/example_dags/tutorial.py for tasks to queue
[2025-04-10T16:06:57.244+0000] {logging_mixin.py:190} INFO - [2025-04-10T16:06:57.243+0000] {dagbag.py:588} INFO - Filling up the DagBag from /home/airflow/.local/lib/python3.12/site-packages/airflow/example_dags/tutorial.py
[2025-04-10T16:06:57.251+0000] {processor.py:925} INFO - DAG(s) 'tutorial' retrieved from /home/airflow/.local/lib/python3.12/site-packages/airflow/example_dags/tutorial.py
[2025-04-10T16:06:57.270+0000] {logging_mixin.py:190} INFO - [2025-04-10T16:06:57.269+0000] {dag.py:3239} INFO - Sync 1 DAGs
[2025-04-10T16:06:57.294+0000] {logging_mixin.py:190} INFO - [2025-04-10T16:06:57.293+0000] {dag.py:4180} INFO - Setting next_dagrun for tutorial to 2025-04-09 00:00:00+00:00, run_after=2025-04-10 00:00:00+00:00
[2025-04-10T16:06:57.311+0000] {processor.py:208} INFO - Processing /home/airflow/.local/lib/python3.12/site-packages/airflow/example_dags/tutorial.py took 0.076 seconds
[2025-04-10T16:07:28.318+0000] {processor.py:186} INFO - Started process (PID=707) to work on /home/airflow/.local/lib/python3.12/site-packages/airflow/example_dags/tutorial.py
[2025-04-10T16:07:28.319+0000] {processor.py:914} INFO - Processing file /home/airflow/.local/lib/python3.12/site-packages/airflow/example_dags/tutorial.py for tasks to queue
[2025-04-10T16:07:28.322+0000] {logging_mixin.py:190} INFO - [2025-04-10T16:07:28.321+0000] {dagbag.py:588} INFO - Filling up the DagBag from /home/airflow/.local/lib/python3.12/site-packages/airflow/example_dags/tutorial.py
[2025-04-10T16:07:28.333+0000] {processor.py:925} INFO - DAG(s) 'tutorial' retrieved from /home/airflow/.local/lib/python3.12/site-packages/airflow/example_dags/tutorial.py
[2025-04-10T16:07:28.351+0000] {logging_mixin.py:190} INFO - [2025-04-10T16:07:28.351+0000] {dag.py:3239} INFO - Sync 1 DAGs
[2025-04-10T16:07:28.375+0000] {logging_mixin.py:190} INFO - [2025-04-10T16:07:28.375+0000] {dag.py:4180} INFO - Setting next_dagrun for tutorial to 2025-04-09 00:00:00+00:00, run_after=2025-04-10 00:00:00+00:00
[2025-04-10T16:07:28.400+0000] {processor.py:208} INFO - Processing /home/airflow/.local/lib/python3.12/site-packages/airflow/example_dags/tutorial.py took 0.088 seconds
[2025-04-10T16:07:59.137+0000] {processor.py:186} INFO - Started process (PID=770) to work on /home/airflow/.local/lib/python3.12/site-packages/airflow/example_dags/tutorial.py
[2025-04-10T16:07:59.138+0000] {processor.py:914} INFO - Processing file /home/airflow/.local/lib/python3.12/site-packages/airflow/example_dags/tutorial.py for tasks to queue
[2025-04-10T16:07:59.140+0000] {logging_mixin.py:190} INFO - [2025-04-10T16:07:59.140+0000] {dagbag.py:588} INFO - Filling up the DagBag from /home/airflow/.local/lib/python3.12/site-packages/airflow/example_dags/tutorial.py
[2025-04-10T16:07:59.149+0000] {processor.py:925} INFO - DAG(s) 'tutorial' retrieved from /home/airflow/.local/lib/python3.12/site-packages/airflow/example_dags/tutorial.py
[2025-04-10T16:07:59.168+0000] {logging_mixin.py:190} INFO - [2025-04-10T16:07:59.168+0000] {dag.py:3239} INFO - Sync 1 DAGs
[2025-04-10T16:07:59.192+0000] {logging_mixin.py:190} INFO - [2025-04-10T16:07:59.191+0000] {dag.py:4180} INFO - Setting next_dagrun for tutorial to 2025-04-09 00:00:00+00:00, run_after=2025-04-10 00:00:00+00:00
[2025-04-10T16:07:59.213+0000] {processor.py:208} INFO - Processing /home/airflow/.local/lib/python3.12/site-packages/airflow/example_dags/tutorial.py took 0.082 seconds
[2025-04-10T16:08:29.649+0000] {processor.py:186} INFO - Started process (PID=833) to work on /home/airflow/.local/lib/python3.12/site-packages/airflow/example_dags/tutorial.py
[2025-04-10T16:08:29.650+0000] {processor.py:914} INFO - Processing file /home/airflow/.local/lib/python3.12/site-packages/airflow/example_dags/tutorial.py for tasks to queue
[2025-04-10T16:08:29.652+0000] {logging_mixin.py:190} INFO - [2025-04-10T16:08:29.651+0000] {dagbag.py:588} INFO - Filling up the DagBag from /home/airflow/.local/lib/python3.12/site-packages/airflow/example_dags/tutorial.py
[2025-04-10T16:08:29.660+0000] {processor.py:925} INFO - DAG(s) 'tutorial' retrieved from /home/airflow/.local/lib/python3.12/site-packages/airflow/example_dags/tutorial.py
[2025-04-10T16:08:29.679+0000] {logging_mixin.py:190} INFO - [2025-04-10T16:08:29.678+0000] {dag.py:3239} INFO - Sync 1 DAGs
[2025-04-10T16:08:29.701+0000] {logging_mixin.py:190} INFO - [2025-04-10T16:08:29.700+0000] {dag.py:4180} INFO - Setting next_dagrun for tutorial to 2025-04-09 00:00:00+00:00, run_after=2025-04-10 00:00:00+00:00
[2025-04-10T16:08:29.717+0000] {processor.py:208} INFO - Processing /home/airflow/.local/lib/python3.12/site-packages/airflow/example_dags/tutorial.py took 0.074 seconds
[2025-04-10T16:09:00.477+0000] {processor.py:186} INFO - Started process (PID=896) to work on /home/airflow/.local/lib/python3.12/site-packages/airflow/example_dags/tutorial.py
[2025-04-10T16:09:00.478+0000] {processor.py:914} INFO - Processing file /home/airflow/.local/lib/python3.12/site-packages/airflow/example_dags/tutorial.py for tasks to queue
[2025-04-10T16:09:00.480+0000] {logging_mixin.py:190} INFO - [2025-04-10T16:09:00.480+0000] {dagbag.py:588} INFO - Filling up the DagBag from /home/airflow/.local/lib/python3.12/site-packages/airflow/example_dags/tutorial.py
[2025-04-10T16:09:00.488+0000] {processor.py:925} INFO - DAG(s) 'tutorial' retrieved from /home/airflow/.local/lib/python3.12/site-packages/airflow/example_dags/tutorial.py
[2025-04-10T16:09:00.508+0000] {logging_mixin.py:190} INFO - [2025-04-10T16:09:00.508+0000] {dag.py:3239} INFO - Sync 1 DAGs
[2025-04-10T16:09:00.532+0000] {logging_mixin.py:190} INFO - [2025-04-10T16:09:00.532+0000] {dag.py:4180} INFO - Setting next_dagrun for tutorial to 2025-04-09 00:00:00+00:00, run_after=2025-04-10 00:00:00+00:00
[2025-04-10T16:09:00.552+0000] {processor.py:208} INFO - Processing /home/airflow/.local/lib/python3.12/site-packages/airflow/example_dags/tutorial.py took 0.082 seconds
